                  Welcome to Q-Chem
     A Quantum Leap Into The Future Of Chemistry


 Q-Chem 5.4 (devel), Q-Chem, Inc., Pleasanton, CA (2021)

 E. Epifanovsky,  A. T. B. Gilbert,  Xintian Feng,  Joonho Lee,  Yuezhi Mao,  
 N. Mardirossian,  P. Pokhilko,  A. White,  M. Wormit,  M. P. Coons,  
 A. L. Dempwolff,  Zhengting Gan,  D. Hait,  P. R. Horn,  L. D. Jacobson,  
 I. Kaliman,  J. Kussmann,  A. W. Lange,  Ka Un Lao,  D. S. Levine,  Jie Liu,  
 S. C. McKenzie,  A. F. Morrison,  K. Nanda,  F. Plasser,  D. R. Rehn,  
 M. L. Vidal,  Zhi-Qiang You,  Ying Zhu,  B. Alam,  B. Albrecht,  
 A. Aldossary,  E. Alguire,  J. H. Andersen,  D. Barton,  K. Begam,  A. Behn,  
 Y. A. Bernard,  E. J. Berquist,  H. Burton,  A. Carreras,  K. Carter-Fenk,  
 R. Chakraborty,  A. D. Chien,  K. D. Closser,  V. Cofer-Shabica,  
 S. Dasgupta,  Jia Deng,  M. de Wergifosse,  M. Diedenhofen,  Hainam Do,  
 S. Ehlert,  Po-Tung Fang,  S. Fatehi,  Qingguo Feng,  T. Friedhoff,  
 J. Gayvert,  Qinghui Ge,  G. Gidofalvi,  M. Goldey,  J. Gomes,  
 C. Gonzalez-Espinoza,  S. Gulania,  A. Gunina,  M. W. D. Hanson-Heine,  
 P. H. P. Harbach,  A. W. Hauser,  M. F. Herbst,  M. Hernandez Vera,  
 M. Hodecker,  Z. C. Holden,  S. Houck,  Xunkun Huang,  Kerwin Hui,  
 B. C. Huynh,  M. Ivanov,  Hyunjun Ji,  Hanjie Jiang,  B. Kaduk,  S. Kaehler,  
 K. Khistyaev,  Jaehoon Kim,  P. Klunzinger,  Z. Koczor-Benda,  
 Joong Hoon Koh,  D. Kosenkov,  L. Koulias,  T. Kowalczyk,  C. M. Krauter,  
 K. Kue,  A. Kunitsa,  T. Kus,  A. Landau,  K. V. Lawler,  D. Lefrancois,  
 S. Lehtola,  Rain Li,  Yi-Pei Li,  Jiashu Liang,  M. Liebenthal,  
 Hung-Hsuan Lin,  You-Sheng Lin,  Fenglai Liu,  Kuan-Yu Liu,  
 M. Loipersberger,  A. Luenser,  A. Manjanath,  P. Manohar,  E. Mansoor,  
 S. F. Manzer,  Shan-Ping Mao,  A. V. Marenich,  T. Markovich,  S. Mason,  
 S. A. Maurer,  P. F. McLaughlin,  M. F. S. J. Menger,  J.-M. Mewes,  
 S. A. Mewes,  P. Morgante,  J. W. Mullinax,  K. J. Oosterbaan,  G. Paran,  
 Alexander C. Paul,  Suranjan K. Paul,  F. Pavosevic,  Zheng Pei,  S. Prager,  
 E. I. Proynov,  E. Ramos,  B. Rana,  A. E. Rask,  A. Rettig,  R. M. Richard,  
 F. Rob,  E. Rossomme,  T. Scheele,  M. Scheurer,  M. Schneider,  
 N. Sergueev,  S. M. Sharada,  W. Skomorowski,  D. W. Small,  C. J. Stein,  
 Yu-Chuan Su,  E. J. Sundstrom,  Zhen Tao,  J. Thirman,  T. Tsuchimochi,  
 N. M. Tubman,  S. P. Veccham,  O. Vydrov,  J. Wenzel,  J. Witte,  A. Yamada,  
 Kun Yao,  S. Yeganeh,  S. R. Yost,  A. Zech,  Igor Ying Zhang,  Xing Zhang,  
 Yu Zhang,  D. Zuev,  A. Aspuru-Guzik,  A. T. Bell,  N. A. Besley,  
 K. B. Bravaya,  B. R. Brooks,  D. Casanova,  Jeng-Da Chai,  S. Coriani,  
 C. J. Cramer,  A. E. DePrince, III,  R. A. DiStasio Jr.,  A. Dreuw,  
 B. D. Dunietz,  T. R. Furlani,  W. A. Goddard III,  S. Grimme,  
 S. Hammes-Schiffer,  T. Head-Gordon,  W. J. Hehre,  Chao-Ping Hsu,  
 T.-C. Jagau,  Yousung Jung,  A. Klamt,  Jing Kong,  D. S. Lambrecht,  
 WanZhen Liang,  N. J. Mayhall,  C. W. McCurdy,  J. B. Neaton,  
 C. Ochsenfeld,  J. A. Parkhill,  R. Peverati,  V. A. Rassolov,  Yihan Shao,  
 L. V. Slipchenko,  T. Stauch,  R. P. Steele,  J. E. Subotnik,  
 A. J. W. Thom,  A. Tkatchenko,  D. G. Truhlar,  T. Van Voorhis,  
 T. A. Wesolowski,  K. B. Whaley,  H. L. Woodcock III,  P. M. Zimmerman,  
 S. Faraji,  P. M. W. Gill,  M. Head-Gordon,  J. M. Herbert,  A. I. Krylov

 Additional authors for Version 5.4.1: 
 S. Kotaru,  Shaozhi Li,  Xiangyuan Li,  F. Matz,  A. Molle,  Haisheng Ren,  
 Yingli Su,  Hung-Yi Tsai,  C. Utku,  Fang Wang

 Contributors to earlier versions of Q-Chem not listed above: 
 R. D. Adamson,  B. Austin,  R. Baer,  J. Baker,  G. J. O. Beran,  
 K. Brandhorst,  S. T. Brown,  E. F. C. Byrd,  A. K. Chakraborty,  
 G. K. L. Chan,  Chun-Min Chang,  Yunqing Chen,  C.-L. Cheng,  
 Siu Hung Chien,  D. M. Chipman,  D. L. Crittenden,  H. Dachsel,  
 R. J. Doerksen,  A. D. Dutoi,  R. G. Edgar,  J. Fosso-Tande,  
 L. Fusti-Molnar,  D. Ghosh,  A. Ghysels,  A. Golubeva-Zadorozhnaya,  
 J. Gonthier,  M. S. Gordon,  S. R. Gwaltney,  G. Hawkins,  J. E. Herr,  
 A. Heyden,  S. Hirata,  E. G. Hohenstein,  G. Kedziora,  F. J. Keil,  
 C. Kelley,  Jihan Kim,  R. A. King,  R. Z. Khaliullin,  P. P. Korambath,  
 W. Kurlancheek,  A. Laurent,  A. M. Lee,  M. S. Lee,  S. V. Levchenko,  
 Ching Yeh Lin,  D. Liotard,  E. Livshits,  R. C. Lochan,  I. Lotan,  
 L. A. Martinez-Martinez,  P. E. Maslen,  N. Nair,  D. P. O'Neill,  
 D. Neuhauser,  E. Neuscamman,  C. M. Oana,  R. Olivares-Amaya,  R. Olson,  
 T. M. Perrine,  B. Peters,  P. A. Pieniazek,  A. Prociuk,  Y. M. Rhee,  
 J. Ritchie,  M. A. Rohrdanz,  E. Rosta,  N. J. Russ,  H. F. Schaefer III,  
 M. W. Schmidt,  N. E. Schultz,  S. Sharma,  N. Shenvi,  C. D. Sherrill,  
 A. C. Simmonett,  A. Sodt,  T. Stein,  D. Stuck,  K. S. Thanthiriwatte,  
 V. Vanovschi,  L. Vogt,  Tao Wang,  A. Warshel,  M. A. Watson,  
 C. F. Williams,  Q. Wu,  X. Xu,  Jun Yang,  W. Zhang,  Yan Zhao

 Please cite Q-Chem as follows:
 Y. Shao et al., Mol. Phys. 113, 184-215 (2015)
 DOI: 10.1080/00268976.2014.952696

 Q-Chem 5.4.1 for Intel X86 EM64T Linux

 Parts of Q-Chem use Armadillo 9.900.5 (Nocturnal Misbehaviour).
 http://arma.sourceforge.net/

 Q-Chem begins on Wed Jun 22 16:39:24 2022  

 Host: p09r15n31.grace.hpc.yale.internal
0

     Scratch files written to /home/tl686/scratch60/qchem_dev/scratch/qchem171225//
 Processing $rem in /home/tl686/qchem_dev/qchem/config/preferences:
 Processing $rem in /home/tl686/.qchemrc:

 Checking the input file for inconsistencies... 	...done.

--------------------------------------------------------------
User input:
--------------------------------------------------------------
$molecule
0   1
 Fe -56.65297185 -4.60293756 0.48237796
C -54.49178023 -7.46414560 0.54083038
C -58.75643203 -1.90895773 0.42776473
C -58.98029240 -6.53782406 2.19028205
C -54.29175991 -2.77681871 2.30270335
C -57.32892073 -5.09008518 -2.85078282
O -53.06313113 -9.09245932 0.40595082
O -60.22221223 -0.35014949 0.96915913
O -60.75931523 -7.35860866 3.15389125
O -52.87037233 -1.61464961 3.49737804
O -57.66977502 -5.25842051 -5.02381096

$end

$rem
     JOBTYPE  force
     METHOD   bp86
     BASIS    def2-msvp
     MAX_SCF_CYCLES   800
     INPUT_BOHR TRUE
     SYM_IGNORE TRUE
$end

--------------------------------------------------------------
 ----------------------------------------------------------------
             Standard Nuclear Orientation (Bohr)
    I     Atom           X                Y                Z
 ----------------------------------------------------------------
    1      Fe    -56.6529718500    -4.6029375600     0.4823779600
    2      C     -54.4917802300    -7.4641456000     0.5408303800
    3      C     -58.7564320300    -1.9089577300     0.4277647300
    4      C     -58.9802924000    -6.5378240600     2.1902820500
    5      C     -54.2917599100    -2.7768187100     2.3027033500
    6      C     -57.3289207300    -5.0900851800    -2.8507828200
    7      O     -53.0631311300    -9.0924593200     0.4059508200
    8      O     -60.2222122300    -0.3501494900     0.9691591300
    9      O     -60.7593152300    -7.3586086600     3.1538912500
   10      O     -52.8703723300    -1.6146496100     3.4973780400
   11      O     -57.6697750200    -5.2584205100    -5.0238109600
 ----------------------------------------------------------------
 Nuclear Repulsion Energy =         792.00915398 hartrees
 There are       48 alpha and       48 beta electrons
 Requested basis set is def2-mSVP
 There are 80 shells and 174 basis functions

 Total QAlloc Memory Limit   2000 MB
 Mega-Array Size       188 MB
 MEM_STATIC part       192 MB

                       Distance Matrix (Bohrs)
             Fe(  1)   C (  2)   C (  3)   C (  4)   C (  5)   C (  6)
   C (  2)  3.586179
   C (  3)  3.418341  7.004295
   C (  4)  3.475218  4.870883  4.958123
   C (  5)  3.496229  5.011511  4.919540  6.011667
   C (  6)  3.435721  5.018821  4.786046  5.498664  6.413577
   O (  7)  5.748791  2.170400  9.166070  6.687511  6.707795  6.694944
   O (  8)  5.573387  9.144958  2.207148  6.428127  6.545023  6.740184
   O (  9)  5.620744  6.791261  6.414203  2.183381  7.971612  7.278043
   O ( 10)  5.685785  6.751795  6.644911  7.954701  2.190486  8.500380
   O ( 11)  5.637523  6.777175  6.489946  7.442947  8.440802  2.206030
             O (  7)   O (  8)   O (  9)   O ( 10)
   O (  8) 11.313604
   O (  9)  8.353961  7.360709
   O ( 10)  8.093931  7.876573  9.764552
   O ( 11)  8.087233  8.156087  8.990599 10.436570

 A cutoff of  1.0D-11 yielded   2474 shell pairs
 There are     12750 function pairs (     14587 Cartesian)
 Smallest overlap matrix eigenvalue = 2.78E-03

 Scale SEOQF with 1.000000e-03/1.000000e-01/1.000000e-01

 Standard Electronic Orientation quadrupole field applied
 Nucleus-field energy     =     0.0000000699 hartrees
 Guess from superposition of atomic densities
 Warning:  Energy on first SCF cycle will be non-variational
 SAD guess density has 96.000000 electrons

 -----------------------------------------------------------------------
  General SCF calculation program by
  Eric Jon Sundstrom, Paul Horn, Yuezhi Mao, Dmitri Zuev, Alec White,
  David Stuck, Shaama M.S., Shane Yost, Joonho Lee, David Small,
  Daniel Levine, Susi Lehtola, Hugh Burton, Evgeny Epifanovsky,
  Bang C. Huynh
 -----------------------------------------------------------------------
 Exchange:  B88      Correlation:  P86
 Using SG-1 standard quadrature grid
 using 2 threads for integral computing
 -------------------------------------------------------
 OpenMP Integral computing Module                
 Release: version 1.0, May 2013, Q-Chem Inc. Pittsburgh 
 -------------------------------------------------------
 A restricted SCF calculation will be
 performed using DIIS
 SCF converges when DIIS error is below 1.0e-08
 ---------------------------------------
  Cycle       Energy         DIIS error
 ---------------------------------------
    1   -1832.1344029556      6.66e-02  
    2   -1830.4394711886      4.58e-03  
    3   -1829.9796512818      1.53e-02  
    4   -1829.9285685973      1.68e-02  
    5   -1830.4082331703      6.70e-03  
    6   -1830.5047214219      2.15e-03  
    7   -1830.5125252480      8.33e-04  
    8   -1830.5139069199      4.41e-04  
    9   -1830.5141995210      2.31e-04  
   10   -1830.5143158709      4.51e-05  
   11   -1830.5143198767      1.87e-05  
   12   -1830.5143207288      5.10e-06  
   13   -1830.5143207735      2.48e-06  
   14   -1830.5143207866      7.27e-07  
   15   -1830.5143207876      2.46e-07  
   16   -1830.5143207876      4.61e-08  
   17   -1830.5143207874      1.78e-08  
   18   -1830.5143207873      6.37e-09  Convergence criterion met
 ---------------------------------------
 SCF time:   CPU 23.51s  wall 12.00s 
 SCF   energy in the final basis set =    -1830.5143207873
 Total energy in the final basis set =    -1830.5143207873

 --------------------------------------------------------------

                    Orbital Energies (a.u.)
 --------------------------------------------------------------

 Alpha MOs
 -- Occupied --
******** -29.6293 -25.5898 -25.5783 -25.5711 -18.8972 -18.8813 -18.8776
-18.8741 -18.8737 -10.0606 -10.0497 -10.0405 -10.0402 -10.0374  -3.3119
 -2.1473  -2.1266  -2.1108  -1.0763  -1.0545  -1.0519  -1.0487  -1.0444
 -0.5659  -0.5272  -0.5158  -0.5138  -0.5117  -0.4550  -0.4446  -0.4421
 -0.4344  -0.4320  -0.4284  -0.4215  -0.4169  -0.4126  -0.4092  -0.4083
 -0.4056  -0.4003  -0.3888  -0.3783  -0.2715  -0.2595  -0.2334  -0.2057
 -- Virtual --
 -0.1089  -0.0901  -0.0863  -0.0816  -0.0787  -0.0640  -0.0611  -0.0582
 -0.0534  -0.0287  -0.0258   0.0140   0.1911   0.2152   0.2278   0.2395
  0.2924   0.3148   0.3629   0.3997   0.4040   0.4135   0.4355   0.4406
  0.4578   0.4688   0.4823   0.5054   0.5264   0.5590   0.5788   0.5969
  0.6092   0.6257   0.6403   0.6494   0.7310   0.7540   0.7572   0.7685
  0.7730   0.8154   0.8279   0.8634   0.8720   0.9090   0.9366   0.9441
  0.9691   0.9826   0.9967   1.0113   1.0158   1.0208   1.0382   1.0678
  1.2144   1.2283   1.2523   1.3198   1.4030   1.4077   1.4111   1.4150
  1.4160   1.4217   1.4244   1.4304   1.4383   1.4488   1.4604   1.4834
  1.4872   1.5087   1.5281   1.5747   1.5977   1.6100   1.6486   1.6769
  1.6985   1.8143   1.8333   1.8398   1.8426   1.8481   1.8538   1.8580
  1.8597   1.8636   1.8710   1.8772   1.8903   1.9042   1.9217   1.9466
  2.3630   2.4169   2.4215   2.4610   2.4639   2.4696   2.4789   2.4975
  2.5203   2.5572   2.6111   2.6458   2.6508   2.6767   2.6814   2.8072
  2.8218   2.8701   2.8923   2.9913  13.2348  13.2452  13.3238  13.3367
 13.4184  24.9113  24.9539  24.9586  24.9742  25.0155
 --------------------------------------------------------------

          Ground-State Mulliken Net Atomic Charges

     Atom                 Charge (a.u.)
  ----------------------------------------
      1 Fe                   -0.507188
      2 C                     0.205492
      3 C                     0.189659
      4 C                     0.229139
      5 C                     0.193884
      6 C                     0.220956
      7 O                    -0.083284
      8 O                    -0.115283
      9 O                    -0.102380
     10 O                    -0.111753
     11 O                    -0.119242
  ----------------------------------------
  Sum of atomic charges =     0.000000

 -----------------------------------------------------------------
                    Cartesian Multipole Moments
 -----------------------------------------------------------------
    Charge (ESU x 10^10)
                -0.0000
    Dipole Moment (Debye)
         X       0.1637835777      Y      -0.6364415446      Z       0.0277979256
       Tot       0.6577656305
    Quadrupole Moments (Debye-Ang)
        XX     -79.7595     XY      18.0274     YY     -64.8514
        XZ      -0.4135     YZ      -1.2390     ZZ     -70.2441
    Octopole Moments (Debye-Ang^2)
       XXX    6749.4002    XXY    -335.6637    XYY    1953.7617
       YYY     493.9885    XXZ     -26.3898    XYZ      32.6908
       YYZ     -17.0375    XZZ    2112.8178    YZZ     174.4618
       ZZZ     -50.3865
    Hexadecapole Moments (Debye-Ang^3)
      XXXX -397666.6506   XXXY   -1270.2979   XXYY  -59560.0843
      XYYY  -14802.6851   YYYY   -3211.7768   XXXZ    2718.7052
      XXYZ    -797.3576   XYYZ     522.8123   YYYZ     107.0467
      XXZZ  -63790.8205   XYZZ   -5245.3357   YYZZ    -665.0263
      XZZZ    1476.5316   YZZZ      80.6948   ZZZZ    -679.4945
 -----------------------------------------------------------------
 Calculating analytic gradient of the SCF energy
 Gradient of SCF Energy
            1           2           3           4           5           6
    1   0.0004192   0.0161128  -0.0005263  -0.0097426   0.0197895  -0.0176245
    2   0.0349617  -0.0456051   0.0041112  -0.0302478   0.0117121  -0.0095895
    3   0.0011293   0.0101493  -0.0280377   0.0051714   0.0176397   0.0024262
            7           8           9          10          11
    1  -0.0120280  -0.0041448   0.0117347  -0.0087776   0.0047876
    2   0.0225307  -0.0006992   0.0151010  -0.0059291   0.0036540
    3  -0.0033184   0.0145509  -0.0082829  -0.0070171  -0.0044107
 Max gradient component =       4.561E-02
 RMS gradient           =       1.586E-02
 Gradient time:  CPU 2.60 s  wall 1.42 s
 Total job time:  14.22s(wall), 26.28s(cpu) 
 Wed Jun 22 16:39:38 2022

        *************************************************************
        *                                                           *
        *  Thank you very much for using Q-Chem.  Have a nice day.  *
        *                                                           *
        *************************************************************


 
User input: 2 of 2 
 
                  Welcome to Q-Chem
     A Quantum Leap Into The Future Of Chemistry


 Q-Chem 5.4 (devel), Q-Chem, Inc., Pleasanton, CA (2021)

 E. Epifanovsky,  A. T. B. Gilbert,  Xintian Feng,  Joonho Lee,  Yuezhi Mao,  
 N. Mardirossian,  P. Pokhilko,  A. White,  M. Wormit,  M. P. Coons,  
 A. L. Dempwolff,  Zhengting Gan,  D. Hait,  P. R. Horn,  L. D. Jacobson,  
 I. Kaliman,  J. Kussmann,  A. W. Lange,  Ka Un Lao,  D. S. Levine,  Jie Liu,  
 S. C. McKenzie,  A. F. Morrison,  K. Nanda,  F. Plasser,  D. R. Rehn,  
 M. L. Vidal,  Zhi-Qiang You,  Ying Zhu,  B. Alam,  B. Albrecht,  
 A. Aldossary,  E. Alguire,  J. H. Andersen,  D. Barton,  K. Begam,  A. Behn,  
 Y. A. Bernard,  E. J. Berquist,  H. Burton,  A. Carreras,  K. Carter-Fenk,  
 R. Chakraborty,  A. D. Chien,  K. D. Closser,  V. Cofer-Shabica,  
 S. Dasgupta,  Jia Deng,  M. de Wergifosse,  M. Diedenhofen,  Hainam Do,  
 S. Ehlert,  Po-Tung Fang,  S. Fatehi,  Qingguo Feng,  T. Friedhoff,  
 J. Gayvert,  Qinghui Ge,  G. Gidofalvi,  M. Goldey,  J. Gomes,  
 C. Gonzalez-Espinoza,  S. Gulania,  A. Gunina,  M. W. D. Hanson-Heine,  
 P. H. P. Harbach,  A. W. Hauser,  M. F. Herbst,  M. Hernandez Vera,  
 M. Hodecker,  Z. C. Holden,  S. Houck,  Xunkun Huang,  Kerwin Hui,  
 B. C. Huynh,  M. Ivanov,  Hyunjun Ji,  Hanjie Jiang,  B. Kaduk,  S. Kaehler,  
 K. Khistyaev,  Jaehoon Kim,  P. Klunzinger,  Z. Koczor-Benda,  
 Joong Hoon Koh,  D. Kosenkov,  L. Koulias,  T. Kowalczyk,  C. M. Krauter,  
 K. Kue,  A. Kunitsa,  T. Kus,  A. Landau,  K. V. Lawler,  D. Lefrancois,  
 S. Lehtola,  Rain Li,  Yi-Pei Li,  Jiashu Liang,  M. Liebenthal,  
 Hung-Hsuan Lin,  You-Sheng Lin,  Fenglai Liu,  Kuan-Yu Liu,  
 M. Loipersberger,  A. Luenser,  A. Manjanath,  P. Manohar,  E. Mansoor,  
 S. F. Manzer,  Shan-Ping Mao,  A. V. Marenich,  T. Markovich,  S. Mason,  
 S. A. Maurer,  P. F. McLaughlin,  M. F. S. J. Menger,  J.-M. Mewes,  
 S. A. Mewes,  P. Morgante,  J. W. Mullinax,  K. J. Oosterbaan,  G. Paran,  
 Alexander C. Paul,  Suranjan K. Paul,  F. Pavosevic,  Zheng Pei,  S. Prager,  
 E. I. Proynov,  E. Ramos,  B. Rana,  A. E. Rask,  A. Rettig,  R. M. Richard,  
 F. Rob,  E. Rossomme,  T. Scheele,  M. Scheurer,  M. Schneider,  
 N. Sergueev,  S. M. Sharada,  W. Skomorowski,  D. W. Small,  C. J. Stein,  
 Yu-Chuan Su,  E. J. Sundstrom,  Zhen Tao,  J. Thirman,  T. Tsuchimochi,  
 N. M. Tubman,  S. P. Veccham,  O. Vydrov,  J. Wenzel,  J. Witte,  A. Yamada,  
 Kun Yao,  S. Yeganeh,  S. R. Yost,  A. Zech,  Igor Ying Zhang,  Xing Zhang,  
 Yu Zhang,  D. Zuev,  A. Aspuru-Guzik,  A. T. Bell,  N. A. Besley,  
 K. B. Bravaya,  B. R. Brooks,  D. Casanova,  Jeng-Da Chai,  S. Coriani,  
 C. J. Cramer,  A. E. DePrince, III,  R. A. DiStasio Jr.,  A. Dreuw,  
 B. D. Dunietz,  T. R. Furlani,  W. A. Goddard III,  S. Grimme,  
 S. Hammes-Schiffer,  T. Head-Gordon,  W. J. Hehre,  Chao-Ping Hsu,  
 T.-C. Jagau,  Yousung Jung,  A. Klamt,  Jing Kong,  D. S. Lambrecht,  
 WanZhen Liang,  N. J. Mayhall,  C. W. McCurdy,  J. B. Neaton,  
 C. Ochsenfeld,  J. A. Parkhill,  R. Peverati,  V. A. Rassolov,  Yihan Shao,  
 L. V. Slipchenko,  T. Stauch,  R. P. Steele,  J. E. Subotnik,  
 A. J. W. Thom,  A. Tkatchenko,  D. G. Truhlar,  T. Van Voorhis,  
 T. A. Wesolowski,  K. B. Whaley,  H. L. Woodcock III,  P. M. Zimmerman,  
 S. Faraji,  P. M. W. Gill,  M. Head-Gordon,  J. M. Herbert,  A. I. Krylov

 Additional authors for Version 5.4.1: 
 S. Kotaru,  Shaozhi Li,  Xiangyuan Li,  F. Matz,  A. Molle,  Haisheng Ren,  
 Yingli Su,  Hung-Yi Tsai,  C. Utku,  Fang Wang

 Contributors to earlier versions of Q-Chem not listed above: 
 R. D. Adamson,  B. Austin,  R. Baer,  J. Baker,  G. J. O. Beran,  
 K. Brandhorst,  S. T. Brown,  E. F. C. Byrd,  A. K. Chakraborty,  
 G. K. L. Chan,  Chun-Min Chang,  Yunqing Chen,  C.-L. Cheng,  
 Siu Hung Chien,  D. M. Chipman,  D. L. Crittenden,  H. Dachsel,  
 R. J. Doerksen,  A. D. Dutoi,  R. G. Edgar,  J. Fosso-Tande,  
 L. Fusti-Molnar,  D. Ghosh,  A. Ghysels,  A. Golubeva-Zadorozhnaya,  
 J. Gonthier,  M. S. Gordon,  S. R. Gwaltney,  G. Hawkins,  J. E. Herr,  
 A. Heyden,  S. Hirata,  E. G. Hohenstein,  G. Kedziora,  F. J. Keil,  
 C. Kelley,  Jihan Kim,  R. A. King,  R. Z. Khaliullin,  P. P. Korambath,  
 W. Kurlancheek,  A. Laurent,  A. M. Lee,  M. S. Lee,  S. V. Levchenko,  
 Ching Yeh Lin,  D. Liotard,  E. Livshits,  R. C. Lochan,  I. Lotan,  
 L. A. Martinez-Martinez,  P. E. Maslen,  N. Nair,  D. P. O'Neill,  
 D. Neuhauser,  E. Neuscamman,  C. M. Oana,  R. Olivares-Amaya,  R. Olson,  
 T. M. Perrine,  B. Peters,  P. A. Pieniazek,  A. Prociuk,  Y. M. Rhee,  
 J. Ritchie,  M. A. Rohrdanz,  E. Rosta,  N. J. Russ,  H. F. Schaefer III,  
 M. W. Schmidt,  N. E. Schultz,  S. Sharma,  N. Shenvi,  C. D. Sherrill,  
 A. C. Simmonett,  A. Sodt,  T. Stein,  D. Stuck,  K. S. Thanthiriwatte,  
 V. Vanovschi,  L. Vogt,  Tao Wang,  A. Warshel,  M. A. Watson,  
 C. F. Williams,  Q. Wu,  X. Xu,  Jun Yang,  W. Zhang,  Yan Zhao

 Please cite Q-Chem as follows:
 Y. Shao et al., Mol. Phys. 113, 184-215 (2015)
 DOI: 10.1080/00268976.2014.952696

 Q-Chem 5.4.1 for Intel X86 EM64T Linux

 Parts of Q-Chem use Armadillo 9.900.5 (Nocturnal Misbehaviour).
 http://arma.sourceforge.net/

 Q-Chem begins on Wed Jun 22 16:39:38 2022  

 Host: p09r15n31.grace.hpc.yale.internal
0

     Scratch files written to /home/tl686/scratch60/qchem_dev/scratch/qchem171225//
 Processing $rem in /home/tl686/qchem_dev/qchem/config/preferences:
 Processing $rem in /home/tl686/.qchemrc:
The previous job contains 0 fragments, simply inherited here

 Checking the input file for inconsistencies... 	...done.

--------------------------------------------------------------
User input:
--------------------------------------------------------------

$molecule
READ
$end

$rem
     JOBTYPE  freq
     METHOD   bp86
     BASIS    def2-msvp
     MAX_SCF_CYCLES   800
     INPUT_BOHR TRUE
     SYM_IGNORE TRUE
     SCF_GUESS     read 
$end
--------------------------------------------------------------
 ----------------------------------------------------------------
             Standard Nuclear Orientation (Bohr)
    I     Atom           X                Y                Z
 ----------------------------------------------------------------
    1      Fe    -56.6529718500    -4.6029375600     0.4823779600
    2      C     -54.4917802300    -7.4641456000     0.5408303800
    3      C     -58.7564320300    -1.9089577300     0.4277647300
    4      C     -58.9802924000    -6.5378240600     2.1902820500
    5      C     -54.2917599100    -2.7768187100     2.3027033500
    6      C     -57.3289207300    -5.0900851800    -2.8507828200
    7      O     -53.0631311300    -9.0924593200     0.4059508200
    8      O     -60.2222122300    -0.3501494900     0.9691591300
    9      O     -60.7593152300    -7.3586086600     3.1538912500
   10      O     -52.8703723300    -1.6146496100     3.4973780400
   11      O     -57.6697750200    -5.2584205100    -5.0238109600
 ----------------------------------------------------------------
 Nuclear Repulsion Energy =         792.00915398 hartrees
 There are       48 alpha and       48 beta electrons
 Requested basis set is def2-mSVP
 There are 80 shells and 174 basis functions

 Total QAlloc Memory Limit   2000 MB
 Mega-Array Size       204 MB
 MEM_STATIC part       192 MB

                       Distance Matrix (Bohrs)
             Fe(  1)   C (  2)   C (  3)   C (  4)   C (  5)   C (  6)
   C (  2)  3.586179
   C (  3)  3.418341  7.004295
   C (  4)  3.475218  4.870883  4.958123
   C (  5)  3.496229  5.011511  4.919540  6.011667
   C (  6)  3.435721  5.018821  4.786046  5.498664  6.413577
   O (  7)  5.748791  2.170400  9.166070  6.687511  6.707795  6.694944
   O (  8)  5.573387  9.144958  2.207148  6.428127  6.545023  6.740184
   O (  9)  5.620744  6.791261  6.414203  2.183381  7.971612  7.278043
   O ( 10)  5.685785  6.751795  6.644911  7.954701  2.190486  8.500380
   O ( 11)  5.637523  6.777175  6.489946  7.442947  8.440802  2.206030
             O (  7)   O (  8)   O (  9)   O ( 10)
   O (  8) 11.313604
   O (  9)  8.353961  7.360709
   O ( 10)  8.093931  7.876573  9.764552
   O ( 11)  8.087233  8.156087  8.990599 10.436570

 A cutoff of  1.0D-11 yielded   2474 shell pairs
 There are     12750 function pairs (     14587 Cartesian)
 Smallest overlap matrix eigenvalue = 2.78E-03
 Guess MOs from SCF MO coefficient file

 -----------------------------------------------------------------------
  General SCF calculation program by
  Eric Jon Sundstrom, Paul Horn, Yuezhi Mao, Dmitri Zuev, Alec White,
  David Stuck, Shaama M.S., Shane Yost, Joonho Lee, David Small,
  Daniel Levine, Susi Lehtola, Hugh Burton, Evgeny Epifanovsky,
  Bang C. Huynh
 -----------------------------------------------------------------------
 Exchange:  B88      Correlation:  P86
 Using SG-1 standard quadrature grid
 using 2 threads for integral computing
 -------------------------------------------------------
 OpenMP Integral computing Module                
 Release: version 1.0, May 2013, Q-Chem Inc. Pittsburgh 
 -------------------------------------------------------
 A restricted SCF calculation will be
 performed using DIIS
 SCF converges when DIIS error is below 1.0e-08
 ---------------------------------------
  Cycle       Energy         DIIS error
 ---------------------------------------
    1   -1830.5143207881      4.44e-10  
    2   -1830.5143207907      2.76e-09  Convergence criterion met
 ---------------------------------------
 SCF time:   CPU 2.56s  wall 1.00s 
 SCF   energy in the final basis set =    -1830.5143207907
 Total energy in the final basis set =    -1830.5143207907

 --------------------------------------------------------------

                    Orbital Energies (a.u.)
 --------------------------------------------------------------

 Alpha MOs
 -- Occupied --
******** -29.6293 -25.5898 -25.5783 -25.5711 -18.8972 -18.8813 -18.8776
-18.8741 -18.8737 -10.0606 -10.0497 -10.0405 -10.0402 -10.0374  -3.3119
 -2.1473  -2.1266  -2.1108  -1.0763  -1.0545  -1.0519  -1.0487  -1.0444
 -0.5659  -0.5272  -0.5158  -0.5138  -0.5117  -0.4550  -0.4446  -0.4421
 -0.4344  -0.4320  -0.4284  -0.4215  -0.4169  -0.4126  -0.4092  -0.4083
 -0.4056  -0.4003  -0.3888  -0.3783  -0.2715  -0.2595  -0.2334  -0.2057
 -- Virtual --
 -0.1089  -0.0901  -0.0863  -0.0816  -0.0787  -0.0640  -0.0611  -0.0582
 -0.0534  -0.0287  -0.0258   0.0140   0.1911   0.2152   0.2278   0.2395
  0.2924   0.3148   0.3629   0.3997   0.4040   0.4135   0.4355   0.4406
  0.4578   0.4688   0.4823   0.5054   0.5264   0.5590   0.5788   0.5969
  0.6092   0.6257   0.6403   0.6494   0.7310   0.7540   0.7572   0.7685
  0.7730   0.8154   0.8279   0.8634   0.8720   0.9090   0.9366   0.9441
  0.9691   0.9826   0.9967   1.0113   1.0158   1.0208   1.0382   1.0678
  1.2144   1.2283   1.2523   1.3198   1.4030   1.4077   1.4111   1.4150
  1.4160   1.4217   1.4244   1.4304   1.4383   1.4488   1.4604   1.4834
  1.4872   1.5087   1.5281   1.5747   1.5977   1.6100   1.6486   1.6769
  1.6985   1.8143   1.8333   1.8398   1.8426   1.8481   1.8538   1.8580
  1.8597   1.8636   1.8710   1.8772   1.8903   1.9042   1.9217   1.9466
  2.3630   2.4169   2.4215   2.4610   2.4639   2.4696   2.4789   2.4975
  2.5203   2.5572   2.6111   2.6458   2.6508   2.6767   2.6814   2.8072
  2.8218   2.8701   2.8923   2.9913  13.2348  13.2452  13.3238  13.3367
 13.4184  24.9113  24.9539  24.9586  24.9742  25.0155
 --------------------------------------------------------------

          Ground-State Mulliken Net Atomic Charges

     Atom                 Charge (a.u.)
  ----------------------------------------
      1 Fe                   -0.507185
      2 C                     0.205491
      3 C                     0.189658
      4 C                     0.229139
      5 C                     0.193884
      6 C                     0.220956
      7 O                    -0.083284
      8 O                    -0.115283
      9 O                    -0.102381
     10 O                    -0.111754
     11 O                    -0.119243
  ----------------------------------------
  Sum of atomic charges =     0.000000

 -----------------------------------------------------------------
                    Cartesian Multipole Moments
 -----------------------------------------------------------------
    Charge (ESU x 10^10)
                -0.0000
    Dipole Moment (Debye)
         X       0.1637843017      Y      -0.6364430426      Z       0.0277970735
       Tot       0.6577672243
    Quadrupole Moments (Debye-Ang)
        XX     -79.7595     XY      18.0274     YY     -64.8514
        XZ      -0.4135     YZ      -1.2390     ZZ     -70.2441
    Octopole Moments (Debye-Ang^2)
       XXX    6749.4043    XXY    -335.6649    XYY    1953.7622
       YYY     493.9887    XXZ     -26.3903    XYZ      32.6908
       YYZ     -17.0375    XZZ    2112.8184    YZZ     174.4618
       ZZZ     -50.3865
    Hexadecapole Moments (Debye-Ang^3)
      XXXX -397666.8562   XXXY   -1270.2672   XXYY  -59560.0986
      XYYY  -14802.6891   YYYY   -3211.7775   XXXZ    2718.7197
      XXYZ    -797.3593   XYYZ     522.8124   YYYZ     107.0467
      XXZZ  -63790.8386   XYZZ   -5245.3371   YYZZ    -665.0265
      XZZZ    1476.5317   YZZZ      80.6948   ZZZZ    -679.4946
 -----------------------------------------------------------------
 Calculating MO derivatives via CPSCF
 Full subspace dimension requested for CIS/TDDFT
 MAX_CIS_SUBSPACE fits in available memory
    1     0    36    0.0412876  
    2     0    36    0.0067154  
    3     0    36    0.0007815  
    4     0    36    0.0000744  
