                  Welcome to Q-Chem
     A Quantum Leap Into The Future Of Chemistry


 Q-Chem 5.4 (devel), Q-Chem, Inc., Pleasanton, CA (2021)

 E. Epifanovsky,  A. T. B. Gilbert,  Xintian Feng,  Joonho Lee,  Yuezhi Mao,  
 N. Mardirossian,  P. Pokhilko,  A. White,  M. Wormit,  M. P. Coons,  
 A. L. Dempwolff,  Zhengting Gan,  D. Hait,  P. R. Horn,  L. D. Jacobson,  
 I. Kaliman,  J. Kussmann,  A. W. Lange,  Ka Un Lao,  D. S. Levine,  Jie Liu,  
 S. C. McKenzie,  A. F. Morrison,  K. Nanda,  F. Plasser,  D. R. Rehn,  
 M. L. Vidal,  Zhi-Qiang You,  Ying Zhu,  B. Alam,  B. Albrecht,  
 A. Aldossary,  E. Alguire,  J. H. Andersen,  D. Barton,  K. Begam,  A. Behn,  
 Y. A. Bernard,  E. J. Berquist,  H. Burton,  A. Carreras,  K. Carter-Fenk,  
 R. Chakraborty,  A. D. Chien,  K. D. Closser,  V. Cofer-Shabica,  
 S. Dasgupta,  Jia Deng,  M. de Wergifosse,  M. Diedenhofen,  Hainam Do,  
 S. Ehlert,  Po-Tung Fang,  S. Fatehi,  Qingguo Feng,  T. Friedhoff,  
 J. Gayvert,  Qinghui Ge,  G. Gidofalvi,  M. Goldey,  J. Gomes,  
 C. Gonzalez-Espinoza,  S. Gulania,  A. Gunina,  M. W. D. Hanson-Heine,  
 P. H. P. Harbach,  A. W. Hauser,  M. F. Herbst,  M. Hernandez Vera,  
 M. Hodecker,  Z. C. Holden,  S. Houck,  Xunkun Huang,  Kerwin Hui,  
 B. C. Huynh,  M. Ivanov,  Hyunjun Ji,  Hanjie Jiang,  B. Kaduk,  S. Kaehler,  
 K. Khistyaev,  Jaehoon Kim,  P. Klunzinger,  Z. Koczor-Benda,  
 Joong Hoon Koh,  D. Kosenkov,  L. Koulias,  T. Kowalczyk,  C. M. Krauter,  
 K. Kue,  A. Kunitsa,  T. Kus,  A. Landau,  K. V. Lawler,  D. Lefrancois,  
 S. Lehtola,  Rain Li,  Yi-Pei Li,  Jiashu Liang,  M. Liebenthal,  
 Hung-Hsuan Lin,  You-Sheng Lin,  Fenglai Liu,  Kuan-Yu Liu,  
 M. Loipersberger,  A. Luenser,  A. Manjanath,  P. Manohar,  E. Mansoor,  
 S. F. Manzer,  Shan-Ping Mao,  A. V. Marenich,  T. Markovich,  S. Mason,  
 S. A. Maurer,  P. F. McLaughlin,  M. F. S. J. Menger,  J.-M. Mewes,  
 S. A. Mewes,  P. Morgante,  J. W. Mullinax,  K. J. Oosterbaan,  G. Paran,  
 Alexander C. Paul,  Suranjan K. Paul,  F. Pavosevic,  Zheng Pei,  S. Prager,  
 E. I. Proynov,  E. Ramos,  B. Rana,  A. E. Rask,  A. Rettig,  R. M. Richard,  
 F. Rob,  E. Rossomme,  T. Scheele,  M. Scheurer,  M. Schneider,  
 N. Sergueev,  S. M. Sharada,  W. Skomorowski,  D. W. Small,  C. J. Stein,  
 Yu-Chuan Su,  E. J. Sundstrom,  Zhen Tao,  J. Thirman,  T. Tsuchimochi,  
 N. M. Tubman,  S. P. Veccham,  O. Vydrov,  J. Wenzel,  J. Witte,  A. Yamada,  
 Kun Yao,  S. Yeganeh,  S. R. Yost,  A. Zech,  Igor Ying Zhang,  Xing Zhang,  
 Yu Zhang,  D. Zuev,  A. Aspuru-Guzik,  A. T. Bell,  N. A. Besley,  
 K. B. Bravaya,  B. R. Brooks,  D. Casanova,  Jeng-Da Chai,  S. Coriani,  
 C. J. Cramer,  A. E. DePrince, III,  R. A. DiStasio Jr.,  A. Dreuw,  
 B. D. Dunietz,  T. R. Furlani,  W. A. Goddard III,  S. Grimme,  
 S. Hammes-Schiffer,  T. Head-Gordon,  W. J. Hehre,  Chao-Ping Hsu,  
 T.-C. Jagau,  Yousung Jung,  A. Klamt,  Jing Kong,  D. S. Lambrecht,  
 WanZhen Liang,  N. J. Mayhall,  C. W. McCurdy,  J. B. Neaton,  
 C. Ochsenfeld,  J. A. Parkhill,  R. Peverati,  V. A. Rassolov,  Yihan Shao,  
 L. V. Slipchenko,  T. Stauch,  R. P. Steele,  J. E. Subotnik,  
 A. J. W. Thom,  A. Tkatchenko,  D. G. Truhlar,  T. Van Voorhis,  
 T. A. Wesolowski,  K. B. Whaley,  H. L. Woodcock III,  P. M. Zimmerman,  
 S. Faraji,  P. M. W. Gill,  M. Head-Gordon,  J. M. Herbert,  A. I. Krylov

 Additional authors for Version 5.4.1: 
 S. Kotaru,  Shaozhi Li,  Xiangyuan Li,  F. Matz,  A. Molle,  Haisheng Ren,  
 Yingli Su,  Hung-Yi Tsai,  C. Utku,  Fang Wang

 Contributors to earlier versions of Q-Chem not listed above: 
 R. D. Adamson,  B. Austin,  R. Baer,  J. Baker,  G. J. O. Beran,  
 K. Brandhorst,  S. T. Brown,  E. F. C. Byrd,  A. K. Chakraborty,  
 G. K. L. Chan,  Chun-Min Chang,  Yunqing Chen,  C.-L. Cheng,  
 Siu Hung Chien,  D. M. Chipman,  D. L. Crittenden,  H. Dachsel,  
 R. J. Doerksen,  A. D. Dutoi,  R. G. Edgar,  J. Fosso-Tande,  
 L. Fusti-Molnar,  D. Ghosh,  A. Ghysels,  A. Golubeva-Zadorozhnaya,  
 J. Gonthier,  M. S. Gordon,  S. R. Gwaltney,  G. Hawkins,  J. E. Herr,  
 A. Heyden,  S. Hirata,  E. G. Hohenstein,  G. Kedziora,  F. J. Keil,  
 C. Kelley,  Jihan Kim,  R. A. King,  R. Z. Khaliullin,  P. P. Korambath,  
 W. Kurlancheek,  A. Laurent,  A. M. Lee,  M. S. Lee,  S. V. Levchenko,  
 Ching Yeh Lin,  D. Liotard,  E. Livshits,  R. C. Lochan,  I. Lotan,  
 L. A. Martinez-Martinez,  P. E. Maslen,  N. Nair,  D. P. O'Neill,  
 D. Neuhauser,  E. Neuscamman,  C. M. Oana,  R. Olivares-Amaya,  R. Olson,  
 T. M. Perrine,  B. Peters,  P. A. Pieniazek,  A. Prociuk,  Y. M. Rhee,  
 J. Ritchie,  M. A. Rohrdanz,  E. Rosta,  N. J. Russ,  H. F. Schaefer III,  
 M. W. Schmidt,  N. E. Schultz,  S. Sharma,  N. Shenvi,  C. D. Sherrill,  
 A. C. Simmonett,  A. Sodt,  T. Stein,  D. Stuck,  K. S. Thanthiriwatte,  
 V. Vanovschi,  L. Vogt,  Tao Wang,  A. Warshel,  M. A. Watson,  
 C. F. Williams,  Q. Wu,  X. Xu,  Jun Yang,  W. Zhang,  Yan Zhao

 Please cite Q-Chem as follows:
 Y. Shao et al., Mol. Phys. 113, 184-215 (2015)
 DOI: 10.1080/00268976.2014.952696

 Q-Chem 5.4.1 for Intel X86 EM64T Linux

 Parts of Q-Chem use Armadillo 9.900.5 (Nocturnal Misbehaviour).
 http://arma.sourceforge.net/

 Q-Chem begins on Wed Jun 22 16:39:24 2022  

 Host: p09r15n31.grace.hpc.yale.internal
0

     Scratch files written to /home/tl686/scratch60/qchem_dev/scratch/qchem171166//
 Processing $rem in /home/tl686/qchem_dev/qchem/config/preferences:
 Processing $rem in /home/tl686/.qchemrc:

 Checking the input file for inconsistencies... 	...done.

--------------------------------------------------------------
User input:
--------------------------------------------------------------
$molecule
0   1
 Fe -8.72307601 13.39328611 5.38790054
C -7.70734642 16.62986539 4.54484556
C -9.84399387 10.08570775 5.98739620
C -6.64604233 12.41028490 2.84265493
C -7.83506745 13.68796956 8.77618888
C -11.68932869 14.47044061 4.24396280
O -7.18552173 18.70016650 3.84516437
O -10.72613888 8.12681046 6.41466632
O -5.52015968 12.08662968 0.89726091
O -7.33719232 14.17549562 10.85982380
O -13.64682583 15.45320579 3.58277534

$end

$rem
     JOBTYPE  force
     METHOD   bp86
     BASIS    def2-msvp
     MAX_SCF_CYCLES   800
     INPUT_BOHR TRUE
     SYM_IGNORE TRUE
$end

--------------------------------------------------------------
 ----------------------------------------------------------------
             Standard Nuclear Orientation (Bohr)
    I     Atom           X                Y                Z
 ----------------------------------------------------------------
    1      Fe     -8.7230760100    13.3932861100     5.3879005400
    2      C      -7.7073464200    16.6298653900     4.5448455600
    3      C      -9.8439938700    10.0857077500     5.9873962000
    4      C      -6.6460423300    12.4102849000     2.8426549300
    5      C      -7.8350674500    13.6879695600     8.7761888800
    6      C     -11.6893286900    14.4704406100     4.2439628000
    7      O      -7.1855217300    18.7001665000     3.8451643700
    8      O     -10.7261388800     8.1268104600     6.4146663200
    9      O      -5.5201596800    12.0866296800     0.8972609100
   10      O      -7.3371923200    14.1754956200    10.8598238000
   11      O     -13.6468258300    15.4532057900     3.5827753400
 ----------------------------------------------------------------
 Nuclear Repulsion Energy =         789.07279321 hartrees
 There are       48 alpha and       48 beta electrons
 Requested basis set is def2-mSVP
 There are 80 shells and 174 basis functions

 Total QAlloc Memory Limit   2000 MB
 Mega-Array Size       188 MB
 MEM_STATIC part       192 MB

                       Distance Matrix (Bohrs)
             Fe(  1)   C (  2)   C (  3)   C (  4)   C (  5)   C (  6)
   C (  2)  3.495410
   C (  3)  3.543434  7.033649
   C (  4)  3.429087  4.672117  5.051727
   C (  5)  3.515095  5.155127  4.978899  6.184908
   C (  6)  3.356711  4.539805  5.066626  5.625179  6.000722
   O (  7)  5.736470  2.246776  9.266366  6.392079  7.061093  6.191438
   O (  8)  5.727327  9.214732  2.190438  6.910471  6.697878  6.773576
   O (  9)  5.668498  6.223315  6.971995  2.270886  8.366636  7.412261
   O ( 10)  5.698638  6.785270  6.837468  8.238243  2.197065  7.924500
   O ( 11)  5.634275  6.130866  7.003839  7.669297  7.991504  2.287967
             O (  7)   O (  8)   O (  9)   O ( 10)
   O (  8) 11.442647
   O (  9)  7.429834  8.557111
   O ( 10)  8.348718  8.235956 10.340098
   O ( 11)  7.236025  8.380101  9.197202  9.715938

 A cutoff of  1.0D-11 yielded   2475 shell pairs
 There are     12777 function pairs (     14612 Cartesian)
 Smallest overlap matrix eigenvalue = 2.63E-03

 Scale SEOQF with 1.000000e-02/1.000000e-02/1.000000e-02

 Standard Electronic Orientation quadrupole field applied
 Nucleus-field energy     =     0.0000000347 hartrees
 Guess from superposition of atomic densities
 Warning:  Energy on first SCF cycle will be non-variational
 SAD guess density has 96.000000 electrons

 -----------------------------------------------------------------------
  General SCF calculation program by
  Eric Jon Sundstrom, Paul Horn, Yuezhi Mao, Dmitri Zuev, Alec White,
  David Stuck, Shaama M.S., Shane Yost, Joonho Lee, David Small,
  Daniel Levine, Susi Lehtola, Hugh Burton, Evgeny Epifanovsky,
  Bang C. Huynh
 -----------------------------------------------------------------------
 Exchange:  B88      Correlation:  P86
 Using SG-1 standard quadrature grid
 using 2 threads for integral computing
 -------------------------------------------------------
 OpenMP Integral computing Module                
 Release: version 1.0, May 2013, Q-Chem Inc. Pittsburgh 
 -------------------------------------------------------
 A restricted SCF calculation will be
 performed using DIIS
 SCF converges when DIIS error is below 1.0e-08
 ---------------------------------------
  Cycle       Energy         DIIS error
 ---------------------------------------
    1   -1831.9667074626      6.51e-02  
    2   -1830.4449754915      4.59e-03  
    3   -1830.3005522644      9.06e-03  
    4   -1830.1685190854      1.25e-02  
    5   -1830.4580873244      4.85e-03  
    6   -1830.5128833329      5.70e-04  
    7   -1830.5137617863      2.60e-04  
    8   -1830.5139671463      1.42e-04  
    9   -1830.5140297996      2.55e-05  
   10   -1830.5140314002      1.12e-05  
   11   -1830.5140320102      2.51e-06  
   12   -1830.5140320250      9.28e-07  
   13   -1830.5140320278      2.23e-07  
   14   -1830.5140320278      1.22e-07  
   15   -1830.5140320278      2.21e-08  
   16   -1830.5140320279      1.61e-08  
   17   -1830.5140320280      1.80e-09  Convergence criterion met
 ---------------------------------------
 SCF time:   CPU 21.92s  wall 11.00s 
 SCF   energy in the final basis set =    -1830.5140320280
 Total energy in the final basis set =    -1830.5140320280

 --------------------------------------------------------------

                    Orbital Energies (a.u.)
 --------------------------------------------------------------

 Alpha MOs
 -- Occupied --
******** -29.6407 -25.6012 -25.5864 -25.5855 -18.8984 -18.8933 -18.8825
-18.8742 -18.8668 -10.0680 -10.0643 -10.0478 -10.0459 -10.0435  -3.3233
 -2.1583  -2.1313  -2.1294  -1.0715  -1.0543  -1.0513  -1.0264  -1.0155
 -0.5757  -0.5340  -0.5198  -0.5191  -0.5143  -0.4561  -0.4417  -0.4397
 -0.4349  -0.4332  -0.4299  -0.4205  -0.4181  -0.4085  -0.4042  -0.3995
 -0.3956  -0.3943  -0.3902  -0.3746  -0.2761  -0.2742  -0.2371  -0.2224
 -- Virtual --
 -0.1137  -0.1016  -0.0999  -0.0891  -0.0836  -0.0775  -0.0723  -0.0654
 -0.0572  -0.0411  -0.0365   0.0108   0.1807   0.2126   0.2196   0.2343
  0.2887   0.3138   0.3521   0.3883   0.4033   0.4109   0.4202   0.4377
  0.4475   0.4704   0.4856   0.4929   0.5277   0.5428   0.5704   0.5782
  0.5804   0.6068   0.6127   0.6326   0.7310   0.7513   0.7664   0.7724
  0.7953   0.8164   0.8244   0.8446   0.8674   0.9117   0.9386   0.9475
  0.9706   0.9723   0.9892   0.9957   1.0109   1.0117   1.0271   1.0429
  1.1980   1.2280   1.2681   1.2968   1.4000   1.4041   1.4059   1.4089
  1.4135   1.4227   1.4281   1.4344   1.4397   1.4428   1.4504   1.4935
  1.5151   1.5223   1.5310   1.5392   1.5685   1.6159   1.6376   1.6596
  1.6707   1.8127   1.8238   1.8259   1.8289   1.8305   1.8359   1.8417
  1.8473   1.8519   1.8653   1.8779   1.8896   1.9016   1.9188   1.9438
  2.3433   2.3717   2.3923   2.4236   2.4395   2.4441   2.4509   2.4585
  2.4861   2.4976   2.5957   2.6193   2.6223   2.6382   2.6572   2.7940
  2.7997   2.8655   2.8745   2.9515  13.2305  13.2580  13.3165  13.3239
 13.4262  24.8936  24.9243  24.9494  24.9651  25.0082
 --------------------------------------------------------------

          Ground-State Mulliken Net Atomic Charges

     Atom                 Charge (a.u.)
  ----------------------------------------
      1 Fe                   -0.482501
      2 C                     0.218861
      3 C                     0.217149
      4 C                     0.230605
      5 C                     0.210717
      6 C                     0.233810
      7 O                    -0.120671
      8 O                    -0.093936
      9 O                    -0.146193
     10 O                    -0.106940
     11 O                    -0.160901
  ----------------------------------------
  Sum of atomic charges =     0.000000

 -----------------------------------------------------------------
                    Cartesian Multipole Moments
 -----------------------------------------------------------------
    Charge (ESU x 10^10)
                -0.0000
    Dipole Moment (Debye)
         X       0.3536690076      Y      -0.5882598913      Z       0.5053901776
       Tot       0.8523794333
    Quadrupole Moments (Debye-Ang)
        XX     -74.0501     XY       6.3237     YY     -76.7867
        XZ      -1.0884     YZ       1.8818     ZZ     -68.1194
    Octopole Moments (Debye-Ang^2)
       XXX    1018.2606    XXY    -556.1526    XYY     392.4186
       YYY   -1562.4950    XXZ    -190.5964    XYZ      -0.0337
       YYZ    -186.3950    XZZ     314.5579    YZZ    -494.0269
       ZZZ    -580.4069
    Hexadecapole Moments (Debye-Ang^3)
      XXXX  -10076.1050   XXXY    7450.9958   XXYY   -5901.9152
      XYYY    7553.8919   YYYY  -22832.8341   XXXZ    2709.8084
      XXYZ   -1393.2505   XYYZ     941.6876   YYYZ   -4062.8136
      XXZZ   -2190.8406   XYZZ    2265.5138   YYZZ   -4349.2119
      XZZZ    2673.6651   YZZZ   -4154.6643   ZZZZ   -4025.2621
 -----------------------------------------------------------------
 Calculating analytic gradient of the SCF energy
 Gradient of SCF Energy
            1           2           3           4           5           6
    1  -0.0167696  -0.0064277   0.0032170  -0.0279303   0.0053488   0.0712974
    2   0.0064376  -0.0317242  -0.0233858   0.0063811  -0.0095089  -0.0327373
    3   0.0057349   0.0044317   0.0013608   0.0532793   0.0157036   0.0097995
            7           8           9          10          11
    1   0.0101863  -0.0039796   0.0290208  -0.0013295  -0.0626335
    2   0.0474654   0.0028918  -0.0050769   0.0045175   0.0347397
    3  -0.0164862   0.0012231  -0.0563130  -0.0019614  -0.0167721
 Max gradient component =       7.130E-02
 RMS gradient           =       2.719E-02
 Gradient time:  CPU 2.61 s  wall 1.42 s
 Total job time:  13.13s(wall), 24.70s(cpu) 
 Wed Jun 22 16:39:37 2022

        *************************************************************
        *                                                           *
        *  Thank you very much for using Q-Chem.  Have a nice day.  *
        *                                                           *
        *************************************************************


 
User input: 2 of 2 
 
                  Welcome to Q-Chem
     A Quantum Leap Into The Future Of Chemistry


 Q-Chem 5.4 (devel), Q-Chem, Inc., Pleasanton, CA (2021)

 E. Epifanovsky,  A. T. B. Gilbert,  Xintian Feng,  Joonho Lee,  Yuezhi Mao,  
 N. Mardirossian,  P. Pokhilko,  A. White,  M. Wormit,  M. P. Coons,  
 A. L. Dempwolff,  Zhengting Gan,  D. Hait,  P. R. Horn,  L. D. Jacobson,  
 I. Kaliman,  J. Kussmann,  A. W. Lange,  Ka Un Lao,  D. S. Levine,  Jie Liu,  
 S. C. McKenzie,  A. F. Morrison,  K. Nanda,  F. Plasser,  D. R. Rehn,  
 M. L. Vidal,  Zhi-Qiang You,  Ying Zhu,  B. Alam,  B. Albrecht,  
 A. Aldossary,  E. Alguire,  J. H. Andersen,  D. Barton,  K. Begam,  A. Behn,  
 Y. A. Bernard,  E. J. Berquist,  H. Burton,  A. Carreras,  K. Carter-Fenk,  
 R. Chakraborty,  A. D. Chien,  K. D. Closser,  V. Cofer-Shabica,  
 S. Dasgupta,  Jia Deng,  M. de Wergifosse,  M. Diedenhofen,  Hainam Do,  
 S. Ehlert,  Po-Tung Fang,  S. Fatehi,  Qingguo Feng,  T. Friedhoff,  
 J. Gayvert,  Qinghui Ge,  G. Gidofalvi,  M. Goldey,  J. Gomes,  
 C. Gonzalez-Espinoza,  S. Gulania,  A. Gunina,  M. W. D. Hanson-Heine,  
 P. H. P. Harbach,  A. W. Hauser,  M. F. Herbst,  M. Hernandez Vera,  
 M. Hodecker,  Z. C. Holden,  S. Houck,  Xunkun Huang,  Kerwin Hui,  
 B. C. Huynh,  M. Ivanov,  Hyunjun Ji,  Hanjie Jiang,  B. Kaduk,  S. Kaehler,  
 K. Khistyaev,  Jaehoon Kim,  P. Klunzinger,  Z. Koczor-Benda,  
 Joong Hoon Koh,  D. Kosenkov,  L. Koulias,  T. Kowalczyk,  C. M. Krauter,  
 K. Kue,  A. Kunitsa,  T. Kus,  A. Landau,  K. V. Lawler,  D. Lefrancois,  
 S. Lehtola,  Rain Li,  Yi-Pei Li,  Jiashu Liang,  M. Liebenthal,  
 Hung-Hsuan Lin,  You-Sheng Lin,  Fenglai Liu,  Kuan-Yu Liu,  
 M. Loipersberger,  A. Luenser,  A. Manjanath,  P. Manohar,  E. Mansoor,  
 S. F. Manzer,  Shan-Ping Mao,  A. V. Marenich,  T. Markovich,  S. Mason,  
 S. A. Maurer,  P. F. McLaughlin,  M. F. S. J. Menger,  J.-M. Mewes,  
 S. A. Mewes,  P. Morgante,  J. W. Mullinax,  K. J. Oosterbaan,  G. Paran,  
 Alexander C. Paul,  Suranjan K. Paul,  F. Pavosevic,  Zheng Pei,  S. Prager,  
 E. I. Proynov,  E. Ramos,  B. Rana,  A. E. Rask,  A. Rettig,  R. M. Richard,  
 F. Rob,  E. Rossomme,  T. Scheele,  M. Scheurer,  M. Schneider,  
 N. Sergueev,  S. M. Sharada,  W. Skomorowski,  D. W. Small,  C. J. Stein,  
 Yu-Chuan Su,  E. J. Sundstrom,  Zhen Tao,  J. Thirman,  T. Tsuchimochi,  
 N. M. Tubman,  S. P. Veccham,  O. Vydrov,  J. Wenzel,  J. Witte,  A. Yamada,  
 Kun Yao,  S. Yeganeh,  S. R. Yost,  A. Zech,  Igor Ying Zhang,  Xing Zhang,  
 Yu Zhang,  D. Zuev,  A. Aspuru-Guzik,  A. T. Bell,  N. A. Besley,  
 K. B. Bravaya,  B. R. Brooks,  D. Casanova,  Jeng-Da Chai,  S. Coriani,  
 C. J. Cramer,  A. E. DePrince, III,  R. A. DiStasio Jr.,  A. Dreuw,  
 B. D. Dunietz,  T. R. Furlani,  W. A. Goddard III,  S. Grimme,  
 S. Hammes-Schiffer,  T. Head-Gordon,  W. J. Hehre,  Chao-Ping Hsu,  
 T.-C. Jagau,  Yousung Jung,  A. Klamt,  Jing Kong,  D. S. Lambrecht,  
 WanZhen Liang,  N. J. Mayhall,  C. W. McCurdy,  J. B. Neaton,  
 C. Ochsenfeld,  J. A. Parkhill,  R. Peverati,  V. A. Rassolov,  Yihan Shao,  
 L. V. Slipchenko,  T. Stauch,  R. P. Steele,  J. E. Subotnik,  
 A. J. W. Thom,  A. Tkatchenko,  D. G. Truhlar,  T. Van Voorhis,  
 T. A. Wesolowski,  K. B. Whaley,  H. L. Woodcock III,  P. M. Zimmerman,  
 S. Faraji,  P. M. W. Gill,  M. Head-Gordon,  J. M. Herbert,  A. I. Krylov

 Additional authors for Version 5.4.1: 
 S. Kotaru,  Shaozhi Li,  Xiangyuan Li,  F. Matz,  A. Molle,  Haisheng Ren,  
 Yingli Su,  Hung-Yi Tsai,  C. Utku,  Fang Wang

 Contributors to earlier versions of Q-Chem not listed above: 
 R. D. Adamson,  B. Austin,  R. Baer,  J. Baker,  G. J. O. Beran,  
 K. Brandhorst,  S. T. Brown,  E. F. C. Byrd,  A. K. Chakraborty,  
 G. K. L. Chan,  Chun-Min Chang,  Yunqing Chen,  C.-L. Cheng,  
 Siu Hung Chien,  D. M. Chipman,  D. L. Crittenden,  H. Dachsel,  
 R. J. Doerksen,  A. D. Dutoi,  R. G. Edgar,  J. Fosso-Tande,  
 L. Fusti-Molnar,  D. Ghosh,  A. Ghysels,  A. Golubeva-Zadorozhnaya,  
 J. Gonthier,  M. S. Gordon,  S. R. Gwaltney,  G. Hawkins,  J. E. Herr,  
 A. Heyden,  S. Hirata,  E. G. Hohenstein,  G. Kedziora,  F. J. Keil,  
 C. Kelley,  Jihan Kim,  R. A. King,  R. Z. Khaliullin,  P. P. Korambath,  
 W. Kurlancheek,  A. Laurent,  A. M. Lee,  M. S. Lee,  S. V. Levchenko,  
 Ching Yeh Lin,  D. Liotard,  E. Livshits,  R. C. Lochan,  I. Lotan,  
 L. A. Martinez-Martinez,  P. E. Maslen,  N. Nair,  D. P. O'Neill,  
 D. Neuhauser,  E. Neuscamman,  C. M. Oana,  R. Olivares-Amaya,  R. Olson,  
 T. M. Perrine,  B. Peters,  P. A. Pieniazek,  A. Prociuk,  Y. M. Rhee,  
 J. Ritchie,  M. A. Rohrdanz,  E. Rosta,  N. J. Russ,  H. F. Schaefer III,  
 M. W. Schmidt,  N. E. Schultz,  S. Sharma,  N. Shenvi,  C. D. Sherrill,  
 A. C. Simmonett,  A. Sodt,  T. Stein,  D. Stuck,  K. S. Thanthiriwatte,  
 V. Vanovschi,  L. Vogt,  Tao Wang,  A. Warshel,  M. A. Watson,  
 C. F. Williams,  Q. Wu,  X. Xu,  Jun Yang,  W. Zhang,  Yan Zhao

 Please cite Q-Chem as follows:
 Y. Shao et al., Mol. Phys. 113, 184-215 (2015)
 DOI: 10.1080/00268976.2014.952696

 Q-Chem 5.4.1 for Intel X86 EM64T Linux

 Parts of Q-Chem use Armadillo 9.900.5 (Nocturnal Misbehaviour).
 http://arma.sourceforge.net/

 Q-Chem begins on Wed Jun 22 16:39:37 2022  

 Host: p09r15n31.grace.hpc.yale.internal
0

     Scratch files written to /home/tl686/scratch60/qchem_dev/scratch/qchem171166//
 Processing $rem in /home/tl686/qchem_dev/qchem/config/preferences:
 Processing $rem in /home/tl686/.qchemrc:
The previous job contains 0 fragments, simply inherited here

 Checking the input file for inconsistencies... 	...done.

--------------------------------------------------------------
User input:
--------------------------------------------------------------

$molecule
READ
$end

$rem
     JOBTYPE  freq
     METHOD   bp86
     BASIS    def2-msvp
     MAX_SCF_CYCLES   800
     INPUT_BOHR TRUE
     SYM_IGNORE TRUE
     SCF_GUESS     read 
$end
--------------------------------------------------------------
 ----------------------------------------------------------------
             Standard Nuclear Orientation (Bohr)
    I     Atom           X                Y                Z
 ----------------------------------------------------------------
    1      Fe     -8.7230760100    13.3932861100     5.3879005400
    2      C      -7.7073464200    16.6298653900     4.5448455600
    3      C      -9.8439938700    10.0857077500     5.9873962000
    4      C      -6.6460423300    12.4102849000     2.8426549300
    5      C      -7.8350674500    13.6879695600     8.7761888800
    6      C     -11.6893286900    14.4704406100     4.2439628000
    7      O      -7.1855217300    18.7001665000     3.8451643700
    8      O     -10.7261388800     8.1268104600     6.4146663200
    9      O      -5.5201596800    12.0866296800     0.8972609100
   10      O      -7.3371923200    14.1754956200    10.8598238000
   11      O     -13.6468258300    15.4532057900     3.5827753400
 ----------------------------------------------------------------
 Nuclear Repulsion Energy =         789.07279321 hartrees
 There are       48 alpha and       48 beta electrons
 Requested basis set is def2-mSVP
 There are 80 shells and 174 basis functions

 Total QAlloc Memory Limit   2000 MB
 Mega-Array Size       204 MB
 MEM_STATIC part       192 MB

                       Distance Matrix (Bohrs)
             Fe(  1)   C (  2)   C (  3)   C (  4)   C (  5)   C (  6)
   C (  2)  3.495410
   C (  3)  3.543434  7.033649
   C (  4)  3.429087  4.672117  5.051727
   C (  5)  3.515095  5.155127  4.978899  6.184908
   C (  6)  3.356711  4.539805  5.066626  5.625179  6.000722
   O (  7)  5.736470  2.246776  9.266366  6.392079  7.061093  6.191438
   O (  8)  5.727327  9.214732  2.190438  6.910471  6.697878  6.773576
   O (  9)  5.668498  6.223315  6.971995  2.270886  8.366636  7.412261
   O ( 10)  5.698638  6.785270  6.837468  8.238243  2.197065  7.924500
   O ( 11)  5.634275  6.130866  7.003839  7.669297  7.991504  2.287967
             O (  7)   O (  8)   O (  9)   O ( 10)
   O (  8) 11.442647
   O (  9)  7.429834  8.557111
   O ( 10)  8.348718  8.235956 10.340098
   O ( 11)  7.236025  8.380101  9.197202  9.715938

 A cutoff of  1.0D-11 yielded   2475 shell pairs
 There are     12777 function pairs (     14612 Cartesian)
 Smallest overlap matrix eigenvalue = 2.63E-03
 Guess MOs from SCF MO coefficient file

 -----------------------------------------------------------------------
  General SCF calculation program by
  Eric Jon Sundstrom, Paul Horn, Yuezhi Mao, Dmitri Zuev, Alec White,
  David Stuck, Shaama M.S., Shane Yost, Joonho Lee, David Small,
  Daniel Levine, Susi Lehtola, Hugh Burton, Evgeny Epifanovsky,
  Bang C. Huynh
 -----------------------------------------------------------------------
 Exchange:  B88      Correlation:  P86
 Using SG-1 standard quadrature grid
 using 2 threads for integral computing
 -------------------------------------------------------
 OpenMP Integral computing Module                
 Release: version 1.0, May 2013, Q-Chem Inc. Pittsburgh 
 -------------------------------------------------------
 A restricted SCF calculation will be
 performed using DIIS
 SCF converges when DIIS error is below 1.0e-08
 ---------------------------------------
  Cycle       Energy         DIIS error
 ---------------------------------------
    1   -1830.5140320278      4.96e-10  
    2   -1830.5140320258      1.40e-09  Convergence criterion met
 ---------------------------------------
 SCF time:   CPU 2.51s  wall 1.00s 
 SCF   energy in the final basis set =    -1830.5140320258
 Total energy in the final basis set =    -1830.5140320258

 --------------------------------------------------------------

                    Orbital Energies (a.u.)
 --------------------------------------------------------------

 Alpha MOs
 -- Occupied --
******** -29.6407 -25.6012 -25.5864 -25.5855 -18.8984 -18.8933 -18.8825
-18.8742 -18.8668 -10.0680 -10.0643 -10.0478 -10.0459 -10.0435  -3.3233
 -2.1583  -2.1313  -2.1294  -1.0715  -1.0543  -1.0513  -1.0264  -1.0155
 -0.5757  -0.5340  -0.5198  -0.5191  -0.5143  -0.4561  -0.4417  -0.4397
 -0.4349  -0.4332  -0.4299  -0.4205  -0.4181  -0.4085  -0.4042  -0.3995
 -0.3956  -0.3943  -0.3902  -0.3746  -0.2761  -0.2742  -0.2371  -0.2224
 -- Virtual --
 -0.1137  -0.1016  -0.0999  -0.0891  -0.0836  -0.0775  -0.0723  -0.0654
 -0.0572  -0.0411  -0.0365   0.0108   0.1807   0.2126   0.2196   0.2343
  0.2887   0.3138   0.3521   0.3883   0.4033   0.4109   0.4202   0.4377
  0.4475   0.4704   0.4856   0.4929   0.5277   0.5428   0.5704   0.5782
  0.5804   0.6068   0.6127   0.6326   0.7310   0.7513   0.7664   0.7724
  0.7953   0.8164   0.8244   0.8446   0.8674   0.9117   0.9386   0.9475
  0.9706   0.9723   0.9892   0.9957   1.0109   1.0117   1.0271   1.0429
  1.1980   1.2280   1.2681   1.2968   1.4000   1.4041   1.4059   1.4089
  1.4135   1.4227   1.4281   1.4344   1.4397   1.4428   1.4504   1.4935
  1.5151   1.5223   1.5310   1.5392   1.5685   1.6159   1.6376   1.6596
  1.6707   1.8127   1.8238   1.8259   1.8289   1.8305   1.8359   1.8417
  1.8473   1.8519   1.8653   1.8779   1.8896   1.9016   1.9188   1.9438
  2.3433   2.3717   2.3923   2.4236   2.4395   2.4441   2.4509   2.4585
  2.4861   2.4976   2.5957   2.6193   2.6223   2.6382   2.6572   2.7940
  2.7997   2.8655   2.8745   2.9515  13.2305  13.2580  13.3165  13.3239
 13.4262  24.8936  24.9243  24.9494  24.9651  25.0082
 --------------------------------------------------------------

          Ground-State Mulliken Net Atomic Charges

     Atom                 Charge (a.u.)
  ----------------------------------------
      1 Fe                   -0.482501
      2 C                     0.218861
      3 C                     0.217149
      4 C                     0.230606
      5 C                     0.210717
      6 C                     0.233810
      7 O                    -0.120671
      8 O                    -0.093936
      9 O                    -0.146193
     10 O                    -0.106940
     11 O                    -0.160901
  ----------------------------------------
  Sum of atomic charges =     0.000000

 -----------------------------------------------------------------
                    Cartesian Multipole Moments
 -----------------------------------------------------------------
    Charge (ESU x 10^10)
                -0.0000
    Dipole Moment (Debye)
         X       0.3536696853      Y      -0.5882597489      Z       0.5053862418
       Tot       0.8523772826
    Quadrupole Moments (Debye-Ang)
        XX     -74.0501     XY       6.3237     YY     -76.7867
        XZ      -1.0884     YZ       1.8818     ZZ     -68.1194
    Octopole Moments (Debye-Ang^2)
       XXX    1018.2606    XXY    -556.1526    XYY     392.4186
       YYY   -1562.4949    XXZ    -190.5965    XYZ      -0.0335
       YYZ    -186.3951    XZZ     314.5580    YZZ    -494.0271
       ZZZ    -580.4070
    Hexadecapole Moments (Debye-Ang^3)
      XXXX  -10076.1047   XXXY    7450.9955   XXYY   -5901.9150
      XYYY    7553.8916   YYYY  -22832.8334   XXXZ    2709.8086
      XXYZ   -1393.2510   XYYZ     941.6884   YYYZ   -4062.8147
      XXZZ   -2190.8410   XYZZ    2265.5144   YYZZ   -4349.2129
      XZZZ    2673.6655   YZZZ   -4154.6650   ZZZZ   -4025.2625
 -----------------------------------------------------------------
 Calculating MO derivatives via CPSCF
 Full subspace dimension requested for CIS/TDDFT
 MAX_CIS_SUBSPACE fits in available memory
    1     0    36    0.0438241  
    2     0    36    0.0068038  
    3     0    36    0.0007223  
    4     0    36    0.0000572  
