                  Welcome to Q-Chem
     A Quantum Leap Into The Future Of Chemistry


 Q-Chem 5.4 (devel), Q-Chem, Inc., Pleasanton, CA (2021)

 E. Epifanovsky,  A. T. B. Gilbert,  Xintian Feng,  Joonho Lee,  Yuezhi Mao,  
 N. Mardirossian,  P. Pokhilko,  A. White,  M. Wormit,  M. P. Coons,  
 A. L. Dempwolff,  Zhengting Gan,  D. Hait,  P. R. Horn,  L. D. Jacobson,  
 I. Kaliman,  J. Kussmann,  A. W. Lange,  Ka Un Lao,  D. S. Levine,  Jie Liu,  
 S. C. McKenzie,  A. F. Morrison,  K. Nanda,  F. Plasser,  D. R. Rehn,  
 M. L. Vidal,  Zhi-Qiang You,  Ying Zhu,  B. Alam,  B. Albrecht,  
 A. Aldossary,  E. Alguire,  J. H. Andersen,  D. Barton,  K. Begam,  A. Behn,  
 Y. A. Bernard,  E. J. Berquist,  H. Burton,  A. Carreras,  K. Carter-Fenk,  
 R. Chakraborty,  A. D. Chien,  K. D. Closser,  V. Cofer-Shabica,  
 S. Dasgupta,  Jia Deng,  M. de Wergifosse,  M. Diedenhofen,  Hainam Do,  
 S. Ehlert,  Po-Tung Fang,  S. Fatehi,  Qingguo Feng,  T. Friedhoff,  
 J. Gayvert,  Qinghui Ge,  G. Gidofalvi,  M. Goldey,  J. Gomes,  
 C. Gonzalez-Espinoza,  S. Gulania,  A. Gunina,  M. W. D. Hanson-Heine,  
 P. H. P. Harbach,  A. W. Hauser,  M. F. Herbst,  M. Hernandez Vera,  
 M. Hodecker,  Z. C. Holden,  S. Houck,  Xunkun Huang,  Kerwin Hui,  
 B. C. Huynh,  M. Ivanov,  Hyunjun Ji,  Hanjie Jiang,  B. Kaduk,  S. Kaehler,  
 K. Khistyaev,  Jaehoon Kim,  P. Klunzinger,  Z. Koczor-Benda,  
 Joong Hoon Koh,  D. Kosenkov,  L. Koulias,  T. Kowalczyk,  C. M. Krauter,  
 K. Kue,  A. Kunitsa,  T. Kus,  A. Landau,  K. V. Lawler,  D. Lefrancois,  
 S. Lehtola,  Rain Li,  Yi-Pei Li,  Jiashu Liang,  M. Liebenthal,  
 Hung-Hsuan Lin,  You-Sheng Lin,  Fenglai Liu,  Kuan-Yu Liu,  
 M. Loipersberger,  A. Luenser,  A. Manjanath,  P. Manohar,  E. Mansoor,  
 S. F. Manzer,  Shan-Ping Mao,  A. V. Marenich,  T. Markovich,  S. Mason,  
 S. A. Maurer,  P. F. McLaughlin,  M. F. S. J. Menger,  J.-M. Mewes,  
 S. A. Mewes,  P. Morgante,  J. W. Mullinax,  K. J. Oosterbaan,  G. Paran,  
 Alexander C. Paul,  Suranjan K. Paul,  F. Pavosevic,  Zheng Pei,  S. Prager,  
 E. I. Proynov,  E. Ramos,  B. Rana,  A. E. Rask,  A. Rettig,  R. M. Richard,  
 F. Rob,  E. Rossomme,  T. Scheele,  M. Scheurer,  M. Schneider,  
 N. Sergueev,  S. M. Sharada,  W. Skomorowski,  D. W. Small,  C. J. Stein,  
 Yu-Chuan Su,  E. J. Sundstrom,  Zhen Tao,  J. Thirman,  T. Tsuchimochi,  
 N. M. Tubman,  S. P. Veccham,  O. Vydrov,  J. Wenzel,  J. Witte,  A. Yamada,  
 Kun Yao,  S. Yeganeh,  S. R. Yost,  A. Zech,  Igor Ying Zhang,  Xing Zhang,  
 Yu Zhang,  D. Zuev,  A. Aspuru-Guzik,  A. T. Bell,  N. A. Besley,  
 K. B. Bravaya,  B. R. Brooks,  D. Casanova,  Jeng-Da Chai,  S. Coriani,  
 C. J. Cramer,  A. E. DePrince, III,  R. A. DiStasio Jr.,  A. Dreuw,  
 B. D. Dunietz,  T. R. Furlani,  W. A. Goddard III,  S. Grimme,  
 S. Hammes-Schiffer,  T. Head-Gordon,  W. J. Hehre,  Chao-Ping Hsu,  
 T.-C. Jagau,  Yousung Jung,  A. Klamt,  Jing Kong,  D. S. Lambrecht,  
 WanZhen Liang,  N. J. Mayhall,  C. W. McCurdy,  J. B. Neaton,  
 C. Ochsenfeld,  J. A. Parkhill,  R. Peverati,  V. A. Rassolov,  Yihan Shao,  
 L. V. Slipchenko,  T. Stauch,  R. P. Steele,  J. E. Subotnik,  
 A. J. W. Thom,  A. Tkatchenko,  D. G. Truhlar,  T. Van Voorhis,  
 T. A. Wesolowski,  K. B. Whaley,  H. L. Woodcock III,  P. M. Zimmerman,  
 S. Faraji,  P. M. W. Gill,  M. Head-Gordon,  J. M. Herbert,  A. I. Krylov

 Additional authors for Version 5.4.1: 
 S. Kotaru,  Shaozhi Li,  Xiangyuan Li,  F. Matz,  A. Molle,  Haisheng Ren,  
 Yingli Su,  Hung-Yi Tsai,  C. Utku,  Fang Wang

 Contributors to earlier versions of Q-Chem not listed above: 
 R. D. Adamson,  B. Austin,  R. Baer,  J. Baker,  G. J. O. Beran,  
 K. Brandhorst,  S. T. Brown,  E. F. C. Byrd,  A. K. Chakraborty,  
 G. K. L. Chan,  Chun-Min Chang,  Yunqing Chen,  C.-L. Cheng,  
 Siu Hung Chien,  D. M. Chipman,  D. L. Crittenden,  H. Dachsel,  
 R. J. Doerksen,  A. D. Dutoi,  R. G. Edgar,  J. Fosso-Tande,  
 L. Fusti-Molnar,  D. Ghosh,  A. Ghysels,  A. Golubeva-Zadorozhnaya,  
 J. Gonthier,  M. S. Gordon,  S. R. Gwaltney,  G. Hawkins,  J. E. Herr,  
 A. Heyden,  S. Hirata,  E. G. Hohenstein,  G. Kedziora,  F. J. Keil,  
 C. Kelley,  Jihan Kim,  R. A. King,  R. Z. Khaliullin,  P. P. Korambath,  
 W. Kurlancheek,  A. Laurent,  A. M. Lee,  M. S. Lee,  S. V. Levchenko,  
 Ching Yeh Lin,  D. Liotard,  E. Livshits,  R. C. Lochan,  I. Lotan,  
 L. A. Martinez-Martinez,  P. E. Maslen,  N. Nair,  D. P. O'Neill,  
 D. Neuhauser,  E. Neuscamman,  C. M. Oana,  R. Olivares-Amaya,  R. Olson,  
 T. M. Perrine,  B. Peters,  P. A. Pieniazek,  A. Prociuk,  Y. M. Rhee,  
 J. Ritchie,  M. A. Rohrdanz,  E. Rosta,  N. J. Russ,  H. F. Schaefer III,  
 M. W. Schmidt,  N. E. Schultz,  S. Sharma,  N. Shenvi,  C. D. Sherrill,  
 A. C. Simmonett,  A. Sodt,  T. Stein,  D. Stuck,  K. S. Thanthiriwatte,  
 V. Vanovschi,  L. Vogt,  Tao Wang,  A. Warshel,  M. A. Watson,  
 C. F. Williams,  Q. Wu,  X. Xu,  Jun Yang,  W. Zhang,  Yan Zhao

 Please cite Q-Chem as follows:
 Y. Shao et al., Mol. Phys. 113, 184-215 (2015)
 DOI: 10.1080/00268976.2014.952696

 Q-Chem 5.4.1 for Intel X86 EM64T Linux

 Parts of Q-Chem use Armadillo 9.900.5 (Nocturnal Misbehaviour).
 http://arma.sourceforge.net/

 Q-Chem begins on Fri Jul  1 20:07:28 2022  

 Host: p09r16n03.grace.hpc.yale.internal
0

     Scratch files written to /home/tl686/scratch60/qchem_dev/scratch/qchem135785//
 Processing $rem in /home/tl686/qchem_dev/qchem/config/preferences:
 Processing $rem in /home/tl686/.qchemrc:

 Checking the input file for inconsistencies... 	...done.

--------------------------------------------------------------
User input:
--------------------------------------------------------------
$molecule
0   1
 Fe -5.29067068 -5.51905039 2.62161170
C -2.57577849 -3.43348491 2.64174147
C -7.80743882 -7.19617496 4.15783442
C -5.51339360 -6.37793828 -0.74693353
C -3.50701275 -7.46809506 4.64156709
C -7.34800843 -2.73185635 2.89460906
O -0.66770787 -2.41257622 2.83159630
O -9.40707146 -8.02885510 5.35817634
O -5.86807152 -6.49013891 -2.92389106
O -2.19328405 -8.68476085 5.99489323
O -8.63225956 -1.00247853 3.21946858

$end

$rem
     JOBTYPE  force
     METHOD   bp86
     BASIS    def2-msvp
     MAX_SCF_CYCLES   800
     INPUT_BOHR TRUE
     SYM_IGNORE TRUE
$end

--------------------------------------------------------------
 ----------------------------------------------------------------
             Standard Nuclear Orientation (Bohr)
    I     Atom           X                Y                Z
 ----------------------------------------------------------------
    1      Fe     -5.2906706800    -5.5190503900     2.6216117000
    2      C      -2.5757784900    -3.4334849100     2.6417414700
    3      C      -7.8074388200    -7.1961749600     4.1578344200
    4      C      -5.5133936000    -6.3779382800    -0.7469335300
    5      C      -3.5070127500    -7.4680950600     4.6415670900
    6      C      -7.3480084300    -2.7318563500     2.8946090600
    7      O      -0.6677078700    -2.4125762200     2.8315963000
    8      O      -9.4070714600    -8.0288551000     5.3581763400
    9      O      -5.8680715200    -6.4901389100    -2.9238910600
   10      O      -2.1932840500    -8.6847608500     5.9948932300
   11      O      -8.6322595600    -1.0024785300     3.2194685800
 ----------------------------------------------------------------
 Nuclear Repulsion Energy =         801.86714188 hartrees
 There are       48 alpha and       48 beta electrons
 Requested basis set is def2-mSVP
 There are 80 shells and 174 basis functions

 Total QAlloc Memory Limit   2000 MB
 Mega-Array Size       188 MB
 MEM_STATIC part       192 MB

                       Distance Matrix (Bohrs)
             Fe(  1)   C (  2)   C (  3)   C (  4)   C (  5)   C (  6)
   C (  2)  3.423540
   C (  3)  3.392175  6.620169
   C (  4)  3.483445  5.364933  5.476213
   C (  5)  3.325723  4.598323  4.336081  5.852345
   C (  6)  3.474999  4.830156  4.662291  5.469969  6.343269
   O (  7)  5.573694  2.172334  8.695831  7.211840  6.074201  6.688223
   O (  8)  5.543705  8.669660  2.166334  7.426885  5.969814  6.194118
   O (  9)  5.659417  7.152524  7.376345  2.208513  7.985434  7.083067
   O ( 10)  5.567275  6.242261  6.091749  7.861093  2.244471  8.462861
   O ( 11)  5.650050  6.551681  6.318444  7.372600  8.372259  2.178436
             O (  7)   O (  8)   O (  9)   O ( 10)
   O (  8) 10.691243
   O (  9)  8.763329  9.137002
   O ( 10)  7.188472  7.271475  9.892681
   O ( 11)  8.097710  7.385416  8.688845 10.401002

 A cutoff of  1.0D-11 yielded   2485 shell pairs
 There are     12925 function pairs (     14808 Cartesian)
 Smallest overlap matrix eigenvalue = 2.65E-03

 Scale SEOQF with 1.000000e-01/1.000000e-01/1.000000e-01

 Standard Electronic Orientation quadrupole field applied
 Nucleus-field energy     =     0.0000000623 hartrees
 Guess from superposition of atomic densities
 Warning:  Energy on first SCF cycle will be non-variational
 SAD guess density has 96.000000 electrons

 -----------------------------------------------------------------------
  General SCF calculation program by
  Eric Jon Sundstrom, Paul Horn, Yuezhi Mao, Dmitri Zuev, Alec White,
  David Stuck, Shaama M.S., Shane Yost, Joonho Lee, David Small,
  Daniel Levine, Susi Lehtola, Hugh Burton, Evgeny Epifanovsky,
  Bang C. Huynh
 -----------------------------------------------------------------------
 Exchange:  B88      Correlation:  P86
 Using SG-1 standard quadrature grid
 using 2 threads for integral computing
 -------------------------------------------------------
 OpenMP Integral computing Module                
 Release: version 1.0, May 2013, Q-Chem Inc. Pittsburgh 
 -------------------------------------------------------
 A restricted SCF calculation will be
 performed using DIIS
 SCF converges when DIIS error is below 1.0e-08
 ---------------------------------------
  Cycle       Energy         DIIS error
 ---------------------------------------
    1   -1832.2509551499      6.86e-02  
    2   -1830.4473343366      4.51e-03  
    3   -1830.3654474114      7.64e-03  
    4   -1830.1781331602      1.29e-02  
    5   -1830.3685675281      8.17e-03  
    6   -1830.5142104169      1.14e-03  
    7   -1830.5164151404      4.19e-04  
    8   -1830.5169254242      1.11e-04  
    9   -1830.5169456838      6.06e-05  
   10   -1830.5169533513      3.11e-05  
   11   -1830.5169552720      8.84e-06  
   12   -1830.5169555251      1.64e-06  
   13   -1830.5169555325      7.24e-07  
   14   -1830.5169555337      2.37e-07  
   15   -1830.5169555339      3.04e-08  
   16   -1830.5169555343      2.58e-08  
   17   -1830.5169555344      9.19e-09  Convergence criterion met
 ---------------------------------------
 SCF time:   CPU 23.43s  wall 12.00s 
 SCF   energy in the final basis set =    -1830.5169555344
 Total energy in the final basis set =    -1830.5169555344

 --------------------------------------------------------------

                    Orbital Energies (a.u.)
 --------------------------------------------------------------

 Alpha MOs
 -- Occupied --
******** -29.6334 -25.5908 -25.5859 -25.5738 -18.8860 -18.8856 -18.8853
-18.8731 -18.8707 -10.0539 -10.0508 -10.0503 -10.0453 -10.0364  -3.3188
 -2.1500  -2.1413  -2.1154  -1.0698  -1.0662  -1.0635  -1.0420  -1.0323
 -0.5777  -0.5282  -0.5248  -0.5124  -0.5120  -0.4578  -0.4541  -0.4440
 -0.4407  -0.4349  -0.4293  -0.4285  -0.4182  -0.4113  -0.4102  -0.4059
 -0.4016  -0.3981  -0.3931  -0.3799  -0.2811  -0.2547  -0.2371  -0.2242
 -- Virtual --
 -0.0997  -0.0956  -0.0839  -0.0809  -0.0702  -0.0635  -0.0579  -0.0551
 -0.0496  -0.0410  -0.0066   0.0128   0.1986   0.2035   0.2222   0.2533
  0.3029   0.3160   0.3619   0.3682   0.4135   0.4185   0.4209   0.4451
  0.4503   0.4906   0.4965   0.5121   0.5240   0.5278   0.5759   0.6032
  0.6176   0.6307   0.6405   0.6490   0.7447   0.7521   0.7616   0.7681
  0.7842   0.8306   0.8790   0.8847   0.8893   0.8957   0.9319   0.9668
  0.9680   0.9716   0.9756   1.0102   1.0152   1.0333   1.0478   1.1124
  1.1481   1.1683   1.2124   1.3608   1.3856   1.4099   1.4112   1.4144
  1.4181   1.4238   1.4258   1.4306   1.4408   1.4559   1.4750   1.4990
  1.5191   1.5463   1.5613   1.5943   1.6033   1.6235   1.6745   1.6856
  1.6909   1.8174   1.8283   1.8333   1.8416   1.8491   1.8532   1.8607
  1.8647   1.8756   1.8762   1.8921   1.9060   1.9158   1.9319   1.9495
  2.3726   2.4057   2.4171   2.4574   2.4648   2.4783   2.4809   2.5040
  2.5059   2.5385   2.6324   2.6488   2.6621   2.6672   2.6787   2.8214
  2.8453   2.8567   2.9036   2.9604  13.2620  13.2918  13.3156  13.3555
 13.3965  24.8970  24.9448  24.9573  24.9809  25.0340
 --------------------------------------------------------------

          Ground-State Mulliken Net Atomic Charges

     Atom                 Charge (a.u.)
  ----------------------------------------
      1 Fe                   -0.451039
      2 C                     0.201079
      3 C                     0.177995
      4 C                     0.238621
      5 C                     0.168754
      6 C                     0.216062
      7 O                    -0.097195
      8 O                    -0.094572
      9 O                    -0.119198
     10 O                    -0.141921
     11 O                    -0.098586
  ----------------------------------------
  Sum of atomic charges =     0.000000

 -----------------------------------------------------------------
                    Cartesian Multipole Moments
 -----------------------------------------------------------------
    Charge (ESU x 10^10)
                -0.0000
    Dipole Moment (Debye)
         X      -0.3366802230      Y       0.3205865009      Z      -0.0047489993
       Tot       0.4649213160
    Quadrupole Moments (Debye-Ang)
        XX     -67.7446     XY       1.0514     YY     -70.1242
        XZ      -1.2897     YZ       1.0044     ZZ     -70.6627
    Octopole Moments (Debye-Ang^2)
       XXX     578.6340    XXY     189.8165    XYY     189.8009
       YYY     592.9793    XXZ    -100.5988    XYZ       3.9842
       YYZ    -109.9031    XZZ     197.0944    YZZ     210.5761
       ZZZ    -300.8758
    Hexadecapole Moments (Debye-Ang^3)
      XXXX   -4038.0603   XXXY   -1644.8018   XXYY   -1332.6385
      XYYY   -1635.8999   YYYY   -4015.7059   XXXZ     874.6669
      XXYZ     303.0732   XYYZ     278.0104   YYYZ     970.9688
      XXZZ    -955.2245   XYZZ    -579.9115   YYZZ   -1002.3319
      XZZZ     830.5594   YZZZ     941.2904   ZZZZ   -1544.2666
 -----------------------------------------------------------------
 Calculating analytic gradient of the SCF energy
 Gradient of SCF Energy
            1           2           3           4           5           6
    1   0.0200575   0.0190261  -0.0203156   0.0033268  -0.0408015  -0.0211045
    2  -0.0157636   0.0270232  -0.0192018  -0.0094296   0.0238814   0.0247286
    3   0.0010016   0.0044120   0.0232552   0.0031666  -0.0206351   0.0032214
            7           8           9          10          11
    1  -0.0226104   0.0283279  -0.0043072   0.0245015   0.0138993
    2  -0.0210332   0.0196955   0.0059518  -0.0176552  -0.0181972
    3  -0.0012466  -0.0199091  -0.0105618   0.0192191  -0.0019234
 Max gradient component =       4.080E-02
 RMS gradient           =       1.862E-02
 Gradient time:  CPU 2.72 s  wall 1.47 s
 Total job time:  13.92s(wall), 26.33s(cpu) 
 Fri Jul  1 20:07:42 2022

        *************************************************************
        *                                                           *
        *  Thank you very much for using Q-Chem.  Have a nice day.  *
        *                                                           *
        *************************************************************


 
User input: 2 of 2 
 
                  Welcome to Q-Chem
     A Quantum Leap Into The Future Of Chemistry


 Q-Chem 5.4 (devel), Q-Chem, Inc., Pleasanton, CA (2021)

 E. Epifanovsky,  A. T. B. Gilbert,  Xintian Feng,  Joonho Lee,  Yuezhi Mao,  
 N. Mardirossian,  P. Pokhilko,  A. White,  M. Wormit,  M. P. Coons,  
 A. L. Dempwolff,  Zhengting Gan,  D. Hait,  P. R. Horn,  L. D. Jacobson,  
 I. Kaliman,  J. Kussmann,  A. W. Lange,  Ka Un Lao,  D. S. Levine,  Jie Liu,  
 S. C. McKenzie,  A. F. Morrison,  K. Nanda,  F. Plasser,  D. R. Rehn,  
 M. L. Vidal,  Zhi-Qiang You,  Ying Zhu,  B. Alam,  B. Albrecht,  
 A. Aldossary,  E. Alguire,  J. H. Andersen,  D. Barton,  K. Begam,  A. Behn,  
 Y. A. Bernard,  E. J. Berquist,  H. Burton,  A. Carreras,  K. Carter-Fenk,  
 R. Chakraborty,  A. D. Chien,  K. D. Closser,  V. Cofer-Shabica,  
 S. Dasgupta,  Jia Deng,  M. de Wergifosse,  M. Diedenhofen,  Hainam Do,  
 S. Ehlert,  Po-Tung Fang,  S. Fatehi,  Qingguo Feng,  T. Friedhoff,  
 J. Gayvert,  Qinghui Ge,  G. Gidofalvi,  M. Goldey,  J. Gomes,  
 C. Gonzalez-Espinoza,  S. Gulania,  A. Gunina,  M. W. D. Hanson-Heine,  
 P. H. P. Harbach,  A. W. Hauser,  M. F. Herbst,  M. Hernandez Vera,  
 M. Hodecker,  Z. C. Holden,  S. Houck,  Xunkun Huang,  Kerwin Hui,  
 B. C. Huynh,  M. Ivanov,  Hyunjun Ji,  Hanjie Jiang,  B. Kaduk,  S. Kaehler,  
 K. Khistyaev,  Jaehoon Kim,  P. Klunzinger,  Z. Koczor-Benda,  
 Joong Hoon Koh,  D. Kosenkov,  L. Koulias,  T. Kowalczyk,  C. M. Krauter,  
 K. Kue,  A. Kunitsa,  T. Kus,  A. Landau,  K. V. Lawler,  D. Lefrancois,  
 S. Lehtola,  Rain Li,  Yi-Pei Li,  Jiashu Liang,  M. Liebenthal,  
 Hung-Hsuan Lin,  You-Sheng Lin,  Fenglai Liu,  Kuan-Yu Liu,  
 M. Loipersberger,  A. Luenser,  A. Manjanath,  P. Manohar,  E. Mansoor,  
 S. F. Manzer,  Shan-Ping Mao,  A. V. Marenich,  T. Markovich,  S. Mason,  
 S. A. Maurer,  P. F. McLaughlin,  M. F. S. J. Menger,  J.-M. Mewes,  
 S. A. Mewes,  P. Morgante,  J. W. Mullinax,  K. J. Oosterbaan,  G. Paran,  
 Alexander C. Paul,  Suranjan K. Paul,  F. Pavosevic,  Zheng Pei,  S. Prager,  
 E. I. Proynov,  E. Ramos,  B. Rana,  A. E. Rask,  A. Rettig,  R. M. Richard,  
 F. Rob,  E. Rossomme,  T. Scheele,  M. Scheurer,  M. Schneider,  
 N. Sergueev,  S. M. Sharada,  W. Skomorowski,  D. W. Small,  C. J. Stein,  
 Yu-Chuan Su,  E. J. Sundstrom,  Zhen Tao,  J. Thirman,  T. Tsuchimochi,  
 N. M. Tubman,  S. P. Veccham,  O. Vydrov,  J. Wenzel,  J. Witte,  A. Yamada,  
 Kun Yao,  S. Yeganeh,  S. R. Yost,  A. Zech,  Igor Ying Zhang,  Xing Zhang,  
 Yu Zhang,  D. Zuev,  A. Aspuru-Guzik,  A. T. Bell,  N. A. Besley,  
 K. B. Bravaya,  B. R. Brooks,  D. Casanova,  Jeng-Da Chai,  S. Coriani,  
 C. J. Cramer,  A. E. DePrince, III,  R. A. DiStasio Jr.,  A. Dreuw,  
 B. D. Dunietz,  T. R. Furlani,  W. A. Goddard III,  S. Grimme,  
 S. Hammes-Schiffer,  T. Head-Gordon,  W. J. Hehre,  Chao-Ping Hsu,  
 T.-C. Jagau,  Yousung Jung,  A. Klamt,  Jing Kong,  D. S. Lambrecht,  
 WanZhen Liang,  N. J. Mayhall,  C. W. McCurdy,  J. B. Neaton,  
 C. Ochsenfeld,  J. A. Parkhill,  R. Peverati,  V. A. Rassolov,  Yihan Shao,  
 L. V. Slipchenko,  T. Stauch,  R. P. Steele,  J. E. Subotnik,  
 A. J. W. Thom,  A. Tkatchenko,  D. G. Truhlar,  T. Van Voorhis,  
 T. A. Wesolowski,  K. B. Whaley,  H. L. Woodcock III,  P. M. Zimmerman,  
 S. Faraji,  P. M. W. Gill,  M. Head-Gordon,  J. M. Herbert,  A. I. Krylov

 Additional authors for Version 5.4.1: 
 S. Kotaru,  Shaozhi Li,  Xiangyuan Li,  F. Matz,  A. Molle,  Haisheng Ren,  
 Yingli Su,  Hung-Yi Tsai,  C. Utku,  Fang Wang

 Contributors to earlier versions of Q-Chem not listed above: 
 R. D. Adamson,  B. Austin,  R. Baer,  J. Baker,  G. J. O. Beran,  
 K. Brandhorst,  S. T. Brown,  E. F. C. Byrd,  A. K. Chakraborty,  
 G. K. L. Chan,  Chun-Min Chang,  Yunqing Chen,  C.-L. Cheng,  
 Siu Hung Chien,  D. M. Chipman,  D. L. Crittenden,  H. Dachsel,  
 R. J. Doerksen,  A. D. Dutoi,  R. G. Edgar,  J. Fosso-Tande,  
 L. Fusti-Molnar,  D. Ghosh,  A. Ghysels,  A. Golubeva-Zadorozhnaya,  
 J. Gonthier,  M. S. Gordon,  S. R. Gwaltney,  G. Hawkins,  J. E. Herr,  
 A. Heyden,  S. Hirata,  E. G. Hohenstein,  G. Kedziora,  F. J. Keil,  
 C. Kelley,  Jihan Kim,  R. A. King,  R. Z. Khaliullin,  P. P. Korambath,  
 W. Kurlancheek,  A. Laurent,  A. M. Lee,  M. S. Lee,  S. V. Levchenko,  
 Ching Yeh Lin,  D. Liotard,  E. Livshits,  R. C. Lochan,  I. Lotan,  
 L. A. Martinez-Martinez,  P. E. Maslen,  N. Nair,  D. P. O'Neill,  
 D. Neuhauser,  E. Neuscamman,  C. M. Oana,  R. Olivares-Amaya,  R. Olson,  
 T. M. Perrine,  B. Peters,  P. A. Pieniazek,  A. Prociuk,  Y. M. Rhee,  
 J. Ritchie,  M. A. Rohrdanz,  E. Rosta,  N. J. Russ,  H. F. Schaefer III,  
 M. W. Schmidt,  N. E. Schultz,  S. Sharma,  N. Shenvi,  C. D. Sherrill,  
 A. C. Simmonett,  A. Sodt,  T. Stein,  D. Stuck,  K. S. Thanthiriwatte,  
 V. Vanovschi,  L. Vogt,  Tao Wang,  A. Warshel,  M. A. Watson,  
 C. F. Williams,  Q. Wu,  X. Xu,  Jun Yang,  W. Zhang,  Yan Zhao

 Please cite Q-Chem as follows:
 Y. Shao et al., Mol. Phys. 113, 184-215 (2015)
 DOI: 10.1080/00268976.2014.952696

 Q-Chem 5.4.1 for Intel X86 EM64T Linux

 Parts of Q-Chem use Armadillo 9.900.5 (Nocturnal Misbehaviour).
 http://arma.sourceforge.net/

 Q-Chem begins on Fri Jul  1 20:07:42 2022  

 Host: p09r16n03.grace.hpc.yale.internal
0

     Scratch files written to /home/tl686/scratch60/qchem_dev/scratch/qchem135785//
 Processing $rem in /home/tl686/qchem_dev/qchem/config/preferences:
 Processing $rem in /home/tl686/.qchemrc:
The previous job contains 0 fragments, simply inherited here

 Checking the input file for inconsistencies... 	...done.

--------------------------------------------------------------
User input:
--------------------------------------------------------------

$molecule
READ
$end

$rem
     JOBTYPE  freq
     METHOD   bp86
     BASIS    def2-msvp
     MAX_SCF_CYCLES   800
     INPUT_BOHR TRUE
     SYM_IGNORE TRUE
     SCF_GUESS     read 
$end
--------------------------------------------------------------
 ----------------------------------------------------------------
             Standard Nuclear Orientation (Bohr)
    I     Atom           X                Y                Z
 ----------------------------------------------------------------
    1      Fe     -5.2906706800    -5.5190503900     2.6216117000
    2      C      -2.5757784900    -3.4334849100     2.6417414700
    3      C      -7.8074388200    -7.1961749600     4.1578344200
    4      C      -5.5133936000    -6.3779382800    -0.7469335300
    5      C      -3.5070127500    -7.4680950600     4.6415670900
    6      C      -7.3480084300    -2.7318563500     2.8946090600
    7      O      -0.6677078700    -2.4125762200     2.8315963000
    8      O      -9.4070714600    -8.0288551000     5.3581763400
    9      O      -5.8680715200    -6.4901389100    -2.9238910600
   10      O      -2.1932840500    -8.6847608500     5.9948932300
   11      O      -8.6322595600    -1.0024785300     3.2194685800
 ----------------------------------------------------------------
 Nuclear Repulsion Energy =         801.86714188 hartrees
 There are       48 alpha and       48 beta electrons
 Requested basis set is def2-mSVP
 There are 80 shells and 174 basis functions

 Total QAlloc Memory Limit   2000 MB
 Mega-Array Size       204 MB
 MEM_STATIC part       192 MB

                       Distance Matrix (Bohrs)
             Fe(  1)   C (  2)   C (  3)   C (  4)   C (  5)   C (  6)
   C (  2)  3.423540
   C (  3)  3.392175  6.620169
   C (  4)  3.483445  5.364933  5.476213
   C (  5)  3.325723  4.598323  4.336081  5.852345
   C (  6)  3.474999  4.830156  4.662291  5.469969  6.343269
   O (  7)  5.573694  2.172334  8.695831  7.211840  6.074201  6.688223
   O (  8)  5.543705  8.669660  2.166334  7.426885  5.969814  6.194118
   O (  9)  5.659417  7.152524  7.376345  2.208513  7.985434  7.083067
   O ( 10)  5.567275  6.242261  6.091749  7.861093  2.244471  8.462861
   O ( 11)  5.650050  6.551681  6.318444  7.372600  8.372259  2.178436
             O (  7)   O (  8)   O (  9)   O ( 10)
   O (  8) 10.691243
   O (  9)  8.763329  9.137002
   O ( 10)  7.188472  7.271475  9.892681
   O ( 11)  8.097710  7.385416  8.688845 10.401002

 A cutoff of  1.0D-11 yielded   2485 shell pairs
 There are     12925 function pairs (     14808 Cartesian)
 Smallest overlap matrix eigenvalue = 2.65E-03
 Guess MOs from SCF MO coefficient file

 -----------------------------------------------------------------------
  General SCF calculation program by
  Eric Jon Sundstrom, Paul Horn, Yuezhi Mao, Dmitri Zuev, Alec White,
  David Stuck, Shaama M.S., Shane Yost, Joonho Lee, David Small,
  Daniel Levine, Susi Lehtola, Hugh Burton, Evgeny Epifanovsky,
  Bang C. Huynh
 -----------------------------------------------------------------------
 Exchange:  B88      Correlation:  P86
 Using SG-1 standard quadrature grid
 using 2 threads for integral computing
 -------------------------------------------------------
 OpenMP Integral computing Module                
 Release: version 1.0, May 2013, Q-Chem Inc. Pittsburgh 
 -------------------------------------------------------
 A restricted SCF calculation will be
 performed using DIIS
 SCF converges when DIIS error is below 1.0e-08
 ---------------------------------------
  Cycle       Energy         DIIS error
 ---------------------------------------
    1   -1830.5169555333      4.28e-09  
    2   -1830.5169555331      4.49e-08  
    3   -1830.5169555329      5.18e-09  Convergence criterion met
 ---------------------------------------
 SCF time:   CPU 3.82s  wall 2.00s 
 SCF   energy in the final basis set =    -1830.5169555329
 Total energy in the final basis set =    -1830.5169555329

 --------------------------------------------------------------

                    Orbital Energies (a.u.)
 --------------------------------------------------------------

 Alpha MOs
 -- Occupied --
******** -29.6334 -25.5908 -25.5859 -25.5738 -18.8860 -18.8856 -18.8853
-18.8731 -18.8707 -10.0539 -10.0508 -10.0503 -10.0453 -10.0364  -3.3188
 -2.1500  -2.1413  -2.1154  -1.0698  -1.0662  -1.0635  -1.0420  -1.0323
 -0.5777  -0.5282  -0.5248  -0.5124  -0.5120  -0.4578  -0.4541  -0.4440
 -0.4407  -0.4349  -0.4293  -0.4285  -0.4182  -0.4113  -0.4102  -0.4059
 -0.4016  -0.3981  -0.3931  -0.3799  -0.2811  -0.2547  -0.2371  -0.2242
 -- Virtual --
 -0.0997  -0.0956  -0.0839  -0.0809  -0.0702  -0.0635  -0.0579  -0.0551
 -0.0496  -0.0410  -0.0066   0.0128   0.1986   0.2035   0.2222   0.2533
  0.3029   0.3160   0.3619   0.3682   0.4135   0.4185   0.4209   0.4451
  0.4503   0.4906   0.4965   0.5121   0.5240   0.5278   0.5759   0.6032
  0.6176   0.6307   0.6405   0.6490   0.7447   0.7521   0.7616   0.7681
  0.7842   0.8306   0.8790   0.8847   0.8893   0.8957   0.9319   0.9668
  0.9680   0.9716   0.9756   1.0102   1.0152   1.0333   1.0478   1.1124
  1.1481   1.1683   1.2124   1.3608   1.3856   1.4099   1.4112   1.4144
  1.4181   1.4238   1.4258   1.4306   1.4408   1.4559   1.4750   1.4990
  1.5191   1.5463   1.5613   1.5943   1.6033   1.6235   1.6745   1.6856
  1.6909   1.8174   1.8283   1.8333   1.8416   1.8491   1.8532   1.8607
  1.8647   1.8756   1.8762   1.8921   1.9060   1.9158   1.9319   1.9495
  2.3726   2.4057   2.4171   2.4574   2.4648   2.4783   2.4809   2.5040
  2.5059   2.5385   2.6324   2.6488   2.6621   2.6672   2.6787   2.8214
  2.8453   2.8567   2.9036   2.9604  13.2620  13.2918  13.3156  13.3555
 13.3965  24.8970  24.9448  24.9573  24.9809  25.0340
 --------------------------------------------------------------

          Ground-State Mulliken Net Atomic Charges

     Atom                 Charge (a.u.)
  ----------------------------------------
      1 Fe                   -0.451040
      2 C                     0.201079
      3 C                     0.177994
      4 C                     0.238621
      5 C                     0.168754
      6 C                     0.216062
      7 O                    -0.097195
      8 O                    -0.094572
      9 O                    -0.119198
     10 O                    -0.141921
     11 O                    -0.098586
  ----------------------------------------
  Sum of atomic charges =     0.000000

 -----------------------------------------------------------------
                    Cartesian Multipole Moments
 -----------------------------------------------------------------
    Charge (ESU x 10^10)
                -0.0000
    Dipole Moment (Debye)
         X      -0.3366776972      Y       0.3205883564      Z      -0.0047495134
       Tot       0.4649207717
    Quadrupole Moments (Debye-Ang)
        XX     -67.7446     XY       1.0514     YY     -70.1242
        XZ      -1.2897     YZ       1.0044     ZZ     -70.6627
    Octopole Moments (Debye-Ang^2)
       XXX     578.6340    XXY     189.8165    XYY     189.8009
       YYY     592.9793    XXZ    -100.5989    XYZ       3.9841
       YYZ    -109.9031    XZZ     197.0944    YZZ     210.5761
       ZZZ    -300.8758
    Hexadecapole Moments (Debye-Ang^3)
      XXXX   -4038.0604   XXXY   -1644.8019   XXYY   -1332.6387
      XYYY   -1635.9001   YYYY   -4015.7059   XXXZ     874.6670
      XXYZ     303.0733   XYYZ     278.0105   YYYZ     970.9688
      XXZZ    -955.2245   XYZZ    -579.9115   YYZZ   -1002.3319
      XZZZ     830.5594   YZZZ     941.2904   ZZZZ   -1544.2666
 -----------------------------------------------------------------
 Calculating MO derivatives via CPSCF
 Full subspace dimension requested for CIS/TDDFT
 MAX_CIS_SUBSPACE fits in available memory
    1     0    36    0.0419670  
    2     0    36    0.0054959  
    3     0    36    0.0006199  
    4     0    36    0.0000478  
    5    34     2    0.0000017  
    6    36     0    0.0000001  Converged
 Time for AOints: 6.2 s (CPU) 3.2 s (wall)
 ------------------------------------------------------------------------------
                     AOints        : Timing summary (seconds)
 ------------------------------------------------------------------------------
     job step          cpu (% of tot)      sys (% of tot)     wall (% of tot)
 ------------------------------------------------------------------------------
  AOints            0.6182E+01 ( 3.7)   0.1300E-04 (12.5)   0.3154E+01 ( 3.7)
 ------------------------------------------------------------------------------
   Grand Totals     0.1679E+03          0.1040E-03          0.8457E+02
 ------------------------------------------------------------------------------
