                  Welcome to Q-Chem
     A Quantum Leap Into The Future Of Chemistry


 Q-Chem 5.4 (devel), Q-Chem, Inc., Pleasanton, CA (2021)

 E. Epifanovsky,  A. T. B. Gilbert,  Xintian Feng,  Joonho Lee,  Yuezhi Mao,  
 N. Mardirossian,  P. Pokhilko,  A. White,  M. Wormit,  M. P. Coons,  
 A. L. Dempwolff,  Zhengting Gan,  D. Hait,  P. R. Horn,  L. D. Jacobson,  
 I. Kaliman,  J. Kussmann,  A. W. Lange,  Ka Un Lao,  D. S. Levine,  Jie Liu,  
 S. C. McKenzie,  A. F. Morrison,  K. Nanda,  F. Plasser,  D. R. Rehn,  
 M. L. Vidal,  Zhi-Qiang You,  Ying Zhu,  B. Alam,  B. Albrecht,  
 A. Aldossary,  E. Alguire,  J. H. Andersen,  D. Barton,  K. Begam,  A. Behn,  
 Y. A. Bernard,  E. J. Berquist,  H. Burton,  A. Carreras,  K. Carter-Fenk,  
 R. Chakraborty,  A. D. Chien,  K. D. Closser,  V. Cofer-Shabica,  
 S. Dasgupta,  Jia Deng,  M. de Wergifosse,  M. Diedenhofen,  Hainam Do,  
 S. Ehlert,  Po-Tung Fang,  S. Fatehi,  Qingguo Feng,  T. Friedhoff,  
 J. Gayvert,  Qinghui Ge,  G. Gidofalvi,  M. Goldey,  J. Gomes,  
 C. Gonzalez-Espinoza,  S. Gulania,  A. Gunina,  M. W. D. Hanson-Heine,  
 P. H. P. Harbach,  A. W. Hauser,  M. F. Herbst,  M. Hernandez Vera,  
 M. Hodecker,  Z. C. Holden,  S. Houck,  Xunkun Huang,  Kerwin Hui,  
 B. C. Huynh,  M. Ivanov,  Hyunjun Ji,  Hanjie Jiang,  B. Kaduk,  S. Kaehler,  
 K. Khistyaev,  Jaehoon Kim,  P. Klunzinger,  Z. Koczor-Benda,  
 Joong Hoon Koh,  D. Kosenkov,  L. Koulias,  T. Kowalczyk,  C. M. Krauter,  
 K. Kue,  A. Kunitsa,  T. Kus,  A. Landau,  K. V. Lawler,  D. Lefrancois,  
 S. Lehtola,  Rain Li,  Yi-Pei Li,  Jiashu Liang,  M. Liebenthal,  
 Hung-Hsuan Lin,  You-Sheng Lin,  Fenglai Liu,  Kuan-Yu Liu,  
 M. Loipersberger,  A. Luenser,  A. Manjanath,  P. Manohar,  E. Mansoor,  
 S. F. Manzer,  Shan-Ping Mao,  A. V. Marenich,  T. Markovich,  S. Mason,  
 S. A. Maurer,  P. F. McLaughlin,  M. F. S. J. Menger,  J.-M. Mewes,  
 S. A. Mewes,  P. Morgante,  J. W. Mullinax,  K. J. Oosterbaan,  G. Paran,  
 Alexander C. Paul,  Suranjan K. Paul,  F. Pavosevic,  Zheng Pei,  S. Prager,  
 E. I. Proynov,  E. Ramos,  B. Rana,  A. E. Rask,  A. Rettig,  R. M. Richard,  
 F. Rob,  E. Rossomme,  T. Scheele,  M. Scheurer,  M. Schneider,  
 N. Sergueev,  S. M. Sharada,  W. Skomorowski,  D. W. Small,  C. J. Stein,  
 Yu-Chuan Su,  E. J. Sundstrom,  Zhen Tao,  J. Thirman,  T. Tsuchimochi,  
 N. M. Tubman,  S. P. Veccham,  O. Vydrov,  J. Wenzel,  J. Witte,  A. Yamada,  
 Kun Yao,  S. Yeganeh,  S. R. Yost,  A. Zech,  Igor Ying Zhang,  Xing Zhang,  
 Yu Zhang,  D. Zuev,  A. Aspuru-Guzik,  A. T. Bell,  N. A. Besley,  
 K. B. Bravaya,  B. R. Brooks,  D. Casanova,  Jeng-Da Chai,  S. Coriani,  
 C. J. Cramer,  A. E. DePrince, III,  R. A. DiStasio Jr.,  A. Dreuw,  
 B. D. Dunietz,  T. R. Furlani,  W. A. Goddard III,  S. Grimme,  
 S. Hammes-Schiffer,  T. Head-Gordon,  W. J. Hehre,  Chao-Ping Hsu,  
 T.-C. Jagau,  Yousung Jung,  A. Klamt,  Jing Kong,  D. S. Lambrecht,  
 WanZhen Liang,  N. J. Mayhall,  C. W. McCurdy,  J. B. Neaton,  
 C. Ochsenfeld,  J. A. Parkhill,  R. Peverati,  V. A. Rassolov,  Yihan Shao,  
 L. V. Slipchenko,  T. Stauch,  R. P. Steele,  J. E. Subotnik,  
 A. J. W. Thom,  A. Tkatchenko,  D. G. Truhlar,  T. Van Voorhis,  
 T. A. Wesolowski,  K. B. Whaley,  H. L. Woodcock III,  P. M. Zimmerman,  
 S. Faraji,  P. M. W. Gill,  M. Head-Gordon,  J. M. Herbert,  A. I. Krylov

 Additional authors for Version 5.4.1: 
 S. Kotaru,  Shaozhi Li,  Xiangyuan Li,  F. Matz,  A. Molle,  Haisheng Ren,  
 Yingli Su,  Hung-Yi Tsai,  C. Utku,  Fang Wang

 Contributors to earlier versions of Q-Chem not listed above: 
 R. D. Adamson,  B. Austin,  R. Baer,  J. Baker,  G. J. O. Beran,  
 K. Brandhorst,  S. T. Brown,  E. F. C. Byrd,  A. K. Chakraborty,  
 G. K. L. Chan,  Chun-Min Chang,  Yunqing Chen,  C.-L. Cheng,  
 Siu Hung Chien,  D. M. Chipman,  D. L. Crittenden,  H. Dachsel,  
 R. J. Doerksen,  A. D. Dutoi,  R. G. Edgar,  J. Fosso-Tande,  
 L. Fusti-Molnar,  D. Ghosh,  A. Ghysels,  A. Golubeva-Zadorozhnaya,  
 J. Gonthier,  M. S. Gordon,  S. R. Gwaltney,  G. Hawkins,  J. E. Herr,  
 A. Heyden,  S. Hirata,  E. G. Hohenstein,  G. Kedziora,  F. J. Keil,  
 C. Kelley,  Jihan Kim,  R. A. King,  R. Z. Khaliullin,  P. P. Korambath,  
 W. Kurlancheek,  A. Laurent,  A. M. Lee,  M. S. Lee,  S. V. Levchenko,  
 Ching Yeh Lin,  D. Liotard,  E. Livshits,  R. C. Lochan,  I. Lotan,  
 L. A. Martinez-Martinez,  P. E. Maslen,  N. Nair,  D. P. O'Neill,  
 D. Neuhauser,  E. Neuscamman,  C. M. Oana,  R. Olivares-Amaya,  R. Olson,  
 T. M. Perrine,  B. Peters,  P. A. Pieniazek,  A. Prociuk,  Y. M. Rhee,  
 J. Ritchie,  M. A. Rohrdanz,  E. Rosta,  N. J. Russ,  H. F. Schaefer III,  
 M. W. Schmidt,  N. E. Schultz,  S. Sharma,  N. Shenvi,  C. D. Sherrill,  
 A. C. Simmonett,  A. Sodt,  T. Stein,  D. Stuck,  K. S. Thanthiriwatte,  
 V. Vanovschi,  L. Vogt,  Tao Wang,  A. Warshel,  M. A. Watson,  
 C. F. Williams,  Q. Wu,  X. Xu,  Jun Yang,  W. Zhang,  Yan Zhao

 Please cite Q-Chem as follows:
 Y. Shao et al., Mol. Phys. 113, 184-215 (2015)
 DOI: 10.1080/00268976.2014.952696

 Q-Chem 5.4.1 for Intel X86 EM64T Linux

 Parts of Q-Chem use Armadillo 9.900.5 (Nocturnal Misbehaviour).
 http://arma.sourceforge.net/

 Q-Chem begins on Wed Jun 22 16:38:10 2022  

 Host: p09r14n10.grace.hpc.yale.internal
0

     Scratch files written to /home/tl686/scratch60/qchem_dev/scratch/qchem114211//
 Processing $rem in /home/tl686/qchem_dev/qchem/config/preferences:
 Processing $rem in /home/tl686/.qchemrc:

 Checking the input file for inconsistencies... 	...done.

--------------------------------------------------------------
User input:
--------------------------------------------------------------
$molecule
0   1
 Fe 12.08446454 6.10224670 2.50638662
C 11.07263201 7.32853273 5.67466001
C 13.34351621 5.71828026 -0.69297182
C 11.16613691 2.86439931 3.01247229
C 9.23200614 7.65808599 1.34802750
C 15.18742351 7.24282521 3.42062899
O 10.39083962 8.17387768 7.65738844
O 14.59040291 5.93194244 -2.58946497
O 10.67322023 0.76219289 3.23302262
O 7.51115591 8.34516153 0.25994885
O 17.11419190 8.03635899 4.08831788

$end

$rem
     JOBTYPE  force
     METHOD   bp86
     BASIS    def2-msvp
     MAX_SCF_CYCLES   800
     INPUT_BOHR TRUE
     SYM_IGNORE TRUE
$end

--------------------------------------------------------------
 ----------------------------------------------------------------
             Standard Nuclear Orientation (Bohr)
    I     Atom           X                Y                Z
 ----------------------------------------------------------------
    1      Fe     12.0844645400     6.1022467000     2.5063866200
    2      C      11.0726320100     7.3285327300     5.6746600100
    3      C      13.3435162100     5.7182802600    -0.6929718200
    4      C      11.1661369100     2.8643993100     3.0124722900
    5      C       9.2320061400     7.6580859900     1.3480275000
    6      C      15.1874235100     7.2428252100     3.4206289900
    7      O      10.3908396200     8.1738776800     7.6573884400
    8      O      14.5904029100     5.9319424400    -2.5894649700
    9      O      10.6732202300     0.7621928900     3.2330226200
   10      O       7.5111559100     8.3451615300     0.2599488500
   11      O      17.1141919000     8.0363589900     4.0883178800
 ----------------------------------------------------------------
 Nuclear Repulsion Energy =         793.59665443 hartrees
 There are       48 alpha and       48 beta electrons
 Requested basis set is def2-mSVP
 There are 80 shells and 174 basis functions

 Total QAlloc Memory Limit   2000 MB
 Mega-Array Size       188 MB
 MEM_STATIC part       192 MB

                       Distance Matrix (Bohrs)
             Fe(  1)   C (  2)   C (  3)   C (  4)   C (  5)   C (  6)
   C (  2)  3.544790
   C (  3)  3.459557  6.949573
   C (  4)  3.403396  5.198507  5.159063
   C (  5)  3.449486  4.713413  4.983276  5.430531
   C (  6)  3.430031  4.692495  4.758775  5.958855  6.319424
   O (  7)  5.804553  2.260677  9.191125  7.096964  6.435602  6.467164
   O (  8)  5.681235  9.089606  2.279707  7.246870  6.869922  6.180297
   O (  9)  5.570977  7.016975  6.863433  2.170456  7.292712  7.900115
   O ( 10)  5.567073  6.560240  6.467224  7.139610  2.148793  8.374373
   O ( 11)  5.616178  6.286330  6.515536  7.955248  8.353510  2.188136
             O (  7)   O (  8)   O (  9)   O ( 10)
   O (  8) 11.298699
   O (  9)  8.636424  8.716191
   O ( 10)  7.940027  8.003657  8.737233
   O ( 11)  7.613189  7.442504  9.753519 10.342634

 A cutoff of  1.0D-11 yielded   2476 shell pairs
 There are     12794 function pairs (     14647 Cartesian)
 Smallest overlap matrix eigenvalue = 2.60E-03

 Scale SEOQF with 1.000000e-02/1.000000e-01/1.000000e-01

 Standard Electronic Orientation quadrupole field applied
 Nucleus-field energy     =     0.0000000594 hartrees
 Guess from superposition of atomic densities
 Warning:  Energy on first SCF cycle will be non-variational
 SAD guess density has 96.000000 electrons

 -----------------------------------------------------------------------
  General SCF calculation program by
  Eric Jon Sundstrom, Paul Horn, Yuezhi Mao, Dmitri Zuev, Alec White,
  David Stuck, Shaama M.S., Shane Yost, Joonho Lee, David Small,
  Daniel Levine, Susi Lehtola, Hugh Burton, Evgeny Epifanovsky,
  Bang C. Huynh
 -----------------------------------------------------------------------
 Exchange:  B88      Correlation:  P86
 Using SG-1 standard quadrature grid
 using 2 threads for integral computing
 -------------------------------------------------------
 OpenMP Integral computing Module                
 Release: version 1.0, May 2013, Q-Chem Inc. Pittsburgh 
 -------------------------------------------------------
 A restricted SCF calculation will be
 performed using DIIS
 SCF converges when DIIS error is below 1.0e-08
 ---------------------------------------
  Cycle       Energy         DIIS error
 ---------------------------------------
    1   -1832.1052256962      6.67e-02  
    2   -1830.4368401297      4.63e-03  
    3   -1830.2854345705      9.03e-03  
    4   -1830.0930624837      1.43e-02  
    5   -1830.3444527151      8.64e-03  
    6   -1830.5065891360      1.45e-03  
    7   -1830.5089772976      8.73e-04  
    8   -1830.5110173105      2.55e-04  
    9   -1830.5111523860      1.19e-04  
   10   -1830.5111777798      4.41e-05  
   11   -1830.5111820816      1.41e-05  
   12   -1830.5111824858      4.63e-06  
   13   -1830.5111825593      8.61e-07  
   14   -1830.5111825611      4.14e-07  
   15   -1830.5111825618      8.08e-08  
   16   -1830.5111825617      6.49e-08  
   17   -1830.5111825617      1.36e-08  
   18   -1830.5111825618      3.81e-09  Convergence criterion met
 ---------------------------------------
 SCF time:   CPU 26.76s  wall 14.00s 
 SCF   energy in the final basis set =    -1830.5111825618
 Total energy in the final basis set =    -1830.5111825618

 --------------------------------------------------------------

                    Orbital Energies (a.u.)
 --------------------------------------------------------------

 Alpha MOs
 -- Occupied --
******** -29.6354 -25.5953 -25.5841 -25.5774 -18.8926 -18.8838 -18.8799
-18.8762 -18.8741 -10.0678 -10.0555 -10.0449 -10.0419 -10.0352  -3.3185
 -2.1526  -2.1335  -2.1185  -1.0710  -1.0549  -1.0524  -1.0462  -1.0294
 -0.5716  -0.5279  -0.5211  -0.5141  -0.5130  -0.4545  -0.4443  -0.4381
 -0.4332  -0.4292  -0.4276  -0.4224  -0.4193  -0.4149  -0.4142  -0.4053
 -0.4029  -0.3975  -0.3880  -0.3816  -0.2764  -0.2644  -0.2346  -0.2176
 -- Virtual --
 -0.1145  -0.1014  -0.0905  -0.0859  -0.0817  -0.0622  -0.0596  -0.0547
 -0.0527  -0.0387  -0.0294   0.0142   0.1883   0.2097   0.2262   0.2574
  0.2850   0.3136   0.3674   0.3779   0.4102   0.4144   0.4226   0.4315
  0.4561   0.4716   0.4908   0.5059   0.5266   0.5474   0.5506   0.5986
  0.6194   0.6247   0.6300   0.6491   0.7403   0.7490   0.7587   0.7688
  0.7765   0.8252   0.8376   0.8722   0.8752   0.8953   0.9373   0.9563
  0.9633   0.9814   0.9873   1.0015   1.0112   1.0262   1.0320   1.0897
  1.1617   1.2183   1.2516   1.3307   1.3943   1.4055   1.4081   1.4139
  1.4173   1.4192   1.4233   1.4286   1.4528   1.4667   1.4704   1.4794
  1.5120   1.5145   1.5321   1.5574   1.5749   1.6201   1.6603   1.6724
  1.6939   1.8094   1.8213   1.8287   1.8413   1.8453   1.8486   1.8576
  1.8649   1.8682   1.8759   1.8810   1.8938   1.8995   1.9076   1.9483
  2.3171   2.4028   2.4228   2.4321   2.4464   2.4631   2.4698   2.4840
  2.5168   2.5486   2.6172   2.6251   2.6521   2.6709   2.6726   2.7824
  2.8209   2.8857   2.9154   2.9470  13.2403  13.2696  13.3028  13.3301
 13.4141  24.9058  24.9296  24.9609  24.9747  25.0068
 --------------------------------------------------------------

          Ground-State Mulliken Net Atomic Charges

     Atom                 Charge (a.u.)
  ----------------------------------------
      1 Fe                   -0.510808
      2 C                     0.220397
      3 C                     0.216395
      4 C                     0.236841
      5 C                     0.215096
      6 C                     0.195578
      7 O                    -0.128682
      8 O                    -0.147422
      9 O                    -0.103611
     10 O                    -0.084377
     11 O                    -0.109409
  ----------------------------------------
  Sum of atomic charges =     0.000000

 -----------------------------------------------------------------
                    Cartesian Multipole Moments
 -----------------------------------------------------------------
    Charge (ESU x 10^10)
                -0.0000
    Dipole Moment (Debye)
         X      -0.5600686269      Y       0.1055325779      Z       0.2276682068
       Tot       0.6137155728
    Quadrupole Moments (Debye-Ang)
        XX     -76.9494     XY      -1.8682     YY     -68.7438
        XZ       1.0537     YZ       1.0738     ZZ     -69.1532
    Octopole Moments (Debye-Ang^2)
       XXX   -1407.9507    XXY    -261.5917    XYY    -446.1666
       YYY    -668.5510    XXZ     -87.3262    XYZ       2.9097
       YYZ     -91.0300    XZZ    -442.7145    YZZ    -229.9626
       ZZZ    -277.6565
    Hexadecapole Moments (Debye-Ang^3)
      XXXX  -18488.3549   XXXY   -4781.0466   XXYY   -3896.7690
      XYYY   -4302.9594   YYYY   -4906.5096   XXXZ   -1736.7265
      XXYZ    -324.8224   XYYZ    -590.4335   YYYZ    -938.1367
      XXZZ   -3220.4784   XYZZ   -1476.5542   YYZZ   -1119.4929
      XZZZ   -1725.3666   YZZZ    -972.0125   ZZZZ   -1566.0836
 -----------------------------------------------------------------
 Calculating analytic gradient of the SCF energy
 Gradient of SCF Energy
            1           2           3           4           5           6
    1   0.0204819   0.0114814  -0.0475908  -0.0175791  -0.0573044   0.0155289
    2  -0.0138996  -0.0105558  -0.0226446  -0.0267939   0.0242673   0.0080901
    3  -0.0199019  -0.0366891   0.0410198   0.0033647  -0.0112250   0.0097245
            7           8           9          10          11
    1  -0.0193516   0.0466316   0.0109518   0.0513360  -0.0145856
    2   0.0229525   0.0153626   0.0318620  -0.0235288  -0.0051120
    3   0.0553039  -0.0554187  -0.0045663   0.0230622  -0.0046743
 Max gradient component =       5.730E-02
 RMS gradient           =       2.864E-02
 Gradient time:  CPU 2.90 s  wall 1.58 s
 Total job time:  15.76s(wall), 29.87s(cpu) 
 Wed Jun 22 16:38:26 2022

        *************************************************************
        *                                                           *
        *  Thank you very much for using Q-Chem.  Have a nice day.  *
        *                                                           *
        *************************************************************


 
User input: 2 of 2 
 
                  Welcome to Q-Chem
     A Quantum Leap Into The Future Of Chemistry


 Q-Chem 5.4 (devel), Q-Chem, Inc., Pleasanton, CA (2021)

 E. Epifanovsky,  A. T. B. Gilbert,  Xintian Feng,  Joonho Lee,  Yuezhi Mao,  
 N. Mardirossian,  P. Pokhilko,  A. White,  M. Wormit,  M. P. Coons,  
 A. L. Dempwolff,  Zhengting Gan,  D. Hait,  P. R. Horn,  L. D. Jacobson,  
 I. Kaliman,  J. Kussmann,  A. W. Lange,  Ka Un Lao,  D. S. Levine,  Jie Liu,  
 S. C. McKenzie,  A. F. Morrison,  K. Nanda,  F. Plasser,  D. R. Rehn,  
 M. L. Vidal,  Zhi-Qiang You,  Ying Zhu,  B. Alam,  B. Albrecht,  
 A. Aldossary,  E. Alguire,  J. H. Andersen,  D. Barton,  K. Begam,  A. Behn,  
 Y. A. Bernard,  E. J. Berquist,  H. Burton,  A. Carreras,  K. Carter-Fenk,  
 R. Chakraborty,  A. D. Chien,  K. D. Closser,  V. Cofer-Shabica,  
 S. Dasgupta,  Jia Deng,  M. de Wergifosse,  M. Diedenhofen,  Hainam Do,  
 S. Ehlert,  Po-Tung Fang,  S. Fatehi,  Qingguo Feng,  T. Friedhoff,  
 J. Gayvert,  Qinghui Ge,  G. Gidofalvi,  M. Goldey,  J. Gomes,  
 C. Gonzalez-Espinoza,  S. Gulania,  A. Gunina,  M. W. D. Hanson-Heine,  
 P. H. P. Harbach,  A. W. Hauser,  M. F. Herbst,  M. Hernandez Vera,  
 M. Hodecker,  Z. C. Holden,  S. Houck,  Xunkun Huang,  Kerwin Hui,  
 B. C. Huynh,  M. Ivanov,  Hyunjun Ji,  Hanjie Jiang,  B. Kaduk,  S. Kaehler,  
 K. Khistyaev,  Jaehoon Kim,  P. Klunzinger,  Z. Koczor-Benda,  
 Joong Hoon Koh,  D. Kosenkov,  L. Koulias,  T. Kowalczyk,  C. M. Krauter,  
 K. Kue,  A. Kunitsa,  T. Kus,  A. Landau,  K. V. Lawler,  D. Lefrancois,  
 S. Lehtola,  Rain Li,  Yi-Pei Li,  Jiashu Liang,  M. Liebenthal,  
 Hung-Hsuan Lin,  You-Sheng Lin,  Fenglai Liu,  Kuan-Yu Liu,  
 M. Loipersberger,  A. Luenser,  A. Manjanath,  P. Manohar,  E. Mansoor,  
 S. F. Manzer,  Shan-Ping Mao,  A. V. Marenich,  T. Markovich,  S. Mason,  
 S. A. Maurer,  P. F. McLaughlin,  M. F. S. J. Menger,  J.-M. Mewes,  
 S. A. Mewes,  P. Morgante,  J. W. Mullinax,  K. J. Oosterbaan,  G. Paran,  
 Alexander C. Paul,  Suranjan K. Paul,  F. Pavosevic,  Zheng Pei,  S. Prager,  
 E. I. Proynov,  E. Ramos,  B. Rana,  A. E. Rask,  A. Rettig,  R. M. Richard,  
 F. Rob,  E. Rossomme,  T. Scheele,  M. Scheurer,  M. Schneider,  
 N. Sergueev,  S. M. Sharada,  W. Skomorowski,  D. W. Small,  C. J. Stein,  
 Yu-Chuan Su,  E. J. Sundstrom,  Zhen Tao,  J. Thirman,  T. Tsuchimochi,  
 N. M. Tubman,  S. P. Veccham,  O. Vydrov,  J. Wenzel,  J. Witte,  A. Yamada,  
 Kun Yao,  S. Yeganeh,  S. R. Yost,  A. Zech,  Igor Ying Zhang,  Xing Zhang,  
 Yu Zhang,  D. Zuev,  A. Aspuru-Guzik,  A. T. Bell,  N. A. Besley,  
 K. B. Bravaya,  B. R. Brooks,  D. Casanova,  Jeng-Da Chai,  S. Coriani,  
 C. J. Cramer,  A. E. DePrince, III,  R. A. DiStasio Jr.,  A. Dreuw,  
 B. D. Dunietz,  T. R. Furlani,  W. A. Goddard III,  S. Grimme,  
 S. Hammes-Schiffer,  T. Head-Gordon,  W. J. Hehre,  Chao-Ping Hsu,  
 T.-C. Jagau,  Yousung Jung,  A. Klamt,  Jing Kong,  D. S. Lambrecht,  
 WanZhen Liang,  N. J. Mayhall,  C. W. McCurdy,  J. B. Neaton,  
 C. Ochsenfeld,  J. A. Parkhill,  R. Peverati,  V. A. Rassolov,  Yihan Shao,  
 L. V. Slipchenko,  T. Stauch,  R. P. Steele,  J. E. Subotnik,  
 A. J. W. Thom,  A. Tkatchenko,  D. G. Truhlar,  T. Van Voorhis,  
 T. A. Wesolowski,  K. B. Whaley,  H. L. Woodcock III,  P. M. Zimmerman,  
 S. Faraji,  P. M. W. Gill,  M. Head-Gordon,  J. M. Herbert,  A. I. Krylov

 Additional authors for Version 5.4.1: 
 S. Kotaru,  Shaozhi Li,  Xiangyuan Li,  F. Matz,  A. Molle,  Haisheng Ren,  
 Yingli Su,  Hung-Yi Tsai,  C. Utku,  Fang Wang

 Contributors to earlier versions of Q-Chem not listed above: 
 R. D. Adamson,  B. Austin,  R. Baer,  J. Baker,  G. J. O. Beran,  
 K. Brandhorst,  S. T. Brown,  E. F. C. Byrd,  A. K. Chakraborty,  
 G. K. L. Chan,  Chun-Min Chang,  Yunqing Chen,  C.-L. Cheng,  
 Siu Hung Chien,  D. M. Chipman,  D. L. Crittenden,  H. Dachsel,  
 R. J. Doerksen,  A. D. Dutoi,  R. G. Edgar,  J. Fosso-Tande,  
 L. Fusti-Molnar,  D. Ghosh,  A. Ghysels,  A. Golubeva-Zadorozhnaya,  
 J. Gonthier,  M. S. Gordon,  S. R. Gwaltney,  G. Hawkins,  J. E. Herr,  
 A. Heyden,  S. Hirata,  E. G. Hohenstein,  G. Kedziora,  F. J. Keil,  
 C. Kelley,  Jihan Kim,  R. A. King,  R. Z. Khaliullin,  P. P. Korambath,  
 W. Kurlancheek,  A. Laurent,  A. M. Lee,  M. S. Lee,  S. V. Levchenko,  
 Ching Yeh Lin,  D. Liotard,  E. Livshits,  R. C. Lochan,  I. Lotan,  
 L. A. Martinez-Martinez,  P. E. Maslen,  N. Nair,  D. P. O'Neill,  
 D. Neuhauser,  E. Neuscamman,  C. M. Oana,  R. Olivares-Amaya,  R. Olson,  
 T. M. Perrine,  B. Peters,  P. A. Pieniazek,  A. Prociuk,  Y. M. Rhee,  
 J. Ritchie,  M. A. Rohrdanz,  E. Rosta,  N. J. Russ,  H. F. Schaefer III,  
 M. W. Schmidt,  N. E. Schultz,  S. Sharma,  N. Shenvi,  C. D. Sherrill,  
 A. C. Simmonett,  A. Sodt,  T. Stein,  D. Stuck,  K. S. Thanthiriwatte,  
 V. Vanovschi,  L. Vogt,  Tao Wang,  A. Warshel,  M. A. Watson,  
 C. F. Williams,  Q. Wu,  X. Xu,  Jun Yang,  W. Zhang,  Yan Zhao

 Please cite Q-Chem as follows:
 Y. Shao et al., Mol. Phys. 113, 184-215 (2015)
 DOI: 10.1080/00268976.2014.952696

 Q-Chem 5.4.1 for Intel X86 EM64T Linux

 Parts of Q-Chem use Armadillo 9.900.5 (Nocturnal Misbehaviour).
 http://arma.sourceforge.net/

 Q-Chem begins on Wed Jun 22 16:38:26 2022  

 Host: p09r14n10.grace.hpc.yale.internal
0

     Scratch files written to /home/tl686/scratch60/qchem_dev/scratch/qchem114211//
 Processing $rem in /home/tl686/qchem_dev/qchem/config/preferences:
 Processing $rem in /home/tl686/.qchemrc:
The previous job contains 0 fragments, simply inherited here

 Checking the input file for inconsistencies... 	...done.

--------------------------------------------------------------
User input:
--------------------------------------------------------------

$molecule
READ
$end

$rem
     JOBTYPE  freq
     METHOD   bp86
     BASIS    def2-msvp
     MAX_SCF_CYCLES   800
     INPUT_BOHR TRUE
     SYM_IGNORE TRUE
     SCF_GUESS     read 
$end
--------------------------------------------------------------
 ----------------------------------------------------------------
             Standard Nuclear Orientation (Bohr)
    I     Atom           X                Y                Z
 ----------------------------------------------------------------
    1      Fe     12.0844645400     6.1022467000     2.5063866200
    2      C      11.0726320100     7.3285327300     5.6746600100
    3      C      13.3435162100     5.7182802600    -0.6929718200
    4      C      11.1661369100     2.8643993100     3.0124722900
    5      C       9.2320061400     7.6580859900     1.3480275000
    6      C      15.1874235100     7.2428252100     3.4206289900
    7      O      10.3908396200     8.1738776800     7.6573884400
    8      O      14.5904029100     5.9319424400    -2.5894649700
    9      O      10.6732202300     0.7621928900     3.2330226200
   10      O       7.5111559100     8.3451615300     0.2599488500
   11      O      17.1141919000     8.0363589900     4.0883178800
 ----------------------------------------------------------------
 Nuclear Repulsion Energy =         793.59665443 hartrees
 There are       48 alpha and       48 beta electrons
 Requested basis set is def2-mSVP
 There are 80 shells and 174 basis functions

 Total QAlloc Memory Limit   2000 MB
 Mega-Array Size       204 MB
 MEM_STATIC part       192 MB

                       Distance Matrix (Bohrs)
             Fe(  1)   C (  2)   C (  3)   C (  4)   C (  5)   C (  6)
   C (  2)  3.544790
   C (  3)  3.459557  6.949573
   C (  4)  3.403396  5.198507  5.159063
   C (  5)  3.449486  4.713413  4.983276  5.430531
   C (  6)  3.430031  4.692495  4.758775  5.958855  6.319424
   O (  7)  5.804553  2.260677  9.191125  7.096964  6.435602  6.467164
   O (  8)  5.681235  9.089606  2.279707  7.246870  6.869922  6.180297
   O (  9)  5.570977  7.016975  6.863433  2.170456  7.292712  7.900115
   O ( 10)  5.567073  6.560240  6.467224  7.139610  2.148793  8.374373
   O ( 11)  5.616178  6.286330  6.515536  7.955248  8.353510  2.188136
             O (  7)   O (  8)   O (  9)   O ( 10)
   O (  8) 11.298699
   O (  9)  8.636424  8.716191
   O ( 10)  7.940027  8.003657  8.737233
   O ( 11)  7.613189  7.442504  9.753519 10.342634

 A cutoff of  1.0D-11 yielded   2476 shell pairs
 There are     12794 function pairs (     14647 Cartesian)
 Smallest overlap matrix eigenvalue = 2.60E-03
 Guess MOs from SCF MO coefficient file

 -----------------------------------------------------------------------
  General SCF calculation program by
  Eric Jon Sundstrom, Paul Horn, Yuezhi Mao, Dmitri Zuev, Alec White,
  David Stuck, Shaama M.S., Shane Yost, Joonho Lee, David Small,
  Daniel Levine, Susi Lehtola, Hugh Burton, Evgeny Epifanovsky,
  Bang C. Huynh
 -----------------------------------------------------------------------
 Exchange:  B88      Correlation:  P86
 Using SG-1 standard quadrature grid
 using 2 threads for integral computing
 -------------------------------------------------------
 OpenMP Integral computing Module                
 Release: version 1.0, May 2013, Q-Chem Inc. Pittsburgh 
 -------------------------------------------------------
 A restricted SCF calculation will be
 performed using DIIS
 SCF converges when DIIS error is below 1.0e-08
 ---------------------------------------
  Cycle       Energy         DIIS error
 ---------------------------------------
    1   -1830.5111825618      1.45e-09  
    2   -1830.5111825617      1.15e-08  
    3   -1830.5111825615      3.93e-09  Convergence criterion met
 ---------------------------------------
 SCF time:   CPU 4.29s  wall 3.00s 
 SCF   energy in the final basis set =    -1830.5111825615
 Total energy in the final basis set =    -1830.5111825615

 --------------------------------------------------------------

                    Orbital Energies (a.u.)
 --------------------------------------------------------------

 Alpha MOs
 -- Occupied --
******** -29.6354 -25.5953 -25.5841 -25.5774 -18.8926 -18.8838 -18.8799
-18.8762 -18.8741 -10.0678 -10.0555 -10.0449 -10.0419 -10.0352  -3.3185
 -2.1526  -2.1335  -2.1185  -1.0710  -1.0549  -1.0524  -1.0462  -1.0294
 -0.5716  -0.5279  -0.5211  -0.5141  -0.5130  -0.4545  -0.4443  -0.4381
 -0.4332  -0.4292  -0.4276  -0.4224  -0.4193  -0.4149  -0.4142  -0.4053
 -0.4029  -0.3975  -0.3880  -0.3816  -0.2764  -0.2644  -0.2346  -0.2176
 -- Virtual --
 -0.1145  -0.1014  -0.0905  -0.0859  -0.0817  -0.0622  -0.0596  -0.0547
 -0.0527  -0.0387  -0.0294   0.0142   0.1883   0.2097   0.2262   0.2574
  0.2850   0.3136   0.3674   0.3779   0.4102   0.4144   0.4226   0.4315
  0.4561   0.4716   0.4908   0.5059   0.5266   0.5474   0.5506   0.5986
  0.6194   0.6247   0.6300   0.6491   0.7403   0.7490   0.7587   0.7688
  0.7765   0.8252   0.8376   0.8722   0.8752   0.8953   0.9373   0.9563
  0.9633   0.9814   0.9873   1.0015   1.0112   1.0262   1.0320   1.0897
  1.1617   1.2183   1.2516   1.3307   1.3943   1.4055   1.4081   1.4139
  1.4173   1.4192   1.4233   1.4286   1.4528   1.4667   1.4704   1.4794
  1.5120   1.5145   1.5321   1.5574   1.5749   1.6201   1.6603   1.6724
  1.6939   1.8094   1.8213   1.8287   1.8413   1.8453   1.8486   1.8576
  1.8649   1.8682   1.8759   1.8810   1.8938   1.8995   1.9076   1.9483
  2.3171   2.4028   2.4228   2.4321   2.4464   2.4631   2.4698   2.4840
  2.5168   2.5486   2.6172   2.6251   2.6521   2.6709   2.6726   2.7824
  2.8209   2.8857   2.9154   2.9470  13.2403  13.2696  13.3028  13.3301
 13.4141  24.9058  24.9296  24.9609  24.9747  25.0068
 --------------------------------------------------------------

          Ground-State Mulliken Net Atomic Charges

     Atom                 Charge (a.u.)
  ----------------------------------------
      1 Fe                   -0.510808
      2 C                     0.220397
      3 C                     0.216395
      4 C                     0.236841
      5 C                     0.215096
      6 C                     0.195578
      7 O                    -0.128682
      8 O                    -0.147422
      9 O                    -0.103611
     10 O                    -0.084376
     11 O                    -0.109409
  ----------------------------------------
  Sum of atomic charges =     0.000000

 -----------------------------------------------------------------
                    Cartesian Multipole Moments
 -----------------------------------------------------------------
    Charge (ESU x 10^10)
                -0.0000
    Dipole Moment (Debye)
         X      -0.5600683290      Y       0.1055332545      Z       0.2276677689
       Tot       0.6137152547
    Quadrupole Moments (Debye-Ang)
        XX     -76.9494     XY      -1.8682     YY     -68.7438
        XZ       1.0537     YZ       1.0738     ZZ     -69.1532
    Octopole Moments (Debye-Ang^2)
       XXX   -1407.9506    XXY    -261.5916    XYY    -446.1665
       YYY    -668.5510    XXZ     -87.3262    XYZ       2.9097
       YYZ     -91.0300    XZZ    -442.7145    YZZ    -229.9626
       ZZZ    -277.6565
    Hexadecapole Moments (Debye-Ang^3)
      XXXX  -18488.3540   XXXY   -4781.0461   XXYY   -3896.7687
      XYYY   -4302.9592   YYYY   -4906.5094   XXXZ   -1736.7264
      XXYZ    -324.8223   XYYZ    -590.4335   YYYZ    -938.1367
      XXZZ   -3220.4784   XYZZ   -1476.5542   YYZZ   -1119.4929
      XZZZ   -1725.3666   YZZZ    -972.0125   ZZZZ   -1566.0836
 -----------------------------------------------------------------
 Calculating MO derivatives via CPSCF
 Full subspace dimension requested for CIS/TDDFT
 MAX_CIS_SUBSPACE fits in available memory
    1     0    36    0.0411879  
    2     0    36    0.0062694  
    3     0    36    0.0007672  
    4     0    36    0.0000758  
