                  Welcome to Q-Chem
     A Quantum Leap Into The Future Of Chemistry


 Q-Chem 5.4 (devel), Q-Chem, Inc., Pleasanton, CA (2021)

 E. Epifanovsky,  A. T. B. Gilbert,  Xintian Feng,  Joonho Lee,  Yuezhi Mao,  
 N. Mardirossian,  P. Pokhilko,  A. White,  M. Wormit,  M. P. Coons,  
 A. L. Dempwolff,  Zhengting Gan,  D. Hait,  P. R. Horn,  L. D. Jacobson,  
 I. Kaliman,  J. Kussmann,  A. W. Lange,  Ka Un Lao,  D. S. Levine,  Jie Liu,  
 S. C. McKenzie,  A. F. Morrison,  K. Nanda,  F. Plasser,  D. R. Rehn,  
 M. L. Vidal,  Zhi-Qiang You,  Ying Zhu,  B. Alam,  B. Albrecht,  
 A. Aldossary,  E. Alguire,  J. H. Andersen,  D. Barton,  K. Begam,  A. Behn,  
 Y. A. Bernard,  E. J. Berquist,  H. Burton,  A. Carreras,  K. Carter-Fenk,  
 R. Chakraborty,  A. D. Chien,  K. D. Closser,  V. Cofer-Shabica,  
 S. Dasgupta,  Jia Deng,  M. de Wergifosse,  M. Diedenhofen,  Hainam Do,  
 S. Ehlert,  Po-Tung Fang,  S. Fatehi,  Qingguo Feng,  T. Friedhoff,  
 J. Gayvert,  Qinghui Ge,  G. Gidofalvi,  M. Goldey,  J. Gomes,  
 C. Gonzalez-Espinoza,  S. Gulania,  A. Gunina,  M. W. D. Hanson-Heine,  
 P. H. P. Harbach,  A. W. Hauser,  M. F. Herbst,  M. Hernandez Vera,  
 M. Hodecker,  Z. C. Holden,  S. Houck,  Xunkun Huang,  Kerwin Hui,  
 B. C. Huynh,  M. Ivanov,  Hyunjun Ji,  Hanjie Jiang,  B. Kaduk,  S. Kaehler,  
 K. Khistyaev,  Jaehoon Kim,  P. Klunzinger,  Z. Koczor-Benda,  
 Joong Hoon Koh,  D. Kosenkov,  L. Koulias,  T. Kowalczyk,  C. M. Krauter,  
 K. Kue,  A. Kunitsa,  T. Kus,  A. Landau,  K. V. Lawler,  D. Lefrancois,  
 S. Lehtola,  Rain Li,  Yi-Pei Li,  Jiashu Liang,  M. Liebenthal,  
 Hung-Hsuan Lin,  You-Sheng Lin,  Fenglai Liu,  Kuan-Yu Liu,  
 M. Loipersberger,  A. Luenser,  A. Manjanath,  P. Manohar,  E. Mansoor,  
 S. F. Manzer,  Shan-Ping Mao,  A. V. Marenich,  T. Markovich,  S. Mason,  
 S. A. Maurer,  P. F. McLaughlin,  M. F. S. J. Menger,  J.-M. Mewes,  
 S. A. Mewes,  P. Morgante,  J. W. Mullinax,  K. J. Oosterbaan,  G. Paran,  
 Alexander C. Paul,  Suranjan K. Paul,  F. Pavosevic,  Zheng Pei,  S. Prager,  
 E. I. Proynov,  E. Ramos,  B. Rana,  A. E. Rask,  A. Rettig,  R. M. Richard,  
 F. Rob,  E. Rossomme,  T. Scheele,  M. Scheurer,  M. Schneider,  
 N. Sergueev,  S. M. Sharada,  W. Skomorowski,  D. W. Small,  C. J. Stein,  
 Yu-Chuan Su,  E. J. Sundstrom,  Zhen Tao,  J. Thirman,  T. Tsuchimochi,  
 N. M. Tubman,  S. P. Veccham,  O. Vydrov,  J. Wenzel,  J. Witte,  A. Yamada,  
 Kun Yao,  S. Yeganeh,  S. R. Yost,  A. Zech,  Igor Ying Zhang,  Xing Zhang,  
 Yu Zhang,  D. Zuev,  A. Aspuru-Guzik,  A. T. Bell,  N. A. Besley,  
 K. B. Bravaya,  B. R. Brooks,  D. Casanova,  Jeng-Da Chai,  S. Coriani,  
 C. J. Cramer,  A. E. DePrince, III,  R. A. DiStasio Jr.,  A. Dreuw,  
 B. D. Dunietz,  T. R. Furlani,  W. A. Goddard III,  S. Grimme,  
 S. Hammes-Schiffer,  T. Head-Gordon,  W. J. Hehre,  Chao-Ping Hsu,  
 T.-C. Jagau,  Yousung Jung,  A. Klamt,  Jing Kong,  D. S. Lambrecht,  
 WanZhen Liang,  N. J. Mayhall,  C. W. McCurdy,  J. B. Neaton,  
 C. Ochsenfeld,  J. A. Parkhill,  R. Peverati,  V. A. Rassolov,  Yihan Shao,  
 L. V. Slipchenko,  T. Stauch,  R. P. Steele,  J. E. Subotnik,  
 A. J. W. Thom,  A. Tkatchenko,  D. G. Truhlar,  T. Van Voorhis,  
 T. A. Wesolowski,  K. B. Whaley,  H. L. Woodcock III,  P. M. Zimmerman,  
 S. Faraji,  P. M. W. Gill,  M. Head-Gordon,  J. M. Herbert,  A. I. Krylov

 Additional authors for Version 5.4.1: 
 S. Kotaru,  Shaozhi Li,  Xiangyuan Li,  F. Matz,  A. Molle,  Haisheng Ren,  
 Yingli Su,  Hung-Yi Tsai,  C. Utku,  Fang Wang

 Contributors to earlier versions of Q-Chem not listed above: 
 R. D. Adamson,  B. Austin,  R. Baer,  J. Baker,  G. J. O. Beran,  
 K. Brandhorst,  S. T. Brown,  E. F. C. Byrd,  A. K. Chakraborty,  
 G. K. L. Chan,  Chun-Min Chang,  Yunqing Chen,  C.-L. Cheng,  
 Siu Hung Chien,  D. M. Chipman,  D. L. Crittenden,  H. Dachsel,  
 R. J. Doerksen,  A. D. Dutoi,  R. G. Edgar,  J. Fosso-Tande,  
 L. Fusti-Molnar,  D. Ghosh,  A. Ghysels,  A. Golubeva-Zadorozhnaya,  
 J. Gonthier,  M. S. Gordon,  S. R. Gwaltney,  G. Hawkins,  J. E. Herr,  
 A. Heyden,  S. Hirata,  E. G. Hohenstein,  G. Kedziora,  F. J. Keil,  
 C. Kelley,  Jihan Kim,  R. A. King,  R. Z. Khaliullin,  P. P. Korambath,  
 W. Kurlancheek,  A. Laurent,  A. M. Lee,  M. S. Lee,  S. V. Levchenko,  
 Ching Yeh Lin,  D. Liotard,  E. Livshits,  R. C. Lochan,  I. Lotan,  
 L. A. Martinez-Martinez,  P. E. Maslen,  N. Nair,  D. P. O'Neill,  
 D. Neuhauser,  E. Neuscamman,  C. M. Oana,  R. Olivares-Amaya,  R. Olson,  
 T. M. Perrine,  B. Peters,  P. A. Pieniazek,  A. Prociuk,  Y. M. Rhee,  
 J. Ritchie,  M. A. Rohrdanz,  E. Rosta,  N. J. Russ,  H. F. Schaefer III,  
 M. W. Schmidt,  N. E. Schultz,  S. Sharma,  N. Shenvi,  C. D. Sherrill,  
 A. C. Simmonett,  A. Sodt,  T. Stein,  D. Stuck,  K. S. Thanthiriwatte,  
 V. Vanovschi,  L. Vogt,  Tao Wang,  A. Warshel,  M. A. Watson,  
 C. F. Williams,  Q. Wu,  X. Xu,  Jun Yang,  W. Zhang,  Yan Zhao

 Please cite Q-Chem as follows:
 Y. Shao et al., Mol. Phys. 113, 184-215 (2015)
 DOI: 10.1080/00268976.2014.952696

 Q-Chem 5.4.1 for Intel X86 EM64T Linux

 Parts of Q-Chem use Armadillo 9.900.5 (Nocturnal Misbehaviour).
 http://arma.sourceforge.net/

 Q-Chem begins on Fri Jul  1 20:07:28 2022  

 Host: p09r16n03.grace.hpc.yale.internal
0

     Scratch files written to /home/tl686/scratch60/qchem_dev/scratch/qchem135804//
 Processing $rem in /home/tl686/qchem_dev/qchem/config/preferences:
 Processing $rem in /home/tl686/.qchemrc:

 Checking the input file for inconsistencies... 	...done.

--------------------------------------------------------------
User input:
--------------------------------------------------------------
$molecule
0   1
 Fe 112.50114122 2.98144189 0.71804378
C 114.21405875 5.37257662 2.52625976
C 111.01067847 0.90893689 -1.63158129
C 112.21849468 5.24886564 -1.79922250
C 114.90438483 0.60883265 1.46920270
C 109.64181537 2.92063455 2.63995756
O 115.44185885 6.93415553 3.59221836
O 110.09207029 -0.30714612 -3.25045480
O 111.59373375 6.75523520 -3.25596852
O 116.45198162 -0.88061278 2.24415195
O 107.68268205 2.84255585 3.59451544

$end

$rem
     JOBTYPE  force
     METHOD   bp86
     BASIS    def2-msvp
     MAX_SCF_CYCLES   800
     INPUT_BOHR TRUE
     SYM_IGNORE TRUE
$end

--------------------------------------------------------------
 ----------------------------------------------------------------
             Standard Nuclear Orientation (Bohr)
    I     Atom           X                Y                Z
 ----------------------------------------------------------------
    1      Fe    112.5011412200     2.9814418900     0.7180437800
    2      C     114.2140587500     5.3725766200     2.5262597600
    3      C     111.0106784700     0.9089368900    -1.6315812900
    4      C     112.2184946800     5.2488656400    -1.7992225000
    5      C     114.9043848300     0.6088326500     1.4692027000
    6      C     109.6418153700     2.9206345500     2.6399575600
    7      O     115.4418588500     6.9341555300     3.5922183600
    8      O     110.0920702900    -0.3071461200    -3.2504548000
    9      O     111.5937337500     6.7552352000    -3.2559685200
   10      O     116.4519816200    -0.8806127800     2.2441519500
   11      O     107.6826820500     2.8425558500     3.5945154400
 ----------------------------------------------------------------
 Nuclear Repulsion Energy =         793.59717237 hartrees
 There are       48 alpha and       48 beta electrons
 Requested basis set is def2-mSVP
 There are 80 shells and 174 basis functions

 Total QAlloc Memory Limit   2000 MB
 Mega-Array Size       188 MB
 MEM_STATIC part       192 MB

                       Distance Matrix (Bohrs)
             Fe(  1)   C (  2)   C (  3)   C (  4)   C (  5)   C (  6)
   C (  2)  3.452717
   C (  3)  3.469509  6.890092
   C (  4)  3.399666  4.765226  4.507982
   C (  5)  3.459638  4.928202  4.986569  6.279054
   C (  6)  3.445750  5.189447  4.915970  5.636156  5.865981
   O (  7)  5.703740  2.254393  9.122867  6.503685  6.693712  7.117279
   O (  8)  5.689237  9.089580  2.223387  6.123481  6.802393  6.731883
   O (  9)  5.554969  6.497077  6.095719  2.186683  8.430060  7.299047
   O ( 10)  5.731807  6.647576  6.916038  8.475954  2.283429  7.809258
   O ( 11)  5.613459  7.085270  6.490495  7.446901  7.852354  2.180706
             O (  7)   O (  8)   O (  9)   O ( 10)
   O (  8) 11.308354
   O (  9)  7.857337  7.220267
   O ( 10)  7.994263  8.424253 10.590565
   O ( 11)  8.771888  7.910714  8.805369  9.622166

 A cutoff of  1.0D-11 yielded   2483 shell pairs
 There are     12803 function pairs (     14659 Cartesian)
 Smallest overlap matrix eigenvalue = 2.63E-03

 Scale SEOQF with 1.000000e-04/1.000000e-01/1.000000e-01

 Standard Electronic Orientation quadrupole field applied
 Nucleus-field energy     =     0.0000000244 hartrees
 Guess from superposition of atomic densities
 Warning:  Energy on first SCF cycle will be non-variational
 SAD guess density has 96.000000 electrons

 -----------------------------------------------------------------------
  General SCF calculation program by
  Eric Jon Sundstrom, Paul Horn, Yuezhi Mao, Dmitri Zuev, Alec White,
  David Stuck, Shaama M.S., Shane Yost, Joonho Lee, David Small,
  Daniel Levine, Susi Lehtola, Hugh Burton, Evgeny Epifanovsky,
  Bang C. Huynh
 -----------------------------------------------------------------------
 Exchange:  B88      Correlation:  P86
 Using SG-1 standard quadrature grid
 using 2 threads for integral computing
 -------------------------------------------------------
 OpenMP Integral computing Module                
 Release: version 1.0, May 2013, Q-Chem Inc. Pittsburgh 
 -------------------------------------------------------
 A restricted SCF calculation will be
 performed using DIIS
 SCF converges when DIIS error is below 1.0e-08
 ---------------------------------------
  Cycle       Energy         DIIS error
 ---------------------------------------
    1   -1832.0564976084      6.63e-02  
    2   -1830.4498860513      4.52e-03  
    3   -1830.3565396418      7.69e-03  
    4   -1830.4554015604      5.00e-03  
    5   -1830.3685659922      8.51e-03  
    6   -1830.5174726601      4.78e-04  
    7   -1830.5180681713      2.48e-04  
    8   -1830.5182463637      1.26e-04  
    9   -1830.5182955491      2.58e-05  
   10   -1830.5182971326      1.26e-05  
   11   -1830.5182976297      4.30e-06  
   12   -1830.5182976618      1.89e-06  
   13   -1830.5182976774      2.01e-07  
   14   -1830.5182976772      1.38e-07  
   15   -1830.5182976771      3.41e-08  
   16   -1830.5182976771      1.30e-08  
   17   -1830.5182976771      1.39e-09  Convergence criterion met
 ---------------------------------------
 SCF time:   CPU 23.01s  wall 12.00s 
 SCF   energy in the final basis set =    -1830.5182976771
 Total energy in the final basis set =    -1830.5182976771

 --------------------------------------------------------------

                    Orbital Energies (a.u.)
 --------------------------------------------------------------

 Alpha MOs
 -- Occupied --
******** -29.6388 -25.5991 -25.5859 -25.5819 -18.8934 -18.8863 -18.8803
-18.8786 -18.8727 -10.0653 -10.0596 -10.0477 -10.0462 -10.0420  -3.3222
 -2.1577  -2.1337  -2.1244  -1.0590  -1.0570  -1.0561  -1.0422  -1.0206
 -0.5764  -0.5305  -0.5210  -0.5169  -0.5149  -0.4581  -0.4470  -0.4378
 -0.4330  -0.4268  -0.4259  -0.4216  -0.4194  -0.4160  -0.4100  -0.4026
 -0.3994  -0.3939  -0.3918  -0.3804  -0.2788  -0.2717  -0.2336  -0.2252
 -- Virtual --
 -0.1032  -0.0995  -0.0920  -0.0891  -0.0844  -0.0778  -0.0724  -0.0614
 -0.0483  -0.0443  -0.0258   0.0109   0.1850   0.2084   0.2180   0.2434
  0.2835   0.3199   0.3649   0.3947   0.4033   0.4150   0.4260   0.4377
  0.4423   0.4728   0.4878   0.5074   0.5229   0.5474   0.5561   0.5828
  0.6028   0.6186   0.6203   0.6350   0.7400   0.7533   0.7610   0.7728
  0.7798   0.8239   0.8341   0.8440   0.8707   0.9068   0.9386   0.9576
  0.9668   0.9766   0.9876   0.9986   1.0105   1.0201   1.0409   1.0489
  1.1919   1.2147   1.2632   1.3121   1.4002   1.4042   1.4112   1.4119
  1.4175   1.4213   1.4283   1.4355   1.4478   1.4602   1.4731   1.4785
  1.4998   1.5165   1.5413   1.5514   1.5701   1.6364   1.6505   1.6650
  1.6767   1.8126   1.8253   1.8325   1.8359   1.8388   1.8416   1.8483
  1.8508   1.8586   1.8719   1.8740   1.8873   1.8942   1.9159   1.9525
  2.3386   2.3740   2.4044   2.4316   2.4441   2.4513   2.4698   2.4763
  2.5006   2.5178   2.6264   2.6322   2.6403   2.6430   2.6544   2.7964
  2.8054   2.8816   2.8943   2.9475  13.2448  13.2693  13.3158  13.3267
 13.4244  24.9050  24.9257  24.9435  24.9709  25.0141
 --------------------------------------------------------------

          Ground-State Mulliken Net Atomic Charges

     Atom                 Charge (a.u.)
  ----------------------------------------
      1 Fe                   -0.502693
      2 C                     0.216783
      3 C                     0.214633
      4 C                     0.209722
      5 C                     0.226101
      6 C                     0.244350
      7 O                    -0.133259
      8 O                    -0.113192
      9 O                    -0.105631
     10 O                    -0.152007
     11 O                    -0.104807
  ----------------------------------------
  Sum of atomic charges =     0.000000

 -----------------------------------------------------------------
                    Cartesian Multipole Moments
 -----------------------------------------------------------------
    Charge (ESU x 10^10)
                -0.0000
    Dipole Moment (Debye)
         X      -0.2864483996      Y       0.1109831934      Z      -0.2871337529
       Tot       0.4204946455
    Quadrupole Moments (Debye-Ang)
        XX    -104.7786     XY       7.0586     YY     -69.6028
        XZ     -18.1993     YZ       0.2915     ZZ     -69.4115
    Octopole Moments (Debye-Ang^2)
       XXX  -15653.1541    XXY     337.6213    XYY   -4142.4916
       YYY    -335.7745    XXZ   -1179.8318    XYZ      16.1143
       YYZ     -21.1402    XZZ   -4125.5364    YZZ    -112.1459
       ZZZ     -66.3299
    Hexadecapole Moments (Debye-Ang^3)
      XXXX ************   XXXY    8684.1999   XXYY -246967.1388
      XYYY  -19995.0381   YYYY   -1815.9873   XXXZ  -77857.9321
      XXYZ     830.0310   XYYZ   -1303.7152   YYYZ    -123.1610
      XXZZ -245456.3820   XYZZ   -6674.2382   YYZZ    -440.0106
      XZZZ   -4021.7950   YZZZ    -127.7277   ZZZZ    -713.4231
 -----------------------------------------------------------------
 Calculating analytic gradient of the SCF energy
 Gradient of SCF Energy
            1           2           3           4           5           6
    1   0.0020896  -0.0283233   0.0042550   0.0031128  -0.0446536  -0.0241057
    2   0.0067530  -0.0281085   0.0135166   0.0051018   0.0400445  -0.0006059
    3   0.0092225  -0.0233844   0.0113817  -0.0175536  -0.0324886   0.0145706
            7           8           9          10          11
    1   0.0326954  -0.0109503  -0.0016164   0.0503777   0.0171187
    2   0.0380918  -0.0150523  -0.0121449  -0.0475366  -0.0000595
    3   0.0259380  -0.0216886   0.0164076   0.0301978  -0.0126029
 Max gradient component =       5.038E-02
 RMS gradient           =       2.399E-02
 Gradient time:  CPU 2.70 s  wall 1.46 s
 Total job time:  13.76s(wall), 25.88s(cpu) 
 Fri Jul  1 20:07:42 2022

        *************************************************************
        *                                                           *
        *  Thank you very much for using Q-Chem.  Have a nice day.  *
        *                                                           *
        *************************************************************


 
User input: 2 of 2 
 
                  Welcome to Q-Chem
     A Quantum Leap Into The Future Of Chemistry


 Q-Chem 5.4 (devel), Q-Chem, Inc., Pleasanton, CA (2021)

 E. Epifanovsky,  A. T. B. Gilbert,  Xintian Feng,  Joonho Lee,  Yuezhi Mao,  
 N. Mardirossian,  P. Pokhilko,  A. White,  M. Wormit,  M. P. Coons,  
 A. L. Dempwolff,  Zhengting Gan,  D. Hait,  P. R. Horn,  L. D. Jacobson,  
 I. Kaliman,  J. Kussmann,  A. W. Lange,  Ka Un Lao,  D. S. Levine,  Jie Liu,  
 S. C. McKenzie,  A. F. Morrison,  K. Nanda,  F. Plasser,  D. R. Rehn,  
 M. L. Vidal,  Zhi-Qiang You,  Ying Zhu,  B. Alam,  B. Albrecht,  
 A. Aldossary,  E. Alguire,  J. H. Andersen,  D. Barton,  K. Begam,  A. Behn,  
 Y. A. Bernard,  E. J. Berquist,  H. Burton,  A. Carreras,  K. Carter-Fenk,  
 R. Chakraborty,  A. D. Chien,  K. D. Closser,  V. Cofer-Shabica,  
 S. Dasgupta,  Jia Deng,  M. de Wergifosse,  M. Diedenhofen,  Hainam Do,  
 S. Ehlert,  Po-Tung Fang,  S. Fatehi,  Qingguo Feng,  T. Friedhoff,  
 J. Gayvert,  Qinghui Ge,  G. Gidofalvi,  M. Goldey,  J. Gomes,  
 C. Gonzalez-Espinoza,  S. Gulania,  A. Gunina,  M. W. D. Hanson-Heine,  
 P. H. P. Harbach,  A. W. Hauser,  M. F. Herbst,  M. Hernandez Vera,  
 M. Hodecker,  Z. C. Holden,  S. Houck,  Xunkun Huang,  Kerwin Hui,  
 B. C. Huynh,  M. Ivanov,  Hyunjun Ji,  Hanjie Jiang,  B. Kaduk,  S. Kaehler,  
 K. Khistyaev,  Jaehoon Kim,  P. Klunzinger,  Z. Koczor-Benda,  
 Joong Hoon Koh,  D. Kosenkov,  L. Koulias,  T. Kowalczyk,  C. M. Krauter,  
 K. Kue,  A. Kunitsa,  T. Kus,  A. Landau,  K. V. Lawler,  D. Lefrancois,  
 S. Lehtola,  Rain Li,  Yi-Pei Li,  Jiashu Liang,  M. Liebenthal,  
 Hung-Hsuan Lin,  You-Sheng Lin,  Fenglai Liu,  Kuan-Yu Liu,  
 M. Loipersberger,  A. Luenser,  A. Manjanath,  P. Manohar,  E. Mansoor,  
 S. F. Manzer,  Shan-Ping Mao,  A. V. Marenich,  T. Markovich,  S. Mason,  
 S. A. Maurer,  P. F. McLaughlin,  M. F. S. J. Menger,  J.-M. Mewes,  
 S. A. Mewes,  P. Morgante,  J. W. Mullinax,  K. J. Oosterbaan,  G. Paran,  
 Alexander C. Paul,  Suranjan K. Paul,  F. Pavosevic,  Zheng Pei,  S. Prager,  
 E. I. Proynov,  E. Ramos,  B. Rana,  A. E. Rask,  A. Rettig,  R. M. Richard,  
 F. Rob,  E. Rossomme,  T. Scheele,  M. Scheurer,  M. Schneider,  
 N. Sergueev,  S. M. Sharada,  W. Skomorowski,  D. W. Small,  C. J. Stein,  
 Yu-Chuan Su,  E. J. Sundstrom,  Zhen Tao,  J. Thirman,  T. Tsuchimochi,  
 N. M. Tubman,  S. P. Veccham,  O. Vydrov,  J. Wenzel,  J. Witte,  A. Yamada,  
 Kun Yao,  S. Yeganeh,  S. R. Yost,  A. Zech,  Igor Ying Zhang,  Xing Zhang,  
 Yu Zhang,  D. Zuev,  A. Aspuru-Guzik,  A. T. Bell,  N. A. Besley,  
 K. B. Bravaya,  B. R. Brooks,  D. Casanova,  Jeng-Da Chai,  S. Coriani,  
 C. J. Cramer,  A. E. DePrince, III,  R. A. DiStasio Jr.,  A. Dreuw,  
 B. D. Dunietz,  T. R. Furlani,  W. A. Goddard III,  S. Grimme,  
 S. Hammes-Schiffer,  T. Head-Gordon,  W. J. Hehre,  Chao-Ping Hsu,  
 T.-C. Jagau,  Yousung Jung,  A. Klamt,  Jing Kong,  D. S. Lambrecht,  
 WanZhen Liang,  N. J. Mayhall,  C. W. McCurdy,  J. B. Neaton,  
 C. Ochsenfeld,  J. A. Parkhill,  R. Peverati,  V. A. Rassolov,  Yihan Shao,  
 L. V. Slipchenko,  T. Stauch,  R. P. Steele,  J. E. Subotnik,  
 A. J. W. Thom,  A. Tkatchenko,  D. G. Truhlar,  T. Van Voorhis,  
 T. A. Wesolowski,  K. B. Whaley,  H. L. Woodcock III,  P. M. Zimmerman,  
 S. Faraji,  P. M. W. Gill,  M. Head-Gordon,  J. M. Herbert,  A. I. Krylov

 Additional authors for Version 5.4.1: 
 S. Kotaru,  Shaozhi Li,  Xiangyuan Li,  F. Matz,  A. Molle,  Haisheng Ren,  
 Yingli Su,  Hung-Yi Tsai,  C. Utku,  Fang Wang

 Contributors to earlier versions of Q-Chem not listed above: 
 R. D. Adamson,  B. Austin,  R. Baer,  J. Baker,  G. J. O. Beran,  
 K. Brandhorst,  S. T. Brown,  E. F. C. Byrd,  A. K. Chakraborty,  
 G. K. L. Chan,  Chun-Min Chang,  Yunqing Chen,  C.-L. Cheng,  
 Siu Hung Chien,  D. M. Chipman,  D. L. Crittenden,  H. Dachsel,  
 R. J. Doerksen,  A. D. Dutoi,  R. G. Edgar,  J. Fosso-Tande,  
 L. Fusti-Molnar,  D. Ghosh,  A. Ghysels,  A. Golubeva-Zadorozhnaya,  
 J. Gonthier,  M. S. Gordon,  S. R. Gwaltney,  G. Hawkins,  J. E. Herr,  
 A. Heyden,  S. Hirata,  E. G. Hohenstein,  G. Kedziora,  F. J. Keil,  
 C. Kelley,  Jihan Kim,  R. A. King,  R. Z. Khaliullin,  P. P. Korambath,  
 W. Kurlancheek,  A. Laurent,  A. M. Lee,  M. S. Lee,  S. V. Levchenko,  
 Ching Yeh Lin,  D. Liotard,  E. Livshits,  R. C. Lochan,  I. Lotan,  
 L. A. Martinez-Martinez,  P. E. Maslen,  N. Nair,  D. P. O'Neill,  
 D. Neuhauser,  E. Neuscamman,  C. M. Oana,  R. Olivares-Amaya,  R. Olson,  
 T. M. Perrine,  B. Peters,  P. A. Pieniazek,  A. Prociuk,  Y. M. Rhee,  
 J. Ritchie,  M. A. Rohrdanz,  E. Rosta,  N. J. Russ,  H. F. Schaefer III,  
 M. W. Schmidt,  N. E. Schultz,  S. Sharma,  N. Shenvi,  C. D. Sherrill,  
 A. C. Simmonett,  A. Sodt,  T. Stein,  D. Stuck,  K. S. Thanthiriwatte,  
 V. Vanovschi,  L. Vogt,  Tao Wang,  A. Warshel,  M. A. Watson,  
 C. F. Williams,  Q. Wu,  X. Xu,  Jun Yang,  W. Zhang,  Yan Zhao

 Please cite Q-Chem as follows:
 Y. Shao et al., Mol. Phys. 113, 184-215 (2015)
 DOI: 10.1080/00268976.2014.952696

 Q-Chem 5.4.1 for Intel X86 EM64T Linux

 Parts of Q-Chem use Armadillo 9.900.5 (Nocturnal Misbehaviour).
 http://arma.sourceforge.net/

 Q-Chem begins on Fri Jul  1 20:07:42 2022  

 Host: p09r16n03.grace.hpc.yale.internal
0

     Scratch files written to /home/tl686/scratch60/qchem_dev/scratch/qchem135804//
 Processing $rem in /home/tl686/qchem_dev/qchem/config/preferences:
 Processing $rem in /home/tl686/.qchemrc:
The previous job contains 0 fragments, simply inherited here

 Checking the input file for inconsistencies... 	...done.

--------------------------------------------------------------
User input:
--------------------------------------------------------------

$molecule
READ
$end

$rem
     JOBTYPE  freq
     METHOD   bp86
     BASIS    def2-msvp
     MAX_SCF_CYCLES   800
     INPUT_BOHR TRUE
     SYM_IGNORE TRUE
     SCF_GUESS     read 
$end
--------------------------------------------------------------
 ----------------------------------------------------------------
             Standard Nuclear Orientation (Bohr)
    I     Atom           X                Y                Z
 ----------------------------------------------------------------
    1      Fe    112.5011412200     2.9814418900     0.7180437800
    2      C     114.2140587500     5.3725766200     2.5262597600
    3      C     111.0106784700     0.9089368900    -1.6315812900
    4      C     112.2184946800     5.2488656400    -1.7992225000
    5      C     114.9043848300     0.6088326500     1.4692027000
    6      C     109.6418153700     2.9206345500     2.6399575600
    7      O     115.4418588500     6.9341555300     3.5922183600
    8      O     110.0920702900    -0.3071461200    -3.2504548000
    9      O     111.5937337500     6.7552352000    -3.2559685200
   10      O     116.4519816200    -0.8806127800     2.2441519500
   11      O     107.6826820500     2.8425558500     3.5945154400
 ----------------------------------------------------------------
 Nuclear Repulsion Energy =         793.59717237 hartrees
 There are       48 alpha and       48 beta electrons
 Requested basis set is def2-mSVP
 There are 80 shells and 174 basis functions

 Total QAlloc Memory Limit   2000 MB
 Mega-Array Size       204 MB
 MEM_STATIC part       192 MB

                       Distance Matrix (Bohrs)
             Fe(  1)   C (  2)   C (  3)   C (  4)   C (  5)   C (  6)
   C (  2)  3.452717
   C (  3)  3.469509  6.890092
   C (  4)  3.399666  4.765226  4.507982
   C (  5)  3.459638  4.928202  4.986569  6.279054
   C (  6)  3.445750  5.189447  4.915970  5.636156  5.865981
   O (  7)  5.703740  2.254393  9.122867  6.503685  6.693712  7.117279
   O (  8)  5.689237  9.089580  2.223387  6.123481  6.802393  6.731883
   O (  9)  5.554969  6.497077  6.095719  2.186683  8.430060  7.299047
   O ( 10)  5.731807  6.647576  6.916038  8.475954  2.283429  7.809258
   O ( 11)  5.613459  7.085270  6.490495  7.446901  7.852354  2.180706
             O (  7)   O (  8)   O (  9)   O ( 10)
   O (  8) 11.308354
   O (  9)  7.857337  7.220267
   O ( 10)  7.994263  8.424253 10.590565
   O ( 11)  8.771888  7.910714  8.805369  9.622166

 A cutoff of  1.0D-11 yielded   2483 shell pairs
 There are     12803 function pairs (     14659 Cartesian)
 Smallest overlap matrix eigenvalue = 2.63E-03
 Guess MOs from SCF MO coefficient file

 -----------------------------------------------------------------------
  General SCF calculation program by
  Eric Jon Sundstrom, Paul Horn, Yuezhi Mao, Dmitri Zuev, Alec White,
  David Stuck, Shaama M.S., Shane Yost, Joonho Lee, David Small,
  Daniel Levine, Susi Lehtola, Hugh Burton, Evgeny Epifanovsky,
  Bang C. Huynh
 -----------------------------------------------------------------------
 Exchange:  B88      Correlation:  P86
 Using SG-1 standard quadrature grid
 using 2 threads for integral computing
 -------------------------------------------------------
 OpenMP Integral computing Module                
 Release: version 1.0, May 2013, Q-Chem Inc. Pittsburgh 
 -------------------------------------------------------
 A restricted SCF calculation will be
 performed using DIIS
 SCF converges when DIIS error is below 1.0e-08
 ---------------------------------------
  Cycle       Energy         DIIS error
 ---------------------------------------
    1   -1830.5182976775      1.19e-09  
    2   -1830.5182976763      4.10e-09  Convergence criterion met
 ---------------------------------------
 SCF time:   CPU 2.58s  wall 1.00s 
 SCF   energy in the final basis set =    -1830.5182976763
 Total energy in the final basis set =    -1830.5182976763

 --------------------------------------------------------------

                    Orbital Energies (a.u.)
 --------------------------------------------------------------

 Alpha MOs
 -- Occupied --
******** -29.6388 -25.5991 -25.5859 -25.5819 -18.8934 -18.8863 -18.8803
-18.8786 -18.8727 -10.0653 -10.0596 -10.0477 -10.0462 -10.0420  -3.3222
 -2.1577  -2.1337  -2.1244  -1.0590  -1.0570  -1.0561  -1.0422  -1.0206
 -0.5764  -0.5305  -0.5210  -0.5169  -0.5149  -0.4581  -0.4470  -0.4378
 -0.4330  -0.4268  -0.4259  -0.4216  -0.4194  -0.4160  -0.4100  -0.4026
 -0.3994  -0.3939  -0.3918  -0.3804  -0.2788  -0.2717  -0.2336  -0.2252
 -- Virtual --
 -0.1032  -0.0995  -0.0920  -0.0891  -0.0844  -0.0778  -0.0724  -0.0614
 -0.0483  -0.0443  -0.0258   0.0109   0.1850   0.2084   0.2180   0.2434
  0.2835   0.3199   0.3649   0.3947   0.4033   0.4150   0.4260   0.4377
  0.4423   0.4728   0.4878   0.5074   0.5229   0.5474   0.5561   0.5828
  0.6028   0.6186   0.6203   0.6350   0.7400   0.7533   0.7610   0.7728
  0.7798   0.8239   0.8341   0.8440   0.8707   0.9068   0.9386   0.9576
  0.9668   0.9766   0.9876   0.9986   1.0105   1.0201   1.0409   1.0489
  1.1919   1.2147   1.2632   1.3121   1.4002   1.4042   1.4112   1.4119
  1.4175   1.4213   1.4283   1.4355   1.4478   1.4602   1.4731   1.4785
  1.4998   1.5165   1.5413   1.5514   1.5701   1.6364   1.6505   1.6650
  1.6767   1.8126   1.8253   1.8325   1.8359   1.8388   1.8416   1.8483
  1.8508   1.8586   1.8719   1.8740   1.8873   1.8942   1.9159   1.9525
  2.3386   2.3740   2.4044   2.4316   2.4441   2.4513   2.4698   2.4763
  2.5006   2.5178   2.6264   2.6322   2.6403   2.6430   2.6544   2.7964
  2.8054   2.8816   2.8943   2.9475  13.2448  13.2693  13.3158  13.3267
 13.4244  24.9050  24.9257  24.9435  24.9709  25.0141
 --------------------------------------------------------------

          Ground-State Mulliken Net Atomic Charges

     Atom                 Charge (a.u.)
  ----------------------------------------
      1 Fe                   -0.502695
      2 C                     0.216784
      3 C                     0.214633
      4 C                     0.209722
      5 C                     0.226102
      6 C                     0.244350
      7 O                    -0.133259
      8 O                    -0.113192
      9 O                    -0.105632
     10 O                    -0.152007
     11 O                    -0.104806
  ----------------------------------------
  Sum of atomic charges =     0.000000

 -----------------------------------------------------------------
                    Cartesian Multipole Moments
 -----------------------------------------------------------------
    Charge (ESU x 10^10)
                -0.0000
    Dipole Moment (Debye)
         X      -0.2864488513      Y       0.1109773811      Z      -0.2871279796
       Tot       0.4204894769
    Quadrupole Moments (Debye-Ang)
        XX    -104.7786     XY       7.0583     YY     -69.6028
        XZ     -18.1989     YZ       0.2915     ZZ     -69.4115
    Octopole Moments (Debye-Ang^2)
       XXX  -15653.1539    XXY     337.6009    XYY   -4142.4921
       YYY    -335.7745    XXZ   -1179.8118    XYZ      16.1153
       YYZ     -21.1402    XZZ   -4125.5355    YZZ    -112.1459
       ZZZ     -66.3299
    Hexadecapole Moments (Debye-Ang^3)
      XXXX ************   XXXY    8682.9870   XXYY -246967.1629
      XYYY  -19995.0387   YYYY   -1815.9873   XXXZ  -77856.7536
      XXYZ     830.0869   XYYZ   -1303.7120   YYYZ    -123.1608
      XXZZ -245456.3300   XYZZ   -6674.2375   YYZZ    -440.0105
      XZZZ   -4021.7932   YZZZ    -127.7276   ZZZZ    -713.4230
 -----------------------------------------------------------------
 Calculating MO derivatives via CPSCF
 Full subspace dimension requested for CIS/TDDFT
 MAX_CIS_SUBSPACE fits in available memory
    1     0    36    0.0400541  
    2     0    36    0.0062290  
    3     0    36    0.0006490  
    4     0    36    0.0000520  
    5    33     3    0.0000016  
    6    36     0    0.0000001  Converged
 Time for AOints: 6.2 s (CPU) 3.2 s (wall)
 ------------------------------------------------------------------------------
                     AOints        : Timing summary (seconds)
 ------------------------------------------------------------------------------
     job step          cpu (% of tot)      sys (% of tot)     wall (% of tot)
 ------------------------------------------------------------------------------
  AOints            0.6195E+01 ( 3.7)   0.1400E-04 (13.3)   0.3158E+01 ( 3.8)
 ------------------------------------------------------------------------------
   Grand Totals     0.1665E+03          0.1050E-03          0.8380E+02
 ------------------------------------------------------------------------------
