                  Welcome to Q-Chem
     A Quantum Leap Into The Future Of Chemistry


 Q-Chem 5.4 (devel), Q-Chem, Inc., Pleasanton, CA (2021)

 E. Epifanovsky,  A. T. B. Gilbert,  Xintian Feng,  Joonho Lee,  Yuezhi Mao,  
 N. Mardirossian,  P. Pokhilko,  A. White,  M. Wormit,  M. P. Coons,  
 A. L. Dempwolff,  Zhengting Gan,  D. Hait,  P. R. Horn,  L. D. Jacobson,  
 I. Kaliman,  J. Kussmann,  A. W. Lange,  Ka Un Lao,  D. S. Levine,  Jie Liu,  
 S. C. McKenzie,  A. F. Morrison,  K. Nanda,  F. Plasser,  D. R. Rehn,  
 M. L. Vidal,  Zhi-Qiang You,  Ying Zhu,  B. Alam,  B. Albrecht,  
 A. Aldossary,  E. Alguire,  J. H. Andersen,  D. Barton,  K. Begam,  A. Behn,  
 Y. A. Bernard,  E. J. Berquist,  H. Burton,  A. Carreras,  K. Carter-Fenk,  
 R. Chakraborty,  A. D. Chien,  K. D. Closser,  V. Cofer-Shabica,  
 S. Dasgupta,  Jia Deng,  M. de Wergifosse,  M. Diedenhofen,  Hainam Do,  
 S. Ehlert,  Po-Tung Fang,  S. Fatehi,  Qingguo Feng,  T. Friedhoff,  
 J. Gayvert,  Qinghui Ge,  G. Gidofalvi,  M. Goldey,  J. Gomes,  
 C. Gonzalez-Espinoza,  S. Gulania,  A. Gunina,  M. W. D. Hanson-Heine,  
 P. H. P. Harbach,  A. W. Hauser,  M. F. Herbst,  M. Hernandez Vera,  
 M. Hodecker,  Z. C. Holden,  S. Houck,  Xunkun Huang,  Kerwin Hui,  
 B. C. Huynh,  M. Ivanov,  Hyunjun Ji,  Hanjie Jiang,  B. Kaduk,  S. Kaehler,  
 K. Khistyaev,  Jaehoon Kim,  P. Klunzinger,  Z. Koczor-Benda,  
 Joong Hoon Koh,  D. Kosenkov,  L. Koulias,  T. Kowalczyk,  C. M. Krauter,  
 K. Kue,  A. Kunitsa,  T. Kus,  A. Landau,  K. V. Lawler,  D. Lefrancois,  
 S. Lehtola,  Rain Li,  Yi-Pei Li,  Jiashu Liang,  M. Liebenthal,  
 Hung-Hsuan Lin,  You-Sheng Lin,  Fenglai Liu,  Kuan-Yu Liu,  
 M. Loipersberger,  A. Luenser,  A. Manjanath,  P. Manohar,  E. Mansoor,  
 S. F. Manzer,  Shan-Ping Mao,  A. V. Marenich,  T. Markovich,  S. Mason,  
 S. A. Maurer,  P. F. McLaughlin,  M. F. S. J. Menger,  J.-M. Mewes,  
 S. A. Mewes,  P. Morgante,  J. W. Mullinax,  K. J. Oosterbaan,  G. Paran,  
 Alexander C. Paul,  Suranjan K. Paul,  F. Pavosevic,  Zheng Pei,  S. Prager,  
 E. I. Proynov,  E. Ramos,  B. Rana,  A. E. Rask,  A. Rettig,  R. M. Richard,  
 F. Rob,  E. Rossomme,  T. Scheele,  M. Scheurer,  M. Schneider,  
 N. Sergueev,  S. M. Sharada,  W. Skomorowski,  D. W. Small,  C. J. Stein,  
 Yu-Chuan Su,  E. J. Sundstrom,  Zhen Tao,  J. Thirman,  T. Tsuchimochi,  
 N. M. Tubman,  S. P. Veccham,  O. Vydrov,  J. Wenzel,  J. Witte,  A. Yamada,  
 Kun Yao,  S. Yeganeh,  S. R. Yost,  A. Zech,  Igor Ying Zhang,  Xing Zhang,  
 Yu Zhang,  D. Zuev,  A. Aspuru-Guzik,  A. T. Bell,  N. A. Besley,  
 K. B. Bravaya,  B. R. Brooks,  D. Casanova,  Jeng-Da Chai,  S. Coriani,  
 C. J. Cramer,  A. E. DePrince, III,  R. A. DiStasio Jr.,  A. Dreuw,  
 B. D. Dunietz,  T. R. Furlani,  W. A. Goddard III,  S. Grimme,  
 S. Hammes-Schiffer,  T. Head-Gordon,  W. J. Hehre,  Chao-Ping Hsu,  
 T.-C. Jagau,  Yousung Jung,  A. Klamt,  Jing Kong,  D. S. Lambrecht,  
 WanZhen Liang,  N. J. Mayhall,  C. W. McCurdy,  J. B. Neaton,  
 C. Ochsenfeld,  J. A. Parkhill,  R. Peverati,  V. A. Rassolov,  Yihan Shao,  
 L. V. Slipchenko,  T. Stauch,  R. P. Steele,  J. E. Subotnik,  
 A. J. W. Thom,  A. Tkatchenko,  D. G. Truhlar,  T. Van Voorhis,  
 T. A. Wesolowski,  K. B. Whaley,  H. L. Woodcock III,  P. M. Zimmerman,  
 S. Faraji,  P. M. W. Gill,  M. Head-Gordon,  J. M. Herbert,  A. I. Krylov

 Additional authors for Version 5.4.1: 
 S. Kotaru,  Shaozhi Li,  Xiangyuan Li,  F. Matz,  A. Molle,  Haisheng Ren,  
 Yingli Su,  Hung-Yi Tsai,  C. Utku,  Fang Wang

 Contributors to earlier versions of Q-Chem not listed above: 
 R. D. Adamson,  B. Austin,  R. Baer,  J. Baker,  G. J. O. Beran,  
 K. Brandhorst,  S. T. Brown,  E. F. C. Byrd,  A. K. Chakraborty,  
 G. K. L. Chan,  Chun-Min Chang,  Yunqing Chen,  C.-L. Cheng,  
 Siu Hung Chien,  D. M. Chipman,  D. L. Crittenden,  H. Dachsel,  
 R. J. Doerksen,  A. D. Dutoi,  R. G. Edgar,  J. Fosso-Tande,  
 L. Fusti-Molnar,  D. Ghosh,  A. Ghysels,  A. Golubeva-Zadorozhnaya,  
 J. Gonthier,  M. S. Gordon,  S. R. Gwaltney,  G. Hawkins,  J. E. Herr,  
 A. Heyden,  S. Hirata,  E. G. Hohenstein,  G. Kedziora,  F. J. Keil,  
 C. Kelley,  Jihan Kim,  R. A. King,  R. Z. Khaliullin,  P. P. Korambath,  
 W. Kurlancheek,  A. Laurent,  A. M. Lee,  M. S. Lee,  S. V. Levchenko,  
 Ching Yeh Lin,  D. Liotard,  E. Livshits,  R. C. Lochan,  I. Lotan,  
 L. A. Martinez-Martinez,  P. E. Maslen,  N. Nair,  D. P. O'Neill,  
 D. Neuhauser,  E. Neuscamman,  C. M. Oana,  R. Olivares-Amaya,  R. Olson,  
 T. M. Perrine,  B. Peters,  P. A. Pieniazek,  A. Prociuk,  Y. M. Rhee,  
 J. Ritchie,  M. A. Rohrdanz,  E. Rosta,  N. J. Russ,  H. F. Schaefer III,  
 M. W. Schmidt,  N. E. Schultz,  S. Sharma,  N. Shenvi,  C. D. Sherrill,  
 A. C. Simmonett,  A. Sodt,  T. Stein,  D. Stuck,  K. S. Thanthiriwatte,  
 V. Vanovschi,  L. Vogt,  Tao Wang,  A. Warshel,  M. A. Watson,  
 C. F. Williams,  Q. Wu,  X. Xu,  Jun Yang,  W. Zhang,  Yan Zhao

 Please cite Q-Chem as follows:
 Y. Shao et al., Mol. Phys. 113, 184-215 (2015)
 DOI: 10.1080/00268976.2014.952696

 Q-Chem 5.4.1 for Intel X86 EM64T Linux

 Parts of Q-Chem use Armadillo 9.900.5 (Nocturnal Misbehaviour).
 http://arma.sourceforge.net/

 Q-Chem begins on Fri Jul  1 20:07:28 2022  

 Host: p09r16n03.grace.hpc.yale.internal
0

     Scratch files written to /home/tl686/scratch60/qchem_dev/scratch/qchem135584//
 Processing $rem in /home/tl686/qchem_dev/qchem/config/preferences:
 Processing $rem in /home/tl686/.qchemrc:

 Checking the input file for inconsistencies... 	...done.

--------------------------------------------------------------
User input:
--------------------------------------------------------------
$molecule
0   1
 Fe -10.10753379 12.07807590 4.71078694
C -9.28669350 15.31631701 4.55193926
C -10.56650553 8.75746286 4.43917738
C -7.41641060 11.76434956 2.68393688
C -10.01240294 12.00628467 8.19677685
C -12.92758530 12.88971053 2.98890410
O -8.82199091 17.36271088 4.14830493
O -11.13083890 6.62406275 4.37031459
O -5.70800729 11.68766145 1.31120343
O -9.69418539 12.21865938 10.32945705
O -14.53476505 13.46147689 1.64239961

$end

$rem
     JOBTYPE  force
     METHOD   bp86
     BASIS    def2-msvp
     MAX_SCF_CYCLES   800
     INPUT_BOHR TRUE
     SYM_IGNORE TRUE
$end

--------------------------------------------------------------
 ----------------------------------------------------------------
             Standard Nuclear Orientation (Bohr)
    I     Atom           X                Y                Z
 ----------------------------------------------------------------
    1      Fe    -10.1075337900    12.0780759000     4.7107869400
    2      C      -9.2866935000    15.3163170100     4.5519392600
    3      C     -10.5665055300     8.7574628600     4.4391773800
    4      C      -7.4164106000    11.7643495600     2.6839368800
    5      C     -10.0124029400    12.0062846700     8.1967768500
    6      C     -12.9275853000    12.8897105300     2.9889041000
    7      O      -8.8219909100    17.3627108800     4.1483049300
    8      O     -11.1308389000     6.6240627500     4.3703145900
    9      O      -5.7080072900    11.6876614500     1.3112034300
   10      O      -9.6941853900    12.2186593800    10.3294570500
   11      O     -14.5347650500    13.4614768900     1.6423996100
 ----------------------------------------------------------------
 Nuclear Repulsion Energy =         807.51111597 hartrees
 There are       48 alpha and       48 beta electrons
 Requested basis set is def2-mSVP
 There are 80 shells and 174 basis functions

 Total QAlloc Memory Limit   2000 MB
 Mega-Array Size       188 MB
 MEM_STATIC part       192 MB

                       Distance Matrix (Bohrs)
             Fe(  1)   C (  2)   C (  3)   C (  4)   C (  5)   C (  6)
   C (  2)  3.344431
   C (  3)  3.363168  6.683502
   C (  4)  3.383591  4.427625  4.695246
   C (  5)  3.488027  4.976727  4.998142  6.098288
   C (  6)  3.402399  4.646245  4.975285  5.633160  6.033297
   O (  7)  5.467758  2.136960  8.785114  5.954971  6.818981  6.181250
   O (  8)  5.559616  8.887584  2.207852  6.562271  6.697837  6.662952
   O (  9)  5.573637  6.039578  6.478834  2.192925  8.126528  7.508789
   O ( 10)  5.635608  6.568199  6.887396  7.990534  2.166723  8.049155
   O ( 11)  5.561401  6.280773  6.759941  7.391618  8.095011  2.173251
             O (  7)   O (  8)   O (  9)   O ( 10)
   O (  8) 10.986293
   O (  9)  7.067689  8.025291
   O ( 10)  8.088797  8.299088  9.874233
   O ( 11)  7.357647  8.110392  9.009315 10.022014

 A cutoff of  1.0D-11 yielded   2499 shell pairs
 There are     12839 function pairs (     14680 Cartesian)
 Smallest overlap matrix eigenvalue = 2.40E-03

 Scale SEOQF with 1.000000e-02/1.000000e-02/1.000000e-02

 Standard Electronic Orientation quadrupole field applied
 Nucleus-field energy     =     0.0000000323 hartrees
 Guess from superposition of atomic densities
 Warning:  Energy on first SCF cycle will be non-variational
 SAD guess density has 96.000000 electrons

 -----------------------------------------------------------------------
  General SCF calculation program by
  Eric Jon Sundstrom, Paul Horn, Yuezhi Mao, Dmitri Zuev, Alec White,
  David Stuck, Shaama M.S., Shane Yost, Joonho Lee, David Small,
  Daniel Levine, Susi Lehtola, Hugh Burton, Evgeny Epifanovsky,
  Bang C. Huynh
 -----------------------------------------------------------------------
 Exchange:  B88      Correlation:  P86
 Using SG-1 standard quadrature grid
 using 2 threads for integral computing
 -------------------------------------------------------
 OpenMP Integral computing Module                
 Release: version 1.0, May 2013, Q-Chem Inc. Pittsburgh 
 -------------------------------------------------------
 A restricted SCF calculation will be
 performed using DIIS
 SCF converges when DIIS error is below 1.0e-08
 ---------------------------------------
  Cycle       Energy         DIIS error
 ---------------------------------------
    1   -1832.3689622518      7.02e-02  
    2   -1830.4471259988      4.53e-03  
    3   -1830.3351178496      8.75e-03  
    4   -1829.9388966013      1.68e-02  
    5   -1830.4247353833      6.39e-03  
    6   -1830.5126634558      1.71e-03  
    7   -1830.5183556818      3.70e-04  
    8   -1830.5186429153      1.97e-04  
    9   -1830.5187075468      1.06e-04  
   10   -1830.5187277629      5.17e-05  
   11   -1830.5187332292      1.06e-05  
   12   -1830.5187334959      1.52e-06  
   13   -1830.5187334990      8.88e-07  
   14   -1830.5187335012      1.99e-07  
   15   -1830.5187335015      9.04e-08  
   16   -1830.5187335014      2.58e-08  
   17   -1830.5187335014      9.19e-09  Convergence criterion met
 ---------------------------------------
 SCF time:   CPU 22.97s  wall 12.00s 
 SCF   energy in the final basis set =    -1830.5187335014
 Total energy in the final basis set =    -1830.5187335014

 --------------------------------------------------------------

                    Orbital Energies (a.u.)
 --------------------------------------------------------------

 Alpha MOs
 -- Occupied --
******** -29.6309 -25.5906 -25.5780 -25.5741 -18.8860 -18.8802 -18.8778
-18.8760 -18.8735 -10.0502 -10.0490 -10.0454 -10.0386 -10.0371  -3.3170
 -2.1539  -2.1280  -2.1201  -1.0792  -1.0591  -1.0544  -1.0520  -1.0507
 -0.5760  -0.5245  -0.5195  -0.5151  -0.5113  -0.4608  -0.4532  -0.4486
 -0.4351  -0.4318  -0.4299  -0.4236  -0.4210  -0.4181  -0.4136  -0.4126
 -0.4090  -0.3985  -0.3940  -0.3803  -0.2748  -0.2719  -0.2325  -0.2183
 -- Virtual --
 -0.0917  -0.0850  -0.0754  -0.0731  -0.0675  -0.0661  -0.0604  -0.0518
 -0.0416  -0.0246  -0.0122   0.0130   0.1906   0.2126   0.2258   0.2614
  0.2971   0.3213   0.3711   0.3967   0.4094   0.4166   0.4358   0.4487
  0.4578   0.4827   0.5008   0.5080   0.5238   0.5604   0.5798   0.5911
  0.6286   0.6368   0.6423   0.6731   0.7429   0.7532   0.7573   0.7626
  0.7784   0.8330   0.8390   0.8541   0.8965   0.9145   0.9463   0.9553
  0.9743   0.9774   0.9865   1.0062   1.0174   1.0283   1.0374   1.0560
  1.2274   1.2515   1.3067   1.3246   1.3977   1.4003   1.4106   1.4142
  1.4166   1.4213   1.4277   1.4305   1.4468   1.4655   1.4708   1.5103
  1.5248   1.5393   1.5498   1.6001   1.6299   1.6506   1.6758   1.6922
  1.7202   1.8245   1.8307   1.8355   1.8463   1.8556   1.8571   1.8632
  1.8673   1.8714   1.8814   1.8908   1.9086   1.9184   1.9464   1.9628
  2.3920   2.4307   2.4348   2.4630   2.4759   2.4886   2.4946   2.5087
  2.5228   2.5368   2.6609   2.6688   2.6733   2.6895   2.7100   2.8253
  2.8482   2.9105   2.9183   2.9889  13.2645  13.3128  13.3455  13.3579
 13.4742  24.9230  24.9452  24.9545  24.9791  25.0474
 --------------------------------------------------------------

          Ground-State Mulliken Net Atomic Charges

     Atom                 Charge (a.u.)
  ----------------------------------------
      1 Fe                   -0.488801
      2 C                     0.167673
      3 C                     0.191846
      4 C                     0.212922
      5 C                     0.209330
      6 C                     0.225947
      7 O                    -0.082143
      8 O                    -0.119426
      9 O                    -0.113566
     10 O                    -0.097968
     11 O                    -0.105814
  ----------------------------------------
  Sum of atomic charges =     0.000000

 -----------------------------------------------------------------
                    Cartesian Multipole Moments
 -----------------------------------------------------------------
    Charge (ESU x 10^10)
                -0.0000
    Dipole Moment (Debye)
         X       0.0946096847      Y       0.1580132423      Z       0.1553569659
       Tot       0.2409459775
    Quadrupole Moments (Debye-Ang)
        XX     -70.3256     XY      -0.4181     YY     -66.7401
        XZ      -0.7971     YZ       1.8096     ZZ     -68.9863
    Octopole Moments (Debye-Ang^2)
       XXX    1112.1385    XXY    -447.5654    XYY     357.1223
       YYY   -1306.0597    XXZ    -153.4023    XYZ     -11.1828
       YYZ    -145.8518    XZZ     364.1927    YZZ    -442.7329
       ZZZ    -505.3228
    Hexadecapole Moments (Debye-Ang^3)
      XXXX  -12364.6063   XXXY    7125.9991   XXYY   -5019.1061
      XYYY    6920.3872   YYYY  -17688.5664   XXXZ    2486.4433
      XXYZ    -941.2113   XYYZ     754.5920   YYYZ   -2976.7986
      XXZZ   -2500.3724   XYZZ    2326.4970   YYZZ   -3458.8126
      XZZZ    2664.7769   YZZZ   -3240.7625   ZZZZ   -3180.2418
 -----------------------------------------------------------------
 Calculating analytic gradient of the SCF energy
 Gradient of SCF Energy
            1           2           3           4           5           6
    1  -0.0130003   0.0194382   0.0219253   0.0071009   0.0001237  -0.0211124
    2   0.0030826   0.0537468   0.0178483   0.0012541  -0.0023548   0.0132086
    3   0.0029314  -0.0145040  -0.0094009  -0.0109946   0.0473684  -0.0184616
            7           8           9          10          11
    1  -0.0194937  -0.0097420  -0.0097567  -0.0015636   0.0260806
    2  -0.0740440  -0.0062458   0.0019514   0.0002650  -0.0087122
    3   0.0101273   0.0037573   0.0086408  -0.0373862   0.0179222
 Max gradient component =       7.404E-02
 RMS gradient           =       2.250E-02
 Gradient time:  CPU 2.66 s  wall 1.44 s
 Total job time:  13.80s(wall), 25.84s(cpu) 
 Fri Jul  1 20:07:42 2022

        *************************************************************
        *                                                           *
        *  Thank you very much for using Q-Chem.  Have a nice day.  *
        *                                                           *
        *************************************************************


 
User input: 2 of 2 
 
                  Welcome to Q-Chem
     A Quantum Leap Into The Future Of Chemistry


 Q-Chem 5.4 (devel), Q-Chem, Inc., Pleasanton, CA (2021)

 E. Epifanovsky,  A. T. B. Gilbert,  Xintian Feng,  Joonho Lee,  Yuezhi Mao,  
 N. Mardirossian,  P. Pokhilko,  A. White,  M. Wormit,  M. P. Coons,  
 A. L. Dempwolff,  Zhengting Gan,  D. Hait,  P. R. Horn,  L. D. Jacobson,  
 I. Kaliman,  J. Kussmann,  A. W. Lange,  Ka Un Lao,  D. S. Levine,  Jie Liu,  
 S. C. McKenzie,  A. F. Morrison,  K. Nanda,  F. Plasser,  D. R. Rehn,  
 M. L. Vidal,  Zhi-Qiang You,  Ying Zhu,  B. Alam,  B. Albrecht,  
 A. Aldossary,  E. Alguire,  J. H. Andersen,  D. Barton,  K. Begam,  A. Behn,  
 Y. A. Bernard,  E. J. Berquist,  H. Burton,  A. Carreras,  K. Carter-Fenk,  
 R. Chakraborty,  A. D. Chien,  K. D. Closser,  V. Cofer-Shabica,  
 S. Dasgupta,  Jia Deng,  M. de Wergifosse,  M. Diedenhofen,  Hainam Do,  
 S. Ehlert,  Po-Tung Fang,  S. Fatehi,  Qingguo Feng,  T. Friedhoff,  
 J. Gayvert,  Qinghui Ge,  G. Gidofalvi,  M. Goldey,  J. Gomes,  
 C. Gonzalez-Espinoza,  S. Gulania,  A. Gunina,  M. W. D. Hanson-Heine,  
 P. H. P. Harbach,  A. W. Hauser,  M. F. Herbst,  M. Hernandez Vera,  
 M. Hodecker,  Z. C. Holden,  S. Houck,  Xunkun Huang,  Kerwin Hui,  
 B. C. Huynh,  M. Ivanov,  Hyunjun Ji,  Hanjie Jiang,  B. Kaduk,  S. Kaehler,  
 K. Khistyaev,  Jaehoon Kim,  P. Klunzinger,  Z. Koczor-Benda,  
 Joong Hoon Koh,  D. Kosenkov,  L. Koulias,  T. Kowalczyk,  C. M. Krauter,  
 K. Kue,  A. Kunitsa,  T. Kus,  A. Landau,  K. V. Lawler,  D. Lefrancois,  
 S. Lehtola,  Rain Li,  Yi-Pei Li,  Jiashu Liang,  M. Liebenthal,  
 Hung-Hsuan Lin,  You-Sheng Lin,  Fenglai Liu,  Kuan-Yu Liu,  
 M. Loipersberger,  A. Luenser,  A. Manjanath,  P. Manohar,  E. Mansoor,  
 S. F. Manzer,  Shan-Ping Mao,  A. V. Marenich,  T. Markovich,  S. Mason,  
 S. A. Maurer,  P. F. McLaughlin,  M. F. S. J. Menger,  J.-M. Mewes,  
 S. A. Mewes,  P. Morgante,  J. W. Mullinax,  K. J. Oosterbaan,  G. Paran,  
 Alexander C. Paul,  Suranjan K. Paul,  F. Pavosevic,  Zheng Pei,  S. Prager,  
 E. I. Proynov,  E. Ramos,  B. Rana,  A. E. Rask,  A. Rettig,  R. M. Richard,  
 F. Rob,  E. Rossomme,  T. Scheele,  M. Scheurer,  M. Schneider,  
 N. Sergueev,  S. M. Sharada,  W. Skomorowski,  D. W. Small,  C. J. Stein,  
 Yu-Chuan Su,  E. J. Sundstrom,  Zhen Tao,  J. Thirman,  T. Tsuchimochi,  
 N. M. Tubman,  S. P. Veccham,  O. Vydrov,  J. Wenzel,  J. Witte,  A. Yamada,  
 Kun Yao,  S. Yeganeh,  S. R. Yost,  A. Zech,  Igor Ying Zhang,  Xing Zhang,  
 Yu Zhang,  D. Zuev,  A. Aspuru-Guzik,  A. T. Bell,  N. A. Besley,  
 K. B. Bravaya,  B. R. Brooks,  D. Casanova,  Jeng-Da Chai,  S. Coriani,  
 C. J. Cramer,  A. E. DePrince, III,  R. A. DiStasio Jr.,  A. Dreuw,  
 B. D. Dunietz,  T. R. Furlani,  W. A. Goddard III,  S. Grimme,  
 S. Hammes-Schiffer,  T. Head-Gordon,  W. J. Hehre,  Chao-Ping Hsu,  
 T.-C. Jagau,  Yousung Jung,  A. Klamt,  Jing Kong,  D. S. Lambrecht,  
 WanZhen Liang,  N. J. Mayhall,  C. W. McCurdy,  J. B. Neaton,  
 C. Ochsenfeld,  J. A. Parkhill,  R. Peverati,  V. A. Rassolov,  Yihan Shao,  
 L. V. Slipchenko,  T. Stauch,  R. P. Steele,  J. E. Subotnik,  
 A. J. W. Thom,  A. Tkatchenko,  D. G. Truhlar,  T. Van Voorhis,  
 T. A. Wesolowski,  K. B. Whaley,  H. L. Woodcock III,  P. M. Zimmerman,  
 S. Faraji,  P. M. W. Gill,  M. Head-Gordon,  J. M. Herbert,  A. I. Krylov

 Additional authors for Version 5.4.1: 
 S. Kotaru,  Shaozhi Li,  Xiangyuan Li,  F. Matz,  A. Molle,  Haisheng Ren,  
 Yingli Su,  Hung-Yi Tsai,  C. Utku,  Fang Wang

 Contributors to earlier versions of Q-Chem not listed above: 
 R. D. Adamson,  B. Austin,  R. Baer,  J. Baker,  G. J. O. Beran,  
 K. Brandhorst,  S. T. Brown,  E. F. C. Byrd,  A. K. Chakraborty,  
 G. K. L. Chan,  Chun-Min Chang,  Yunqing Chen,  C.-L. Cheng,  
 Siu Hung Chien,  D. M. Chipman,  D. L. Crittenden,  H. Dachsel,  
 R. J. Doerksen,  A. D. Dutoi,  R. G. Edgar,  J. Fosso-Tande,  
 L. Fusti-Molnar,  D. Ghosh,  A. Ghysels,  A. Golubeva-Zadorozhnaya,  
 J. Gonthier,  M. S. Gordon,  S. R. Gwaltney,  G. Hawkins,  J. E. Herr,  
 A. Heyden,  S. Hirata,  E. G. Hohenstein,  G. Kedziora,  F. J. Keil,  
 C. Kelley,  Jihan Kim,  R. A. King,  R. Z. Khaliullin,  P. P. Korambath,  
 W. Kurlancheek,  A. Laurent,  A. M. Lee,  M. S. Lee,  S. V. Levchenko,  
 Ching Yeh Lin,  D. Liotard,  E. Livshits,  R. C. Lochan,  I. Lotan,  
 L. A. Martinez-Martinez,  P. E. Maslen,  N. Nair,  D. P. O'Neill,  
 D. Neuhauser,  E. Neuscamman,  C. M. Oana,  R. Olivares-Amaya,  R. Olson,  
 T. M. Perrine,  B. Peters,  P. A. Pieniazek,  A. Prociuk,  Y. M. Rhee,  
 J. Ritchie,  M. A. Rohrdanz,  E. Rosta,  N. J. Russ,  H. F. Schaefer III,  
 M. W. Schmidt,  N. E. Schultz,  S. Sharma,  N. Shenvi,  C. D. Sherrill,  
 A. C. Simmonett,  A. Sodt,  T. Stein,  D. Stuck,  K. S. Thanthiriwatte,  
 V. Vanovschi,  L. Vogt,  Tao Wang,  A. Warshel,  M. A. Watson,  
 C. F. Williams,  Q. Wu,  X. Xu,  Jun Yang,  W. Zhang,  Yan Zhao

 Please cite Q-Chem as follows:
 Y. Shao et al., Mol. Phys. 113, 184-215 (2015)
 DOI: 10.1080/00268976.2014.952696

 Q-Chem 5.4.1 for Intel X86 EM64T Linux

 Parts of Q-Chem use Armadillo 9.900.5 (Nocturnal Misbehaviour).
 http://arma.sourceforge.net/

 Q-Chem begins on Fri Jul  1 20:07:42 2022  

 Host: p09r16n03.grace.hpc.yale.internal
0

     Scratch files written to /home/tl686/scratch60/qchem_dev/scratch/qchem135584//
 Processing $rem in /home/tl686/qchem_dev/qchem/config/preferences:
 Processing $rem in /home/tl686/.qchemrc:
The previous job contains 0 fragments, simply inherited here

 Checking the input file for inconsistencies... 	...done.

--------------------------------------------------------------
User input:
--------------------------------------------------------------

$molecule
READ
$end

$rem
     JOBTYPE  freq
     METHOD   bp86
     BASIS    def2-msvp
     MAX_SCF_CYCLES   800
     INPUT_BOHR TRUE
     SYM_IGNORE TRUE
     SCF_GUESS     read 
$end
--------------------------------------------------------------
 ----------------------------------------------------------------
             Standard Nuclear Orientation (Bohr)
    I     Atom           X                Y                Z
 ----------------------------------------------------------------
    1      Fe    -10.1075337900    12.0780759000     4.7107869400
    2      C      -9.2866935000    15.3163170100     4.5519392600
    3      C     -10.5665055300     8.7574628600     4.4391773800
    4      C      -7.4164106000    11.7643495600     2.6839368800
    5      C     -10.0124029400    12.0062846700     8.1967768500
    6      C     -12.9275853000    12.8897105300     2.9889041000
    7      O      -8.8219909100    17.3627108800     4.1483049300
    8      O     -11.1308389000     6.6240627500     4.3703145900
    9      O      -5.7080072900    11.6876614500     1.3112034300
   10      O      -9.6941853900    12.2186593800    10.3294570500
   11      O     -14.5347650500    13.4614768900     1.6423996100
 ----------------------------------------------------------------
 Nuclear Repulsion Energy =         807.51111597 hartrees
 There are       48 alpha and       48 beta electrons
 Requested basis set is def2-mSVP
 There are 80 shells and 174 basis functions

 Total QAlloc Memory Limit   2000 MB
 Mega-Array Size       204 MB
 MEM_STATIC part       192 MB

                       Distance Matrix (Bohrs)
             Fe(  1)   C (  2)   C (  3)   C (  4)   C (  5)   C (  6)
   C (  2)  3.344431
   C (  3)  3.363168  6.683502
   C (  4)  3.383591  4.427625  4.695246
   C (  5)  3.488027  4.976727  4.998142  6.098288
   C (  6)  3.402399  4.646245  4.975285  5.633160  6.033297
   O (  7)  5.467758  2.136960  8.785114  5.954971  6.818981  6.181250
   O (  8)  5.559616  8.887584  2.207852  6.562271  6.697837  6.662952
   O (  9)  5.573637  6.039578  6.478834  2.192925  8.126528  7.508789
   O ( 10)  5.635608  6.568199  6.887396  7.990534  2.166723  8.049155
   O ( 11)  5.561401  6.280773  6.759941  7.391618  8.095011  2.173251
             O (  7)   O (  8)   O (  9)   O ( 10)
   O (  8) 10.986293
   O (  9)  7.067689  8.025291
   O ( 10)  8.088797  8.299088  9.874233
   O ( 11)  7.357647  8.110392  9.009315 10.022014

 A cutoff of  1.0D-11 yielded   2499 shell pairs
 There are     12839 function pairs (     14680 Cartesian)
 Smallest overlap matrix eigenvalue = 2.40E-03
 Guess MOs from SCF MO coefficient file

 -----------------------------------------------------------------------
  General SCF calculation program by
  Eric Jon Sundstrom, Paul Horn, Yuezhi Mao, Dmitri Zuev, Alec White,
  David Stuck, Shaama M.S., Shane Yost, Joonho Lee, David Small,
  Daniel Levine, Susi Lehtola, Hugh Burton, Evgeny Epifanovsky,
  Bang C. Huynh
 -----------------------------------------------------------------------
 Exchange:  B88      Correlation:  P86
 Using SG-1 standard quadrature grid
 using 2 threads for integral computing
 -------------------------------------------------------
 OpenMP Integral computing Module                
 Release: version 1.0, May 2013, Q-Chem Inc. Pittsburgh 
 -------------------------------------------------------
 A restricted SCF calculation will be
 performed using DIIS
 SCF converges when DIIS error is below 1.0e-08
 ---------------------------------------
  Cycle       Energy         DIIS error
 ---------------------------------------
    1   -1830.5187335011      2.51e-09  
    2   -1830.5187335011      2.81e-08  
    3   -1830.5187335011      1.34e-09  Convergence criterion met
 ---------------------------------------
 SCF time:   CPU 3.93s  wall 2.00s 
 SCF   energy in the final basis set =    -1830.5187335011
 Total energy in the final basis set =    -1830.5187335011

 --------------------------------------------------------------

                    Orbital Energies (a.u.)
 --------------------------------------------------------------

 Alpha MOs
 -- Occupied --
******** -29.6309 -25.5906 -25.5780 -25.5741 -18.8860 -18.8802 -18.8778
-18.8760 -18.8735 -10.0502 -10.0490 -10.0454 -10.0386 -10.0371  -3.3170
 -2.1539  -2.1280  -2.1201  -1.0792  -1.0591  -1.0544  -1.0520  -1.0507
 -0.5760  -0.5245  -0.5195  -0.5151  -0.5113  -0.4608  -0.4532  -0.4486
 -0.4351  -0.4318  -0.4299  -0.4236  -0.4210  -0.4181  -0.4136  -0.4126
 -0.4090  -0.3985  -0.3940  -0.3803  -0.2748  -0.2719  -0.2325  -0.2183
 -- Virtual --
 -0.0917  -0.0850  -0.0754  -0.0731  -0.0675  -0.0661  -0.0604  -0.0518
 -0.0416  -0.0246  -0.0122   0.0130   0.1906   0.2126   0.2258   0.2614
  0.2971   0.3213   0.3711   0.3967   0.4094   0.4166   0.4358   0.4487
  0.4578   0.4827   0.5008   0.5080   0.5238   0.5604   0.5798   0.5911
  0.6286   0.6368   0.6423   0.6731   0.7429   0.7532   0.7573   0.7626
  0.7784   0.8330   0.8390   0.8541   0.8965   0.9145   0.9463   0.9553
  0.9743   0.9774   0.9865   1.0062   1.0174   1.0283   1.0374   1.0560
  1.2274   1.2515   1.3067   1.3246   1.3977   1.4003   1.4106   1.4142
  1.4166   1.4213   1.4277   1.4305   1.4468   1.4655   1.4708   1.5103
  1.5248   1.5393   1.5498   1.6001   1.6299   1.6506   1.6758   1.6922
  1.7202   1.8245   1.8307   1.8355   1.8463   1.8556   1.8571   1.8632
  1.8673   1.8714   1.8814   1.8908   1.9086   1.9184   1.9464   1.9628
  2.3920   2.4307   2.4348   2.4630   2.4759   2.4886   2.4946   2.5087
  2.5228   2.5368   2.6609   2.6688   2.6733   2.6895   2.7100   2.8253
  2.8482   2.9105   2.9183   2.9889  13.2645  13.3128  13.3455  13.3579
 13.4742  24.9230  24.9452  24.9545  24.9791  25.0474
 --------------------------------------------------------------

          Ground-State Mulliken Net Atomic Charges

     Atom                 Charge (a.u.)
  ----------------------------------------
      1 Fe                   -0.488800
      2 C                     0.167673
      3 C                     0.191846
      4 C                     0.212922
      5 C                     0.209330
      6 C                     0.225947
      7 O                    -0.082143
      8 O                    -0.119426
      9 O                    -0.113566
     10 O                    -0.097968
     11 O                    -0.105814
  ----------------------------------------
  Sum of atomic charges =     0.000000

 -----------------------------------------------------------------
                    Cartesian Multipole Moments
 -----------------------------------------------------------------
    Charge (ESU x 10^10)
                -0.0000
    Dipole Moment (Debye)
         X       0.0946093955      Y       0.1580128880      Z       0.1553568337
       Tot       0.2409455463
    Quadrupole Moments (Debye-Ang)
        XX     -70.3256     XY      -0.4181     YY     -66.7401
        XZ      -0.7971     YZ       1.8096     ZZ     -68.9863
    Octopole Moments (Debye-Ang^2)
       XXX    1112.1385    XXY    -447.5654    XYY     357.1223
       YYY   -1306.0597    XXZ    -153.4023    XYZ     -11.1828
       YYZ    -145.8519    XZZ     364.1927    YZZ    -442.7329
       ZZZ    -505.3228
    Hexadecapole Moments (Debye-Ang^3)
      XXXX  -12364.6065   XXXY    7125.9992   XXYY   -5019.1062
      XYYY    6920.3875   YYYY  -17688.5673   XXXZ    2486.4433
      XXYZ    -941.2114   XYYZ     754.5921   YYYZ   -2976.7989
      XXZZ   -2500.3724   XYZZ    2326.4971   YYZZ   -3458.8128
      XZZZ    2664.7770   YZZZ   -3240.7626   ZZZZ   -3180.2419
 -----------------------------------------------------------------
 Calculating MO derivatives via CPSCF
 Full subspace dimension requested for CIS/TDDFT
 MAX_CIS_SUBSPACE fits in available memory
    1     0    36    0.0410332  
    2     0    36    0.0066079  
    3     0    36    0.0006800  
    4     0    36    0.0000431  
    5    33     3    0.0000011  
    6    36     0    0.0000000  Converged
