                  Welcome to Q-Chem
     A Quantum Leap Into The Future Of Chemistry


 Q-Chem 5.4 (devel), Q-Chem, Inc., Pleasanton, CA (2021)

 E. Epifanovsky,  A. T. B. Gilbert,  Xintian Feng,  Joonho Lee,  Yuezhi Mao,  
 N. Mardirossian,  P. Pokhilko,  A. White,  M. Wormit,  M. P. Coons,  
 A. L. Dempwolff,  Zhengting Gan,  D. Hait,  P. R. Horn,  L. D. Jacobson,  
 I. Kaliman,  J. Kussmann,  A. W. Lange,  Ka Un Lao,  D. S. Levine,  Jie Liu,  
 S. C. McKenzie,  A. F. Morrison,  K. Nanda,  F. Plasser,  D. R. Rehn,  
 M. L. Vidal,  Zhi-Qiang You,  Ying Zhu,  B. Alam,  B. Albrecht,  
 A. Aldossary,  E. Alguire,  J. H. Andersen,  D. Barton,  K. Begam,  A. Behn,  
 Y. A. Bernard,  E. J. Berquist,  H. Burton,  A. Carreras,  K. Carter-Fenk,  
 R. Chakraborty,  A. D. Chien,  K. D. Closser,  V. Cofer-Shabica,  
 S. Dasgupta,  Jia Deng,  M. de Wergifosse,  M. Diedenhofen,  Hainam Do,  
 S. Ehlert,  Po-Tung Fang,  S. Fatehi,  Qingguo Feng,  T. Friedhoff,  
 J. Gayvert,  Qinghui Ge,  G. Gidofalvi,  M. Goldey,  J. Gomes,  
 C. Gonzalez-Espinoza,  S. Gulania,  A. Gunina,  M. W. D. Hanson-Heine,  
 P. H. P. Harbach,  A. W. Hauser,  M. F. Herbst,  M. Hernandez Vera,  
 M. Hodecker,  Z. C. Holden,  S. Houck,  Xunkun Huang,  Kerwin Hui,  
 B. C. Huynh,  M. Ivanov,  Hyunjun Ji,  Hanjie Jiang,  B. Kaduk,  S. Kaehler,  
 K. Khistyaev,  Jaehoon Kim,  P. Klunzinger,  Z. Koczor-Benda,  
 Joong Hoon Koh,  D. Kosenkov,  L. Koulias,  T. Kowalczyk,  C. M. Krauter,  
 K. Kue,  A. Kunitsa,  T. Kus,  A. Landau,  K. V. Lawler,  D. Lefrancois,  
 S. Lehtola,  Rain Li,  Yi-Pei Li,  Jiashu Liang,  M. Liebenthal,  
 Hung-Hsuan Lin,  You-Sheng Lin,  Fenglai Liu,  Kuan-Yu Liu,  
 M. Loipersberger,  A. Luenser,  A. Manjanath,  P. Manohar,  E. Mansoor,  
 S. F. Manzer,  Shan-Ping Mao,  A. V. Marenich,  T. Markovich,  S. Mason,  
 S. A. Maurer,  P. F. McLaughlin,  M. F. S. J. Menger,  J.-M. Mewes,  
 S. A. Mewes,  P. Morgante,  J. W. Mullinax,  K. J. Oosterbaan,  G. Paran,  
 Alexander C. Paul,  Suranjan K. Paul,  F. Pavosevic,  Zheng Pei,  S. Prager,  
 E. I. Proynov,  E. Ramos,  B. Rana,  A. E. Rask,  A. Rettig,  R. M. Richard,  
 F. Rob,  E. Rossomme,  T. Scheele,  M. Scheurer,  M. Schneider,  
 N. Sergueev,  S. M. Sharada,  W. Skomorowski,  D. W. Small,  C. J. Stein,  
 Yu-Chuan Su,  E. J. Sundstrom,  Zhen Tao,  J. Thirman,  T. Tsuchimochi,  
 N. M. Tubman,  S. P. Veccham,  O. Vydrov,  J. Wenzel,  J. Witte,  A. Yamada,  
 Kun Yao,  S. Yeganeh,  S. R. Yost,  A. Zech,  Igor Ying Zhang,  Xing Zhang,  
 Yu Zhang,  D. Zuev,  A. Aspuru-Guzik,  A. T. Bell,  N. A. Besley,  
 K. B. Bravaya,  B. R. Brooks,  D. Casanova,  Jeng-Da Chai,  S. Coriani,  
 C. J. Cramer,  A. E. DePrince, III,  R. A. DiStasio Jr.,  A. Dreuw,  
 B. D. Dunietz,  T. R. Furlani,  W. A. Goddard III,  S. Grimme,  
 S. Hammes-Schiffer,  T. Head-Gordon,  W. J. Hehre,  Chao-Ping Hsu,  
 T.-C. Jagau,  Yousung Jung,  A. Klamt,  Jing Kong,  D. S. Lambrecht,  
 WanZhen Liang,  N. J. Mayhall,  C. W. McCurdy,  J. B. Neaton,  
 C. Ochsenfeld,  J. A. Parkhill,  R. Peverati,  V. A. Rassolov,  Yihan Shao,  
 L. V. Slipchenko,  T. Stauch,  R. P. Steele,  J. E. Subotnik,  
 A. J. W. Thom,  A. Tkatchenko,  D. G. Truhlar,  T. Van Voorhis,  
 T. A. Wesolowski,  K. B. Whaley,  H. L. Woodcock III,  P. M. Zimmerman,  
 S. Faraji,  P. M. W. Gill,  M. Head-Gordon,  J. M. Herbert,  A. I. Krylov

 Additional authors for Version 5.4.1: 
 S. Kotaru,  Shaozhi Li,  Xiangyuan Li,  F. Matz,  A. Molle,  Haisheng Ren,  
 Yingli Su,  Hung-Yi Tsai,  C. Utku,  Fang Wang

 Contributors to earlier versions of Q-Chem not listed above: 
 R. D. Adamson,  B. Austin,  R. Baer,  J. Baker,  G. J. O. Beran,  
 K. Brandhorst,  S. T. Brown,  E. F. C. Byrd,  A. K. Chakraborty,  
 G. K. L. Chan,  Chun-Min Chang,  Yunqing Chen,  C.-L. Cheng,  
 Siu Hung Chien,  D. M. Chipman,  D. L. Crittenden,  H. Dachsel,  
 R. J. Doerksen,  A. D. Dutoi,  R. G. Edgar,  J. Fosso-Tande,  
 L. Fusti-Molnar,  D. Ghosh,  A. Ghysels,  A. Golubeva-Zadorozhnaya,  
 J. Gonthier,  M. S. Gordon,  S. R. Gwaltney,  G. Hawkins,  J. E. Herr,  
 A. Heyden,  S. Hirata,  E. G. Hohenstein,  G. Kedziora,  F. J. Keil,  
 C. Kelley,  Jihan Kim,  R. A. King,  R. Z. Khaliullin,  P. P. Korambath,  
 W. Kurlancheek,  A. Laurent,  A. M. Lee,  M. S. Lee,  S. V. Levchenko,  
 Ching Yeh Lin,  D. Liotard,  E. Livshits,  R. C. Lochan,  I. Lotan,  
 L. A. Martinez-Martinez,  P. E. Maslen,  N. Nair,  D. P. O'Neill,  
 D. Neuhauser,  E. Neuscamman,  C. M. Oana,  R. Olivares-Amaya,  R. Olson,  
 T. M. Perrine,  B. Peters,  P. A. Pieniazek,  A. Prociuk,  Y. M. Rhee,  
 J. Ritchie,  M. A. Rohrdanz,  E. Rosta,  N. J. Russ,  H. F. Schaefer III,  
 M. W. Schmidt,  N. E. Schultz,  S. Sharma,  N. Shenvi,  C. D. Sherrill,  
 A. C. Simmonett,  A. Sodt,  T. Stein,  D. Stuck,  K. S. Thanthiriwatte,  
 V. Vanovschi,  L. Vogt,  Tao Wang,  A. Warshel,  M. A. Watson,  
 C. F. Williams,  Q. Wu,  X. Xu,  Jun Yang,  W. Zhang,  Yan Zhao

 Please cite Q-Chem as follows:
 Y. Shao et al., Mol. Phys. 113, 184-215 (2015)
 DOI: 10.1080/00268976.2014.952696

 Q-Chem 5.4.1 for Intel X86 EM64T Linux

 Parts of Q-Chem use Armadillo 9.900.5 (Nocturnal Misbehaviour).
 http://arma.sourceforge.net/

 Q-Chem begins on Wed Jun 22 16:39:24 2022  

 Host: p09r15n31.grace.hpc.yale.internal
0

     Scratch files written to /home/tl686/scratch60/qchem_dev/scratch/qchem171409//
 Processing $rem in /home/tl686/qchem_dev/qchem/config/preferences:
 Processing $rem in /home/tl686/.qchemrc:

 Checking the input file for inconsistencies... 	...done.

--------------------------------------------------------------
User input:
--------------------------------------------------------------
$molecule
0   1
 Fe -4.76563534 -6.07366923 3.17548681
C -2.49529120 -3.70173853 2.25448147
C -7.37584273 -8.22282592 4.45031382
C -4.87269310 -7.27709954 -0.15017133
C -2.35045606 -7.73156553 5.05608939
C -6.81891517 -3.74691660 4.35160396
O -1.16975994 -1.87761291 1.92945128
O -8.92109804 -9.56818837 5.50129133
O -4.90735628 -7.53582601 -2.29573308
O -0.64825629 -8.64962673 6.15524538
O -8.37600412 -2.50180874 5.31532504

$end

$rem
     JOBTYPE  force
     METHOD   bp86
     BASIS    def2-msvp
     MAX_SCF_CYCLES   800
     INPUT_BOHR TRUE
     SYM_IGNORE TRUE
$end

--------------------------------------------------------------
 ----------------------------------------------------------------
             Standard Nuclear Orientation (Bohr)
    I     Atom           X                Y                Z
 ----------------------------------------------------------------
    1      Fe     -4.7656353400    -6.0736692300     3.1754868100
    2      C      -2.4952912000    -3.7017385300     2.2544814700
    3      C      -7.3758427300    -8.2228259200     4.4503138200
    4      C      -4.8726931000    -7.2770995400    -0.1501713300
    5      C      -2.3504560600    -7.7315655300     5.0560893900
    6      C      -6.8189151700    -3.7469166000     4.3516039600
    7      O      -1.1697599400    -1.8776129100     1.9294512800
    8      O      -8.9210980400    -9.5681883700     5.5012913300
    9      O      -4.9073562800    -7.5358260100    -2.2957330800
   10      O      -0.6482562900    -8.6496267300     6.1552453800
   11      O      -8.3760041200    -2.5018087400     5.3153250400
 ----------------------------------------------------------------
 Nuclear Repulsion Energy =         788.63429651 hartrees
 There are       48 alpha and       48 beta electrons
 Requested basis set is def2-mSVP
 There are 80 shells and 174 basis functions

 Total QAlloc Memory Limit   2000 MB
 Mega-Array Size       188 MB
 MEM_STATIC part       192 MB

                       Distance Matrix (Bohrs)
             Fe(  1)   C (  2)   C (  3)   C (  4)   C (  5)   C (  6)
   C (  2)  3.410098
   C (  3)  3.613480  7.005833
   C (  4)  3.538320  4.921138  5.322088
   C (  5)  3.481146  4.910142  5.085549  5.802876
   C (  6)  3.318582  4.805589  4.511505  6.042843  6.028338
   O (  7)  5.664787  2.278182  9.226697  6.869571  6.740821  6.424490
   O (  8)  5.906683  9.286980  2.302687  7.319679  6.837011  6.295090
   O (  9)  5.665001  6.420494  7.216269  2.161383  7.786228  7.886506
   O ( 10)  5.698011  6.565752  6.953371  7.712845  2.224514  8.084969
   O ( 11)  5.511067  6.737312  5.871848  8.059047  7.982781  2.214402
             O (  7)   O (  8)   O (  9)   O ( 10)
   O (  8) 11.488526
   O (  9)  7.989818  9.001900
   O ( 10)  7.999342  8.349331  9.528878
   O ( 11)  7.986471  7.089812  9.762226  9.910561

 A cutoff of  1.0D-11 yielded   2477 shell pairs
 There are     12807 function pairs (     14658 Cartesian)
 Smallest overlap matrix eigenvalue = 2.79E-03

 Scale SEOQF with 1.000000e-01/1.000000e-01/1.000000e-01

 Standard Electronic Orientation quadrupole field applied
 Nucleus-field energy     =     0.0000000639 hartrees
 Guess from superposition of atomic densities
 Warning:  Energy on first SCF cycle will be non-variational
 SAD guess density has 96.000000 electrons

 -----------------------------------------------------------------------
  General SCF calculation program by
  Eric Jon Sundstrom, Paul Horn, Yuezhi Mao, Dmitri Zuev, Alec White,
  David Stuck, Shaama M.S., Shane Yost, Joonho Lee, David Small,
  Daniel Levine, Susi Lehtola, Hugh Burton, Evgeny Epifanovsky,
  Bang C. Huynh
 -----------------------------------------------------------------------
 Exchange:  B88      Correlation:  P86
 Using SG-1 standard quadrature grid
 using 2 threads for integral computing
 -------------------------------------------------------
 OpenMP Integral computing Module                
 Release: version 1.0, May 2013, Q-Chem Inc. Pittsburgh 
 -------------------------------------------------------
 A restricted SCF calculation will be
 performed using DIIS
 SCF converges when DIIS error is below 1.0e-08
 ---------------------------------------
  Cycle       Energy         DIIS error
 ---------------------------------------
    1   -1831.9756341772      6.53e-02  
    2   -1830.4332044128      4.63e-03  
    3   -1830.2501735292      9.39e-03  
    4   -1830.1985957183      1.23e-02  
    5   -1830.2976480426      9.78e-03  
    6   -1830.5037894973      1.22e-03  
    7   -1830.5052168431      8.57e-04  
    8   -1830.5072207149      2.32e-04  
    9   -1830.5073488624      9.32e-05  
   10   -1830.5073630049      4.37e-05  
   11   -1830.5073680202      1.04e-05  
   12   -1830.5073682048      5.08e-06  
   13   -1830.5073682876      7.74e-07  
   14   -1830.5073682895      4.36e-07  
   15   -1830.5073682901      1.06e-07  
   16   -1830.5073682903      5.29e-08  
   17   -1830.5073682903      1.37e-08  
   18   -1830.5073682904      8.34e-09  Convergence criterion met
 ---------------------------------------
 SCF time:   CPU 23.59s  wall 12.00s 
 SCF   energy in the final basis set =    -1830.5073682904
 Total energy in the final basis set =    -1830.5073682904

 --------------------------------------------------------------

                    Orbital Energies (a.u.)
 --------------------------------------------------------------

 Alpha MOs
 -- Occupied --
******** -29.6378 -25.5983 -25.5855 -25.5804 -18.8959 -18.8874 -18.8821
-18.8793 -18.8682 -10.0735 -10.0587 -10.0472 -10.0466 -10.0385  -3.3210
 -2.1564  -2.1344  -2.1211  -1.0694  -1.0435  -1.0391  -1.0362  -1.0322
 -0.5736  -0.5325  -0.5210  -0.5180  -0.5131  -0.4529  -0.4385  -0.4367
 -0.4310  -0.4280  -0.4223  -0.4213  -0.4182  -0.4132  -0.4088  -0.4051
 -0.3985  -0.3937  -0.3900  -0.3777  -0.2779  -0.2691  -0.2311  -0.2251
 -- Virtual --
 -0.1212  -0.1081  -0.0972  -0.0924  -0.0779  -0.0722  -0.0707  -0.0601
 -0.0571  -0.0436  -0.0330   0.0146   0.1798   0.2193   0.2234   0.2399
  0.2909   0.3224   0.3296   0.3817   0.4029   0.4137   0.4214   0.4344
  0.4426   0.4681   0.4962   0.5013   0.5193   0.5301   0.5609   0.5905
  0.5969   0.6096   0.6183   0.6281   0.7419   0.7461   0.7603   0.7728
  0.7854   0.8188   0.8363   0.8544   0.8832   0.8980   0.9405   0.9549
  0.9625   0.9695   0.9802   0.9988   1.0040   1.0110   1.0225   1.0547
  1.1705   1.2203   1.2812   1.2920   1.3991   1.4028   1.4066   1.4154
  1.4161   1.4212   1.4307   1.4320   1.4424   1.4530   1.4646   1.4806
  1.4883   1.5218   1.5302   1.5464   1.5785   1.6200   1.6439   1.6604
  1.6716   1.8025   1.8125   1.8192   1.8349   1.8403   1.8424   1.8456
  1.8518   1.8543   1.8735   1.8792   1.8881   1.8972   1.9426   1.9451
  2.3034   2.3831   2.3903   2.4109   2.4415   2.4427   2.4530   2.4690
  2.4988   2.5041   2.5992   2.6119   2.6284   2.6360   2.6602   2.7707
  2.8094   2.8689   2.8994   2.9200  13.2176  13.2784  13.2935  13.3189
 13.4284  24.8985  24.9200  24.9381  24.9825  24.9956
 --------------------------------------------------------------

          Ground-State Mulliken Net Atomic Charges

     Atom                 Charge (a.u.)
  ----------------------------------------
      1 Fe                   -0.453176
      2 C                     0.206995
      3 C                     0.231947
      4 C                     0.221042
      5 C                     0.230015
      6 C                     0.186842
      7 O                    -0.147103
      8 O                    -0.139326
      9 O                    -0.084496
     10 O                    -0.121153
     11 O                    -0.131588
  ----------------------------------------
  Sum of atomic charges =     0.000000

 -----------------------------------------------------------------
                    Cartesian Multipole Moments
 -----------------------------------------------------------------
    Charge (ESU x 10^10)
                -0.0000
    Dipole Moment (Debye)
         X      -0.0090913776      Y      -0.6495744166      Z      -0.5034516235
       Tot       0.8218838805
    Quadrupole Moments (Debye-Ang)
        XX     -70.5685     XY       2.0763     YY     -65.6422
        XZ       1.6978     YZ       0.9543     ZZ     -71.2133
    Octopole Moments (Debye-Ang^2)
       XXX     536.4206    XXY     219.2221    XYY     163.3353
       YYY     648.1704    XXZ    -134.0728    XYZ       0.5139
       YYZ    -124.0057    XZZ     182.2931    YZZ     231.1166
       ZZZ    -356.2161
    Hexadecapole Moments (Debye-Ang^3)
      XXXX   -3513.8754   XXXY   -1732.7580   XXYY   -1398.7690
      XYYY   -1671.9527   YYYY   -4869.3461   XXXZ    1048.1843
      XXYZ     422.4650   XYYZ     318.1040   YYYZ    1209.0830
      XXZZ    -946.6575   XYZZ    -586.7946   YYZZ   -1194.5795
      XZZZ     955.8453   YZZZ    1180.9157   ZZZZ   -1878.8719
 -----------------------------------------------------------------
 Calculating analytic gradient of the SCF energy
 Gradient of SCF Energy
            1           2           3           4           5           6
    1  -0.0001939  -0.0289278   0.0381539   0.0031771  -0.0164451   0.0141925
    2   0.0454385  -0.0633522   0.0457812  -0.0224096   0.0014264  -0.0117119
    3   0.0106729  -0.0041442  -0.0374858  -0.0497633  -0.0077987  -0.0103749
            7           8           9          10          11
    1   0.0379417  -0.0638660   0.0002777   0.0224165  -0.0067267
    2   0.0623330  -0.0588634   0.0126994  -0.0087312  -0.0026101
    3  -0.0043294   0.0482274   0.0382979   0.0117252   0.0049731
 Max gradient component =       6.387E-02
 RMS gradient           =       3.182E-02
 Gradient time:  CPU 2.60 s  wall 1.41 s
 Total job time:  13.97s(wall), 26.35s(cpu) 
 Wed Jun 22 16:39:38 2022

        *************************************************************
        *                                                           *
        *  Thank you very much for using Q-Chem.  Have a nice day.  *
        *                                                           *
        *************************************************************


 
User input: 2 of 2 
 
                  Welcome to Q-Chem
     A Quantum Leap Into The Future Of Chemistry


 Q-Chem 5.4 (devel), Q-Chem, Inc., Pleasanton, CA (2021)

 E. Epifanovsky,  A. T. B. Gilbert,  Xintian Feng,  Joonho Lee,  Yuezhi Mao,  
 N. Mardirossian,  P. Pokhilko,  A. White,  M. Wormit,  M. P. Coons,  
 A. L. Dempwolff,  Zhengting Gan,  D. Hait,  P. R. Horn,  L. D. Jacobson,  
 I. Kaliman,  J. Kussmann,  A. W. Lange,  Ka Un Lao,  D. S. Levine,  Jie Liu,  
 S. C. McKenzie,  A. F. Morrison,  K. Nanda,  F. Plasser,  D. R. Rehn,  
 M. L. Vidal,  Zhi-Qiang You,  Ying Zhu,  B. Alam,  B. Albrecht,  
 A. Aldossary,  E. Alguire,  J. H. Andersen,  D. Barton,  K. Begam,  A. Behn,  
 Y. A. Bernard,  E. J. Berquist,  H. Burton,  A. Carreras,  K. Carter-Fenk,  
 R. Chakraborty,  A. D. Chien,  K. D. Closser,  V. Cofer-Shabica,  
 S. Dasgupta,  Jia Deng,  M. de Wergifosse,  M. Diedenhofen,  Hainam Do,  
 S. Ehlert,  Po-Tung Fang,  S. Fatehi,  Qingguo Feng,  T. Friedhoff,  
 J. Gayvert,  Qinghui Ge,  G. Gidofalvi,  M. Goldey,  J. Gomes,  
 C. Gonzalez-Espinoza,  S. Gulania,  A. Gunina,  M. W. D. Hanson-Heine,  
 P. H. P. Harbach,  A. W. Hauser,  M. F. Herbst,  M. Hernandez Vera,  
 M. Hodecker,  Z. C. Holden,  S. Houck,  Xunkun Huang,  Kerwin Hui,  
 B. C. Huynh,  M. Ivanov,  Hyunjun Ji,  Hanjie Jiang,  B. Kaduk,  S. Kaehler,  
 K. Khistyaev,  Jaehoon Kim,  P. Klunzinger,  Z. Koczor-Benda,  
 Joong Hoon Koh,  D. Kosenkov,  L. Koulias,  T. Kowalczyk,  C. M. Krauter,  
 K. Kue,  A. Kunitsa,  T. Kus,  A. Landau,  K. V. Lawler,  D. Lefrancois,  
 S. Lehtola,  Rain Li,  Yi-Pei Li,  Jiashu Liang,  M. Liebenthal,  
 Hung-Hsuan Lin,  You-Sheng Lin,  Fenglai Liu,  Kuan-Yu Liu,  
 M. Loipersberger,  A. Luenser,  A. Manjanath,  P. Manohar,  E. Mansoor,  
 S. F. Manzer,  Shan-Ping Mao,  A. V. Marenich,  T. Markovich,  S. Mason,  
 S. A. Maurer,  P. F. McLaughlin,  M. F. S. J. Menger,  J.-M. Mewes,  
 S. A. Mewes,  P. Morgante,  J. W. Mullinax,  K. J. Oosterbaan,  G. Paran,  
 Alexander C. Paul,  Suranjan K. Paul,  F. Pavosevic,  Zheng Pei,  S. Prager,  
 E. I. Proynov,  E. Ramos,  B. Rana,  A. E. Rask,  A. Rettig,  R. M. Richard,  
 F. Rob,  E. Rossomme,  T. Scheele,  M. Scheurer,  M. Schneider,  
 N. Sergueev,  S. M. Sharada,  W. Skomorowski,  D. W. Small,  C. J. Stein,  
 Yu-Chuan Su,  E. J. Sundstrom,  Zhen Tao,  J. Thirman,  T. Tsuchimochi,  
 N. M. Tubman,  S. P. Veccham,  O. Vydrov,  J. Wenzel,  J. Witte,  A. Yamada,  
 Kun Yao,  S. Yeganeh,  S. R. Yost,  A. Zech,  Igor Ying Zhang,  Xing Zhang,  
 Yu Zhang,  D. Zuev,  A. Aspuru-Guzik,  A. T. Bell,  N. A. Besley,  
 K. B. Bravaya,  B. R. Brooks,  D. Casanova,  Jeng-Da Chai,  S. Coriani,  
 C. J. Cramer,  A. E. DePrince, III,  R. A. DiStasio Jr.,  A. Dreuw,  
 B. D. Dunietz,  T. R. Furlani,  W. A. Goddard III,  S. Grimme,  
 S. Hammes-Schiffer,  T. Head-Gordon,  W. J. Hehre,  Chao-Ping Hsu,  
 T.-C. Jagau,  Yousung Jung,  A. Klamt,  Jing Kong,  D. S. Lambrecht,  
 WanZhen Liang,  N. J. Mayhall,  C. W. McCurdy,  J. B. Neaton,  
 C. Ochsenfeld,  J. A. Parkhill,  R. Peverati,  V. A. Rassolov,  Yihan Shao,  
 L. V. Slipchenko,  T. Stauch,  R. P. Steele,  J. E. Subotnik,  
 A. J. W. Thom,  A. Tkatchenko,  D. G. Truhlar,  T. Van Voorhis,  
 T. A. Wesolowski,  K. B. Whaley,  H. L. Woodcock III,  P. M. Zimmerman,  
 S. Faraji,  P. M. W. Gill,  M. Head-Gordon,  J. M. Herbert,  A. I. Krylov

 Additional authors for Version 5.4.1: 
 S. Kotaru,  Shaozhi Li,  Xiangyuan Li,  F. Matz,  A. Molle,  Haisheng Ren,  
 Yingli Su,  Hung-Yi Tsai,  C. Utku,  Fang Wang

 Contributors to earlier versions of Q-Chem not listed above: 
 R. D. Adamson,  B. Austin,  R. Baer,  J. Baker,  G. J. O. Beran,  
 K. Brandhorst,  S. T. Brown,  E. F. C. Byrd,  A. K. Chakraborty,  
 G. K. L. Chan,  Chun-Min Chang,  Yunqing Chen,  C.-L. Cheng,  
 Siu Hung Chien,  D. M. Chipman,  D. L. Crittenden,  H. Dachsel,  
 R. J. Doerksen,  A. D. Dutoi,  R. G. Edgar,  J. Fosso-Tande,  
 L. Fusti-Molnar,  D. Ghosh,  A. Ghysels,  A. Golubeva-Zadorozhnaya,  
 J. Gonthier,  M. S. Gordon,  S. R. Gwaltney,  G. Hawkins,  J. E. Herr,  
 A. Heyden,  S. Hirata,  E. G. Hohenstein,  G. Kedziora,  F. J. Keil,  
 C. Kelley,  Jihan Kim,  R. A. King,  R. Z. Khaliullin,  P. P. Korambath,  
 W. Kurlancheek,  A. Laurent,  A. M. Lee,  M. S. Lee,  S. V. Levchenko,  
 Ching Yeh Lin,  D. Liotard,  E. Livshits,  R. C. Lochan,  I. Lotan,  
 L. A. Martinez-Martinez,  P. E. Maslen,  N. Nair,  D. P. O'Neill,  
 D. Neuhauser,  E. Neuscamman,  C. M. Oana,  R. Olivares-Amaya,  R. Olson,  
 T. M. Perrine,  B. Peters,  P. A. Pieniazek,  A. Prociuk,  Y. M. Rhee,  
 J. Ritchie,  M. A. Rohrdanz,  E. Rosta,  N. J. Russ,  H. F. Schaefer III,  
 M. W. Schmidt,  N. E. Schultz,  S. Sharma,  N. Shenvi,  C. D. Sherrill,  
 A. C. Simmonett,  A. Sodt,  T. Stein,  D. Stuck,  K. S. Thanthiriwatte,  
 V. Vanovschi,  L. Vogt,  Tao Wang,  A. Warshel,  M. A. Watson,  
 C. F. Williams,  Q. Wu,  X. Xu,  Jun Yang,  W. Zhang,  Yan Zhao

 Please cite Q-Chem as follows:
 Y. Shao et al., Mol. Phys. 113, 184-215 (2015)
 DOI: 10.1080/00268976.2014.952696

 Q-Chem 5.4.1 for Intel X86 EM64T Linux

 Parts of Q-Chem use Armadillo 9.900.5 (Nocturnal Misbehaviour).
 http://arma.sourceforge.net/

 Q-Chem begins on Wed Jun 22 16:39:38 2022  

 Host: p09r15n31.grace.hpc.yale.internal
0

     Scratch files written to /home/tl686/scratch60/qchem_dev/scratch/qchem171409//
 Processing $rem in /home/tl686/qchem_dev/qchem/config/preferences:
 Processing $rem in /home/tl686/.qchemrc:
The previous job contains 0 fragments, simply inherited here

 Checking the input file for inconsistencies... 	...done.

--------------------------------------------------------------
User input:
--------------------------------------------------------------

$molecule
READ
$end

$rem
     JOBTYPE  freq
     METHOD   bp86
     BASIS    def2-msvp
     MAX_SCF_CYCLES   800
     INPUT_BOHR TRUE
     SYM_IGNORE TRUE
     SCF_GUESS     read 
$end
--------------------------------------------------------------
 ----------------------------------------------------------------
             Standard Nuclear Orientation (Bohr)
    I     Atom           X                Y                Z
 ----------------------------------------------------------------
    1      Fe     -4.7656353400    -6.0736692300     3.1754868100
    2      C      -2.4952912000    -3.7017385300     2.2544814700
    3      C      -7.3758427300    -8.2228259200     4.4503138200
    4      C      -4.8726931000    -7.2770995400    -0.1501713300
    5      C      -2.3504560600    -7.7315655300     5.0560893900
    6      C      -6.8189151700    -3.7469166000     4.3516039600
    7      O      -1.1697599400    -1.8776129100     1.9294512800
    8      O      -8.9210980400    -9.5681883700     5.5012913300
    9      O      -4.9073562800    -7.5358260100    -2.2957330800
   10      O      -0.6482562900    -8.6496267300     6.1552453800
   11      O      -8.3760041200    -2.5018087400     5.3153250400
 ----------------------------------------------------------------
 Nuclear Repulsion Energy =         788.63429651 hartrees
 There are       48 alpha and       48 beta electrons
 Requested basis set is def2-mSVP
 There are 80 shells and 174 basis functions

 Total QAlloc Memory Limit   2000 MB
 Mega-Array Size       204 MB
 MEM_STATIC part       192 MB

                       Distance Matrix (Bohrs)
             Fe(  1)   C (  2)   C (  3)   C (  4)   C (  5)   C (  6)
   C (  2)  3.410098
   C (  3)  3.613480  7.005833
   C (  4)  3.538320  4.921138  5.322088
   C (  5)  3.481146  4.910142  5.085549  5.802876
   C (  6)  3.318582  4.805589  4.511505  6.042843  6.028338
   O (  7)  5.664787  2.278182  9.226697  6.869571  6.740821  6.424490
   O (  8)  5.906683  9.286980  2.302687  7.319679  6.837011  6.295090
   O (  9)  5.665001  6.420494  7.216269  2.161383  7.786228  7.886506
   O ( 10)  5.698011  6.565752  6.953371  7.712845  2.224514  8.084969
   O ( 11)  5.511067  6.737312  5.871848  8.059047  7.982781  2.214402
             O (  7)   O (  8)   O (  9)   O ( 10)
   O (  8) 11.488526
   O (  9)  7.989818  9.001900
   O ( 10)  7.999342  8.349331  9.528878
   O ( 11)  7.986471  7.089812  9.762226  9.910561

 A cutoff of  1.0D-11 yielded   2477 shell pairs
 There are     12807 function pairs (     14658 Cartesian)
 Smallest overlap matrix eigenvalue = 2.79E-03
 Guess MOs from SCF MO coefficient file

 -----------------------------------------------------------------------
  General SCF calculation program by
  Eric Jon Sundstrom, Paul Horn, Yuezhi Mao, Dmitri Zuev, Alec White,
  David Stuck, Shaama M.S., Shane Yost, Joonho Lee, David Small,
  Daniel Levine, Susi Lehtola, Hugh Burton, Evgeny Epifanovsky,
  Bang C. Huynh
 -----------------------------------------------------------------------
 Exchange:  B88      Correlation:  P86
 Using SG-1 standard quadrature grid
 using 2 threads for integral computing
 -------------------------------------------------------
 OpenMP Integral computing Module                
 Release: version 1.0, May 2013, Q-Chem Inc. Pittsburgh 
 -------------------------------------------------------
 A restricted SCF calculation will be
 performed using DIIS
 SCF converges when DIIS error is below 1.0e-08
 ---------------------------------------
  Cycle       Energy         DIIS error
 ---------------------------------------
    1   -1830.5073682895      1.92e-09  
    2   -1830.5073682890      1.03e-08  
    3   -1830.5073682886      8.19e-09  Convergence criterion met
 ---------------------------------------
 SCF time:   CPU 3.67s  wall 2.00s 
 SCF   energy in the final basis set =    -1830.5073682886
 Total energy in the final basis set =    -1830.5073682886

 --------------------------------------------------------------

                    Orbital Energies (a.u.)
 --------------------------------------------------------------

 Alpha MOs
 -- Occupied --
******** -29.6378 -25.5983 -25.5855 -25.5804 -18.8959 -18.8874 -18.8821
-18.8793 -18.8682 -10.0735 -10.0587 -10.0472 -10.0466 -10.0385  -3.3210
 -2.1564  -2.1344  -2.1211  -1.0694  -1.0435  -1.0391  -1.0362  -1.0322
 -0.5736  -0.5325  -0.5210  -0.5180  -0.5131  -0.4529  -0.4385  -0.4367
 -0.4310  -0.4280  -0.4223  -0.4213  -0.4182  -0.4132  -0.4088  -0.4051
 -0.3985  -0.3937  -0.3900  -0.3777  -0.2779  -0.2691  -0.2311  -0.2251
 -- Virtual --
 -0.1212  -0.1081  -0.0972  -0.0924  -0.0779  -0.0722  -0.0707  -0.0601
 -0.0571  -0.0436  -0.0330   0.0146   0.1798   0.2193   0.2234   0.2399
  0.2909   0.3224   0.3296   0.3817   0.4029   0.4137   0.4214   0.4344
  0.4426   0.4681   0.4962   0.5013   0.5193   0.5301   0.5609   0.5905
  0.5969   0.6096   0.6183   0.6281   0.7419   0.7461   0.7603   0.7728
  0.7854   0.8188   0.8363   0.8544   0.8832   0.8980   0.9405   0.9549
  0.9625   0.9695   0.9802   0.9988   1.0040   1.0110   1.0225   1.0547
  1.1705   1.2203   1.2812   1.2920   1.3991   1.4028   1.4066   1.4154
  1.4161   1.4212   1.4307   1.4320   1.4424   1.4530   1.4646   1.4806
  1.4883   1.5218   1.5302   1.5464   1.5785   1.6200   1.6439   1.6604
  1.6716   1.8025   1.8125   1.8192   1.8349   1.8403   1.8424   1.8456
  1.8518   1.8543   1.8735   1.8792   1.8881   1.8972   1.9426   1.9451
  2.3034   2.3831   2.3903   2.4109   2.4415   2.4427   2.4530   2.4690
  2.4988   2.5041   2.5992   2.6119   2.6284   2.6360   2.6602   2.7707
  2.8094   2.8689   2.8994   2.9200  13.2176  13.2784  13.2935  13.3189
 13.4284  24.8985  24.9200  24.9381  24.9825  24.9956
 --------------------------------------------------------------

          Ground-State Mulliken Net Atomic Charges

     Atom                 Charge (a.u.)
  ----------------------------------------
      1 Fe                   -0.453176
      2 C                     0.206995
      3 C                     0.231947
      4 C                     0.221042
      5 C                     0.230015
      6 C                     0.186842
      7 O                    -0.147103
      8 O                    -0.139326
      9 O                    -0.084496
     10 O                    -0.121153
     11 O                    -0.131588
  ----------------------------------------
  Sum of atomic charges =     0.000000

 -----------------------------------------------------------------
                    Cartesian Multipole Moments
 -----------------------------------------------------------------
    Charge (ESU x 10^10)
                -0.0000
    Dipole Moment (Debye)
         X      -0.0090915567      Y      -0.6495752478      Z      -0.5034526604
       Tot       0.8218851746
    Quadrupole Moments (Debye-Ang)
        XX     -70.5685     XY       2.0763     YY     -65.6422
        XZ       1.6978     YZ       0.9543     ZZ     -71.2133
    Octopole Moments (Debye-Ang^2)
       XXX     536.4206    XXY     219.2221    XYY     163.3353
       YYY     648.1704    XXZ    -134.0728    XYZ       0.5139
       YYZ    -124.0057    XZZ     182.2931    YZZ     231.1166
       ZZZ    -356.2161
    Hexadecapole Moments (Debye-Ang^3)
      XXXX   -3513.8754   XXXY   -1732.7579   XXYY   -1398.7689
      XYYY   -1671.9526   YYYY   -4869.3460   XXXZ    1048.1843
      XXYZ     422.4650   XYYZ     318.1040   YYYZ    1209.0830
      XXZZ    -946.6576   XYZZ    -586.7946   YYZZ   -1194.5794
      XZZZ     955.8453   YZZZ    1180.9157   ZZZZ   -1878.8719
 -----------------------------------------------------------------
 Calculating MO derivatives via CPSCF
 Full subspace dimension requested for CIS/TDDFT
 MAX_CIS_SUBSPACE fits in available memory
    1     0    36    0.0412793  
    2     0    36    0.0062470  
    3     0    36    0.0006370  
