                  Welcome to Q-Chem
     A Quantum Leap Into The Future Of Chemistry


 Q-Chem 5.4 (devel), Q-Chem, Inc., Pleasanton, CA (2021)

 E. Epifanovsky,  A. T. B. Gilbert,  Xintian Feng,  Joonho Lee,  Yuezhi Mao,  
 N. Mardirossian,  P. Pokhilko,  A. White,  M. Wormit,  M. P. Coons,  
 A. L. Dempwolff,  Zhengting Gan,  D. Hait,  P. R. Horn,  L. D. Jacobson,  
 I. Kaliman,  J. Kussmann,  A. W. Lange,  Ka Un Lao,  D. S. Levine,  Jie Liu,  
 S. C. McKenzie,  A. F. Morrison,  K. Nanda,  F. Plasser,  D. R. Rehn,  
 M. L. Vidal,  Zhi-Qiang You,  Ying Zhu,  B. Alam,  B. Albrecht,  
 A. Aldossary,  E. Alguire,  J. H. Andersen,  D. Barton,  K. Begam,  A. Behn,  
 Y. A. Bernard,  E. J. Berquist,  H. Burton,  A. Carreras,  K. Carter-Fenk,  
 R. Chakraborty,  A. D. Chien,  K. D. Closser,  V. Cofer-Shabica,  
 S. Dasgupta,  Jia Deng,  M. de Wergifosse,  M. Diedenhofen,  Hainam Do,  
 S. Ehlert,  Po-Tung Fang,  S. Fatehi,  Qingguo Feng,  T. Friedhoff,  
 J. Gayvert,  Qinghui Ge,  G. Gidofalvi,  M. Goldey,  J. Gomes,  
 C. Gonzalez-Espinoza,  S. Gulania,  A. Gunina,  M. W. D. Hanson-Heine,  
 P. H. P. Harbach,  A. W. Hauser,  M. F. Herbst,  M. Hernandez Vera,  
 M. Hodecker,  Z. C. Holden,  S. Houck,  Xunkun Huang,  Kerwin Hui,  
 B. C. Huynh,  M. Ivanov,  Hyunjun Ji,  Hanjie Jiang,  B. Kaduk,  S. Kaehler,  
 K. Khistyaev,  Jaehoon Kim,  P. Klunzinger,  Z. Koczor-Benda,  
 Joong Hoon Koh,  D. Kosenkov,  L. Koulias,  T. Kowalczyk,  C. M. Krauter,  
 K. Kue,  A. Kunitsa,  T. Kus,  A. Landau,  K. V. Lawler,  D. Lefrancois,  
 S. Lehtola,  Rain Li,  Yi-Pei Li,  Jiashu Liang,  M. Liebenthal,  
 Hung-Hsuan Lin,  You-Sheng Lin,  Fenglai Liu,  Kuan-Yu Liu,  
 M. Loipersberger,  A. Luenser,  A. Manjanath,  P. Manohar,  E. Mansoor,  
 S. F. Manzer,  Shan-Ping Mao,  A. V. Marenich,  T. Markovich,  S. Mason,  
 S. A. Maurer,  P. F. McLaughlin,  M. F. S. J. Menger,  J.-M. Mewes,  
 S. A. Mewes,  P. Morgante,  J. W. Mullinax,  K. J. Oosterbaan,  G. Paran,  
 Alexander C. Paul,  Suranjan K. Paul,  F. Pavosevic,  Zheng Pei,  S. Prager,  
 E. I. Proynov,  E. Ramos,  B. Rana,  A. E. Rask,  A. Rettig,  R. M. Richard,  
 F. Rob,  E. Rossomme,  T. Scheele,  M. Scheurer,  M. Schneider,  
 N. Sergueev,  S. M. Sharada,  W. Skomorowski,  D. W. Small,  C. J. Stein,  
 Yu-Chuan Su,  E. J. Sundstrom,  Zhen Tao,  J. Thirman,  T. Tsuchimochi,  
 N. M. Tubman,  S. P. Veccham,  O. Vydrov,  J. Wenzel,  J. Witte,  A. Yamada,  
 Kun Yao,  S. Yeganeh,  S. R. Yost,  A. Zech,  Igor Ying Zhang,  Xing Zhang,  
 Yu Zhang,  D. Zuev,  A. Aspuru-Guzik,  A. T. Bell,  N. A. Besley,  
 K. B. Bravaya,  B. R. Brooks,  D. Casanova,  Jeng-Da Chai,  S. Coriani,  
 C. J. Cramer,  A. E. DePrince, III,  R. A. DiStasio Jr.,  A. Dreuw,  
 B. D. Dunietz,  T. R. Furlani,  W. A. Goddard III,  S. Grimme,  
 S. Hammes-Schiffer,  T. Head-Gordon,  W. J. Hehre,  Chao-Ping Hsu,  
 T.-C. Jagau,  Yousung Jung,  A. Klamt,  Jing Kong,  D. S. Lambrecht,  
 WanZhen Liang,  N. J. Mayhall,  C. W. McCurdy,  J. B. Neaton,  
 C. Ochsenfeld,  J. A. Parkhill,  R. Peverati,  V. A. Rassolov,  Yihan Shao,  
 L. V. Slipchenko,  T. Stauch,  R. P. Steele,  J. E. Subotnik,  
 A. J. W. Thom,  A. Tkatchenko,  D. G. Truhlar,  T. Van Voorhis,  
 T. A. Wesolowski,  K. B. Whaley,  H. L. Woodcock III,  P. M. Zimmerman,  
 S. Faraji,  P. M. W. Gill,  M. Head-Gordon,  J. M. Herbert,  A. I. Krylov

 Additional authors for Version 5.4.1: 
 S. Kotaru,  Shaozhi Li,  Xiangyuan Li,  F. Matz,  A. Molle,  Haisheng Ren,  
 Yingli Su,  Hung-Yi Tsai,  C. Utku,  Fang Wang

 Contributors to earlier versions of Q-Chem not listed above: 
 R. D. Adamson,  B. Austin,  R. Baer,  J. Baker,  G. J. O. Beran,  
 K. Brandhorst,  S. T. Brown,  E. F. C. Byrd,  A. K. Chakraborty,  
 G. K. L. Chan,  Chun-Min Chang,  Yunqing Chen,  C.-L. Cheng,  
 Siu Hung Chien,  D. M. Chipman,  D. L. Crittenden,  H. Dachsel,  
 R. J. Doerksen,  A. D. Dutoi,  R. G. Edgar,  J. Fosso-Tande,  
 L. Fusti-Molnar,  D. Ghosh,  A. Ghysels,  A. Golubeva-Zadorozhnaya,  
 J. Gonthier,  M. S. Gordon,  S. R. Gwaltney,  G. Hawkins,  J. E. Herr,  
 A. Heyden,  S. Hirata,  E. G. Hohenstein,  G. Kedziora,  F. J. Keil,  
 C. Kelley,  Jihan Kim,  R. A. King,  R. Z. Khaliullin,  P. P. Korambath,  
 W. Kurlancheek,  A. Laurent,  A. M. Lee,  M. S. Lee,  S. V. Levchenko,  
 Ching Yeh Lin,  D. Liotard,  E. Livshits,  R. C. Lochan,  I. Lotan,  
 L. A. Martinez-Martinez,  P. E. Maslen,  N. Nair,  D. P. O'Neill,  
 D. Neuhauser,  E. Neuscamman,  C. M. Oana,  R. Olivares-Amaya,  R. Olson,  
 T. M. Perrine,  B. Peters,  P. A. Pieniazek,  A. Prociuk,  Y. M. Rhee,  
 J. Ritchie,  M. A. Rohrdanz,  E. Rosta,  N. J. Russ,  H. F. Schaefer III,  
 M. W. Schmidt,  N. E. Schultz,  S. Sharma,  N. Shenvi,  C. D. Sherrill,  
 A. C. Simmonett,  A. Sodt,  T. Stein,  D. Stuck,  K. S. Thanthiriwatte,  
 V. Vanovschi,  L. Vogt,  Tao Wang,  A. Warshel,  M. A. Watson,  
 C. F. Williams,  Q. Wu,  X. Xu,  Jun Yang,  W. Zhang,  Yan Zhao

 Please cite Q-Chem as follows:
 Y. Shao et al., Mol. Phys. 113, 184-215 (2015)
 DOI: 10.1080/00268976.2014.952696

 Q-Chem 5.4.1 for Intel X86 EM64T Linux

 Parts of Q-Chem use Armadillo 9.900.5 (Nocturnal Misbehaviour).
 http://arma.sourceforge.net/

 Q-Chem begins on Wed Jun 22 16:38:11 2022  

 Host: p09r14n10.grace.hpc.yale.internal
0

     Scratch files written to /home/tl686/scratch60/qchem_dev/scratch/qchem114538//
 Processing $rem in /home/tl686/qchem_dev/qchem/config/preferences:
 Processing $rem in /home/tl686/.qchemrc:

 Checking the input file for inconsistencies... 	...done.

--------------------------------------------------------------
User input:
--------------------------------------------------------------
$molecule
0   1
 Fe 24.33757330 -0.99504783 -3.38475240
C 24.50828419 1.60451212 -5.48343048
C 24.35502810 -4.03411682 -1.57693020
C 24.52929826 -3.36840772 -5.87141064
C 26.67269849 0.59173259 -1.32193226
C 21.33854775 0.38919976 -2.23215849
O 24.59561785 3.55486562 -6.61389316
O 24.20639044 -5.71162681 -0.23171807
O 24.88497431 -4.79400266 -7.47901404
O 27.98786906 1.66811809 0.17576083
O 19.41377111 1.34499174 -1.91549325

$end

$rem
     JOBTYPE  force
     METHOD   bp86
     BASIS    def2-msvp
     MAX_SCF_CYCLES   800
     INPUT_BOHR TRUE
     SYM_IGNORE TRUE
$end

--------------------------------------------------------------
 ----------------------------------------------------------------
             Standard Nuclear Orientation (Bohr)
    I     Atom           X                Y                Z
 ----------------------------------------------------------------
    1      Fe     24.3375733000    -0.9950478300    -3.3847524000
    2      C      24.5082841900     1.6045121200    -5.4834304800
    3      C      24.3550281000    -4.0341168200    -1.5769302000
    4      C      24.5292982600    -3.3684077200    -5.8714106400
    5      C      26.6726984900     0.5917325900    -1.3219322600
    6      C      21.3385477500     0.3891997600    -2.2321584900
    7      O      24.5956178500     3.5548656200    -6.6138931600
    8      O      24.2063904400    -5.7116268100    -0.2317180700
    9      O      24.8849743100    -4.7940026600    -7.4790140400
   10      O      27.9878690600     1.6681180900     0.1757608300
   11      O      19.4137711100     1.3449917400    -1.9154932500
 ----------------------------------------------------------------
 Nuclear Repulsion Energy =         793.79510016 hartrees
 There are       48 alpha and       48 beta electrons
 Requested basis set is def2-mSVP
 There are 80 shells and 174 basis functions

 Total QAlloc Memory Limit   2000 MB
 Mega-Array Size       188 MB
 MEM_STATIC part       192 MB

                       Distance Matrix (Bohrs)
             Fe(  1)   C (  2)   C (  3)   C (  4)   C (  5)   C (  6)
   C (  2)  3.345341
   C (  3)  3.536165  6.861368
   C (  4)  3.442828  4.988076  4.349264
   C (  5)  3.496557  4.798800  5.180261  6.401143
   C (  6)  3.498395  4.700530  5.393905  6.127370  5.415043
   O (  7)  5.585307  2.255981  9.111615  6.963289  6.410871  6.311065
   O (  8)  5.674941  9.010966  2.155395  6.115642  6.855916  7.031811
   O (  9)  5.612012  6.713065  5.974350  2.177892  8.373276  8.183656
   O ( 10)  5.752770  6.643644  6.984622  8.596312  2.265251  7.186597
   O ( 11)  5.646090  6.225078  7.312008  8.002127  7.322004  2.172229
             O (  7)   O (  8)   O (  9)   O ( 10)
   O (  8) 11.258399
   O (  9)  8.398557  7.336607
   O ( 10)  7.820907  8.302184 10.487256
   O ( 11)  7.335533  8.694835  9.928448  8.831359

 A cutoff of  1.0D-11 yielded   2467 shell pairs
 There are     12751 function pairs (     14587 Cartesian)
 Smallest overlap matrix eigenvalue = 2.80E-03

 Scale SEOQF with 1.000000e-02/1.000000e-01/1.000000e-01

 Standard Electronic Orientation quadrupole field applied
 Nucleus-field energy     =     0.0000000258 hartrees
 Guess from superposition of atomic densities
 Warning:  Energy on first SCF cycle will be non-variational
 SAD guess density has 96.000000 electrons

 -----------------------------------------------------------------------
  General SCF calculation program by
  Eric Jon Sundstrom, Paul Horn, Yuezhi Mao, Dmitri Zuev, Alec White,
  David Stuck, Shaama M.S., Shane Yost, Joonho Lee, David Small,
  Daniel Levine, Susi Lehtola, Hugh Burton, Evgeny Epifanovsky,
  Bang C. Huynh
 -----------------------------------------------------------------------
 Exchange:  B88      Correlation:  P86
 Using SG-1 standard quadrature grid
 using 2 threads for integral computing
 -------------------------------------------------------
 OpenMP Integral computing Module                
 Release: version 1.0, May 2013, Q-Chem Inc. Pittsburgh 
 -------------------------------------------------------
 A restricted SCF calculation will be
 performed using DIIS
 SCF converges when DIIS error is below 1.0e-08
 ---------------------------------------
  Cycle       Energy         DIIS error
 ---------------------------------------
    1   -1832.1246630986      6.68e-02  
    2   -1830.4365221851      4.53e-03  
    3   -1830.1440229134      1.24e-02  
    4   -1829.8714177404      1.75e-02  
    5   -1830.3827703980      7.36e-03  
    6   -1830.4971171688      2.30e-03  
    7   -1830.5058674215      9.26e-04  
    8   -1830.5077868784      4.25e-04  
    9   -1830.5080484951      2.40e-04  
   10   -1830.5081636336      6.74e-05  
   11   -1830.5081724588      2.26e-05  
   12   -1830.5081735581      4.63e-06  
   13   -1830.5081736112      1.56e-06  
   14   -1830.5081736154      6.76e-07  
   15   -1830.5081736164      3.41e-07  
   16   -1830.5081736164      7.61e-08  
   17   -1830.5081736166      8.52e-09  Convergence criterion met
 ---------------------------------------
 SCF time:   CPU 25.56s  wall 13.00s 
 SCF   energy in the final basis set =    -1830.5081736166
 Total energy in the final basis set =    -1830.5081736166

 --------------------------------------------------------------

                    Orbital Energies (a.u.)
 --------------------------------------------------------------

 Alpha MOs
 -- Occupied --
******** -29.6322 -25.5918 -25.5825 -25.5730 -18.8976 -18.8810 -18.8783
-18.8751 -18.8750 -10.0603 -10.0494 -10.0468 -10.0448 -10.0428  -3.3158
 -2.1516  -2.1329  -2.1122  -1.0818  -1.0607  -1.0580  -1.0327  -1.0279
 -0.5749  -0.5335  -0.5168  -0.5162  -0.5127  -0.4613  -0.4511  -0.4438
 -0.4366  -0.4304  -0.4275  -0.4219  -0.4206  -0.4170  -0.4091  -0.4008
 -0.3983  -0.3953  -0.3898  -0.3728  -0.2749  -0.2622  -0.2337  -0.2144
 -- Virtual --
 -0.1075  -0.0975  -0.0876  -0.0841  -0.0794  -0.0679  -0.0636  -0.0576
 -0.0520  -0.0375  -0.0176   0.0129   0.1832   0.2117   0.2248   0.2414
  0.2922   0.3033   0.3556   0.3868   0.3965   0.4217   0.4312   0.4376
  0.4442   0.4759   0.4946   0.5026   0.5325   0.5475   0.5625   0.5966
  0.6124   0.6183   0.6379   0.6617   0.7371   0.7500   0.7606   0.7743
  0.7766   0.8242   0.8352   0.8685   0.8825   0.9065   0.9407   0.9548
  0.9585   0.9751   0.9887   1.0007   1.0141   1.0245   1.0455   1.0663
  1.1783   1.1986   1.2388   1.3053   1.3927   1.4034   1.4077   1.4104
  1.4137   1.4205   1.4288   1.4356   1.4412   1.4492   1.4658   1.4937
  1.5063   1.5218   1.5403   1.5650   1.6077   1.6192   1.6639   1.6778
  1.6845   1.8077   1.8293   1.8347   1.8408   1.8445   1.8474   1.8590
  1.8631   1.8665   1.8730   1.8778   1.9016   1.9144   1.9262   1.9434
  2.3537   2.3848   2.4247   2.4292   2.4512   2.4615   2.4820   2.4865
  2.5221   2.5434   2.6085   2.6253   2.6543   2.6633   2.6829   2.8066
  2.8169   2.8782   2.8886   2.9658  13.2322  13.3071  13.3072  13.3297
 13.4139  24.9180  24.9348  24.9429  24.9849  25.0199
 --------------------------------------------------------------

          Ground-State Mulliken Net Atomic Charges

     Atom                 Charge (a.u.)
  ----------------------------------------
      1 Fe                   -0.460669
      2 C                     0.190731
      3 C                     0.186929
      4 C                     0.166984
      5 C                     0.240453
      6 C                     0.236708
      7 O                    -0.144854
      8 O                    -0.074489
      9 O                    -0.104023
     10 O                    -0.142864
     11 O                    -0.094904
  ----------------------------------------
  Sum of atomic charges =     0.000000

 -----------------------------------------------------------------
                    Cartesian Multipole Moments
 -----------------------------------------------------------------
    Charge (ESU x 10^10)
                -0.0000
    Dipole Moment (Debye)
         X      -0.2910990781      Y      -0.8351618334      Z       0.2817301917
       Tot       0.9282272686
    Quadrupole Moments (Debye-Ang)
        XX     -76.8914     XY     -10.7437     YY     -69.0389
        XZ       3.6107     YZ       0.7725     ZZ     -70.6407
    Octopole Moments (Debye-Ang^2)
       XXX   -2816.0893    XXY    -111.2618    XYY    -887.9648
       YYY      96.2491    XXZ     162.3178    XYZ       7.7494
       YYZ     124.9796    XZZ    -910.9087    YZZ      33.3716
       ZZZ     368.3661
    Hexadecapole Moments (Debye-Ang^3)
      XXXX  -71577.2009   XXXY    -725.2867   XXYY  -11668.6336
      XYYY    1246.5353   YYYY   -1001.6089   XXXZ    5044.7358
      XXYZ      18.0664   XYYZ    1605.9028   YYYZ    -155.0113
      XXZZ  -12143.5883   XYZZ     437.1025   YYZZ    -534.6473
      XZZZ    4733.5179   YZZZ    -179.9342   ZZZZ   -1974.0718
 -----------------------------------------------------------------
 Calculating analytic gradient of the SCF energy
 Gradient of SCF Energy
            1           2           3           4           5           6
    1   0.0015586  -0.0068405   0.0043315  -0.0022477  -0.0293185  -0.0276347
    2   0.0189312  -0.0539784  -0.0642167  -0.0385683  -0.0168799   0.0270638
    3  -0.0172075   0.0241250   0.0105045  -0.0162923  -0.0322815   0.0191409
            7           8           9          10          11
    1   0.0023152  -0.0004468  -0.0004489   0.0348671   0.0238647
    2   0.0471177   0.0425183   0.0228318   0.0289204  -0.0137399
    3  -0.0192439  -0.0207818   0.0210812   0.0421434  -0.0111880
 Max gradient component =       6.422E-02
 RMS gradient           =       2.740E-02
 Gradient time:  CPU 2.85 s  wall 1.54 s
 Total job time:  15.12s(wall), 28.62s(cpu) 
 Wed Jun 22 16:38:26 2022

        *************************************************************
        *                                                           *
        *  Thank you very much for using Q-Chem.  Have a nice day.  *
        *                                                           *
        *************************************************************


 
User input: 2 of 2 
 
                  Welcome to Q-Chem
     A Quantum Leap Into The Future Of Chemistry


 Q-Chem 5.4 (devel), Q-Chem, Inc., Pleasanton, CA (2021)

 E. Epifanovsky,  A. T. B. Gilbert,  Xintian Feng,  Joonho Lee,  Yuezhi Mao,  
 N. Mardirossian,  P. Pokhilko,  A. White,  M. Wormit,  M. P. Coons,  
 A. L. Dempwolff,  Zhengting Gan,  D. Hait,  P. R. Horn,  L. D. Jacobson,  
 I. Kaliman,  J. Kussmann,  A. W. Lange,  Ka Un Lao,  D. S. Levine,  Jie Liu,  
 S. C. McKenzie,  A. F. Morrison,  K. Nanda,  F. Plasser,  D. R. Rehn,  
 M. L. Vidal,  Zhi-Qiang You,  Ying Zhu,  B. Alam,  B. Albrecht,  
 A. Aldossary,  E. Alguire,  J. H. Andersen,  D. Barton,  K. Begam,  A. Behn,  
 Y. A. Bernard,  E. J. Berquist,  H. Burton,  A. Carreras,  K. Carter-Fenk,  
 R. Chakraborty,  A. D. Chien,  K. D. Closser,  V. Cofer-Shabica,  
 S. Dasgupta,  Jia Deng,  M. de Wergifosse,  M. Diedenhofen,  Hainam Do,  
 S. Ehlert,  Po-Tung Fang,  S. Fatehi,  Qingguo Feng,  T. Friedhoff,  
 J. Gayvert,  Qinghui Ge,  G. Gidofalvi,  M. Goldey,  J. Gomes,  
 C. Gonzalez-Espinoza,  S. Gulania,  A. Gunina,  M. W. D. Hanson-Heine,  
 P. H. P. Harbach,  A. W. Hauser,  M. F. Herbst,  M. Hernandez Vera,  
 M. Hodecker,  Z. C. Holden,  S. Houck,  Xunkun Huang,  Kerwin Hui,  
 B. C. Huynh,  M. Ivanov,  Hyunjun Ji,  Hanjie Jiang,  B. Kaduk,  S. Kaehler,  
 K. Khistyaev,  Jaehoon Kim,  P. Klunzinger,  Z. Koczor-Benda,  
 Joong Hoon Koh,  D. Kosenkov,  L. Koulias,  T. Kowalczyk,  C. M. Krauter,  
 K. Kue,  A. Kunitsa,  T. Kus,  A. Landau,  K. V. Lawler,  D. Lefrancois,  
 S. Lehtola,  Rain Li,  Yi-Pei Li,  Jiashu Liang,  M. Liebenthal,  
 Hung-Hsuan Lin,  You-Sheng Lin,  Fenglai Liu,  Kuan-Yu Liu,  
 M. Loipersberger,  A. Luenser,  A. Manjanath,  P. Manohar,  E. Mansoor,  
 S. F. Manzer,  Shan-Ping Mao,  A. V. Marenich,  T. Markovich,  S. Mason,  
 S. A. Maurer,  P. F. McLaughlin,  M. F. S. J. Menger,  J.-M. Mewes,  
 S. A. Mewes,  P. Morgante,  J. W. Mullinax,  K. J. Oosterbaan,  G. Paran,  
 Alexander C. Paul,  Suranjan K. Paul,  F. Pavosevic,  Zheng Pei,  S. Prager,  
 E. I. Proynov,  E. Ramos,  B. Rana,  A. E. Rask,  A. Rettig,  R. M. Richard,  
 F. Rob,  E. Rossomme,  T. Scheele,  M. Scheurer,  M. Schneider,  
 N. Sergueev,  S. M. Sharada,  W. Skomorowski,  D. W. Small,  C. J. Stein,  
 Yu-Chuan Su,  E. J. Sundstrom,  Zhen Tao,  J. Thirman,  T. Tsuchimochi,  
 N. M. Tubman,  S. P. Veccham,  O. Vydrov,  J. Wenzel,  J. Witte,  A. Yamada,  
 Kun Yao,  S. Yeganeh,  S. R. Yost,  A. Zech,  Igor Ying Zhang,  Xing Zhang,  
 Yu Zhang,  D. Zuev,  A. Aspuru-Guzik,  A. T. Bell,  N. A. Besley,  
 K. B. Bravaya,  B. R. Brooks,  D. Casanova,  Jeng-Da Chai,  S. Coriani,  
 C. J. Cramer,  A. E. DePrince, III,  R. A. DiStasio Jr.,  A. Dreuw,  
 B. D. Dunietz,  T. R. Furlani,  W. A. Goddard III,  S. Grimme,  
 S. Hammes-Schiffer,  T. Head-Gordon,  W. J. Hehre,  Chao-Ping Hsu,  
 T.-C. Jagau,  Yousung Jung,  A. Klamt,  Jing Kong,  D. S. Lambrecht,  
 WanZhen Liang,  N. J. Mayhall,  C. W. McCurdy,  J. B. Neaton,  
 C. Ochsenfeld,  J. A. Parkhill,  R. Peverati,  V. A. Rassolov,  Yihan Shao,  
 L. V. Slipchenko,  T. Stauch,  R. P. Steele,  J. E. Subotnik,  
 A. J. W. Thom,  A. Tkatchenko,  D. G. Truhlar,  T. Van Voorhis,  
 T. A. Wesolowski,  K. B. Whaley,  H. L. Woodcock III,  P. M. Zimmerman,  
 S. Faraji,  P. M. W. Gill,  M. Head-Gordon,  J. M. Herbert,  A. I. Krylov

 Additional authors for Version 5.4.1: 
 S. Kotaru,  Shaozhi Li,  Xiangyuan Li,  F. Matz,  A. Molle,  Haisheng Ren,  
 Yingli Su,  Hung-Yi Tsai,  C. Utku,  Fang Wang

 Contributors to earlier versions of Q-Chem not listed above: 
 R. D. Adamson,  B. Austin,  R. Baer,  J. Baker,  G. J. O. Beran,  
 K. Brandhorst,  S. T. Brown,  E. F. C. Byrd,  A. K. Chakraborty,  
 G. K. L. Chan,  Chun-Min Chang,  Yunqing Chen,  C.-L. Cheng,  
 Siu Hung Chien,  D. M. Chipman,  D. L. Crittenden,  H. Dachsel,  
 R. J. Doerksen,  A. D. Dutoi,  R. G. Edgar,  J. Fosso-Tande,  
 L. Fusti-Molnar,  D. Ghosh,  A. Ghysels,  A. Golubeva-Zadorozhnaya,  
 J. Gonthier,  M. S. Gordon,  S. R. Gwaltney,  G. Hawkins,  J. E. Herr,  
 A. Heyden,  S. Hirata,  E. G. Hohenstein,  G. Kedziora,  F. J. Keil,  
 C. Kelley,  Jihan Kim,  R. A. King,  R. Z. Khaliullin,  P. P. Korambath,  
 W. Kurlancheek,  A. Laurent,  A. M. Lee,  M. S. Lee,  S. V. Levchenko,  
 Ching Yeh Lin,  D. Liotard,  E. Livshits,  R. C. Lochan,  I. Lotan,  
 L. A. Martinez-Martinez,  P. E. Maslen,  N. Nair,  D. P. O'Neill,  
 D. Neuhauser,  E. Neuscamman,  C. M. Oana,  R. Olivares-Amaya,  R. Olson,  
 T. M. Perrine,  B. Peters,  P. A. Pieniazek,  A. Prociuk,  Y. M. Rhee,  
 J. Ritchie,  M. A. Rohrdanz,  E. Rosta,  N. J. Russ,  H. F. Schaefer III,  
 M. W. Schmidt,  N. E. Schultz,  S. Sharma,  N. Shenvi,  C. D. Sherrill,  
 A. C. Simmonett,  A. Sodt,  T. Stein,  D. Stuck,  K. S. Thanthiriwatte,  
 V. Vanovschi,  L. Vogt,  Tao Wang,  A. Warshel,  M. A. Watson,  
 C. F. Williams,  Q. Wu,  X. Xu,  Jun Yang,  W. Zhang,  Yan Zhao

 Please cite Q-Chem as follows:
 Y. Shao et al., Mol. Phys. 113, 184-215 (2015)
 DOI: 10.1080/00268976.2014.952696

 Q-Chem 5.4.1 for Intel X86 EM64T Linux

 Parts of Q-Chem use Armadillo 9.900.5 (Nocturnal Misbehaviour).
 http://arma.sourceforge.net/

 Q-Chem begins on Wed Jun 22 16:38:26 2022  

 Host: p09r14n10.grace.hpc.yale.internal
0

     Scratch files written to /home/tl686/scratch60/qchem_dev/scratch/qchem114538//
 Processing $rem in /home/tl686/qchem_dev/qchem/config/preferences:
 Processing $rem in /home/tl686/.qchemrc:
The previous job contains 0 fragments, simply inherited here

 Checking the input file for inconsistencies... 	...done.

--------------------------------------------------------------
User input:
--------------------------------------------------------------

$molecule
READ
$end

$rem
     JOBTYPE  freq
     METHOD   bp86
     BASIS    def2-msvp
     MAX_SCF_CYCLES   800
     INPUT_BOHR TRUE
     SYM_IGNORE TRUE
     SCF_GUESS     read 
$end
--------------------------------------------------------------
 ----------------------------------------------------------------
             Standard Nuclear Orientation (Bohr)
    I     Atom           X                Y                Z
 ----------------------------------------------------------------
    1      Fe     24.3375733000    -0.9950478300    -3.3847524000
    2      C      24.5082841900     1.6045121200    -5.4834304800
    3      C      24.3550281000    -4.0341168200    -1.5769302000
    4      C      24.5292982600    -3.3684077200    -5.8714106400
    5      C      26.6726984900     0.5917325900    -1.3219322600
    6      C      21.3385477500     0.3891997600    -2.2321584900
    7      O      24.5956178500     3.5548656200    -6.6138931600
    8      O      24.2063904400    -5.7116268100    -0.2317180700
    9      O      24.8849743100    -4.7940026600    -7.4790140400
   10      O      27.9878690600     1.6681180900     0.1757608300
   11      O      19.4137711100     1.3449917400    -1.9154932500
 ----------------------------------------------------------------
 Nuclear Repulsion Energy =         793.79510016 hartrees
 There are       48 alpha and       48 beta electrons
 Requested basis set is def2-mSVP
 There are 80 shells and 174 basis functions

 Total QAlloc Memory Limit   2000 MB
 Mega-Array Size       204 MB
 MEM_STATIC part       192 MB

                       Distance Matrix (Bohrs)
             Fe(  1)   C (  2)   C (  3)   C (  4)   C (  5)   C (  6)
   C (  2)  3.345341
   C (  3)  3.536165  6.861368
   C (  4)  3.442828  4.988076  4.349264
   C (  5)  3.496557  4.798800  5.180261  6.401143
   C (  6)  3.498395  4.700530  5.393905  6.127370  5.415043
   O (  7)  5.585307  2.255981  9.111615  6.963289  6.410871  6.311065
   O (  8)  5.674941  9.010966  2.155395  6.115642  6.855916  7.031811
   O (  9)  5.612012  6.713065  5.974350  2.177892  8.373276  8.183656
   O ( 10)  5.752770  6.643644  6.984622  8.596312  2.265251  7.186597
   O ( 11)  5.646090  6.225078  7.312008  8.002127  7.322004  2.172229
             O (  7)   O (  8)   O (  9)   O ( 10)
   O (  8) 11.258399
   O (  9)  8.398557  7.336607
   O ( 10)  7.820907  8.302184 10.487256
   O ( 11)  7.335533  8.694835  9.928448  8.831359

 A cutoff of  1.0D-11 yielded   2467 shell pairs
 There are     12751 function pairs (     14587 Cartesian)
 Smallest overlap matrix eigenvalue = 2.80E-03
 Guess MOs from SCF MO coefficient file

 -----------------------------------------------------------------------
  General SCF calculation program by
  Eric Jon Sundstrom, Paul Horn, Yuezhi Mao, Dmitri Zuev, Alec White,
  David Stuck, Shaama M.S., Shane Yost, Joonho Lee, David Small,
  Daniel Levine, Susi Lehtola, Hugh Burton, Evgeny Epifanovsky,
  Bang C. Huynh
 -----------------------------------------------------------------------
 Exchange:  B88      Correlation:  P86
 Using SG-1 standard quadrature grid
 using 2 threads for integral computing
 -------------------------------------------------------
 OpenMP Integral computing Module                
 Release: version 1.0, May 2013, Q-Chem Inc. Pittsburgh 
 -------------------------------------------------------
 A restricted SCF calculation will be
 performed using DIIS
 SCF converges when DIIS error is below 1.0e-08
 ---------------------------------------
  Cycle       Energy         DIIS error
 ---------------------------------------
    1   -1830.5081736168      7.93e-09  
    2   -1830.5081736168      7.41e-08  
    3   -1830.5081736167      1.63e-08  
    4   -1830.5081736167      9.01e-10  Convergence criterion met
 ---------------------------------------
 SCF time:   CPU 5.37s  wall 3.00s 
 SCF   energy in the final basis set =    -1830.5081736167
 Total energy in the final basis set =    -1830.5081736167

 --------------------------------------------------------------

                    Orbital Energies (a.u.)
 --------------------------------------------------------------

 Alpha MOs
 -- Occupied --
******** -29.6322 -25.5918 -25.5825 -25.5730 -18.8976 -18.8810 -18.8783
-18.8751 -18.8750 -10.0603 -10.0494 -10.0468 -10.0448 -10.0428  -3.3158
 -2.1516  -2.1329  -2.1122  -1.0818  -1.0607  -1.0580  -1.0327  -1.0279
 -0.5749  -0.5335  -0.5168  -0.5162  -0.5127  -0.4613  -0.4511  -0.4438
 -0.4366  -0.4304  -0.4275  -0.4219  -0.4206  -0.4170  -0.4091  -0.4008
 -0.3983  -0.3953  -0.3898  -0.3728  -0.2749  -0.2622  -0.2337  -0.2144
 -- Virtual --
 -0.1075  -0.0975  -0.0876  -0.0841  -0.0794  -0.0679  -0.0636  -0.0576
 -0.0520  -0.0375  -0.0176   0.0129   0.1832   0.2117   0.2248   0.2414
  0.2922   0.3033   0.3556   0.3868   0.3965   0.4217   0.4312   0.4376
  0.4442   0.4759   0.4946   0.5026   0.5325   0.5475   0.5625   0.5966
  0.6124   0.6183   0.6379   0.6617   0.7371   0.7500   0.7606   0.7743
  0.7766   0.8242   0.8352   0.8685   0.8825   0.9065   0.9407   0.9548
  0.9585   0.9751   0.9887   1.0007   1.0141   1.0245   1.0455   1.0663
  1.1783   1.1986   1.2388   1.3053   1.3927   1.4034   1.4077   1.4104
  1.4137   1.4205   1.4288   1.4356   1.4412   1.4492   1.4658   1.4937
  1.5063   1.5218   1.5403   1.5650   1.6077   1.6192   1.6639   1.6778
  1.6845   1.8077   1.8293   1.8347   1.8408   1.8445   1.8474   1.8590
  1.8631   1.8665   1.8730   1.8778   1.9016   1.9144   1.9262   1.9434
  2.3537   2.3848   2.4247   2.4292   2.4512   2.4615   2.4820   2.4865
  2.5221   2.5434   2.6085   2.6253   2.6543   2.6633   2.6829   2.8066
  2.8169   2.8782   2.8886   2.9658  13.2322  13.3071  13.3072  13.3297
 13.4139  24.9180  24.9348  24.9429  24.9849  25.0199
 --------------------------------------------------------------

          Ground-State Mulliken Net Atomic Charges

     Atom                 Charge (a.u.)
  ----------------------------------------
      1 Fe                   -0.460669
      2 C                     0.190731
      3 C                     0.186929
      4 C                     0.166983
      5 C                     0.240453
      6 C                     0.236708
      7 O                    -0.144854
      8 O                    -0.074489
      9 O                    -0.104023
     10 O                    -0.142864
     11 O                    -0.094904
  ----------------------------------------
  Sum of atomic charges =     0.000000

 -----------------------------------------------------------------
                    Cartesian Multipole Moments
 -----------------------------------------------------------------
    Charge (ESU x 10^10)
                -0.0000
    Dipole Moment (Debye)
         X      -0.2911020832      Y      -0.8351536248      Z       0.2817319975
       Tot       0.9282213736
    Quadrupole Moments (Debye-Ang)
        XX     -76.8914     XY     -10.7436     YY     -69.0389
        XZ       3.6108     YZ       0.7725     ZZ     -70.6408
    Octopole Moments (Debye-Ang^2)
       XXX   -2816.0908    XXY    -111.2604    XYY    -887.9650
       YYY      96.2492    XXZ     162.3182    XYZ       7.7491
       YYZ     124.9797    XZZ    -910.9089    YZZ      33.3717
       ZZZ     368.3662
    Hexadecapole Moments (Debye-Ang^3)
      XXXX  -71577.2257   XXXY    -725.2692   XXYY  -11668.6363
      XYYY    1246.5358   YYYY   -1001.6090   XXXZ    5044.7414
      XXYZ      18.0629   XYYZ    1605.9033   YYYZ    -155.0114
      XXZZ  -12143.5908   XYZZ     437.1033   YYZZ    -534.6475
      XZZZ    4733.5187   YZZZ    -179.9344   ZZZZ   -1974.0720
 -----------------------------------------------------------------
 Calculating MO derivatives via CPSCF
 Full subspace dimension requested for CIS/TDDFT
 MAX_CIS_SUBSPACE fits in available memory
    1     0    36    0.0433212  
    2     0    36    0.0069834  
    3     0    36    0.0006850  
    4     0    36    0.0000455  
    5    33     3    0.0000013  
    6    36     0    0.0000000  Converged
