                  Welcome to Q-Chem
     A Quantum Leap Into The Future Of Chemistry


 Q-Chem 5.4 (devel), Q-Chem, Inc., Pleasanton, CA (2021)

 E. Epifanovsky,  A. T. B. Gilbert,  Xintian Feng,  Joonho Lee,  Yuezhi Mao,  
 N. Mardirossian,  P. Pokhilko,  A. White,  M. Wormit,  M. P. Coons,  
 A. L. Dempwolff,  Zhengting Gan,  D. Hait,  P. R. Horn,  L. D. Jacobson,  
 I. Kaliman,  J. Kussmann,  A. W. Lange,  Ka Un Lao,  D. S. Levine,  Jie Liu,  
 S. C. McKenzie,  A. F. Morrison,  K. Nanda,  F. Plasser,  D. R. Rehn,  
 M. L. Vidal,  Zhi-Qiang You,  Ying Zhu,  B. Alam,  B. Albrecht,  
 A. Aldossary,  E. Alguire,  J. H. Andersen,  D. Barton,  K. Begam,  A. Behn,  
 Y. A. Bernard,  E. J. Berquist,  H. Burton,  A. Carreras,  K. Carter-Fenk,  
 R. Chakraborty,  A. D. Chien,  K. D. Closser,  V. Cofer-Shabica,  
 S. Dasgupta,  Jia Deng,  M. de Wergifosse,  M. Diedenhofen,  Hainam Do,  
 S. Ehlert,  Po-Tung Fang,  S. Fatehi,  Qingguo Feng,  T. Friedhoff,  
 J. Gayvert,  Qinghui Ge,  G. Gidofalvi,  M. Goldey,  J. Gomes,  
 C. Gonzalez-Espinoza,  S. Gulania,  A. Gunina,  M. W. D. Hanson-Heine,  
 P. H. P. Harbach,  A. W. Hauser,  M. F. Herbst,  M. Hernandez Vera,  
 M. Hodecker,  Z. C. Holden,  S. Houck,  Xunkun Huang,  Kerwin Hui,  
 B. C. Huynh,  M. Ivanov,  Hyunjun Ji,  Hanjie Jiang,  B. Kaduk,  S. Kaehler,  
 K. Khistyaev,  Jaehoon Kim,  P. Klunzinger,  Z. Koczor-Benda,  
 Joong Hoon Koh,  D. Kosenkov,  L. Koulias,  T. Kowalczyk,  C. M. Krauter,  
 K. Kue,  A. Kunitsa,  T. Kus,  A. Landau,  K. V. Lawler,  D. Lefrancois,  
 S. Lehtola,  Rain Li,  Yi-Pei Li,  Jiashu Liang,  M. Liebenthal,  
 Hung-Hsuan Lin,  You-Sheng Lin,  Fenglai Liu,  Kuan-Yu Liu,  
 M. Loipersberger,  A. Luenser,  A. Manjanath,  P. Manohar,  E. Mansoor,  
 S. F. Manzer,  Shan-Ping Mao,  A. V. Marenich,  T. Markovich,  S. Mason,  
 S. A. Maurer,  P. F. McLaughlin,  M. F. S. J. Menger,  J.-M. Mewes,  
 S. A. Mewes,  P. Morgante,  J. W. Mullinax,  K. J. Oosterbaan,  G. Paran,  
 Alexander C. Paul,  Suranjan K. Paul,  F. Pavosevic,  Zheng Pei,  S. Prager,  
 E. I. Proynov,  E. Ramos,  B. Rana,  A. E. Rask,  A. Rettig,  R. M. Richard,  
 F. Rob,  E. Rossomme,  T. Scheele,  M. Scheurer,  M. Schneider,  
 N. Sergueev,  S. M. Sharada,  W. Skomorowski,  D. W. Small,  C. J. Stein,  
 Yu-Chuan Su,  E. J. Sundstrom,  Zhen Tao,  J. Thirman,  T. Tsuchimochi,  
 N. M. Tubman,  S. P. Veccham,  O. Vydrov,  J. Wenzel,  J. Witte,  A. Yamada,  
 Kun Yao,  S. Yeganeh,  S. R. Yost,  A. Zech,  Igor Ying Zhang,  Xing Zhang,  
 Yu Zhang,  D. Zuev,  A. Aspuru-Guzik,  A. T. Bell,  N. A. Besley,  
 K. B. Bravaya,  B. R. Brooks,  D. Casanova,  Jeng-Da Chai,  S. Coriani,  
 C. J. Cramer,  A. E. DePrince, III,  R. A. DiStasio Jr.,  A. Dreuw,  
 B. D. Dunietz,  T. R. Furlani,  W. A. Goddard III,  S. Grimme,  
 S. Hammes-Schiffer,  T. Head-Gordon,  W. J. Hehre,  Chao-Ping Hsu,  
 T.-C. Jagau,  Yousung Jung,  A. Klamt,  Jing Kong,  D. S. Lambrecht,  
 WanZhen Liang,  N. J. Mayhall,  C. W. McCurdy,  J. B. Neaton,  
 C. Ochsenfeld,  J. A. Parkhill,  R. Peverati,  V. A. Rassolov,  Yihan Shao,  
 L. V. Slipchenko,  T. Stauch,  R. P. Steele,  J. E. Subotnik,  
 A. J. W. Thom,  A. Tkatchenko,  D. G. Truhlar,  T. Van Voorhis,  
 T. A. Wesolowski,  K. B. Whaley,  H. L. Woodcock III,  P. M. Zimmerman,  
 S. Faraji,  P. M. W. Gill,  M. Head-Gordon,  J. M. Herbert,  A. I. Krylov

 Additional authors for Version 5.4.1: 
 S. Kotaru,  Shaozhi Li,  Xiangyuan Li,  F. Matz,  A. Molle,  Haisheng Ren,  
 Yingli Su,  Hung-Yi Tsai,  C. Utku,  Fang Wang

 Contributors to earlier versions of Q-Chem not listed above: 
 R. D. Adamson,  B. Austin,  R. Baer,  J. Baker,  G. J. O. Beran,  
 K. Brandhorst,  S. T. Brown,  E. F. C. Byrd,  A. K. Chakraborty,  
 G. K. L. Chan,  Chun-Min Chang,  Yunqing Chen,  C.-L. Cheng,  
 Siu Hung Chien,  D. M. Chipman,  D. L. Crittenden,  H. Dachsel,  
 R. J. Doerksen,  A. D. Dutoi,  R. G. Edgar,  J. Fosso-Tande,  
 L. Fusti-Molnar,  D. Ghosh,  A. Ghysels,  A. Golubeva-Zadorozhnaya,  
 J. Gonthier,  M. S. Gordon,  S. R. Gwaltney,  G. Hawkins,  J. E. Herr,  
 A. Heyden,  S. Hirata,  E. G. Hohenstein,  G. Kedziora,  F. J. Keil,  
 C. Kelley,  Jihan Kim,  R. A. King,  R. Z. Khaliullin,  P. P. Korambath,  
 W. Kurlancheek,  A. Laurent,  A. M. Lee,  M. S. Lee,  S. V. Levchenko,  
 Ching Yeh Lin,  D. Liotard,  E. Livshits,  R. C. Lochan,  I. Lotan,  
 L. A. Martinez-Martinez,  P. E. Maslen,  N. Nair,  D. P. O'Neill,  
 D. Neuhauser,  E. Neuscamman,  C. M. Oana,  R. Olivares-Amaya,  R. Olson,  
 T. M. Perrine,  B. Peters,  P. A. Pieniazek,  A. Prociuk,  Y. M. Rhee,  
 J. Ritchie,  M. A. Rohrdanz,  E. Rosta,  N. J. Russ,  H. F. Schaefer III,  
 M. W. Schmidt,  N. E. Schultz,  S. Sharma,  N. Shenvi,  C. D. Sherrill,  
 A. C. Simmonett,  A. Sodt,  T. Stein,  D. Stuck,  K. S. Thanthiriwatte,  
 V. Vanovschi,  L. Vogt,  Tao Wang,  A. Warshel,  M. A. Watson,  
 C. F. Williams,  Q. Wu,  X. Xu,  Jun Yang,  W. Zhang,  Yan Zhao

 Please cite Q-Chem as follows:
 Y. Shao et al., Mol. Phys. 113, 184-215 (2015)
 DOI: 10.1080/00268976.2014.952696

 Q-Chem 5.4.1 for Intel X86 EM64T Linux

 Parts of Q-Chem use Armadillo 9.900.5 (Nocturnal Misbehaviour).
 http://arma.sourceforge.net/

 Q-Chem begins on Wed Jun 22 16:38:11 2022  

 Host: p09r14n10.grace.hpc.yale.internal
0

     Scratch files written to /home/tl686/scratch60/qchem_dev/scratch/qchem114630//
 Processing $rem in /home/tl686/qchem_dev/qchem/config/preferences:
 Processing $rem in /home/tl686/.qchemrc:

 Checking the input file for inconsistencies... 	...done.

--------------------------------------------------------------
User input:
--------------------------------------------------------------
$molecule
0   1
 Fe -79.94554694 0.67567590 -1.69396735
C -82.77470362 1.75781368 -3.02585773
C -77.02446687 -0.49096634 -0.06009562
C -80.20598202 3.24721339 0.57136246
C -81.51135185 -2.31885143 -1.17694862
C -78.28608314 1.20798950 -4.67811377
O -84.59415616 2.32644670 -4.12044516
O -75.15039450 -1.26492656 0.87792901
O -80.99947416 5.01979767 1.60053018
O -82.56305920 -4.15556982 -0.64171454
O -77.14373055 1.20469856 -6.54752710

$end

$rem
     JOBTYPE  force
     METHOD   bp86
     BASIS    def2-msvp
     MAX_SCF_CYCLES   800
     INPUT_BOHR TRUE
     SYM_IGNORE TRUE
$end

--------------------------------------------------------------
 ----------------------------------------------------------------
             Standard Nuclear Orientation (Bohr)
    I     Atom           X                Y                Z
 ----------------------------------------------------------------
    1      Fe    -79.9455469400     0.6756759000    -1.6939673500
    2      C     -82.7747036200     1.7578136800    -3.0258577300
    3      C     -77.0244668700    -0.4909663400    -0.0600956200
    4      C     -80.2059820200     3.2472133900     0.5713624600
    5      C     -81.5113518500    -2.3188514300    -1.1769486200
    6      C     -78.2860831400     1.2079895000    -4.6781137700
    7      O     -84.5941561600     2.3264467000    -4.1204451600
    8      O     -75.1503945000    -1.2649265600     0.8779290100
    9      O     -80.9994741600     5.0197976700     1.6005301800
   10      O     -82.5630592000    -4.1555698200    -0.6417145400
   11      O     -77.1437305500     1.2046985600    -6.5475271000
 ----------------------------------------------------------------
 Nuclear Repulsion Energy =         798.63820599 hartrees
 There are       48 alpha and       48 beta electrons
 Requested basis set is def2-mSVP
 There are 80 shells and 174 basis functions

 Total QAlloc Memory Limit   2000 MB
 Mega-Array Size       188 MB
 MEM_STATIC part       192 MB

                       Distance Matrix (Bohrs)
             Fe(  1)   C (  2)   C (  3)   C (  4)   C (  5)   C (  6)
   C (  2)  3.308940
   C (  3)  3.544475  6.849670
   C (  4)  3.436910  4.664401  4.949219
   C (  5)  3.418515  4.651206  4.971988  5.978433
   C (  6)  3.455764  4.814558  5.079785  5.949911  5.924451
   O (  7)  5.497491  2.198152  9.040158  6.489757  6.304494  6.430686
   O (  8)  5.777030  9.083314  2.234066  6.783241  6.767205  6.842329
   O (  9)  5.553006  5.932575  6.994775  2.197924  7.863344  7.830309
   O ( 10)  5.594599  6.379423  6.666604  7.863114  2.183140  7.959448
   O ( 11)  5.629128  6.664529  6.706435  8.014227  7.767537  2.190819
             O (  7)   O (  8)   O (  9)   O ( 10)
   O (  8) 11.272371
   O (  9)  7.273612  8.615779
   O ( 10)  7.631740  8.100169  9.573914
   O ( 11)  7.915674  8.075261  9.788390  9.642625

 A cutoff of  1.0D-11 yielded   2501 shell pairs
 There are     12883 function pairs (     14747 Cartesian)
 Smallest overlap matrix eigenvalue = 2.59E-03

 Scale SEOQF with 1.000000e-03/1.000000e-01/1.000000e-01

 Standard Electronic Orientation quadrupole field applied
 Nucleus-field energy     =     0.0000000490 hartrees
 Guess from superposition of atomic densities
 Warning:  Energy on first SCF cycle will be non-variational
 SAD guess density has 96.000000 electrons

 -----------------------------------------------------------------------
  General SCF calculation program by
  Eric Jon Sundstrom, Paul Horn, Yuezhi Mao, Dmitri Zuev, Alec White,
  David Stuck, Shaama M.S., Shane Yost, Joonho Lee, David Small,
  Daniel Levine, Susi Lehtola, Hugh Burton, Evgeny Epifanovsky,
  Bang C. Huynh
 -----------------------------------------------------------------------
 Exchange:  B88      Correlation:  P86
 Using SG-1 standard quadrature grid
 using 2 threads for integral computing
 -------------------------------------------------------
 OpenMP Integral computing Module                
 Release: version 1.0, May 2013, Q-Chem Inc. Pittsburgh 
 -------------------------------------------------------
 A restricted SCF calculation will be
 performed using DIIS
 SCF converges when DIIS error is below 1.0e-08
 ---------------------------------------
  Cycle       Energy         DIIS error
 ---------------------------------------
    1   -1832.1869888481      6.78e-02  
    2   -1830.4477071145      4.53e-03  
    3   -1830.2766533694      9.81e-03  
    4   -1829.9483841225      1.67e-02  
    5   -1830.3985956754      7.25e-03  
    6   -1830.5124984739      1.84e-03  
    7   -1830.5178357734      7.49e-04  
    8   -1830.5193984472      2.58e-04  
    9   -1830.5194982194      1.50e-04  
   10   -1830.5195398909      6.03e-05  
   11   -1830.5195464993      2.48e-05  
   12   -1830.5195479500      1.96e-06  
   13   -1830.5195479577      1.03e-06  
   14   -1830.5195479608      2.70e-07  
   15   -1830.5195479609      1.47e-07  
   16   -1830.5195479609      3.63e-08  
   17   -1830.5195479609      1.62e-08  
   18   -1830.5195479610      4.24e-09  Convergence criterion met
 ---------------------------------------
 SCF time:   CPU 26.71s  wall 14.00s 
 SCF   energy in the final basis set =    -1830.5195479610
 Total energy in the final basis set =    -1830.5195479610

 --------------------------------------------------------------

                    Orbital Energies (a.u.)
 --------------------------------------------------------------

 Alpha MOs
 -- Occupied --
******** -29.6328 -25.5931 -25.5792 -25.5765 -18.8915 -18.8804 -18.8769
-18.8763 -18.8759 -10.0611 -10.0503 -10.0425 -10.0410 -10.0407  -3.3174
 -2.1539  -2.1269  -2.1213  -1.0555  -1.0534  -1.0522  -1.0512  -1.0496
 -0.5717  -0.5267  -0.5181  -0.5167  -0.5121  -0.4554  -0.4425  -0.4393
 -0.4325  -0.4293  -0.4287  -0.4204  -0.4190  -0.4189  -0.4112  -0.4089
 -0.4061  -0.3958  -0.3947  -0.3791  -0.2748  -0.2711  -0.2270  -0.2243
 -- Virtual --
 -0.1085  -0.0895  -0.0878  -0.0779  -0.0746  -0.0705  -0.0602  -0.0550
 -0.0469  -0.0364  -0.0267   0.0162   0.1877   0.2185   0.2247   0.2601
  0.2959   0.3315   0.3386   0.4045   0.4089   0.4247   0.4312   0.4342
  0.4402   0.4719   0.5004   0.5043   0.5202   0.5616   0.5704   0.5833
  0.6148   0.6250   0.6260   0.6526   0.7381   0.7544   0.7591   0.7681
  0.7749   0.8237   0.8346   0.8544   0.8901   0.9073   0.9464   0.9494
  0.9661   0.9821   0.9879   1.0018   1.0121   1.0236   1.0290   1.0401
  1.2215   1.2340   1.2867   1.3076   1.4047   1.4104   1.4138   1.4153
  1.4166   1.4202   1.4231   1.4328   1.4479   1.4532   1.4733   1.4875
  1.5037   1.5289   1.5337   1.5830   1.6172   1.6355   1.6541   1.6725
  1.7125   1.8088   1.8273   1.8397   1.8419   1.8437   1.8536   1.8561
  1.8613   1.8703   1.8749   1.8867   1.8977   1.9099   1.9385   1.9586
  2.3612   2.4091   2.4238   2.4463   2.4643   2.4696   2.4789   2.4843
  2.5019   2.5127   2.6433   2.6461   2.6581   2.6638   2.6698   2.8135
  2.8195   2.8817   2.9070   2.9551  13.2616  13.2883  13.2962  13.3533
 13.4597  24.9099  24.9393  24.9567  24.9659  25.0185
 --------------------------------------------------------------

          Ground-State Mulliken Net Atomic Charges

     Atom                 Charge (a.u.)
  ----------------------------------------
      1 Fe                   -0.473987
      2 C                     0.167175
      3 C                     0.225458
      4 C                     0.213795
      5 C                     0.210863
      6 C                     0.221217
      7 O                    -0.117589
      8 O                    -0.117267
      9 O                    -0.113065
     10 O                    -0.107851
     11 O                    -0.108749
  ----------------------------------------
  Sum of atomic charges =     0.000000

 -----------------------------------------------------------------
                    Cartesian Multipole Moments
 -----------------------------------------------------------------
    Charge (ESU x 10^10)
                -0.0000
    Dipole Moment (Debye)
         X       0.2733381498      Y       0.0335089671      Z       0.2054866127
       Tot       0.3436005574
    Quadrupole Moments (Debye-Ang)
        XX     -92.8445     XY      -0.8613     YY     -69.6393
        XZ      -8.3080     YZ       0.0064     ZZ     -69.5833
    Octopole Moments (Debye-Ang^2)
       XXX   10321.8320    XXY      -9.6383    XYY    2954.3414
       YYY     -71.5147    XXZ     400.5344    XYZ       0.2583
       YYZ      56.7625    XZZ    2942.0855    YZZ     -26.8842
       ZZZ     194.2438
    Hexadecapole Moments (Debye-Ang^3)
      XXXX -833249.9163   XXXY    3363.3193   XXYY -125583.8669
      XYYY    3062.8891   YYYY    -719.9525   XXXZ  -21834.3358
      XXYZ       3.9751   XYYZ   -2411.9900   YYYZ      63.2865
      XXZZ -124708.3920   XYZZ    1154.0454   YYZZ    -276.6921
      XZZZ   -8226.3283   YZZZ      85.2339   ZZZZ   -1016.1211
 -----------------------------------------------------------------
 Calculating analytic gradient of the SCF energy
 Gradient of SCF Energy
            1           2           3           4           5           6
    1  -0.0287358   0.0083168  -0.0234989   0.0133183  -0.0139946   0.0030295
    2   0.0033374   0.0017018   0.0129707   0.0038338  -0.0215090   0.0121955
    3  -0.0209289   0.0166093  -0.0013513   0.0149366  -0.0015553  -0.0163902
            7           8           9          10          11
    1   0.0058335   0.0360240  -0.0072478   0.0101578  -0.0032028
    2  -0.0047137  -0.0159206  -0.0048879   0.0190089  -0.0060168
    3  -0.0029832   0.0143118  -0.0110792  -0.0012578   0.0096880
 Max gradient component =       3.602E-02
 RMS gradient           =       1.401E-02
 Gradient time:  CPU 2.89 s  wall 1.55 s
 Total job time:  15.69s(wall), 29.81s(cpu) 
 Wed Jun 22 16:38:26 2022

        *************************************************************
        *                                                           *
        *  Thank you very much for using Q-Chem.  Have a nice day.  *
        *                                                           *
        *************************************************************


 
User input: 2 of 2 
 
                  Welcome to Q-Chem
     A Quantum Leap Into The Future Of Chemistry


 Q-Chem 5.4 (devel), Q-Chem, Inc., Pleasanton, CA (2021)

 E. Epifanovsky,  A. T. B. Gilbert,  Xintian Feng,  Joonho Lee,  Yuezhi Mao,  
 N. Mardirossian,  P. Pokhilko,  A. White,  M. Wormit,  M. P. Coons,  
 A. L. Dempwolff,  Zhengting Gan,  D. Hait,  P. R. Horn,  L. D. Jacobson,  
 I. Kaliman,  J. Kussmann,  A. W. Lange,  Ka Un Lao,  D. S. Levine,  Jie Liu,  
 S. C. McKenzie,  A. F. Morrison,  K. Nanda,  F. Plasser,  D. R. Rehn,  
 M. L. Vidal,  Zhi-Qiang You,  Ying Zhu,  B. Alam,  B. Albrecht,  
 A. Aldossary,  E. Alguire,  J. H. Andersen,  D. Barton,  K. Begam,  A. Behn,  
 Y. A. Bernard,  E. J. Berquist,  H. Burton,  A. Carreras,  K. Carter-Fenk,  
 R. Chakraborty,  A. D. Chien,  K. D. Closser,  V. Cofer-Shabica,  
 S. Dasgupta,  Jia Deng,  M. de Wergifosse,  M. Diedenhofen,  Hainam Do,  
 S. Ehlert,  Po-Tung Fang,  S. Fatehi,  Qingguo Feng,  T. Friedhoff,  
 J. Gayvert,  Qinghui Ge,  G. Gidofalvi,  M. Goldey,  J. Gomes,  
 C. Gonzalez-Espinoza,  S. Gulania,  A. Gunina,  M. W. D. Hanson-Heine,  
 P. H. P. Harbach,  A. W. Hauser,  M. F. Herbst,  M. Hernandez Vera,  
 M. Hodecker,  Z. C. Holden,  S. Houck,  Xunkun Huang,  Kerwin Hui,  
 B. C. Huynh,  M. Ivanov,  Hyunjun Ji,  Hanjie Jiang,  B. Kaduk,  S. Kaehler,  
 K. Khistyaev,  Jaehoon Kim,  P. Klunzinger,  Z. Koczor-Benda,  
 Joong Hoon Koh,  D. Kosenkov,  L. Koulias,  T. Kowalczyk,  C. M. Krauter,  
 K. Kue,  A. Kunitsa,  T. Kus,  A. Landau,  K. V. Lawler,  D. Lefrancois,  
 S. Lehtola,  Rain Li,  Yi-Pei Li,  Jiashu Liang,  M. Liebenthal,  
 Hung-Hsuan Lin,  You-Sheng Lin,  Fenglai Liu,  Kuan-Yu Liu,  
 M. Loipersberger,  A. Luenser,  A. Manjanath,  P. Manohar,  E. Mansoor,  
 S. F. Manzer,  Shan-Ping Mao,  A. V. Marenich,  T. Markovich,  S. Mason,  
 S. A. Maurer,  P. F. McLaughlin,  M. F. S. J. Menger,  J.-M. Mewes,  
 S. A. Mewes,  P. Morgante,  J. W. Mullinax,  K. J. Oosterbaan,  G. Paran,  
 Alexander C. Paul,  Suranjan K. Paul,  F. Pavosevic,  Zheng Pei,  S. Prager,  
 E. I. Proynov,  E. Ramos,  B. Rana,  A. E. Rask,  A. Rettig,  R. M. Richard,  
 F. Rob,  E. Rossomme,  T. Scheele,  M. Scheurer,  M. Schneider,  
 N. Sergueev,  S. M. Sharada,  W. Skomorowski,  D. W. Small,  C. J. Stein,  
 Yu-Chuan Su,  E. J. Sundstrom,  Zhen Tao,  J. Thirman,  T. Tsuchimochi,  
 N. M. Tubman,  S. P. Veccham,  O. Vydrov,  J. Wenzel,  J. Witte,  A. Yamada,  
 Kun Yao,  S. Yeganeh,  S. R. Yost,  A. Zech,  Igor Ying Zhang,  Xing Zhang,  
 Yu Zhang,  D. Zuev,  A. Aspuru-Guzik,  A. T. Bell,  N. A. Besley,  
 K. B. Bravaya,  B. R. Brooks,  D. Casanova,  Jeng-Da Chai,  S. Coriani,  
 C. J. Cramer,  A. E. DePrince, III,  R. A. DiStasio Jr.,  A. Dreuw,  
 B. D. Dunietz,  T. R. Furlani,  W. A. Goddard III,  S. Grimme,  
 S. Hammes-Schiffer,  T. Head-Gordon,  W. J. Hehre,  Chao-Ping Hsu,  
 T.-C. Jagau,  Yousung Jung,  A. Klamt,  Jing Kong,  D. S. Lambrecht,  
 WanZhen Liang,  N. J. Mayhall,  C. W. McCurdy,  J. B. Neaton,  
 C. Ochsenfeld,  J. A. Parkhill,  R. Peverati,  V. A. Rassolov,  Yihan Shao,  
 L. V. Slipchenko,  T. Stauch,  R. P. Steele,  J. E. Subotnik,  
 A. J. W. Thom,  A. Tkatchenko,  D. G. Truhlar,  T. Van Voorhis,  
 T. A. Wesolowski,  K. B. Whaley,  H. L. Woodcock III,  P. M. Zimmerman,  
 S. Faraji,  P. M. W. Gill,  M. Head-Gordon,  J. M. Herbert,  A. I. Krylov

 Additional authors for Version 5.4.1: 
 S. Kotaru,  Shaozhi Li,  Xiangyuan Li,  F. Matz,  A. Molle,  Haisheng Ren,  
 Yingli Su,  Hung-Yi Tsai,  C. Utku,  Fang Wang

 Contributors to earlier versions of Q-Chem not listed above: 
 R. D. Adamson,  B. Austin,  R. Baer,  J. Baker,  G. J. O. Beran,  
 K. Brandhorst,  S. T. Brown,  E. F. C. Byrd,  A. K. Chakraborty,  
 G. K. L. Chan,  Chun-Min Chang,  Yunqing Chen,  C.-L. Cheng,  
 Siu Hung Chien,  D. M. Chipman,  D. L. Crittenden,  H. Dachsel,  
 R. J. Doerksen,  A. D. Dutoi,  R. G. Edgar,  J. Fosso-Tande,  
 L. Fusti-Molnar,  D. Ghosh,  A. Ghysels,  A. Golubeva-Zadorozhnaya,  
 J. Gonthier,  M. S. Gordon,  S. R. Gwaltney,  G. Hawkins,  J. E. Herr,  
 A. Heyden,  S. Hirata,  E. G. Hohenstein,  G. Kedziora,  F. J. Keil,  
 C. Kelley,  Jihan Kim,  R. A. King,  R. Z. Khaliullin,  P. P. Korambath,  
 W. Kurlancheek,  A. Laurent,  A. M. Lee,  M. S. Lee,  S. V. Levchenko,  
 Ching Yeh Lin,  D. Liotard,  E. Livshits,  R. C. Lochan,  I. Lotan,  
 L. A. Martinez-Martinez,  P. E. Maslen,  N. Nair,  D. P. O'Neill,  
 D. Neuhauser,  E. Neuscamman,  C. M. Oana,  R. Olivares-Amaya,  R. Olson,  
 T. M. Perrine,  B. Peters,  P. A. Pieniazek,  A. Prociuk,  Y. M. Rhee,  
 J. Ritchie,  M. A. Rohrdanz,  E. Rosta,  N. J. Russ,  H. F. Schaefer III,  
 M. W. Schmidt,  N. E. Schultz,  S. Sharma,  N. Shenvi,  C. D. Sherrill,  
 A. C. Simmonett,  A. Sodt,  T. Stein,  D. Stuck,  K. S. Thanthiriwatte,  
 V. Vanovschi,  L. Vogt,  Tao Wang,  A. Warshel,  M. A. Watson,  
 C. F. Williams,  Q. Wu,  X. Xu,  Jun Yang,  W. Zhang,  Yan Zhao

 Please cite Q-Chem as follows:
 Y. Shao et al., Mol. Phys. 113, 184-215 (2015)
 DOI: 10.1080/00268976.2014.952696

 Q-Chem 5.4.1 for Intel X86 EM64T Linux

 Parts of Q-Chem use Armadillo 9.900.5 (Nocturnal Misbehaviour).
 http://arma.sourceforge.net/

 Q-Chem begins on Wed Jun 22 16:38:26 2022  

 Host: p09r14n10.grace.hpc.yale.internal
0

     Scratch files written to /home/tl686/scratch60/qchem_dev/scratch/qchem114630//
 Processing $rem in /home/tl686/qchem_dev/qchem/config/preferences:
 Processing $rem in /home/tl686/.qchemrc:
The previous job contains 0 fragments, simply inherited here

 Checking the input file for inconsistencies... 	...done.

--------------------------------------------------------------
User input:
--------------------------------------------------------------

$molecule
READ
$end

$rem
     JOBTYPE  freq
     METHOD   bp86
     BASIS    def2-msvp
     MAX_SCF_CYCLES   800
     INPUT_BOHR TRUE
     SYM_IGNORE TRUE
     SCF_GUESS     read 
$end
--------------------------------------------------------------
 ----------------------------------------------------------------
             Standard Nuclear Orientation (Bohr)
    I     Atom           X                Y                Z
 ----------------------------------------------------------------
    1      Fe    -79.9455469400     0.6756759000    -1.6939673500
    2      C     -82.7747036200     1.7578136800    -3.0258577300
    3      C     -77.0244668700    -0.4909663400    -0.0600956200
    4      C     -80.2059820200     3.2472133900     0.5713624600
    5      C     -81.5113518500    -2.3188514300    -1.1769486200
    6      C     -78.2860831400     1.2079895000    -4.6781137700
    7      O     -84.5941561600     2.3264467000    -4.1204451600
    8      O     -75.1503945000    -1.2649265600     0.8779290100
    9      O     -80.9994741600     5.0197976700     1.6005301800
   10      O     -82.5630592000    -4.1555698200    -0.6417145400
   11      O     -77.1437305500     1.2046985600    -6.5475271000
 ----------------------------------------------------------------
 Nuclear Repulsion Energy =         798.63820599 hartrees
 There are       48 alpha and       48 beta electrons
 Requested basis set is def2-mSVP
 There are 80 shells and 174 basis functions

 Total QAlloc Memory Limit   2000 MB
 Mega-Array Size       204 MB
 MEM_STATIC part       192 MB

                       Distance Matrix (Bohrs)
             Fe(  1)   C (  2)   C (  3)   C (  4)   C (  5)   C (  6)
   C (  2)  3.308940
   C (  3)  3.544475  6.849670
   C (  4)  3.436910  4.664401  4.949219
   C (  5)  3.418515  4.651206  4.971988  5.978433
   C (  6)  3.455764  4.814558  5.079785  5.949911  5.924451
   O (  7)  5.497491  2.198152  9.040158  6.489757  6.304494  6.430686
   O (  8)  5.777030  9.083314  2.234066  6.783241  6.767205  6.842329
   O (  9)  5.553006  5.932575  6.994775  2.197924  7.863344  7.830309
   O ( 10)  5.594599  6.379423  6.666604  7.863114  2.183140  7.959448
   O ( 11)  5.629128  6.664529  6.706435  8.014227  7.767537  2.190819
             O (  7)   O (  8)   O (  9)   O ( 10)
   O (  8) 11.272371
   O (  9)  7.273612  8.615779
   O ( 10)  7.631740  8.100169  9.573914
   O ( 11)  7.915674  8.075261  9.788390  9.642625

 A cutoff of  1.0D-11 yielded   2501 shell pairs
 There are     12883 function pairs (     14747 Cartesian)
 Smallest overlap matrix eigenvalue = 2.59E-03
 Guess MOs from SCF MO coefficient file

 -----------------------------------------------------------------------
  General SCF calculation program by
  Eric Jon Sundstrom, Paul Horn, Yuezhi Mao, Dmitri Zuev, Alec White,
  David Stuck, Shaama M.S., Shane Yost, Joonho Lee, David Small,
  Daniel Levine, Susi Lehtola, Hugh Burton, Evgeny Epifanovsky,
  Bang C. Huynh
 -----------------------------------------------------------------------
 Exchange:  B88      Correlation:  P86
 Using SG-1 standard quadrature grid
 using 2 threads for integral computing
 -------------------------------------------------------
 OpenMP Integral computing Module                
 Release: version 1.0, May 2013, Q-Chem Inc. Pittsburgh 
 -------------------------------------------------------
 A restricted SCF calculation will be
 performed using DIIS
 SCF converges when DIIS error is below 1.0e-08
 ---------------------------------------
  Cycle       Energy         DIIS error
 ---------------------------------------
    1   -1830.5195479610      8.63e-10  
    2   -1830.5195479605      2.82e-09  Convergence criterion met
 ---------------------------------------
 SCF time:   CPU 2.93s  wall 2.00s 
 SCF   energy in the final basis set =    -1830.5195479605
 Total energy in the final basis set =    -1830.5195479605

 --------------------------------------------------------------

                    Orbital Energies (a.u.)
 --------------------------------------------------------------

 Alpha MOs
 -- Occupied --
******** -29.6328 -25.5931 -25.5792 -25.5765 -18.8915 -18.8804 -18.8769
-18.8763 -18.8759 -10.0611 -10.0503 -10.0425 -10.0410 -10.0407  -3.3174
 -2.1539  -2.1269  -2.1213  -1.0555  -1.0534  -1.0522  -1.0512  -1.0496
 -0.5717  -0.5267  -0.5181  -0.5167  -0.5121  -0.4554  -0.4425  -0.4393
 -0.4325  -0.4293  -0.4287  -0.4204  -0.4190  -0.4189  -0.4112  -0.4089
 -0.4061  -0.3958  -0.3947  -0.3791  -0.2748  -0.2711  -0.2270  -0.2243
 -- Virtual --
 -0.1085  -0.0895  -0.0878  -0.0779  -0.0746  -0.0705  -0.0602  -0.0550
 -0.0469  -0.0364  -0.0267   0.0162   0.1877   0.2185   0.2247   0.2601
  0.2959   0.3315   0.3386   0.4045   0.4089   0.4247   0.4312   0.4342
  0.4402   0.4719   0.5004   0.5043   0.5202   0.5616   0.5704   0.5833
  0.6148   0.6250   0.6260   0.6526   0.7381   0.7544   0.7591   0.7681
  0.7749   0.8237   0.8346   0.8544   0.8901   0.9073   0.9464   0.9494
  0.9661   0.9821   0.9879   1.0018   1.0121   1.0236   1.0290   1.0401
  1.2215   1.2340   1.2867   1.3076   1.4047   1.4104   1.4138   1.4153
  1.4166   1.4202   1.4231   1.4328   1.4479   1.4532   1.4733   1.4875
  1.5037   1.5289   1.5337   1.5830   1.6172   1.6355   1.6541   1.6725
  1.7125   1.8088   1.8273   1.8397   1.8419   1.8437   1.8536   1.8561
  1.8613   1.8703   1.8749   1.8867   1.8977   1.9099   1.9385   1.9586
  2.3612   2.4091   2.4238   2.4463   2.4643   2.4696   2.4789   2.4843
  2.5019   2.5127   2.6433   2.6461   2.6581   2.6638   2.6698   2.8135
  2.8195   2.8817   2.9070   2.9551  13.2616  13.2883  13.2962  13.3533
 13.4597  24.9099  24.9393  24.9567  24.9659  25.0185
 --------------------------------------------------------------

          Ground-State Mulliken Net Atomic Charges

     Atom                 Charge (a.u.)
  ----------------------------------------
      1 Fe                   -0.473986
      2 C                     0.167175
      3 C                     0.225457
      4 C                     0.213795
      5 C                     0.210863
      6 C                     0.221217
      7 O                    -0.117589
      8 O                    -0.117267
      9 O                    -0.113065
     10 O                    -0.107851
     11 O                    -0.108750
  ----------------------------------------
  Sum of atomic charges =     0.000000

 -----------------------------------------------------------------
                    Cartesian Multipole Moments
 -----------------------------------------------------------------
    Charge (ESU x 10^10)
                -0.0000
    Dipole Moment (Debye)
         X       0.2733415161      Y       0.0335086359      Z       0.2054835860
       Tot       0.3436013929
    Quadrupole Moments (Debye-Ang)
        XX     -92.8448     XY      -0.8613     YY     -69.6393
        XZ      -8.3079     YZ       0.0064     ZZ     -69.5833
    Octopole Moments (Debye-Ang^2)
       XXX   10321.8518    XXY      -9.6391    XYY    2954.3421
       YYY     -71.5147    XXZ     400.5292    XYZ       0.2585
       YYZ      56.7625    XZZ    2942.0858    YZZ     -26.8842
       ZZZ     194.2439
    Hexadecapole Moments (Debye-Ang^3)
      XXXX -833251.0840   XXXY    3363.3546   XXYY -125583.8975
      XYYY    3062.8899   YYYY    -719.9526   XXXZ  -21834.1222
      XXYZ       3.9694   XYYZ   -2411.9900   YYYZ      63.2865
      XXZZ -124708.4072   XYZZ    1154.0457   YYZZ    -276.6921
      XZZZ   -8226.3298   YZZZ      85.2339   ZZZZ   -1016.1212
 -----------------------------------------------------------------
 Calculating MO derivatives via CPSCF
 Full subspace dimension requested for CIS/TDDFT
 MAX_CIS_SUBSPACE fits in available memory
    1     0    36    0.0410761  
    2     0    36    0.0063437  
    3     0    36    0.0006699  
    4     0    36    0.0000467  
