                  Welcome to Q-Chem
     A Quantum Leap Into The Future Of Chemistry


 Q-Chem 5.4 (devel), Q-Chem, Inc., Pleasanton, CA (2021)

 E. Epifanovsky,  A. T. B. Gilbert,  Xintian Feng,  Joonho Lee,  Yuezhi Mao,  
 N. Mardirossian,  P. Pokhilko,  A. White,  M. Wormit,  M. P. Coons,  
 A. L. Dempwolff,  Zhengting Gan,  D. Hait,  P. R. Horn,  L. D. Jacobson,  
 I. Kaliman,  J. Kussmann,  A. W. Lange,  Ka Un Lao,  D. S. Levine,  Jie Liu,  
 S. C. McKenzie,  A. F. Morrison,  K. Nanda,  F. Plasser,  D. R. Rehn,  
 M. L. Vidal,  Zhi-Qiang You,  Ying Zhu,  B. Alam,  B. Albrecht,  
 A. Aldossary,  E. Alguire,  J. H. Andersen,  D. Barton,  K. Begam,  A. Behn,  
 Y. A. Bernard,  E. J. Berquist,  H. Burton,  A. Carreras,  K. Carter-Fenk,  
 R. Chakraborty,  A. D. Chien,  K. D. Closser,  V. Cofer-Shabica,  
 S. Dasgupta,  Jia Deng,  M. de Wergifosse,  M. Diedenhofen,  Hainam Do,  
 S. Ehlert,  Po-Tung Fang,  S. Fatehi,  Qingguo Feng,  T. Friedhoff,  
 J. Gayvert,  Qinghui Ge,  G. Gidofalvi,  M. Goldey,  J. Gomes,  
 C. Gonzalez-Espinoza,  S. Gulania,  A. Gunina,  M. W. D. Hanson-Heine,  
 P. H. P. Harbach,  A. W. Hauser,  M. F. Herbst,  M. Hernandez Vera,  
 M. Hodecker,  Z. C. Holden,  S. Houck,  Xunkun Huang,  Kerwin Hui,  
 B. C. Huynh,  M. Ivanov,  Hyunjun Ji,  Hanjie Jiang,  B. Kaduk,  S. Kaehler,  
 K. Khistyaev,  Jaehoon Kim,  P. Klunzinger,  Z. Koczor-Benda,  
 Joong Hoon Koh,  D. Kosenkov,  L. Koulias,  T. Kowalczyk,  C. M. Krauter,  
 K. Kue,  A. Kunitsa,  T. Kus,  A. Landau,  K. V. Lawler,  D. Lefrancois,  
 S. Lehtola,  Rain Li,  Yi-Pei Li,  Jiashu Liang,  M. Liebenthal,  
 Hung-Hsuan Lin,  You-Sheng Lin,  Fenglai Liu,  Kuan-Yu Liu,  
 M. Loipersberger,  A. Luenser,  A. Manjanath,  P. Manohar,  E. Mansoor,  
 S. F. Manzer,  Shan-Ping Mao,  A. V. Marenich,  T. Markovich,  S. Mason,  
 S. A. Maurer,  P. F. McLaughlin,  M. F. S. J. Menger,  J.-M. Mewes,  
 S. A. Mewes,  P. Morgante,  J. W. Mullinax,  K. J. Oosterbaan,  G. Paran,  
 Alexander C. Paul,  Suranjan K. Paul,  F. Pavosevic,  Zheng Pei,  S. Prager,  
 E. I. Proynov,  E. Ramos,  B. Rana,  A. E. Rask,  A. Rettig,  R. M. Richard,  
 F. Rob,  E. Rossomme,  T. Scheele,  M. Scheurer,  M. Schneider,  
 N. Sergueev,  S. M. Sharada,  W. Skomorowski,  D. W. Small,  C. J. Stein,  
 Yu-Chuan Su,  E. J. Sundstrom,  Zhen Tao,  J. Thirman,  T. Tsuchimochi,  
 N. M. Tubman,  S. P. Veccham,  O. Vydrov,  J. Wenzel,  J. Witte,  A. Yamada,  
 Kun Yao,  S. Yeganeh,  S. R. Yost,  A. Zech,  Igor Ying Zhang,  Xing Zhang,  
 Yu Zhang,  D. Zuev,  A. Aspuru-Guzik,  A. T. Bell,  N. A. Besley,  
 K. B. Bravaya,  B. R. Brooks,  D. Casanova,  Jeng-Da Chai,  S. Coriani,  
 C. J. Cramer,  A. E. DePrince, III,  R. A. DiStasio Jr.,  A. Dreuw,  
 B. D. Dunietz,  T. R. Furlani,  W. A. Goddard III,  S. Grimme,  
 S. Hammes-Schiffer,  T. Head-Gordon,  W. J. Hehre,  Chao-Ping Hsu,  
 T.-C. Jagau,  Yousung Jung,  A. Klamt,  Jing Kong,  D. S. Lambrecht,  
 WanZhen Liang,  N. J. Mayhall,  C. W. McCurdy,  J. B. Neaton,  
 C. Ochsenfeld,  J. A. Parkhill,  R. Peverati,  V. A. Rassolov,  Yihan Shao,  
 L. V. Slipchenko,  T. Stauch,  R. P. Steele,  J. E. Subotnik,  
 A. J. W. Thom,  A. Tkatchenko,  D. G. Truhlar,  T. Van Voorhis,  
 T. A. Wesolowski,  K. B. Whaley,  H. L. Woodcock III,  P. M. Zimmerman,  
 S. Faraji,  P. M. W. Gill,  M. Head-Gordon,  J. M. Herbert,  A. I. Krylov

 Additional authors for Version 5.4.1: 
 S. Kotaru,  Shaozhi Li,  Xiangyuan Li,  F. Matz,  A. Molle,  Haisheng Ren,  
 Yingli Su,  Hung-Yi Tsai,  C. Utku,  Fang Wang

 Contributors to earlier versions of Q-Chem not listed above: 
 R. D. Adamson,  B. Austin,  R. Baer,  J. Baker,  G. J. O. Beran,  
 K. Brandhorst,  S. T. Brown,  E. F. C. Byrd,  A. K. Chakraborty,  
 G. K. L. Chan,  Chun-Min Chang,  Yunqing Chen,  C.-L. Cheng,  
 Siu Hung Chien,  D. M. Chipman,  D. L. Crittenden,  H. Dachsel,  
 R. J. Doerksen,  A. D. Dutoi,  R. G. Edgar,  J. Fosso-Tande,  
 L. Fusti-Molnar,  D. Ghosh,  A. Ghysels,  A. Golubeva-Zadorozhnaya,  
 J. Gonthier,  M. S. Gordon,  S. R. Gwaltney,  G. Hawkins,  J. E. Herr,  
 A. Heyden,  S. Hirata,  E. G. Hohenstein,  G. Kedziora,  F. J. Keil,  
 C. Kelley,  Jihan Kim,  R. A. King,  R. Z. Khaliullin,  P. P. Korambath,  
 W. Kurlancheek,  A. Laurent,  A. M. Lee,  M. S. Lee,  S. V. Levchenko,  
 Ching Yeh Lin,  D. Liotard,  E. Livshits,  R. C. Lochan,  I. Lotan,  
 L. A. Martinez-Martinez,  P. E. Maslen,  N. Nair,  D. P. O'Neill,  
 D. Neuhauser,  E. Neuscamman,  C. M. Oana,  R. Olivares-Amaya,  R. Olson,  
 T. M. Perrine,  B. Peters,  P. A. Pieniazek,  A. Prociuk,  Y. M. Rhee,  
 J. Ritchie,  M. A. Rohrdanz,  E. Rosta,  N. J. Russ,  H. F. Schaefer III,  
 M. W. Schmidt,  N. E. Schultz,  S. Sharma,  N. Shenvi,  C. D. Sherrill,  
 A. C. Simmonett,  A. Sodt,  T. Stein,  D. Stuck,  K. S. Thanthiriwatte,  
 V. Vanovschi,  L. Vogt,  Tao Wang,  A. Warshel,  M. A. Watson,  
 C. F. Williams,  Q. Wu,  X. Xu,  Jun Yang,  W. Zhang,  Yan Zhao

 Please cite Q-Chem as follows:
 Y. Shao et al., Mol. Phys. 113, 184-215 (2015)
 DOI: 10.1080/00268976.2014.952696

 Q-Chem 5.4.1 for Intel X86 EM64T Linux

 Parts of Q-Chem use Armadillo 9.900.5 (Nocturnal Misbehaviour).
 http://arma.sourceforge.net/

 Q-Chem begins on Wed Jun 22 16:39:23 2022  

 Host: p09r15n31.grace.hpc.yale.internal
0

     Scratch files written to /home/tl686/scratch60/qchem_dev/scratch/qchem171049//
 Processing $rem in /home/tl686/qchem_dev/qchem/config/preferences:
 Processing $rem in /home/tl686/.qchemrc:

 Checking the input file for inconsistencies... 	...done.

--------------------------------------------------------------
User input:
--------------------------------------------------------------
$molecule
0   1
 Fe 33.04915673 2.99608651 9.41054021
C 33.09655630 0.32365072 7.43347380
C 32.79746461 5.24260112 12.04869059
C 34.36141081 0.97853040 11.85592762
C 35.14231787 4.85600113 7.70739795
C 29.91688256 3.51342507 8.41162944
O 33.29450039 -1.47894816 6.11822469
O 32.33491701 6.59414292 13.66518854
O 35.11976862 -0.31360576 13.52269540
O 36.53618975 6.06676447 6.56077551
O 27.88166390 3.94748260 7.60900283

$end

$rem
     JOBTYPE  force
     METHOD   bp86
     BASIS    def2-msvp
     MAX_SCF_CYCLES   800
     INPUT_BOHR TRUE
     SYM_IGNORE TRUE
$end

--------------------------------------------------------------
 ----------------------------------------------------------------
             Standard Nuclear Orientation (Bohr)
    I     Atom           X                Y                Z
 ----------------------------------------------------------------
    1      Fe     33.0491567300     2.9960865100     9.4105402100
    2      C      33.0965563000     0.3236507200     7.4334738000
    3      C      32.7974646100     5.2426011200    12.0486905900
    4      C      34.3614108100     0.9785304000    11.8559276200
    5      C      35.1423178700     4.8560011300     7.7073979500
    6      C      29.9168825600     3.5134250700     8.4116294400
    7      O      33.2945003900    -1.4789481600     6.1182246900
    8      O      32.3349170100     6.5941429200    13.6651885400
    9      O      35.1197686200    -0.3136057600    13.5226954000
   10      O      36.5361897500     6.0667644700     6.5607755100
   11      O      27.8816639000     3.9474826000     7.6090028300
 ----------------------------------------------------------------
 Nuclear Repulsion Energy =         807.18070882 hartrees
 There are       48 alpha and       48 beta electrons
 Requested basis set is def2-mSVP
 There are 80 shells and 174 basis functions

 Total QAlloc Memory Limit   2000 MB
 Mega-Array Size       188 MB
 MEM_STATIC part       192 MB

                       Distance Matrix (Bohrs)
             Fe(  1)   C (  2)   C (  3)   C (  4)   C (  5)   C (  6)
   C (  2)  3.324598
   C (  3)  3.474193  6.751722
   C (  4)  3.431102  4.646162  4.545920
   C (  5)  3.277392  4.980198  4.949204  5.731919
   C (  6)  3.328153  4.608880  4.951365  6.167877  5.440921
   O (  7)  5.561067  2.240184  8.977566  6.332356  6.787598  6.449170
   O (  8)  5.617667  8.873186  2.157239  6.238205  6.811601  6.552679
   O (  9)  5.670213  6.448109  6.199776  2.241169  7.780940  8.236455
   O ( 10)  5.450653  6.751003  6.691377  7.658879  2.173377  7.332150
   O ( 11)  5.554608  6.352800  6.749315  8.296877  7.317936  2.230410
             O (  7)   O (  8)   O (  9)   O ( 10)
   O (  8) 11.092892
   O (  9)  7.714649  7.449342
   O ( 10)  8.224487  8.270520  9.549016
   O ( 11)  7.808160  7.969546 10.272234  8.971675

 A cutoff of  1.0D-11 yielded   2501 shell pairs
 There are     12879 function pairs (     14743 Cartesian)
 Smallest overlap matrix eigenvalue = 2.09E-03

 Scale SEOQF with 1.000000e-03/1.000000e-01/1.000000e-02

 Standard Electronic Orientation quadrupole field applied
 Nucleus-field energy     =     0.0000000111 hartrees
 Guess from superposition of atomic densities
 Warning:  Energy on first SCF cycle will be non-variational
 SAD guess density has 96.000000 electrons

 -----------------------------------------------------------------------
  General SCF calculation program by
  Eric Jon Sundstrom, Paul Horn, Yuezhi Mao, Dmitri Zuev, Alec White,
  David Stuck, Shaama M.S., Shane Yost, Joonho Lee, David Small,
  Daniel Levine, Susi Lehtola, Hugh Burton, Evgeny Epifanovsky,
  Bang C. Huynh
 -----------------------------------------------------------------------
 Exchange:  B88      Correlation:  P86
 Using SG-1 standard quadrature grid
 using 2 threads for integral computing
 -------------------------------------------------------
 OpenMP Integral computing Module                
 Release: version 1.0, May 2013, Q-Chem Inc. Pittsburgh 
 -------------------------------------------------------
 A restricted SCF calculation will be
 performed using DIIS
 SCF converges when DIIS error is below 1.0e-08
 ---------------------------------------
  Cycle       Energy         DIIS error
 ---------------------------------------
    1   -1832.2820050185      6.98e-02  
    2   -1830.4466804247      4.70e-03  
    3   -1830.3024531498      9.55e-03  
    4   -1829.7306316795      1.91e-02  
    5   -1830.4861710877      3.24e-03  
    6   -1830.5180591235      5.98e-04  
    7   -1830.5187376771      3.25e-04  
    8   -1830.5192131465      1.06e-04  
    9   -1830.5192513884      3.23e-05  
   10   -1830.5192536841      1.30e-05  
   11   -1830.5192542572      2.41e-06  
   12   -1830.5192542672      1.50e-06  
   13   -1830.5192542735      4.29e-07  
   14   -1830.5192542742      1.44e-07  
   15   -1830.5192542745      2.94e-08  
   16   -1830.5192542746      2.05e-08  
   17   -1830.5192542749      1.49e-09  Convergence criterion met
 ---------------------------------------
 SCF time:   CPU 22.24s  wall 11.00s 
 SCF   energy in the final basis set =    -1830.5192542749
 Total energy in the final basis set =    -1830.5192542749

 --------------------------------------------------------------

                    Orbital Energies (a.u.)
 --------------------------------------------------------------

 Alpha MOs
 -- Occupied --
******** -29.6411 -25.5995 -25.5896 -25.5837 -18.8986 -18.8812 -18.8808
-18.8708 -18.8692 -10.0633 -10.0562 -10.0543 -10.0419 -10.0330  -3.3278
 -2.1612  -2.1424  -2.1310  -1.0827  -1.0508  -1.0431  -1.0417  -1.0355
 -0.5813  -0.5326  -0.5234  -0.5150  -0.5145  -0.4601  -0.4534  -0.4475
 -0.4363  -0.4337  -0.4284  -0.4266  -0.4203  -0.4163  -0.4101  -0.4055
 -0.4041  -0.3992  -0.3930  -0.3799  -0.2850  -0.2766  -0.2428  -0.2274
 -- Virtual --
 -0.1036  -0.0956  -0.0845  -0.0749  -0.0708  -0.0697  -0.0645  -0.0551
 -0.0465  -0.0367  -0.0234   0.0089   0.1864   0.2071   0.2245   0.2642
  0.2976   0.3331   0.3647   0.3955   0.4107   0.4209   0.4278   0.4335
  0.4444   0.4781   0.4926   0.5091   0.5296   0.5519   0.5570   0.6057
  0.6095   0.6161   0.6406   0.6537   0.7364   0.7590   0.7626   0.7667
  0.7858   0.8283   0.8420   0.8713   0.8838   0.8996   0.9454   0.9580
  0.9794   0.9872   0.9894   1.0012   1.0150   1.0286   1.0366   1.0790
  1.2056   1.2400   1.2573   1.3458   1.3978   1.3997   1.4096   1.4116
  1.4149   1.4228   1.4267   1.4328   1.4440   1.4709   1.4868   1.4979
  1.5142   1.5522   1.5697   1.5829   1.6080   1.6395   1.6762   1.6836
  1.7040   1.8193   1.8304   1.8332   1.8369   1.8430   1.8485   1.8544
  1.8627   1.8669   1.8725   1.8775   1.8893   1.8972   1.9133   1.9631
  2.3624   2.3904   2.4009   2.4438   2.4538   2.4716   2.4776   2.4911
  2.5041   2.5179   2.6373   2.6592   2.6627   2.6706   2.6887   2.8161
  2.8300   2.9012   2.9151   2.9659  13.2782  13.3041  13.3329  13.3681
 13.4489  24.8984  24.9348  24.9459  24.9588  25.0172
 --------------------------------------------------------------

          Ground-State Mulliken Net Atomic Charges

     Atom                 Charge (a.u.)
  ----------------------------------------
      1 Fe                   -0.503725
      2 C                     0.198556
      3 C                     0.219450
      4 C                     0.218210
      5 C                     0.235406
      6 C                     0.222223
      7 O                    -0.134885
      8 O                    -0.077818
      9 O                    -0.128133
     10 O                    -0.113120
     11 O                    -0.136165
  ----------------------------------------
  Sum of atomic charges =     0.000000

 -----------------------------------------------------------------
                    Cartesian Multipole Moments
 -----------------------------------------------------------------
    Charge (ESU x 10^10)
                -0.0000
    Dipole Moment (Debye)
         X       0.1293565578      Y       0.3096593053      Z       0.6056604940
       Tot       0.6924208535
    Quadrupole Moments (Debye-Ang)
        XX     -65.8691     XY       5.9725     YY     -68.3606
        XZ      11.1180     YZ       3.5725     ZZ     -63.4519
    Octopole Moments (Debye-Ang^2)
       XXX   -3567.1989    XXY      -0.5486    XYY   -1197.5299
       YYY    -319.6910    XXZ    -143.6760    XYZ      68.9172
       YYZ    -336.0205    XZZ   -1110.1328    YZZ     -78.6586
       ZZZ   -1002.8578
    Hexadecapole Moments (Debye-Ang^3)
      XXXX -126509.2017   XXXY   -3814.9485   XXYY  -21381.8745
      XYYY   -5579.4860   YYYY   -1707.6696   XXXZ  -14498.6640
      XXYZ     752.2444   XYYZ   -5880.3910   YYYZ   -1628.7432
      XXZZ  -21362.3860   XYZZ   -1315.8733   YYZZ   -2081.3955
      XZZZ  -17595.5344   YZZZ   -1454.4164   ZZZZ  -10981.7445
 -----------------------------------------------------------------
 Calculating analytic gradient of the SCF energy
 Gradient of SCF Energy
            1           2           3           4           5           6
    1  -0.0006250  -0.0137775   0.0097411  -0.0093637  -0.0001477   0.0387913
    2   0.0137203   0.0380096   0.0248560   0.0233260   0.0055030  -0.0140077
    3  -0.0454644   0.0370331   0.0428316  -0.0270034   0.0020724   0.0118001
            7           8           9          10          11
    1   0.0077652   0.0009209   0.0110079  -0.0214716  -0.0228409
    2  -0.0299468  -0.0264118  -0.0219386  -0.0200904   0.0069803
    3  -0.0241101  -0.0341149   0.0296095   0.0175537  -0.0102076
 Max gradient component =       4.546E-02
 RMS gradient           =       2.321E-02
 Gradient time:  CPU 2.62 s  wall 1.42 s
 Total job time:  13.31s(wall), 25.05s(cpu) 
 Wed Jun 22 16:39:37 2022

        *************************************************************
        *                                                           *
        *  Thank you very much for using Q-Chem.  Have a nice day.  *
        *                                                           *
        *************************************************************


 
User input: 2 of 2 
 
                  Welcome to Q-Chem
     A Quantum Leap Into The Future Of Chemistry


 Q-Chem 5.4 (devel), Q-Chem, Inc., Pleasanton, CA (2021)

 E. Epifanovsky,  A. T. B. Gilbert,  Xintian Feng,  Joonho Lee,  Yuezhi Mao,  
 N. Mardirossian,  P. Pokhilko,  A. White,  M. Wormit,  M. P. Coons,  
 A. L. Dempwolff,  Zhengting Gan,  D. Hait,  P. R. Horn,  L. D. Jacobson,  
 I. Kaliman,  J. Kussmann,  A. W. Lange,  Ka Un Lao,  D. S. Levine,  Jie Liu,  
 S. C. McKenzie,  A. F. Morrison,  K. Nanda,  F. Plasser,  D. R. Rehn,  
 M. L. Vidal,  Zhi-Qiang You,  Ying Zhu,  B. Alam,  B. Albrecht,  
 A. Aldossary,  E. Alguire,  J. H. Andersen,  D. Barton,  K. Begam,  A. Behn,  
 Y. A. Bernard,  E. J. Berquist,  H. Burton,  A. Carreras,  K. Carter-Fenk,  
 R. Chakraborty,  A. D. Chien,  K. D. Closser,  V. Cofer-Shabica,  
 S. Dasgupta,  Jia Deng,  M. de Wergifosse,  M. Diedenhofen,  Hainam Do,  
 S. Ehlert,  Po-Tung Fang,  S. Fatehi,  Qingguo Feng,  T. Friedhoff,  
 J. Gayvert,  Qinghui Ge,  G. Gidofalvi,  M. Goldey,  J. Gomes,  
 C. Gonzalez-Espinoza,  S. Gulania,  A. Gunina,  M. W. D. Hanson-Heine,  
 P. H. P. Harbach,  A. W. Hauser,  M. F. Herbst,  M. Hernandez Vera,  
 M. Hodecker,  Z. C. Holden,  S. Houck,  Xunkun Huang,  Kerwin Hui,  
 B. C. Huynh,  M. Ivanov,  Hyunjun Ji,  Hanjie Jiang,  B. Kaduk,  S. Kaehler,  
 K. Khistyaev,  Jaehoon Kim,  P. Klunzinger,  Z. Koczor-Benda,  
 Joong Hoon Koh,  D. Kosenkov,  L. Koulias,  T. Kowalczyk,  C. M. Krauter,  
 K. Kue,  A. Kunitsa,  T. Kus,  A. Landau,  K. V. Lawler,  D. Lefrancois,  
 S. Lehtola,  Rain Li,  Yi-Pei Li,  Jiashu Liang,  M. Liebenthal,  
 Hung-Hsuan Lin,  You-Sheng Lin,  Fenglai Liu,  Kuan-Yu Liu,  
 M. Loipersberger,  A. Luenser,  A. Manjanath,  P. Manohar,  E. Mansoor,  
 S. F. Manzer,  Shan-Ping Mao,  A. V. Marenich,  T. Markovich,  S. Mason,  
 S. A. Maurer,  P. F. McLaughlin,  M. F. S. J. Menger,  J.-M. Mewes,  
 S. A. Mewes,  P. Morgante,  J. W. Mullinax,  K. J. Oosterbaan,  G. Paran,  
 Alexander C. Paul,  Suranjan K. Paul,  F. Pavosevic,  Zheng Pei,  S. Prager,  
 E. I. Proynov,  E. Ramos,  B. Rana,  A. E. Rask,  A. Rettig,  R. M. Richard,  
 F. Rob,  E. Rossomme,  T. Scheele,  M. Scheurer,  M. Schneider,  
 N. Sergueev,  S. M. Sharada,  W. Skomorowski,  D. W. Small,  C. J. Stein,  
 Yu-Chuan Su,  E. J. Sundstrom,  Zhen Tao,  J. Thirman,  T. Tsuchimochi,  
 N. M. Tubman,  S. P. Veccham,  O. Vydrov,  J. Wenzel,  J. Witte,  A. Yamada,  
 Kun Yao,  S. Yeganeh,  S. R. Yost,  A. Zech,  Igor Ying Zhang,  Xing Zhang,  
 Yu Zhang,  D. Zuev,  A. Aspuru-Guzik,  A. T. Bell,  N. A. Besley,  
 K. B. Bravaya,  B. R. Brooks,  D. Casanova,  Jeng-Da Chai,  S. Coriani,  
 C. J. Cramer,  A. E. DePrince, III,  R. A. DiStasio Jr.,  A. Dreuw,  
 B. D. Dunietz,  T. R. Furlani,  W. A. Goddard III,  S. Grimme,  
 S. Hammes-Schiffer,  T. Head-Gordon,  W. J. Hehre,  Chao-Ping Hsu,  
 T.-C. Jagau,  Yousung Jung,  A. Klamt,  Jing Kong,  D. S. Lambrecht,  
 WanZhen Liang,  N. J. Mayhall,  C. W. McCurdy,  J. B. Neaton,  
 C. Ochsenfeld,  J. A. Parkhill,  R. Peverati,  V. A. Rassolov,  Yihan Shao,  
 L. V. Slipchenko,  T. Stauch,  R. P. Steele,  J. E. Subotnik,  
 A. J. W. Thom,  A. Tkatchenko,  D. G. Truhlar,  T. Van Voorhis,  
 T. A. Wesolowski,  K. B. Whaley,  H. L. Woodcock III,  P. M. Zimmerman,  
 S. Faraji,  P. M. W. Gill,  M. Head-Gordon,  J. M. Herbert,  A. I. Krylov

 Additional authors for Version 5.4.1: 
 S. Kotaru,  Shaozhi Li,  Xiangyuan Li,  F. Matz,  A. Molle,  Haisheng Ren,  
 Yingli Su,  Hung-Yi Tsai,  C. Utku,  Fang Wang

 Contributors to earlier versions of Q-Chem not listed above: 
 R. D. Adamson,  B. Austin,  R. Baer,  J. Baker,  G. J. O. Beran,  
 K. Brandhorst,  S. T. Brown,  E. F. C. Byrd,  A. K. Chakraborty,  
 G. K. L. Chan,  Chun-Min Chang,  Yunqing Chen,  C.-L. Cheng,  
 Siu Hung Chien,  D. M. Chipman,  D. L. Crittenden,  H. Dachsel,  
 R. J. Doerksen,  A. D. Dutoi,  R. G. Edgar,  J. Fosso-Tande,  
 L. Fusti-Molnar,  D. Ghosh,  A. Ghysels,  A. Golubeva-Zadorozhnaya,  
 J. Gonthier,  M. S. Gordon,  S. R. Gwaltney,  G. Hawkins,  J. E. Herr,  
 A. Heyden,  S. Hirata,  E. G. Hohenstein,  G. Kedziora,  F. J. Keil,  
 C. Kelley,  Jihan Kim,  R. A. King,  R. Z. Khaliullin,  P. P. Korambath,  
 W. Kurlancheek,  A. Laurent,  A. M. Lee,  M. S. Lee,  S. V. Levchenko,  
 Ching Yeh Lin,  D. Liotard,  E. Livshits,  R. C. Lochan,  I. Lotan,  
 L. A. Martinez-Martinez,  P. E. Maslen,  N. Nair,  D. P. O'Neill,  
 D. Neuhauser,  E. Neuscamman,  C. M. Oana,  R. Olivares-Amaya,  R. Olson,  
 T. M. Perrine,  B. Peters,  P. A. Pieniazek,  A. Prociuk,  Y. M. Rhee,  
 J. Ritchie,  M. A. Rohrdanz,  E. Rosta,  N. J. Russ,  H. F. Schaefer III,  
 M. W. Schmidt,  N. E. Schultz,  S. Sharma,  N. Shenvi,  C. D. Sherrill,  
 A. C. Simmonett,  A. Sodt,  T. Stein,  D. Stuck,  K. S. Thanthiriwatte,  
 V. Vanovschi,  L. Vogt,  Tao Wang,  A. Warshel,  M. A. Watson,  
 C. F. Williams,  Q. Wu,  X. Xu,  Jun Yang,  W. Zhang,  Yan Zhao

 Please cite Q-Chem as follows:
 Y. Shao et al., Mol. Phys. 113, 184-215 (2015)
 DOI: 10.1080/00268976.2014.952696

 Q-Chem 5.4.1 for Intel X86 EM64T Linux

 Parts of Q-Chem use Armadillo 9.900.5 (Nocturnal Misbehaviour).
 http://arma.sourceforge.net/

 Q-Chem begins on Wed Jun 22 16:39:37 2022  

 Host: p09r15n31.grace.hpc.yale.internal
0

     Scratch files written to /home/tl686/scratch60/qchem_dev/scratch/qchem171049//
 Processing $rem in /home/tl686/qchem_dev/qchem/config/preferences:
 Processing $rem in /home/tl686/.qchemrc:
The previous job contains 0 fragments, simply inherited here

 Checking the input file for inconsistencies... 	...done.

--------------------------------------------------------------
User input:
--------------------------------------------------------------

$molecule
READ
$end

$rem
     JOBTYPE  freq
     METHOD   bp86
     BASIS    def2-msvp
     MAX_SCF_CYCLES   800
     INPUT_BOHR TRUE
     SYM_IGNORE TRUE
     SCF_GUESS     read 
$end
--------------------------------------------------------------
 ----------------------------------------------------------------
             Standard Nuclear Orientation (Bohr)
    I     Atom           X                Y                Z
 ----------------------------------------------------------------
    1      Fe     33.0491567300     2.9960865100     9.4105402100
    2      C      33.0965563000     0.3236507200     7.4334738000
    3      C      32.7974646100     5.2426011200    12.0486905900
    4      C      34.3614108100     0.9785304000    11.8559276200
    5      C      35.1423178700     4.8560011300     7.7073979500
    6      C      29.9168825600     3.5134250700     8.4116294400
    7      O      33.2945003900    -1.4789481600     6.1182246900
    8      O      32.3349170100     6.5941429200    13.6651885400
    9      O      35.1197686200    -0.3136057600    13.5226954000
   10      O      36.5361897500     6.0667644700     6.5607755100
   11      O      27.8816639000     3.9474826000     7.6090028300
 ----------------------------------------------------------------
 Nuclear Repulsion Energy =         807.18070882 hartrees
 There are       48 alpha and       48 beta electrons
 Requested basis set is def2-mSVP
 There are 80 shells and 174 basis functions

 Total QAlloc Memory Limit   2000 MB
 Mega-Array Size       204 MB
 MEM_STATIC part       192 MB

                       Distance Matrix (Bohrs)
             Fe(  1)   C (  2)   C (  3)   C (  4)   C (  5)   C (  6)
   C (  2)  3.324598
   C (  3)  3.474193  6.751722
   C (  4)  3.431102  4.646162  4.545920
   C (  5)  3.277392  4.980198  4.949204  5.731919
   C (  6)  3.328153  4.608880  4.951365  6.167877  5.440921
   O (  7)  5.561067  2.240184  8.977566  6.332356  6.787598  6.449170
   O (  8)  5.617667  8.873186  2.157239  6.238205  6.811601  6.552679
   O (  9)  5.670213  6.448109  6.199776  2.241169  7.780940  8.236455
   O ( 10)  5.450653  6.751003  6.691377  7.658879  2.173377  7.332150
   O ( 11)  5.554608  6.352800  6.749315  8.296877  7.317936  2.230410
             O (  7)   O (  8)   O (  9)   O ( 10)
   O (  8) 11.092892
   O (  9)  7.714649  7.449342
   O ( 10)  8.224487  8.270520  9.549016
   O ( 11)  7.808160  7.969546 10.272234  8.971675

 A cutoff of  1.0D-11 yielded   2501 shell pairs
 There are     12879 function pairs (     14743 Cartesian)
 Smallest overlap matrix eigenvalue = 2.09E-03
 Guess MOs from SCF MO coefficient file

 -----------------------------------------------------------------------
  General SCF calculation program by
  Eric Jon Sundstrom, Paul Horn, Yuezhi Mao, Dmitri Zuev, Alec White,
  David Stuck, Shaama M.S., Shane Yost, Joonho Lee, David Small,
  Daniel Levine, Susi Lehtola, Hugh Burton, Evgeny Epifanovsky,
  Bang C. Huynh
 -----------------------------------------------------------------------
 Exchange:  B88      Correlation:  P86
 Using SG-1 standard quadrature grid
 using 2 threads for integral computing
 -------------------------------------------------------
 OpenMP Integral computing Module                
 Release: version 1.0, May 2013, Q-Chem Inc. Pittsburgh 
 -------------------------------------------------------
 A restricted SCF calculation will be
 performed using DIIS
 SCF converges when DIIS error is below 1.0e-08
 ---------------------------------------
  Cycle       Energy         DIIS error
 ---------------------------------------
    1   -1830.5192542733      1.40e-09  
    2   -1830.5192542742      5.03e-09  Convergence criterion met
 ---------------------------------------
 SCF time:   CPU 2.56s  wall 1.00s 
 SCF   energy in the final basis set =    -1830.5192542742
 Total energy in the final basis set =    -1830.5192542742

 --------------------------------------------------------------

                    Orbital Energies (a.u.)
 --------------------------------------------------------------

 Alpha MOs
 -- Occupied --
******** -29.6411 -25.5995 -25.5896 -25.5837 -18.8986 -18.8812 -18.8808
-18.8708 -18.8692 -10.0633 -10.0562 -10.0543 -10.0419 -10.0330  -3.3278
 -2.1612  -2.1424  -2.1310  -1.0827  -1.0508  -1.0431  -1.0417  -1.0355
 -0.5813  -0.5326  -0.5234  -0.5150  -0.5145  -0.4601  -0.4534  -0.4475
 -0.4363  -0.4337  -0.4284  -0.4266  -0.4203  -0.4163  -0.4101  -0.4055
 -0.4041  -0.3992  -0.3930  -0.3799  -0.2850  -0.2766  -0.2428  -0.2274
 -- Virtual --
 -0.1036  -0.0956  -0.0845  -0.0749  -0.0708  -0.0697  -0.0645  -0.0551
 -0.0465  -0.0367  -0.0234   0.0089   0.1864   0.2071   0.2245   0.2642
  0.2976   0.3331   0.3647   0.3955   0.4107   0.4209   0.4278   0.4335
  0.4444   0.4781   0.4926   0.5091   0.5296   0.5519   0.5570   0.6057
  0.6095   0.6161   0.6406   0.6537   0.7364   0.7590   0.7626   0.7667
  0.7858   0.8283   0.8420   0.8713   0.8838   0.8996   0.9454   0.9580
  0.9794   0.9872   0.9894   1.0012   1.0150   1.0286   1.0366   1.0790
  1.2056   1.2400   1.2573   1.3458   1.3978   1.3997   1.4096   1.4116
  1.4149   1.4228   1.4267   1.4328   1.4440   1.4709   1.4868   1.4979
  1.5142   1.5522   1.5697   1.5829   1.6080   1.6395   1.6762   1.6836
  1.7040   1.8193   1.8304   1.8332   1.8369   1.8430   1.8485   1.8544
  1.8627   1.8669   1.8725   1.8775   1.8893   1.8972   1.9133   1.9631
  2.3624   2.3904   2.4009   2.4438   2.4538   2.4716   2.4776   2.4911
  2.5041   2.5179   2.6373   2.6592   2.6627   2.6706   2.6887   2.8161
  2.8300   2.9012   2.9151   2.9659  13.2782  13.3041  13.3329  13.3681
 13.4489  24.8984  24.9348  24.9459  24.9588  25.0172
 --------------------------------------------------------------

          Ground-State Mulliken Net Atomic Charges

     Atom                 Charge (a.u.)
  ----------------------------------------
      1 Fe                   -0.503727
      2 C                     0.198557
      3 C                     0.219451
      4 C                     0.218210
      5 C                     0.235406
      6 C                     0.222223
      7 O                    -0.134885
      8 O                    -0.077819
      9 O                    -0.128132
     10 O                    -0.113119
     11 O                    -0.136164
  ----------------------------------------
  Sum of atomic charges =     0.000000

 -----------------------------------------------------------------
                    Cartesian Multipole Moments
 -----------------------------------------------------------------
    Charge (ESU x 10^10)
                -0.0000
    Dipole Moment (Debye)
         X       0.1293586053      Y       0.3096586792      Z       0.6056590245
       Tot       0.6924196706
    Quadrupole Moments (Debye-Ang)
        XX     -65.8690     XY       5.9725     YY     -68.3606
        XZ      11.1180     YZ       3.5725     ZZ     -63.4519
    Octopole Moments (Debye-Ang^2)
       XXX   -3567.1955    XXY      -0.5486    XYY   -1197.5297
       YYY    -319.6910    XXZ    -143.6757    XYZ      68.9167
       YYZ    -336.0205    XZZ   -1110.1326    YZZ     -78.6588
       ZZZ   -1002.8577
    Hexadecapole Moments (Debye-Ang^3)
      XXXX -126509.1047   XXXY   -3814.9440   XXYY  -21381.8692
      XYYY   -5579.4848   YYYY   -1707.6694   XXXZ  -14498.6513
      XXYZ     752.2375   XYYZ   -5880.3909   YYYZ   -1628.7431
      XXZZ  -21362.3800   XYZZ   -1315.8772   YYZZ   -2081.3958
      XZZZ  -17595.5304   YZZZ   -1454.4181   ZZZZ  -10981.7424
 -----------------------------------------------------------------
 Calculating MO derivatives via CPSCF
 Full subspace dimension requested for CIS/TDDFT
 MAX_CIS_SUBSPACE fits in available memory
    1     0    36    0.0397080  
    2     0    36    0.0062218  
    3     0    36    0.0008237  
    4     0    36    0.0000701  
