                  Welcome to Q-Chem
     A Quantum Leap Into The Future Of Chemistry


 Q-Chem 5.4 (devel), Q-Chem, Inc., Pleasanton, CA (2021)

 E. Epifanovsky,  A. T. B. Gilbert,  Xintian Feng,  Joonho Lee,  Yuezhi Mao,  
 N. Mardirossian,  P. Pokhilko,  A. White,  M. Wormit,  M. P. Coons,  
 A. L. Dempwolff,  Zhengting Gan,  D. Hait,  P. R. Horn,  L. D. Jacobson,  
 I. Kaliman,  J. Kussmann,  A. W. Lange,  Ka Un Lao,  D. S. Levine,  Jie Liu,  
 S. C. McKenzie,  A. F. Morrison,  K. Nanda,  F. Plasser,  D. R. Rehn,  
 M. L. Vidal,  Zhi-Qiang You,  Ying Zhu,  B. Alam,  B. Albrecht,  
 A. Aldossary,  E. Alguire,  J. H. Andersen,  D. Barton,  K. Begam,  A. Behn,  
 Y. A. Bernard,  E. J. Berquist,  H. Burton,  A. Carreras,  K. Carter-Fenk,  
 R. Chakraborty,  A. D. Chien,  K. D. Closser,  V. Cofer-Shabica,  
 S. Dasgupta,  Jia Deng,  M. de Wergifosse,  M. Diedenhofen,  Hainam Do,  
 S. Ehlert,  Po-Tung Fang,  S. Fatehi,  Qingguo Feng,  T. Friedhoff,  
 J. Gayvert,  Qinghui Ge,  G. Gidofalvi,  M. Goldey,  J. Gomes,  
 C. Gonzalez-Espinoza,  S. Gulania,  A. Gunina,  M. W. D. Hanson-Heine,  
 P. H. P. Harbach,  A. W. Hauser,  M. F. Herbst,  M. Hernandez Vera,  
 M. Hodecker,  Z. C. Holden,  S. Houck,  Xunkun Huang,  Kerwin Hui,  
 B. C. Huynh,  M. Ivanov,  Hyunjun Ji,  Hanjie Jiang,  B. Kaduk,  S. Kaehler,  
 K. Khistyaev,  Jaehoon Kim,  P. Klunzinger,  Z. Koczor-Benda,  
 Joong Hoon Koh,  D. Kosenkov,  L. Koulias,  T. Kowalczyk,  C. M. Krauter,  
 K. Kue,  A. Kunitsa,  T. Kus,  A. Landau,  K. V. Lawler,  D. Lefrancois,  
 S. Lehtola,  Rain Li,  Yi-Pei Li,  Jiashu Liang,  M. Liebenthal,  
 Hung-Hsuan Lin,  You-Sheng Lin,  Fenglai Liu,  Kuan-Yu Liu,  
 M. Loipersberger,  A. Luenser,  A. Manjanath,  P. Manohar,  E. Mansoor,  
 S. F. Manzer,  Shan-Ping Mao,  A. V. Marenich,  T. Markovich,  S. Mason,  
 S. A. Maurer,  P. F. McLaughlin,  M. F. S. J. Menger,  J.-M. Mewes,  
 S. A. Mewes,  P. Morgante,  J. W. Mullinax,  K. J. Oosterbaan,  G. Paran,  
 Alexander C. Paul,  Suranjan K. Paul,  F. Pavosevic,  Zheng Pei,  S. Prager,  
 E. I. Proynov,  E. Ramos,  B. Rana,  A. E. Rask,  A. Rettig,  R. M. Richard,  
 F. Rob,  E. Rossomme,  T. Scheele,  M. Scheurer,  M. Schneider,  
 N. Sergueev,  S. M. Sharada,  W. Skomorowski,  D. W. Small,  C. J. Stein,  
 Yu-Chuan Su,  E. J. Sundstrom,  Zhen Tao,  J. Thirman,  T. Tsuchimochi,  
 N. M. Tubman,  S. P. Veccham,  O. Vydrov,  J. Wenzel,  J. Witte,  A. Yamada,  
 Kun Yao,  S. Yeganeh,  S. R. Yost,  A. Zech,  Igor Ying Zhang,  Xing Zhang,  
 Yu Zhang,  D. Zuev,  A. Aspuru-Guzik,  A. T. Bell,  N. A. Besley,  
 K. B. Bravaya,  B. R. Brooks,  D. Casanova,  Jeng-Da Chai,  S. Coriani,  
 C. J. Cramer,  A. E. DePrince, III,  R. A. DiStasio Jr.,  A. Dreuw,  
 B. D. Dunietz,  T. R. Furlani,  W. A. Goddard III,  S. Grimme,  
 S. Hammes-Schiffer,  T. Head-Gordon,  W. J. Hehre,  Chao-Ping Hsu,  
 T.-C. Jagau,  Yousung Jung,  A. Klamt,  Jing Kong,  D. S. Lambrecht,  
 WanZhen Liang,  N. J. Mayhall,  C. W. McCurdy,  J. B. Neaton,  
 C. Ochsenfeld,  J. A. Parkhill,  R. Peverati,  V. A. Rassolov,  Yihan Shao,  
 L. V. Slipchenko,  T. Stauch,  R. P. Steele,  J. E. Subotnik,  
 A. J. W. Thom,  A. Tkatchenko,  D. G. Truhlar,  T. Van Voorhis,  
 T. A. Wesolowski,  K. B. Whaley,  H. L. Woodcock III,  P. M. Zimmerman,  
 S. Faraji,  P. M. W. Gill,  M. Head-Gordon,  J. M. Herbert,  A. I. Krylov

 Additional authors for Version 5.4.1: 
 S. Kotaru,  Shaozhi Li,  Xiangyuan Li,  F. Matz,  A. Molle,  Haisheng Ren,  
 Yingli Su,  Hung-Yi Tsai,  C. Utku,  Fang Wang

 Contributors to earlier versions of Q-Chem not listed above: 
 R. D. Adamson,  B. Austin,  R. Baer,  J. Baker,  G. J. O. Beran,  
 K. Brandhorst,  S. T. Brown,  E. F. C. Byrd,  A. K. Chakraborty,  
 G. K. L. Chan,  Chun-Min Chang,  Yunqing Chen,  C.-L. Cheng,  
 Siu Hung Chien,  D. M. Chipman,  D. L. Crittenden,  H. Dachsel,  
 R. J. Doerksen,  A. D. Dutoi,  R. G. Edgar,  J. Fosso-Tande,  
 L. Fusti-Molnar,  D. Ghosh,  A. Ghysels,  A. Golubeva-Zadorozhnaya,  
 J. Gonthier,  M. S. Gordon,  S. R. Gwaltney,  G. Hawkins,  J. E. Herr,  
 A. Heyden,  S. Hirata,  E. G. Hohenstein,  G. Kedziora,  F. J. Keil,  
 C. Kelley,  Jihan Kim,  R. A. King,  R. Z. Khaliullin,  P. P. Korambath,  
 W. Kurlancheek,  A. Laurent,  A. M. Lee,  M. S. Lee,  S. V. Levchenko,  
 Ching Yeh Lin,  D. Liotard,  E. Livshits,  R. C. Lochan,  I. Lotan,  
 L. A. Martinez-Martinez,  P. E. Maslen,  N. Nair,  D. P. O'Neill,  
 D. Neuhauser,  E. Neuscamman,  C. M. Oana,  R. Olivares-Amaya,  R. Olson,  
 T. M. Perrine,  B. Peters,  P. A. Pieniazek,  A. Prociuk,  Y. M. Rhee,  
 J. Ritchie,  M. A. Rohrdanz,  E. Rosta,  N. J. Russ,  H. F. Schaefer III,  
 M. W. Schmidt,  N. E. Schultz,  S. Sharma,  N. Shenvi,  C. D. Sherrill,  
 A. C. Simmonett,  A. Sodt,  T. Stein,  D. Stuck,  K. S. Thanthiriwatte,  
 V. Vanovschi,  L. Vogt,  Tao Wang,  A. Warshel,  M. A. Watson,  
 C. F. Williams,  Q. Wu,  X. Xu,  Jun Yang,  W. Zhang,  Yan Zhao

 Please cite Q-Chem as follows:
 Y. Shao et al., Mol. Phys. 113, 184-215 (2015)
 DOI: 10.1080/00268976.2014.952696

 Q-Chem 5.4.1 for Intel X86 EM64T Linux

 Parts of Q-Chem use Armadillo 9.900.5 (Nocturnal Misbehaviour).
 http://arma.sourceforge.net/

 Q-Chem begins on Wed Jun 22 16:39:24 2022  

 Host: p09r15n31.grace.hpc.yale.internal
0

     Scratch files written to /home/tl686/scratch60/qchem_dev/scratch/qchem171352//
 Processing $rem in /home/tl686/qchem_dev/qchem/config/preferences:
 Processing $rem in /home/tl686/.qchemrc:

 Checking the input file for inconsistencies... 	...done.

--------------------------------------------------------------
User input:
--------------------------------------------------------------
$molecule
0   1
 Fe 0.42653105 -5.34418111 -4.49332428
C -2.01439769 -3.07646142 -4.81232342
C 3.23394006 -6.91621851 -3.22902833
C -0.82350122 -6.62388274 -1.64368039
C -0.20671290 -7.25878399 -7.28015061
C 2.50632173 -2.90241183 -5.47159075
O -3.72606449 -1.73208726 -4.79386254
O 5.05307703 -7.91906626 -2.57815764
O -1.33602415 -7.21116790 0.50702817
O -0.39905380 -8.70476657 -9.02446157
O 4.02560103 -1.41927093 -6.26540848

$end

$rem
     JOBTYPE  force
     METHOD   bp86
     BASIS    def2-msvp
     MAX_SCF_CYCLES   800
     INPUT_BOHR TRUE
     SYM_IGNORE TRUE
$end

--------------------------------------------------------------
 ----------------------------------------------------------------
             Standard Nuclear Orientation (Bohr)
    I     Atom           X                Y                Z
 ----------------------------------------------------------------
    1      Fe      0.4265310500    -5.3441811100    -4.4933242800
    2      C      -2.0143976900    -3.0764614200    -4.8123234200
    3      C       3.2339400600    -6.9162185100    -3.2290283300
    4      C      -0.8235012200    -6.6238827400    -1.6436803900
    5      C      -0.2067129000    -7.2587839900    -7.2801506100
    6      C       2.5063217300    -2.9024118300    -5.4715907500
    7      O      -3.7260644900    -1.7320872600    -4.7938625400
    8      O       5.0530770300    -7.9190662600    -2.5781576400
    9      O      -1.3360241500    -7.2111679000     0.5070281700
   10      O      -0.3990538000    -8.7047665700    -9.0244615700
   11      O       4.0256010300    -1.4192709300    -6.2654084800
 ----------------------------------------------------------------
 Nuclear Repulsion Energy =         801.05061807 hartrees
 There are       48 alpha and       48 beta electrons
 Requested basis set is def2-mSVP
 There are 80 shells and 174 basis functions

 Total QAlloc Memory Limit   2000 MB
 Mega-Array Size       188 MB
 MEM_STATIC part       192 MB

                       Distance Matrix (Bohrs)
             Fe(  1)   C (  2)   C (  3)   C (  4)   C (  5)   C (  6)
   C (  2)  3.347006
   C (  3)  3.457064  6.692952
   C (  4)  3.364623  4.903339  4.365961
   C (  5)  3.439928  5.181671  5.326071  5.705552
   C (  6)  3.353322  4.571852  4.655014  6.292056  5.441454
   O (  7)  5.511950  2.176577  8.818480  6.502168  7.007984  6.377430
   O (  8)  5.630526  8.853898  2.176832  6.089739  7.085909  6.326511
   O (  9)  5.621011  6.771373  5.910134  2.287604  7.868784  8.311010
   O ( 10)  5.701432  7.213131  7.069978  7.680245  2.273869  7.398069
   O ( 11)  5.612353  6.429566  6.329515  8.483051  7.283000  2.266730
             O (  7)   O (  8)   O (  9)   O ( 10)
   O (  8) 10.966375
   O (  9)  7.989497  7.130225
   O ( 10)  8.808248  8.479262  9.693196
   O ( 11)  7.896304  7.543134 10.399952  8.959263

 A cutoff of  1.0D-11 yielded   2491 shell pairs
 There are     12869 function pairs (     14740 Cartesian)
 Smallest overlap matrix eigenvalue = 2.39E-03

 Scale SEOQF with 1.000000e-01/1.000000e-01/1.000000e-01

 Standard Electronic Orientation quadrupole field applied
 Nucleus-field energy     =    -0.0000000018 hartrees
 Guess from superposition of atomic densities
 Warning:  Energy on first SCF cycle will be non-variational
 SAD guess density has 96.000000 electrons

 -----------------------------------------------------------------------
  General SCF calculation program by
  Eric Jon Sundstrom, Paul Horn, Yuezhi Mao, Dmitri Zuev, Alec White,
  David Stuck, Shaama M.S., Shane Yost, Joonho Lee, David Small,
  Daniel Levine, Susi Lehtola, Hugh Burton, Evgeny Epifanovsky,
  Bang C. Huynh
 -----------------------------------------------------------------------
 Exchange:  B88      Correlation:  P86
 Using SG-1 standard quadrature grid
 using 2 threads for integral computing
 -------------------------------------------------------
 OpenMP Integral computing Module                
 Release: version 1.0, May 2013, Q-Chem Inc. Pittsburgh 
 -------------------------------------------------------
 A restricted SCF calculation will be
 performed using DIIS
 SCF converges when DIIS error is below 1.0e-08
 ---------------------------------------
  Cycle       Energy         DIIS error
 ---------------------------------------
    1   -1832.1212422699      6.78e-02  
    2   -1830.4442504110      4.56e-03  
    3   -1830.2801454336      9.94e-03  
    4   -1829.7387269216      1.89e-02  
    5   -1830.4728706462      3.53e-03  
    6   -1830.5102466022      4.54e-04  
    7   -1830.5104333779      3.47e-04  
    8   -1830.5108900708      8.32e-05  
    9   -1830.5109075342      3.52e-05  
   10   -1830.5109109889      7.55e-06  
   11   -1830.5109113379      2.74e-06  
   12   -1830.5109113488      1.66e-06  
   13   -1830.5109113586      2.09e-07  
   14   -1830.5109113587      1.47e-07  
   15   -1830.5109113588      3.48e-08  
   16   -1830.5109113589      2.20e-08  
   17   -1830.5109113587      1.93e-09  Convergence criterion met
 ---------------------------------------
 SCF time:   CPU 22.75s  wall 12.00s 
 SCF   energy in the final basis set =    -1830.5109113587
 Total energy in the final basis set =    -1830.5109113587

 --------------------------------------------------------------

                    Orbital Energies (a.u.)
 --------------------------------------------------------------

 Alpha MOs
 -- Occupied --
******** -29.6431 -25.5998 -25.5954 -25.5838 -18.8968 -18.8871 -18.8783
-18.8746 -18.8733 -10.0649 -10.0548 -10.0539 -10.0509 -10.0462  -3.3288
 -2.1598  -2.1509  -2.1263  -1.0755  -1.0668  -1.0326  -1.0248  -1.0222
 -0.5851  -0.5355  -0.5241  -0.5180  -0.5176  -0.4603  -0.4541  -0.4444
 -0.4411  -0.4356  -0.4310  -0.4276  -0.4107  -0.4075  -0.4014  -0.4010
 -0.3986  -0.3970  -0.3906  -0.3758  -0.2889  -0.2670  -0.2497  -0.2276
 -- Virtual --
 -0.1089  -0.0982  -0.0899  -0.0864  -0.0819  -0.0734  -0.0681  -0.0662
 -0.0554  -0.0518  -0.0196   0.0103   0.1872   0.2005   0.2211   0.2555
  0.2921   0.3147   0.3584   0.3772   0.4039   0.4175   0.4221   0.4364
  0.4453   0.4756   0.4977   0.5084   0.5217   0.5310   0.5456   0.5695
  0.5935   0.6280   0.6299   0.6453   0.7434   0.7562   0.7659   0.7733
  0.7926   0.8306   0.8449   0.8716   0.8915   0.8962   0.9463   0.9475
  0.9651   0.9733   0.9788   1.0034   1.0222   1.0446   1.0519   1.0853
  1.1664   1.1785   1.1935   1.3453   1.3809   1.3862   1.3981   1.4090
  1.4205   1.4257   1.4283   1.4388   1.4452   1.4653   1.4826   1.4933
  1.5169   1.5252   1.5544   1.5919   1.6065   1.6375   1.6561   1.6656
  1.6941   1.8111   1.8183   1.8281   1.8323   1.8343   1.8413   1.8439
  1.8574   1.8592   1.8604   1.8819   1.8844   1.9135   1.9349   1.9428
  2.3376   2.3657   2.3855   2.4249   2.4317   2.4445   2.4752   2.4783
  2.4843   2.5050   2.5882   2.6199   2.6482   2.6503   2.6745   2.8107
  2.8211   2.8519   2.8736   2.9596  13.2678  13.2989  13.3100  13.3523
 13.3923  24.8865  24.9208  24.9365  24.9524  25.0173
 --------------------------------------------------------------

          Ground-State Mulliken Net Atomic Charges

     Atom                 Charge (a.u.)
  ----------------------------------------
      1 Fe                   -0.471714
      2 C                     0.200374
      3 C                     0.214218
      4 C                     0.204799
      5 C                     0.272407
      6 C                     0.215919
      7 O                    -0.100735
      8 O                    -0.086919
      9 O                    -0.156461
     10 O                    -0.146539
     11 O                    -0.145348
  ----------------------------------------
  Sum of atomic charges =     0.000000

 -----------------------------------------------------------------
                    Cartesian Multipole Moments
 -----------------------------------------------------------------
    Charge (ESU x 10^10)
                -0.0000
    Dipole Moment (Debye)
         X       0.1062518322      Y       0.1744733078      Z       0.0017529584
       Tot       0.2042876889
    Quadrupole Moments (Debye-Ang)
        XX     -69.0926     XY      -1.1974     YY     -70.6612
        XZ       0.9563     YZ      -0.7590     ZZ     -71.4958
    Octopole Moments (Debye-Ang^2)
       XXX     -66.4975    XXY     191.2509    XYY     -16.6456
       YYY     595.8592    XXZ     163.3963    XYZ       1.8835
       YYZ     173.4215    XZZ     -23.6939    YZZ     214.4452
       ZZZ     503.2662
    Hexadecapole Moments (Debye-Ang^3)
      XXXX    -768.4636   XXXY     231.2571   XXYY    -785.8303
      XYYY     198.5695   YYYY   -4031.0894   XXXZ     158.6977
      XXYZ    -425.3713   XYYZ      40.0731   YYYZ   -1412.4236
      XXZZ    -626.0636   XYZZ      54.7314   YYZZ   -1288.6077
      XZZZ     163.9852   YZZZ   -1458.8962   ZZZZ   -3082.8122
 -----------------------------------------------------------------
 Calculating analytic gradient of the SCF energy
 Gradient of SCF Energy
            1           2           3           4           5           6
    1  -0.0210085   0.0031875   0.0186127   0.0234286  -0.0011311  -0.0480649
    2   0.0102755   0.0155711  -0.0074048   0.0078328   0.0503231  -0.0396744
    3   0.0060316  -0.0118215   0.0234483  -0.0810795   0.0460731   0.0270765
            7           8           9          10          11
    1   0.0156830  -0.0165425  -0.0124882  -0.0026532   0.0409766
    2  -0.0194543   0.0079685  -0.0128725  -0.0481150   0.0355502
    3   0.0055218  -0.0115625   0.0718512  -0.0523290  -0.0232099
 Max gradient component =       8.108E-02
 RMS gradient           =       3.188E-02
 Gradient time:  CPU 2.66 s  wall 1.44 s
 Total job time:  13.61s(wall), 25.58s(cpu) 
 Wed Jun 22 16:39:37 2022

        *************************************************************
        *                                                           *
        *  Thank you very much for using Q-Chem.  Have a nice day.  *
        *                                                           *
        *************************************************************


 
User input: 2 of 2 
 
                  Welcome to Q-Chem
     A Quantum Leap Into The Future Of Chemistry


 Q-Chem 5.4 (devel), Q-Chem, Inc., Pleasanton, CA (2021)

 E. Epifanovsky,  A. T. B. Gilbert,  Xintian Feng,  Joonho Lee,  Yuezhi Mao,  
 N. Mardirossian,  P. Pokhilko,  A. White,  M. Wormit,  M. P. Coons,  
 A. L. Dempwolff,  Zhengting Gan,  D. Hait,  P. R. Horn,  L. D. Jacobson,  
 I. Kaliman,  J. Kussmann,  A. W. Lange,  Ka Un Lao,  D. S. Levine,  Jie Liu,  
 S. C. McKenzie,  A. F. Morrison,  K. Nanda,  F. Plasser,  D. R. Rehn,  
 M. L. Vidal,  Zhi-Qiang You,  Ying Zhu,  B. Alam,  B. Albrecht,  
 A. Aldossary,  E. Alguire,  J. H. Andersen,  D. Barton,  K. Begam,  A. Behn,  
 Y. A. Bernard,  E. J. Berquist,  H. Burton,  A. Carreras,  K. Carter-Fenk,  
 R. Chakraborty,  A. D. Chien,  K. D. Closser,  V. Cofer-Shabica,  
 S. Dasgupta,  Jia Deng,  M. de Wergifosse,  M. Diedenhofen,  Hainam Do,  
 S. Ehlert,  Po-Tung Fang,  S. Fatehi,  Qingguo Feng,  T. Friedhoff,  
 J. Gayvert,  Qinghui Ge,  G. Gidofalvi,  M. Goldey,  J. Gomes,  
 C. Gonzalez-Espinoza,  S. Gulania,  A. Gunina,  M. W. D. Hanson-Heine,  
 P. H. P. Harbach,  A. W. Hauser,  M. F. Herbst,  M. Hernandez Vera,  
 M. Hodecker,  Z. C. Holden,  S. Houck,  Xunkun Huang,  Kerwin Hui,  
 B. C. Huynh,  M. Ivanov,  Hyunjun Ji,  Hanjie Jiang,  B. Kaduk,  S. Kaehler,  
 K. Khistyaev,  Jaehoon Kim,  P. Klunzinger,  Z. Koczor-Benda,  
 Joong Hoon Koh,  D. Kosenkov,  L. Koulias,  T. Kowalczyk,  C. M. Krauter,  
 K. Kue,  A. Kunitsa,  T. Kus,  A. Landau,  K. V. Lawler,  D. Lefrancois,  
 S. Lehtola,  Rain Li,  Yi-Pei Li,  Jiashu Liang,  M. Liebenthal,  
 Hung-Hsuan Lin,  You-Sheng Lin,  Fenglai Liu,  Kuan-Yu Liu,  
 M. Loipersberger,  A. Luenser,  A. Manjanath,  P. Manohar,  E. Mansoor,  
 S. F. Manzer,  Shan-Ping Mao,  A. V. Marenich,  T. Markovich,  S. Mason,  
 S. A. Maurer,  P. F. McLaughlin,  M. F. S. J. Menger,  J.-M. Mewes,  
 S. A. Mewes,  P. Morgante,  J. W. Mullinax,  K. J. Oosterbaan,  G. Paran,  
 Alexander C. Paul,  Suranjan K. Paul,  F. Pavosevic,  Zheng Pei,  S. Prager,  
 E. I. Proynov,  E. Ramos,  B. Rana,  A. E. Rask,  A. Rettig,  R. M. Richard,  
 F. Rob,  E. Rossomme,  T. Scheele,  M. Scheurer,  M. Schneider,  
 N. Sergueev,  S. M. Sharada,  W. Skomorowski,  D. W. Small,  C. J. Stein,  
 Yu-Chuan Su,  E. J. Sundstrom,  Zhen Tao,  J. Thirman,  T. Tsuchimochi,  
 N. M. Tubman,  S. P. Veccham,  O. Vydrov,  J. Wenzel,  J. Witte,  A. Yamada,  
 Kun Yao,  S. Yeganeh,  S. R. Yost,  A. Zech,  Igor Ying Zhang,  Xing Zhang,  
 Yu Zhang,  D. Zuev,  A. Aspuru-Guzik,  A. T. Bell,  N. A. Besley,  
 K. B. Bravaya,  B. R. Brooks,  D. Casanova,  Jeng-Da Chai,  S. Coriani,  
 C. J. Cramer,  A. E. DePrince, III,  R. A. DiStasio Jr.,  A. Dreuw,  
 B. D. Dunietz,  T. R. Furlani,  W. A. Goddard III,  S. Grimme,  
 S. Hammes-Schiffer,  T. Head-Gordon,  W. J. Hehre,  Chao-Ping Hsu,  
 T.-C. Jagau,  Yousung Jung,  A. Klamt,  Jing Kong,  D. S. Lambrecht,  
 WanZhen Liang,  N. J. Mayhall,  C. W. McCurdy,  J. B. Neaton,  
 C. Ochsenfeld,  J. A. Parkhill,  R. Peverati,  V. A. Rassolov,  Yihan Shao,  
 L. V. Slipchenko,  T. Stauch,  R. P. Steele,  J. E. Subotnik,  
 A. J. W. Thom,  A. Tkatchenko,  D. G. Truhlar,  T. Van Voorhis,  
 T. A. Wesolowski,  K. B. Whaley,  H. L. Woodcock III,  P. M. Zimmerman,  
 S. Faraji,  P. M. W. Gill,  M. Head-Gordon,  J. M. Herbert,  A. I. Krylov

 Additional authors for Version 5.4.1: 
 S. Kotaru,  Shaozhi Li,  Xiangyuan Li,  F. Matz,  A. Molle,  Haisheng Ren,  
 Yingli Su,  Hung-Yi Tsai,  C. Utku,  Fang Wang

 Contributors to earlier versions of Q-Chem not listed above: 
 R. D. Adamson,  B. Austin,  R. Baer,  J. Baker,  G. J. O. Beran,  
 K. Brandhorst,  S. T. Brown,  E. F. C. Byrd,  A. K. Chakraborty,  
 G. K. L. Chan,  Chun-Min Chang,  Yunqing Chen,  C.-L. Cheng,  
 Siu Hung Chien,  D. M. Chipman,  D. L. Crittenden,  H. Dachsel,  
 R. J. Doerksen,  A. D. Dutoi,  R. G. Edgar,  J. Fosso-Tande,  
 L. Fusti-Molnar,  D. Ghosh,  A. Ghysels,  A. Golubeva-Zadorozhnaya,  
 J. Gonthier,  M. S. Gordon,  S. R. Gwaltney,  G. Hawkins,  J. E. Herr,  
 A. Heyden,  S. Hirata,  E. G. Hohenstein,  G. Kedziora,  F. J. Keil,  
 C. Kelley,  Jihan Kim,  R. A. King,  R. Z. Khaliullin,  P. P. Korambath,  
 W. Kurlancheek,  A. Laurent,  A. M. Lee,  M. S. Lee,  S. V. Levchenko,  
 Ching Yeh Lin,  D. Liotard,  E. Livshits,  R. C. Lochan,  I. Lotan,  
 L. A. Martinez-Martinez,  P. E. Maslen,  N. Nair,  D. P. O'Neill,  
 D. Neuhauser,  E. Neuscamman,  C. M. Oana,  R. Olivares-Amaya,  R. Olson,  
 T. M. Perrine,  B. Peters,  P. A. Pieniazek,  A. Prociuk,  Y. M. Rhee,  
 J. Ritchie,  M. A. Rohrdanz,  E. Rosta,  N. J. Russ,  H. F. Schaefer III,  
 M. W. Schmidt,  N. E. Schultz,  S. Sharma,  N. Shenvi,  C. D. Sherrill,  
 A. C. Simmonett,  A. Sodt,  T. Stein,  D. Stuck,  K. S. Thanthiriwatte,  
 V. Vanovschi,  L. Vogt,  Tao Wang,  A. Warshel,  M. A. Watson,  
 C. F. Williams,  Q. Wu,  X. Xu,  Jun Yang,  W. Zhang,  Yan Zhao

 Please cite Q-Chem as follows:
 Y. Shao et al., Mol. Phys. 113, 184-215 (2015)
 DOI: 10.1080/00268976.2014.952696

 Q-Chem 5.4.1 for Intel X86 EM64T Linux

 Parts of Q-Chem use Armadillo 9.900.5 (Nocturnal Misbehaviour).
 http://arma.sourceforge.net/

 Q-Chem begins on Wed Jun 22 16:39:37 2022  

 Host: p09r15n31.grace.hpc.yale.internal
0

     Scratch files written to /home/tl686/scratch60/qchem_dev/scratch/qchem171352//
 Processing $rem in /home/tl686/qchem_dev/qchem/config/preferences:
 Processing $rem in /home/tl686/.qchemrc:
The previous job contains 0 fragments, simply inherited here

 Checking the input file for inconsistencies... 	...done.

--------------------------------------------------------------
User input:
--------------------------------------------------------------

$molecule
READ
$end

$rem
     JOBTYPE  freq
     METHOD   bp86
     BASIS    def2-msvp
     MAX_SCF_CYCLES   800
     INPUT_BOHR TRUE
     SYM_IGNORE TRUE
     SCF_GUESS     read 
$end
--------------------------------------------------------------
 ----------------------------------------------------------------
             Standard Nuclear Orientation (Bohr)
    I     Atom           X                Y                Z
 ----------------------------------------------------------------
    1      Fe      0.4265310500    -5.3441811100    -4.4933242800
    2      C      -2.0143976900    -3.0764614200    -4.8123234200
    3      C       3.2339400600    -6.9162185100    -3.2290283300
    4      C      -0.8235012200    -6.6238827400    -1.6436803900
    5      C      -0.2067129000    -7.2587839900    -7.2801506100
    6      C       2.5063217300    -2.9024118300    -5.4715907500
    7      O      -3.7260644900    -1.7320872600    -4.7938625400
    8      O       5.0530770300    -7.9190662600    -2.5781576400
    9      O      -1.3360241500    -7.2111679000     0.5070281700
   10      O      -0.3990538000    -8.7047665700    -9.0244615700
   11      O       4.0256010300    -1.4192709300    -6.2654084800
 ----------------------------------------------------------------
 Nuclear Repulsion Energy =         801.05061807 hartrees
 There are       48 alpha and       48 beta electrons
 Requested basis set is def2-mSVP
 There are 80 shells and 174 basis functions

 Total QAlloc Memory Limit   2000 MB
 Mega-Array Size       204 MB
 MEM_STATIC part       192 MB

                       Distance Matrix (Bohrs)
             Fe(  1)   C (  2)   C (  3)   C (  4)   C (  5)   C (  6)
   C (  2)  3.347006
   C (  3)  3.457064  6.692952
   C (  4)  3.364623  4.903339  4.365961
   C (  5)  3.439928  5.181671  5.326071  5.705552
   C (  6)  3.353322  4.571852  4.655014  6.292056  5.441454
   O (  7)  5.511950  2.176577  8.818480  6.502168  7.007984  6.377430
   O (  8)  5.630526  8.853898  2.176832  6.089739  7.085909  6.326511
   O (  9)  5.621011  6.771373  5.910134  2.287604  7.868784  8.311010
   O ( 10)  5.701432  7.213131  7.069978  7.680245  2.273869  7.398069
   O ( 11)  5.612353  6.429566  6.329515  8.483051  7.283000  2.266730
             O (  7)   O (  8)   O (  9)   O ( 10)
   O (  8) 10.966375
   O (  9)  7.989497  7.130225
   O ( 10)  8.808248  8.479262  9.693196
   O ( 11)  7.896304  7.543134 10.399952  8.959263

 A cutoff of  1.0D-11 yielded   2491 shell pairs
 There are     12869 function pairs (     14740 Cartesian)
 Smallest overlap matrix eigenvalue = 2.39E-03
 Guess MOs from SCF MO coefficient file

 -----------------------------------------------------------------------
  General SCF calculation program by
  Eric Jon Sundstrom, Paul Horn, Yuezhi Mao, Dmitri Zuev, Alec White,
  David Stuck, Shaama M.S., Shane Yost, Joonho Lee, David Small,
  Daniel Levine, Susi Lehtola, Hugh Burton, Evgeny Epifanovsky,
  Bang C. Huynh
 -----------------------------------------------------------------------
 Exchange:  B88      Correlation:  P86
 Using SG-1 standard quadrature grid
 using 2 threads for integral computing
 -------------------------------------------------------
 OpenMP Integral computing Module                
 Release: version 1.0, May 2013, Q-Chem Inc. Pittsburgh 
 -------------------------------------------------------
 A restricted SCF calculation will be
 performed using DIIS
 SCF converges when DIIS error is below 1.0e-08
 ---------------------------------------
  Cycle       Energy         DIIS error
 ---------------------------------------
    1   -1830.5109113586      1.84e-09  
    2   -1830.5109113584      5.66e-09  Convergence criterion met
 ---------------------------------------
 SCF time:   CPU 2.60s  wall 2.00s 
 SCF   energy in the final basis set =    -1830.5109113584
 Total energy in the final basis set =    -1830.5109113584

 --------------------------------------------------------------

                    Orbital Energies (a.u.)
 --------------------------------------------------------------

 Alpha MOs
 -- Occupied --
******** -29.6431 -25.5998 -25.5954 -25.5838 -18.8968 -18.8871 -18.8783
-18.8746 -18.8733 -10.0649 -10.0548 -10.0539 -10.0509 -10.0462  -3.3288
 -2.1598  -2.1509  -2.1263  -1.0755  -1.0668  -1.0326  -1.0248  -1.0222
 -0.5851  -0.5355  -0.5241  -0.5180  -0.5176  -0.4603  -0.4541  -0.4444
 -0.4411  -0.4356  -0.4310  -0.4276  -0.4107  -0.4075  -0.4014  -0.4010
 -0.3986  -0.3970  -0.3906  -0.3758  -0.2889  -0.2670  -0.2497  -0.2276
 -- Virtual --
 -0.1089  -0.0982  -0.0899  -0.0864  -0.0819  -0.0734  -0.0681  -0.0662
 -0.0554  -0.0518  -0.0196   0.0103   0.1872   0.2005   0.2211   0.2555
  0.2921   0.3147   0.3584   0.3772   0.4039   0.4175   0.4221   0.4364
  0.4453   0.4756   0.4977   0.5084   0.5217   0.5310   0.5456   0.5695
  0.5935   0.6280   0.6299   0.6453   0.7434   0.7562   0.7659   0.7733
  0.7926   0.8306   0.8449   0.8716   0.8915   0.8962   0.9463   0.9475
  0.9651   0.9733   0.9788   1.0034   1.0222   1.0446   1.0519   1.0853
  1.1664   1.1785   1.1935   1.3453   1.3809   1.3862   1.3981   1.4090
  1.4205   1.4257   1.4283   1.4388   1.4452   1.4653   1.4826   1.4933
  1.5169   1.5252   1.5544   1.5919   1.6065   1.6375   1.6561   1.6656
  1.6941   1.8111   1.8183   1.8281   1.8323   1.8343   1.8413   1.8439
  1.8574   1.8592   1.8604   1.8819   1.8844   1.9135   1.9349   1.9428
  2.3376   2.3657   2.3855   2.4249   2.4317   2.4445   2.4752   2.4783
  2.4843   2.5050   2.5882   2.6199   2.6482   2.6503   2.6745   2.8107
  2.8211   2.8519   2.8736   2.9596  13.2678  13.2989  13.3100  13.3523
 13.3923  24.8865  24.9208  24.9365  24.9524  25.0173
 --------------------------------------------------------------

          Ground-State Mulliken Net Atomic Charges

     Atom                 Charge (a.u.)
  ----------------------------------------
      1 Fe                   -0.471714
      2 C                     0.200373
      3 C                     0.214219
      4 C                     0.204798
      5 C                     0.272408
      6 C                     0.215919
      7 O                    -0.100734
      8 O                    -0.086920
      9 O                    -0.156461
     10 O                    -0.146540
     11 O                    -0.145349
  ----------------------------------------
  Sum of atomic charges =     0.000000

 -----------------------------------------------------------------
                    Cartesian Multipole Moments
 -----------------------------------------------------------------
    Charge (ESU x 10^10)
                -0.0000
    Dipole Moment (Debye)
         X       0.1062409382      Y       0.1744765498      Z       0.0017545579
       Tot       0.2042848058
    Quadrupole Moments (Debye-Ang)
        XX     -69.0926     XY      -1.1974     YY     -70.6612
        XZ       0.9563     YZ      -0.7590     ZZ     -71.4958
    Octopole Moments (Debye-Ang^2)
       XXX     -66.4976    XXY     191.2510    XYY     -16.6457
       YYY     595.8594    XXZ     163.3964    XYZ       1.8835
       YYZ     173.4216    XZZ     -23.6939    YZZ     214.4453
       ZZZ     503.2663
    Hexadecapole Moments (Debye-Ang^3)
      XXXX    -768.4637   XXXY     231.2574   XXYY    -785.8307
      XYYY     198.5700   YYYY   -4031.0903   XXXZ     158.6979
      XXYZ    -425.3714   XYYZ      40.0732   YYYZ   -1412.4241
      XXZZ    -626.0636   XYZZ      54.7315   YYZZ   -1288.6081
      XZZZ     163.9853   YZZZ   -1458.8968   ZZZZ   -3082.8128
 -----------------------------------------------------------------
 Calculating MO derivatives via CPSCF
 Full subspace dimension requested for CIS/TDDFT
 MAX_CIS_SUBSPACE fits in available memory
    1     0    36    0.0408915  
    2     0    36    0.0058705  
    3     0    36    0.0007612  
