                  Welcome to Q-Chem
     A Quantum Leap Into The Future Of Chemistry


 Q-Chem 5.4 (devel), Q-Chem, Inc., Pleasanton, CA (2021)

 E. Epifanovsky,  A. T. B. Gilbert,  Xintian Feng,  Joonho Lee,  Yuezhi Mao,  
 N. Mardirossian,  P. Pokhilko,  A. White,  M. Wormit,  M. P. Coons,  
 A. L. Dempwolff,  Zhengting Gan,  D. Hait,  P. R. Horn,  L. D. Jacobson,  
 I. Kaliman,  J. Kussmann,  A. W. Lange,  Ka Un Lao,  D. S. Levine,  Jie Liu,  
 S. C. McKenzie,  A. F. Morrison,  K. Nanda,  F. Plasser,  D. R. Rehn,  
 M. L. Vidal,  Zhi-Qiang You,  Ying Zhu,  B. Alam,  B. Albrecht,  
 A. Aldossary,  E. Alguire,  J. H. Andersen,  D. Barton,  K. Begam,  A. Behn,  
 Y. A. Bernard,  E. J. Berquist,  H. Burton,  A. Carreras,  K. Carter-Fenk,  
 R. Chakraborty,  A. D. Chien,  K. D. Closser,  V. Cofer-Shabica,  
 S. Dasgupta,  Jia Deng,  M. de Wergifosse,  M. Diedenhofen,  Hainam Do,  
 S. Ehlert,  Po-Tung Fang,  S. Fatehi,  Qingguo Feng,  T. Friedhoff,  
 J. Gayvert,  Qinghui Ge,  G. Gidofalvi,  M. Goldey,  J. Gomes,  
 C. Gonzalez-Espinoza,  S. Gulania,  A. Gunina,  M. W. D. Hanson-Heine,  
 P. H. P. Harbach,  A. W. Hauser,  M. F. Herbst,  M. Hernandez Vera,  
 M. Hodecker,  Z. C. Holden,  S. Houck,  Xunkun Huang,  Kerwin Hui,  
 B. C. Huynh,  M. Ivanov,  Hyunjun Ji,  Hanjie Jiang,  B. Kaduk,  S. Kaehler,  
 K. Khistyaev,  Jaehoon Kim,  P. Klunzinger,  Z. Koczor-Benda,  
 Joong Hoon Koh,  D. Kosenkov,  L. Koulias,  T. Kowalczyk,  C. M. Krauter,  
 K. Kue,  A. Kunitsa,  T. Kus,  A. Landau,  K. V. Lawler,  D. Lefrancois,  
 S. Lehtola,  Rain Li,  Yi-Pei Li,  Jiashu Liang,  M. Liebenthal,  
 Hung-Hsuan Lin,  You-Sheng Lin,  Fenglai Liu,  Kuan-Yu Liu,  
 M. Loipersberger,  A. Luenser,  A. Manjanath,  P. Manohar,  E. Mansoor,  
 S. F. Manzer,  Shan-Ping Mao,  A. V. Marenich,  T. Markovich,  S. Mason,  
 S. A. Maurer,  P. F. McLaughlin,  M. F. S. J. Menger,  J.-M. Mewes,  
 S. A. Mewes,  P. Morgante,  J. W. Mullinax,  K. J. Oosterbaan,  G. Paran,  
 Alexander C. Paul,  Suranjan K. Paul,  F. Pavosevic,  Zheng Pei,  S. Prager,  
 E. I. Proynov,  E. Ramos,  B. Rana,  A. E. Rask,  A. Rettig,  R. M. Richard,  
 F. Rob,  E. Rossomme,  T. Scheele,  M. Scheurer,  M. Schneider,  
 N. Sergueev,  S. M. Sharada,  W. Skomorowski,  D. W. Small,  C. J. Stein,  
 Yu-Chuan Su,  E. J. Sundstrom,  Zhen Tao,  J. Thirman,  T. Tsuchimochi,  
 N. M. Tubman,  S. P. Veccham,  O. Vydrov,  J. Wenzel,  J. Witte,  A. Yamada,  
 Kun Yao,  S. Yeganeh,  S. R. Yost,  A. Zech,  Igor Ying Zhang,  Xing Zhang,  
 Yu Zhang,  D. Zuev,  A. Aspuru-Guzik,  A. T. Bell,  N. A. Besley,  
 K. B. Bravaya,  B. R. Brooks,  D. Casanova,  Jeng-Da Chai,  S. Coriani,  
 C. J. Cramer,  A. E. DePrince, III,  R. A. DiStasio Jr.,  A. Dreuw,  
 B. D. Dunietz,  T. R. Furlani,  W. A. Goddard III,  S. Grimme,  
 S. Hammes-Schiffer,  T. Head-Gordon,  W. J. Hehre,  Chao-Ping Hsu,  
 T.-C. Jagau,  Yousung Jung,  A. Klamt,  Jing Kong,  D. S. Lambrecht,  
 WanZhen Liang,  N. J. Mayhall,  C. W. McCurdy,  J. B. Neaton,  
 C. Ochsenfeld,  J. A. Parkhill,  R. Peverati,  V. A. Rassolov,  Yihan Shao,  
 L. V. Slipchenko,  T. Stauch,  R. P. Steele,  J. E. Subotnik,  
 A. J. W. Thom,  A. Tkatchenko,  D. G. Truhlar,  T. Van Voorhis,  
 T. A. Wesolowski,  K. B. Whaley,  H. L. Woodcock III,  P. M. Zimmerman,  
 S. Faraji,  P. M. W. Gill,  M. Head-Gordon,  J. M. Herbert,  A. I. Krylov

 Additional authors for Version 5.4.1: 
 S. Kotaru,  Shaozhi Li,  Xiangyuan Li,  F. Matz,  A. Molle,  Haisheng Ren,  
 Yingli Su,  Hung-Yi Tsai,  C. Utku,  Fang Wang

 Contributors to earlier versions of Q-Chem not listed above: 
 R. D. Adamson,  B. Austin,  R. Baer,  J. Baker,  G. J. O. Beran,  
 K. Brandhorst,  S. T. Brown,  E. F. C. Byrd,  A. K. Chakraborty,  
 G. K. L. Chan,  Chun-Min Chang,  Yunqing Chen,  C.-L. Cheng,  
 Siu Hung Chien,  D. M. Chipman,  D. L. Crittenden,  H. Dachsel,  
 R. J. Doerksen,  A. D. Dutoi,  R. G. Edgar,  J. Fosso-Tande,  
 L. Fusti-Molnar,  D. Ghosh,  A. Ghysels,  A. Golubeva-Zadorozhnaya,  
 J. Gonthier,  M. S. Gordon,  S. R. Gwaltney,  G. Hawkins,  J. E. Herr,  
 A. Heyden,  S. Hirata,  E. G. Hohenstein,  G. Kedziora,  F. J. Keil,  
 C. Kelley,  Jihan Kim,  R. A. King,  R. Z. Khaliullin,  P. P. Korambath,  
 W. Kurlancheek,  A. Laurent,  A. M. Lee,  M. S. Lee,  S. V. Levchenko,  
 Ching Yeh Lin,  D. Liotard,  E. Livshits,  R. C. Lochan,  I. Lotan,  
 L. A. Martinez-Martinez,  P. E. Maslen,  N. Nair,  D. P. O'Neill,  
 D. Neuhauser,  E. Neuscamman,  C. M. Oana,  R. Olivares-Amaya,  R. Olson,  
 T. M. Perrine,  B. Peters,  P. A. Pieniazek,  A. Prociuk,  Y. M. Rhee,  
 J. Ritchie,  M. A. Rohrdanz,  E. Rosta,  N. J. Russ,  H. F. Schaefer III,  
 M. W. Schmidt,  N. E. Schultz,  S. Sharma,  N. Shenvi,  C. D. Sherrill,  
 A. C. Simmonett,  A. Sodt,  T. Stein,  D. Stuck,  K. S. Thanthiriwatte,  
 V. Vanovschi,  L. Vogt,  Tao Wang,  A. Warshel,  M. A. Watson,  
 C. F. Williams,  Q. Wu,  X. Xu,  Jun Yang,  W. Zhang,  Yan Zhao

 Please cite Q-Chem as follows:
 Y. Shao et al., Mol. Phys. 113, 184-215 (2015)
 DOI: 10.1080/00268976.2014.952696

 Q-Chem 5.4.1 for Intel X86 EM64T Linux

 Parts of Q-Chem use Armadillo 9.900.5 (Nocturnal Misbehaviour).
 http://arma.sourceforge.net/

 Q-Chem begins on Wed Jun 22 16:38:11 2022  

 Host: p09r14n10.grace.hpc.yale.internal
0

     Scratch files written to /home/tl686/scratch60/qchem_dev/scratch/qchem114449//
 Processing $rem in /home/tl686/qchem_dev/qchem/config/preferences:
 Processing $rem in /home/tl686/.qchemrc:

 Checking the input file for inconsistencies... 	...done.

--------------------------------------------------------------
User input:
--------------------------------------------------------------
$molecule
0   1
 Fe -92.44306355 -0.06083334 -7.39989525
C -89.44042841 -1.64363056 -6.78971430
C -95.38597291 1.59025955 -6.68338608
C -93.69380807 -2.61471640 -5.60093755
C -90.86613028 2.86787801 -7.55366339
C -93.18298160 -1.02400473 -10.59558048
O -87.50349185 -2.55711908 -6.05281424
O -97.36149264 2.49356838 -6.14367940
O -94.16415274 -4.25839073 -4.35179842
O -89.76955085 4.85952516 -7.69124742
O -93.60814244 -1.95854158 -12.52549334

$end

$rem
     JOBTYPE  force
     METHOD   bp86
     BASIS    def2-msvp
     MAX_SCF_CYCLES   800
     INPUT_BOHR TRUE
     SYM_IGNORE TRUE
$end

--------------------------------------------------------------
 ----------------------------------------------------------------
             Standard Nuclear Orientation (Bohr)
    I     Atom           X                Y                Z
 ----------------------------------------------------------------
    1      Fe    -92.4430635500    -0.0608333400    -7.3998952500
    2      C     -89.4404284100    -1.6436305600    -6.7897143000
    3      C     -95.3859729100     1.5902595500    -6.6833860800
    4      C     -93.6938080700    -2.6147164000    -5.6009375500
    5      C     -90.8661302800     2.8678780100    -7.5536633900
    6      C     -93.1829816000    -1.0240047300   -10.5955804800
    7      O     -87.5034918500    -2.5571190800    -6.0528142400
    8      O     -97.3614926400     2.4935683800    -6.1436794000
    9      O     -94.1641527400    -4.2583907300    -4.3517984200
   10      O     -89.7695508500     4.8595251600    -7.6912474200
   11      O     -93.6081424400    -1.9585415800   -12.5254933400
 ----------------------------------------------------------------
 Nuclear Repulsion Energy =         801.38364764 hartrees
 There are       48 alpha and       48 beta electrons
 Requested basis set is def2-mSVP
 There are 80 shells and 174 basis functions

 Total QAlloc Memory Limit   2000 MB
 Mega-Array Size       188 MB
 MEM_STATIC part       192 MB

                       Distance Matrix (Bohrs)
             Fe(  1)   C (  2)   C (  3)   C (  4)   C (  5)   C (  6)
   C (  2)  3.448679
   C (  3)  3.449668  6.768962
   C (  4)  3.364956  4.521884  4.660144
   C (  5)  3.329822  4.792698  4.776889  6.470529
   C (  6)  3.418711  5.373570  5.195461  5.266665  5.455989
   O (  7)  5.696090  2.264775  8.929271  6.207054  6.556713  7.432615
   O (  8)  5.682780  8.959745  2.238287  6.311977  6.657169  7.046467
   O (  9)  5.465577  5.924017  6.413724  2.117366  8.480130  7.099913
   O ( 10)  5.607360  6.573592  6.576327  8.696751  2.277734  7.396120
   O ( 11)  5.588422  7.097054  7.062923  6.956104  7.451983  2.186020
             O (  7)   O (  8)   O (  9)   O ( 10)
   O (  8) 11.076908
   O (  9)  7.081821  7.682628
   O ( 10)  7.926292  8.101253 10.658369
   O ( 11)  8.917434  8.639240  8.509274  9.197323

 A cutoff of  1.0D-11 yielded   2488 shell pairs
 There are     12840 function pairs (     14702 Cartesian)
 Smallest overlap matrix eigenvalue = 2.33E-03

 Scale SEOQF with 1.000000e-03/1.000000e-01/1.000000e-02

 Standard Electronic Orientation quadrupole field applied
 Nucleus-field energy     =     0.0000000771 hartrees
 Guess from superposition of atomic densities
 Warning:  Energy on first SCF cycle will be non-variational
 SAD guess density has 96.000000 electrons

 -----------------------------------------------------------------------
  General SCF calculation program by
  Eric Jon Sundstrom, Paul Horn, Yuezhi Mao, Dmitri Zuev, Alec White,
  David Stuck, Shaama M.S., Shane Yost, Joonho Lee, David Small,
  Daniel Levine, Susi Lehtola, Hugh Burton, Evgeny Epifanovsky,
  Bang C. Huynh
 -----------------------------------------------------------------------
 Exchange:  B88      Correlation:  P86
 Using SG-1 standard quadrature grid
 using 2 threads for integral computing
 -------------------------------------------------------
 OpenMP Integral computing Module                
 Release: version 1.0, May 2013, Q-Chem Inc. Pittsburgh 
 -------------------------------------------------------
 A restricted SCF calculation will be
 performed using DIIS
 SCF converges when DIIS error is below 1.0e-08
 ---------------------------------------
  Cycle       Energy         DIIS error
 ---------------------------------------
    1   -1832.1788132346      6.82e-02  
    2   -1830.4418482779      4.56e-03  
    3   -1830.3671053592      7.33e-03  
    4   -1830.4204851974      5.74e-03  
    5   -1830.3523871951      8.86e-03  
    6   -1830.5103107935      5.91e-04  
    7   -1830.5110959283      2.55e-04  
    8   -1830.5113022974      1.09e-04  
    9   -1830.5113366181      2.91e-05  
   10   -1830.5113387417      1.86e-05  
   11   -1830.5113395933      8.97e-06  
   12   -1830.5113397478      3.07e-06  
   13   -1830.5113397747      7.61e-07  
   14   -1830.5113397757      3.93e-07  
   15   -1830.5113397758      9.60e-08  
   16   -1830.5113397757      3.69e-08  
   17   -1830.5113397757      7.08e-09  Convergence criterion met
 ---------------------------------------
 SCF time:   CPU 26.00s  wall 13.00s 
 SCF   energy in the final basis set =    -1830.5113397757
 Total energy in the final basis set =    -1830.5113397757

 --------------------------------------------------------------

                    Orbital Energies (a.u.)
 --------------------------------------------------------------

 Alpha MOs
 -- Occupied --
******** -29.6397 -25.5960 -25.5933 -25.5800 -18.8878 -18.8872 -18.8827
-18.8795 -18.8691 -10.0601 -10.0577 -10.0485 -10.0443 -10.0424  -3.3246
 -2.1531  -2.1503  -2.1206  -1.0860  -1.0553  -1.0481  -1.0362  -1.0203
 -0.5789  -0.5290  -0.5226  -0.5186  -0.5158  -0.4597  -0.4567  -0.4456
 -0.4353  -0.4287  -0.4269  -0.4243  -0.4202  -0.4183  -0.4090  -0.4065
 -0.4012  -0.3946  -0.3837  -0.3801  -0.2869  -0.2624  -0.2558  -0.2150
 -- Virtual --
 -0.1028  -0.0950  -0.0888  -0.0862  -0.0778  -0.0716  -0.0634  -0.0591
 -0.0524  -0.0473  -0.0173   0.0117   0.1910   0.2039   0.2209   0.2502
  0.2959   0.3195   0.3705   0.3747   0.4145   0.4172   0.4266   0.4353
  0.4527   0.4746   0.4846   0.5117   0.5226   0.5268   0.5537   0.5930
  0.6145   0.6273   0.6359   0.6711   0.7410   0.7503   0.7633   0.7755
  0.7834   0.8287   0.8475   0.8587   0.8937   0.9030   0.9430   0.9574
  0.9668   0.9743   0.9757   1.0041   1.0423   1.0522   1.0642   1.0885
  1.1389   1.1666   1.1846   1.3716   1.3838   1.3999   1.4081   1.4121
  1.4167   1.4197   1.4271   1.4346   1.4551   1.4686   1.4797   1.4961
  1.5198   1.5340   1.5523   1.5659   1.5810   1.6266   1.6660   1.6864
  1.7012   1.8127   1.8241   1.8310   1.8332   1.8438   1.8468   1.8499
  1.8562   1.8582   1.8634   1.8745   1.8879   1.9095   1.9294   1.9572
  2.3439   2.3609   2.4088   2.4296   2.4428   2.4623   2.4774   2.4958
  2.5162   2.5596   2.6104   2.6296   2.6601   2.6740   2.6799   2.8122
  2.8159   2.8645   2.8849   2.9845  13.2758  13.2821  13.2957  13.3597
 13.3912  24.8977  24.9317  24.9486  24.9606  25.0233
 --------------------------------------------------------------

          Ground-State Mulliken Net Atomic Charges

     Atom                 Charge (a.u.)
  ----------------------------------------
      1 Fe                   -0.534813
      2 C                     0.222764
      3 C                     0.226452
      4 C                     0.203842
      5 C                     0.208014
      6 C                     0.270041
      7 O                    -0.137856
      8 O                    -0.125920
      9 O                    -0.069499
     10 O                    -0.157574
     11 O                    -0.105450
  ----------------------------------------
  Sum of atomic charges =     0.000000

 -----------------------------------------------------------------
                    Cartesian Multipole Moments
 -----------------------------------------------------------------
    Charge (ESU x 10^10)
                -0.0000
    Dipole Moment (Debye)
         X      -0.6261232898      Y      -0.5659258344      Z      -0.1022303628
       Tot       0.8501490876
    Quadrupole Moments (Debye-Ang)
        XX      -8.7356     XY      27.4668     YY     -70.2196
        XZ       6.9022     YZ       2.0040     ZZ     -68.4212
    Octopole Moments (Debye-Ang^2)
       XXX    5778.4571    XXY   -1329.2411    XYY    3431.9052
       YYY      12.5718    XXZ    -160.8921    XYZ     -94.6537
       YYZ     272.9590    XZZ    3345.1439    YZZ       4.8003
       ZZZ     814.7984
    Hexadecapole Moments (Debye-Ang^3)
      XXXX -712893.7395   XXXY   64176.2862   XXYY -168003.8418
      XYYY    -618.8841   YYYY    -776.9310   XXXZ  -13980.0115
      XXYZ    4460.7117   XYYZ  -13336.7644   YYYZ     -13.0115
      XXZZ -164801.5803   XYZZ    -257.2255   YYZZ   -1281.1022
      XZZZ  -39892.4479   YZZZ     -96.9243   ZZZZ   -6987.0512
 -----------------------------------------------------------------
 Calculating analytic gradient of the SCF energy
 Gradient of SCF Energy
            1           2           3           4           5           6
    1   0.0167183  -0.0457921   0.0262034  -0.0310688  -0.0436644  -0.0073127
    2   0.0087944   0.0083777  -0.0118889  -0.0714434  -0.0706332   0.0019174
    3   0.0195954  -0.0290445  -0.0146997   0.0429479   0.0007814  -0.0091436
            7           8           9          10          11
    1   0.0521706  -0.0356629   0.0312919   0.0333832   0.0037335
    2  -0.0208576   0.0142652   0.0821092   0.0584760   0.0008831
    3   0.0263340   0.0120939  -0.0582917  -0.0034367   0.0128637
 Max gradient component =       8.211E-02
 RMS gradient           =       3.528E-02
 Gradient time:  CPU 2.90 s  wall 1.56 s
 Total job time:  15.35s(wall), 29.09s(cpu) 
 Wed Jun 22 16:38:26 2022

        *************************************************************
        *                                                           *
        *  Thank you very much for using Q-Chem.  Have a nice day.  *
        *                                                           *
        *************************************************************


 
User input: 2 of 2 
 
                  Welcome to Q-Chem
     A Quantum Leap Into The Future Of Chemistry


 Q-Chem 5.4 (devel), Q-Chem, Inc., Pleasanton, CA (2021)

 E. Epifanovsky,  A. T. B. Gilbert,  Xintian Feng,  Joonho Lee,  Yuezhi Mao,  
 N. Mardirossian,  P. Pokhilko,  A. White,  M. Wormit,  M. P. Coons,  
 A. L. Dempwolff,  Zhengting Gan,  D. Hait,  P. R. Horn,  L. D. Jacobson,  
 I. Kaliman,  J. Kussmann,  A. W. Lange,  Ka Un Lao,  D. S. Levine,  Jie Liu,  
 S. C. McKenzie,  A. F. Morrison,  K. Nanda,  F. Plasser,  D. R. Rehn,  
 M. L. Vidal,  Zhi-Qiang You,  Ying Zhu,  B. Alam,  B. Albrecht,  
 A. Aldossary,  E. Alguire,  J. H. Andersen,  D. Barton,  K. Begam,  A. Behn,  
 Y. A. Bernard,  E. J. Berquist,  H. Burton,  A. Carreras,  K. Carter-Fenk,  
 R. Chakraborty,  A. D. Chien,  K. D. Closser,  V. Cofer-Shabica,  
 S. Dasgupta,  Jia Deng,  M. de Wergifosse,  M. Diedenhofen,  Hainam Do,  
 S. Ehlert,  Po-Tung Fang,  S. Fatehi,  Qingguo Feng,  T. Friedhoff,  
 J. Gayvert,  Qinghui Ge,  G. Gidofalvi,  M. Goldey,  J. Gomes,  
 C. Gonzalez-Espinoza,  S. Gulania,  A. Gunina,  M. W. D. Hanson-Heine,  
 P. H. P. Harbach,  A. W. Hauser,  M. F. Herbst,  M. Hernandez Vera,  
 M. Hodecker,  Z. C. Holden,  S. Houck,  Xunkun Huang,  Kerwin Hui,  
 B. C. Huynh,  M. Ivanov,  Hyunjun Ji,  Hanjie Jiang,  B. Kaduk,  S. Kaehler,  
 K. Khistyaev,  Jaehoon Kim,  P. Klunzinger,  Z. Koczor-Benda,  
 Joong Hoon Koh,  D. Kosenkov,  L. Koulias,  T. Kowalczyk,  C. M. Krauter,  
 K. Kue,  A. Kunitsa,  T. Kus,  A. Landau,  K. V. Lawler,  D. Lefrancois,  
 S. Lehtola,  Rain Li,  Yi-Pei Li,  Jiashu Liang,  M. Liebenthal,  
 Hung-Hsuan Lin,  You-Sheng Lin,  Fenglai Liu,  Kuan-Yu Liu,  
 M. Loipersberger,  A. Luenser,  A. Manjanath,  P. Manohar,  E. Mansoor,  
 S. F. Manzer,  Shan-Ping Mao,  A. V. Marenich,  T. Markovich,  S. Mason,  
 S. A. Maurer,  P. F. McLaughlin,  M. F. S. J. Menger,  J.-M. Mewes,  
 S. A. Mewes,  P. Morgante,  J. W. Mullinax,  K. J. Oosterbaan,  G. Paran,  
 Alexander C. Paul,  Suranjan K. Paul,  F. Pavosevic,  Zheng Pei,  S. Prager,  
 E. I. Proynov,  E. Ramos,  B. Rana,  A. E. Rask,  A. Rettig,  R. M. Richard,  
 F. Rob,  E. Rossomme,  T. Scheele,  M. Scheurer,  M. Schneider,  
 N. Sergueev,  S. M. Sharada,  W. Skomorowski,  D. W. Small,  C. J. Stein,  
 Yu-Chuan Su,  E. J. Sundstrom,  Zhen Tao,  J. Thirman,  T. Tsuchimochi,  
 N. M. Tubman,  S. P. Veccham,  O. Vydrov,  J. Wenzel,  J. Witte,  A. Yamada,  
 Kun Yao,  S. Yeganeh,  S. R. Yost,  A. Zech,  Igor Ying Zhang,  Xing Zhang,  
 Yu Zhang,  D. Zuev,  A. Aspuru-Guzik,  A. T. Bell,  N. A. Besley,  
 K. B. Bravaya,  B. R. Brooks,  D. Casanova,  Jeng-Da Chai,  S. Coriani,  
 C. J. Cramer,  A. E. DePrince, III,  R. A. DiStasio Jr.,  A. Dreuw,  
 B. D. Dunietz,  T. R. Furlani,  W. A. Goddard III,  S. Grimme,  
 S. Hammes-Schiffer,  T. Head-Gordon,  W. J. Hehre,  Chao-Ping Hsu,  
 T.-C. Jagau,  Yousung Jung,  A. Klamt,  Jing Kong,  D. S. Lambrecht,  
 WanZhen Liang,  N. J. Mayhall,  C. W. McCurdy,  J. B. Neaton,  
 C. Ochsenfeld,  J. A. Parkhill,  R. Peverati,  V. A. Rassolov,  Yihan Shao,  
 L. V. Slipchenko,  T. Stauch,  R. P. Steele,  J. E. Subotnik,  
 A. J. W. Thom,  A. Tkatchenko,  D. G. Truhlar,  T. Van Voorhis,  
 T. A. Wesolowski,  K. B. Whaley,  H. L. Woodcock III,  P. M. Zimmerman,  
 S. Faraji,  P. M. W. Gill,  M. Head-Gordon,  J. M. Herbert,  A. I. Krylov

 Additional authors for Version 5.4.1: 
 S. Kotaru,  Shaozhi Li,  Xiangyuan Li,  F. Matz,  A. Molle,  Haisheng Ren,  
 Yingli Su,  Hung-Yi Tsai,  C. Utku,  Fang Wang

 Contributors to earlier versions of Q-Chem not listed above: 
 R. D. Adamson,  B. Austin,  R. Baer,  J. Baker,  G. J. O. Beran,  
 K. Brandhorst,  S. T. Brown,  E. F. C. Byrd,  A. K. Chakraborty,  
 G. K. L. Chan,  Chun-Min Chang,  Yunqing Chen,  C.-L. Cheng,  
 Siu Hung Chien,  D. M. Chipman,  D. L. Crittenden,  H. Dachsel,  
 R. J. Doerksen,  A. D. Dutoi,  R. G. Edgar,  J. Fosso-Tande,  
 L. Fusti-Molnar,  D. Ghosh,  A. Ghysels,  A. Golubeva-Zadorozhnaya,  
 J. Gonthier,  M. S. Gordon,  S. R. Gwaltney,  G. Hawkins,  J. E. Herr,  
 A. Heyden,  S. Hirata,  E. G. Hohenstein,  G. Kedziora,  F. J. Keil,  
 C. Kelley,  Jihan Kim,  R. A. King,  R. Z. Khaliullin,  P. P. Korambath,  
 W. Kurlancheek,  A. Laurent,  A. M. Lee,  M. S. Lee,  S. V. Levchenko,  
 Ching Yeh Lin,  D. Liotard,  E. Livshits,  R. C. Lochan,  I. Lotan,  
 L. A. Martinez-Martinez,  P. E. Maslen,  N. Nair,  D. P. O'Neill,  
 D. Neuhauser,  E. Neuscamman,  C. M. Oana,  R. Olivares-Amaya,  R. Olson,  
 T. M. Perrine,  B. Peters,  P. A. Pieniazek,  A. Prociuk,  Y. M. Rhee,  
 J. Ritchie,  M. A. Rohrdanz,  E. Rosta,  N. J. Russ,  H. F. Schaefer III,  
 M. W. Schmidt,  N. E. Schultz,  S. Sharma,  N. Shenvi,  C. D. Sherrill,  
 A. C. Simmonett,  A. Sodt,  T. Stein,  D. Stuck,  K. S. Thanthiriwatte,  
 V. Vanovschi,  L. Vogt,  Tao Wang,  A. Warshel,  M. A. Watson,  
 C. F. Williams,  Q. Wu,  X. Xu,  Jun Yang,  W. Zhang,  Yan Zhao

 Please cite Q-Chem as follows:
 Y. Shao et al., Mol. Phys. 113, 184-215 (2015)
 DOI: 10.1080/00268976.2014.952696

 Q-Chem 5.4.1 for Intel X86 EM64T Linux

 Parts of Q-Chem use Armadillo 9.900.5 (Nocturnal Misbehaviour).
 http://arma.sourceforge.net/

 Q-Chem begins on Wed Jun 22 16:38:26 2022  

 Host: p09r14n10.grace.hpc.yale.internal
0

     Scratch files written to /home/tl686/scratch60/qchem_dev/scratch/qchem114449//
 Processing $rem in /home/tl686/qchem_dev/qchem/config/preferences:
 Processing $rem in /home/tl686/.qchemrc:
The previous job contains 0 fragments, simply inherited here

 Checking the input file for inconsistencies... 	...done.

--------------------------------------------------------------
User input:
--------------------------------------------------------------

$molecule
READ
$end

$rem
     JOBTYPE  freq
     METHOD   bp86
     BASIS    def2-msvp
     MAX_SCF_CYCLES   800
     INPUT_BOHR TRUE
     SYM_IGNORE TRUE
     SCF_GUESS     read 
$end
--------------------------------------------------------------
 ----------------------------------------------------------------
             Standard Nuclear Orientation (Bohr)
    I     Atom           X                Y                Z
 ----------------------------------------------------------------
    1      Fe    -92.4430635500    -0.0608333400    -7.3998952500
    2      C     -89.4404284100    -1.6436305600    -6.7897143000
    3      C     -95.3859729100     1.5902595500    -6.6833860800
    4      C     -93.6938080700    -2.6147164000    -5.6009375500
    5      C     -90.8661302800     2.8678780100    -7.5536633900
    6      C     -93.1829816000    -1.0240047300   -10.5955804800
    7      O     -87.5034918500    -2.5571190800    -6.0528142400
    8      O     -97.3614926400     2.4935683800    -6.1436794000
    9      O     -94.1641527400    -4.2583907300    -4.3517984200
   10      O     -89.7695508500     4.8595251600    -7.6912474200
   11      O     -93.6081424400    -1.9585415800   -12.5254933400
 ----------------------------------------------------------------
 Nuclear Repulsion Energy =         801.38364764 hartrees
 There are       48 alpha and       48 beta electrons
 Requested basis set is def2-mSVP
 There are 80 shells and 174 basis functions

 Total QAlloc Memory Limit   2000 MB
 Mega-Array Size       204 MB
 MEM_STATIC part       192 MB

                       Distance Matrix (Bohrs)
             Fe(  1)   C (  2)   C (  3)   C (  4)   C (  5)   C (  6)
   C (  2)  3.448679
   C (  3)  3.449668  6.768962
   C (  4)  3.364956  4.521884  4.660144
   C (  5)  3.329822  4.792698  4.776889  6.470529
   C (  6)  3.418711  5.373570  5.195461  5.266665  5.455989
   O (  7)  5.696090  2.264775  8.929271  6.207054  6.556713  7.432615
   O (  8)  5.682780  8.959745  2.238287  6.311977  6.657169  7.046467
   O (  9)  5.465577  5.924017  6.413724  2.117366  8.480130  7.099913
   O ( 10)  5.607360  6.573592  6.576327  8.696751  2.277734  7.396120
   O ( 11)  5.588422  7.097054  7.062923  6.956104  7.451983  2.186020
             O (  7)   O (  8)   O (  9)   O ( 10)
   O (  8) 11.076908
   O (  9)  7.081821  7.682628
   O ( 10)  7.926292  8.101253 10.658369
   O ( 11)  8.917434  8.639240  8.509274  9.197323

 A cutoff of  1.0D-11 yielded   2488 shell pairs
 There are     12840 function pairs (     14702 Cartesian)
 Smallest overlap matrix eigenvalue = 2.33E-03
 Guess MOs from SCF MO coefficient file

 -----------------------------------------------------------------------
  General SCF calculation program by
  Eric Jon Sundstrom, Paul Horn, Yuezhi Mao, Dmitri Zuev, Alec White,
  David Stuck, Shaama M.S., Shane Yost, Joonho Lee, David Small,
  Daniel Levine, Susi Lehtola, Hugh Burton, Evgeny Epifanovsky,
  Bang C. Huynh
 -----------------------------------------------------------------------
 Exchange:  B88      Correlation:  P86
 Using SG-1 standard quadrature grid
 using 2 threads for integral computing
 -------------------------------------------------------
 OpenMP Integral computing Module                
 Release: version 1.0, May 2013, Q-Chem Inc. Pittsburgh 
 -------------------------------------------------------
 A restricted SCF calculation will be
 performed using DIIS
 SCF converges when DIIS error is below 1.0e-08
 ---------------------------------------
  Cycle       Energy         DIIS error
 ---------------------------------------
    1   -1830.5113397751      3.82e-09  
    2   -1830.5113397752      1.31e-08  
    3   -1830.5113397751      6.51e-09  Convergence criterion met
 ---------------------------------------
 SCF time:   CPU 4.28s  wall 2.00s 
 SCF   energy in the final basis set =    -1830.5113397751
 Total energy in the final basis set =    -1830.5113397751

 --------------------------------------------------------------

                    Orbital Energies (a.u.)
 --------------------------------------------------------------

 Alpha MOs
 -- Occupied --
******** -29.6397 -25.5960 -25.5933 -25.5800 -18.8878 -18.8872 -18.8827
-18.8795 -18.8691 -10.0601 -10.0577 -10.0485 -10.0443 -10.0424  -3.3246
 -2.1531  -2.1503  -2.1206  -1.0860  -1.0553  -1.0481  -1.0362  -1.0203
 -0.5789  -0.5290  -0.5226  -0.5186  -0.5158  -0.4597  -0.4567  -0.4456
 -0.4353  -0.4287  -0.4269  -0.4243  -0.4202  -0.4183  -0.4090  -0.4065
 -0.4012  -0.3946  -0.3837  -0.3801  -0.2869  -0.2624  -0.2558  -0.2150
 -- Virtual --
 -0.1028  -0.0950  -0.0888  -0.0862  -0.0778  -0.0716  -0.0634  -0.0591
 -0.0524  -0.0473  -0.0173   0.0117   0.1910   0.2039   0.2209   0.2502
  0.2959   0.3195   0.3705   0.3747   0.4145   0.4172   0.4266   0.4353
  0.4527   0.4746   0.4846   0.5117   0.5226   0.5268   0.5537   0.5930
  0.6145   0.6273   0.6359   0.6711   0.7410   0.7503   0.7633   0.7755
  0.7834   0.8287   0.8475   0.8587   0.8937   0.9030   0.9430   0.9574
  0.9668   0.9743   0.9757   1.0041   1.0423   1.0522   1.0642   1.0885
  1.1389   1.1666   1.1846   1.3716   1.3838   1.3999   1.4081   1.4121
  1.4167   1.4197   1.4271   1.4346   1.4551   1.4686   1.4797   1.4961
  1.5198   1.5340   1.5523   1.5659   1.5810   1.6266   1.6660   1.6864
  1.7012   1.8127   1.8241   1.8310   1.8332   1.8438   1.8468   1.8499
  1.8562   1.8582   1.8634   1.8745   1.8879   1.9095   1.9294   1.9572
  2.3439   2.3609   2.4088   2.4296   2.4428   2.4623   2.4774   2.4958
  2.5162   2.5596   2.6104   2.6296   2.6601   2.6740   2.6799   2.8122
  2.8159   2.8645   2.8849   2.9845  13.2758  13.2821  13.2957  13.3597
 13.3912  24.8977  24.9317  24.9486  24.9606  25.0233
 --------------------------------------------------------------

          Ground-State Mulliken Net Atomic Charges

     Atom                 Charge (a.u.)
  ----------------------------------------
      1 Fe                   -0.534813
      2 C                     0.222764
      3 C                     0.226452
      4 C                     0.203842
      5 C                     0.208014
      6 C                     0.270040
      7 O                    -0.137856
      8 O                    -0.125920
      9 O                    -0.069499
     10 O                    -0.157574
     11 O                    -0.105450
  ----------------------------------------
  Sum of atomic charges =     0.000000

 -----------------------------------------------------------------
                    Cartesian Multipole Moments
 -----------------------------------------------------------------
    Charge (ESU x 10^10)
                -0.0000
    Dipole Moment (Debye)
         X      -0.6261223983      Y      -0.5659229471      Z      -0.1022316171
       Tot       0.8501466598
    Quadrupole Moments (Debye-Ang)
        XX      -8.7357     XY      27.4666     YY     -70.2196
        XZ       6.9023     YZ       2.0040     ZZ     -68.4212
    Octopole Moments (Debye-Ang^2)
       XXX    5778.4633    XXY   -1329.2346    XYY    3431.9050
       YYY      12.5719    XXZ    -160.8947    XYZ     -94.6533
       YYZ     272.9590    XZZ    3345.1434    YZZ       4.8003
       ZZZ     814.7984
    Hexadecapole Moments (Debye-Ang^3)
      XXXX -712894.1388   XXXY   64175.9764   XXYY -168003.8312
      XYYY    -618.8851   YYYY    -776.9310   XXXZ  -13979.8936
      XXYZ    4460.6891   XYYZ  -13336.7633   YYYZ     -13.0115
      XXZZ -164801.5566   XYZZ    -257.2271   YYZZ   -1281.1021
      XZZZ  -39892.4443   YZZZ     -96.9244   ZZZZ   -6987.0506
 -----------------------------------------------------------------
 Calculating MO derivatives via CPSCF
 Full subspace dimension requested for CIS/TDDFT
 MAX_CIS_SUBSPACE fits in available memory
    1     0    36    0.0413508  
    2     0    36    0.0063572  
    3     0    36    0.0007659  
    4     0    36    0.0000632  
