                  Welcome to Q-Chem
     A Quantum Leap Into The Future Of Chemistry


 Q-Chem 5.4 (devel), Q-Chem, Inc., Pleasanton, CA (2021)

 E. Epifanovsky,  A. T. B. Gilbert,  Xintian Feng,  Joonho Lee,  Yuezhi Mao,  
 N. Mardirossian,  P. Pokhilko,  A. White,  M. Wormit,  M. P. Coons,  
 A. L. Dempwolff,  Zhengting Gan,  D. Hait,  P. R. Horn,  L. D. Jacobson,  
 I. Kaliman,  J. Kussmann,  A. W. Lange,  Ka Un Lao,  D. S. Levine,  Jie Liu,  
 S. C. McKenzie,  A. F. Morrison,  K. Nanda,  F. Plasser,  D. R. Rehn,  
 M. L. Vidal,  Zhi-Qiang You,  Ying Zhu,  B. Alam,  B. Albrecht,  
 A. Aldossary,  E. Alguire,  J. H. Andersen,  D. Barton,  K. Begam,  A. Behn,  
 Y. A. Bernard,  E. J. Berquist,  H. Burton,  A. Carreras,  K. Carter-Fenk,  
 R. Chakraborty,  A. D. Chien,  K. D. Closser,  V. Cofer-Shabica,  
 S. Dasgupta,  Jia Deng,  M. de Wergifosse,  M. Diedenhofen,  Hainam Do,  
 S. Ehlert,  Po-Tung Fang,  S. Fatehi,  Qingguo Feng,  T. Friedhoff,  
 J. Gayvert,  Qinghui Ge,  G. Gidofalvi,  M. Goldey,  J. Gomes,  
 C. Gonzalez-Espinoza,  S. Gulania,  A. Gunina,  M. W. D. Hanson-Heine,  
 P. H. P. Harbach,  A. W. Hauser,  M. F. Herbst,  M. Hernandez Vera,  
 M. Hodecker,  Z. C. Holden,  S. Houck,  Xunkun Huang,  Kerwin Hui,  
 B. C. Huynh,  M. Ivanov,  Hyunjun Ji,  Hanjie Jiang,  B. Kaduk,  S. Kaehler,  
 K. Khistyaev,  Jaehoon Kim,  P. Klunzinger,  Z. Koczor-Benda,  
 Joong Hoon Koh,  D. Kosenkov,  L. Koulias,  T. Kowalczyk,  C. M. Krauter,  
 K. Kue,  A. Kunitsa,  T. Kus,  A. Landau,  K. V. Lawler,  D. Lefrancois,  
 S. Lehtola,  Rain Li,  Yi-Pei Li,  Jiashu Liang,  M. Liebenthal,  
 Hung-Hsuan Lin,  You-Sheng Lin,  Fenglai Liu,  Kuan-Yu Liu,  
 M. Loipersberger,  A. Luenser,  A. Manjanath,  P. Manohar,  E. Mansoor,  
 S. F. Manzer,  Shan-Ping Mao,  A. V. Marenich,  T. Markovich,  S. Mason,  
 S. A. Maurer,  P. F. McLaughlin,  M. F. S. J. Menger,  J.-M. Mewes,  
 S. A. Mewes,  P. Morgante,  J. W. Mullinax,  K. J. Oosterbaan,  G. Paran,  
 Alexander C. Paul,  Suranjan K. Paul,  F. Pavosevic,  Zheng Pei,  S. Prager,  
 E. I. Proynov,  E. Ramos,  B. Rana,  A. E. Rask,  A. Rettig,  R. M. Richard,  
 F. Rob,  E. Rossomme,  T. Scheele,  M. Scheurer,  M. Schneider,  
 N. Sergueev,  S. M. Sharada,  W. Skomorowski,  D. W. Small,  C. J. Stein,  
 Yu-Chuan Su,  E. J. Sundstrom,  Zhen Tao,  J. Thirman,  T. Tsuchimochi,  
 N. M. Tubman,  S. P. Veccham,  O. Vydrov,  J. Wenzel,  J. Witte,  A. Yamada,  
 Kun Yao,  S. Yeganeh,  S. R. Yost,  A. Zech,  Igor Ying Zhang,  Xing Zhang,  
 Yu Zhang,  D. Zuev,  A. Aspuru-Guzik,  A. T. Bell,  N. A. Besley,  
 K. B. Bravaya,  B. R. Brooks,  D. Casanova,  Jeng-Da Chai,  S. Coriani,  
 C. J. Cramer,  A. E. DePrince, III,  R. A. DiStasio Jr.,  A. Dreuw,  
 B. D. Dunietz,  T. R. Furlani,  W. A. Goddard III,  S. Grimme,  
 S. Hammes-Schiffer,  T. Head-Gordon,  W. J. Hehre,  Chao-Ping Hsu,  
 T.-C. Jagau,  Yousung Jung,  A. Klamt,  Jing Kong,  D. S. Lambrecht,  
 WanZhen Liang,  N. J. Mayhall,  C. W. McCurdy,  J. B. Neaton,  
 C. Ochsenfeld,  J. A. Parkhill,  R. Peverati,  V. A. Rassolov,  Yihan Shao,  
 L. V. Slipchenko,  T. Stauch,  R. P. Steele,  J. E. Subotnik,  
 A. J. W. Thom,  A. Tkatchenko,  D. G. Truhlar,  T. Van Voorhis,  
 T. A. Wesolowski,  K. B. Whaley,  H. L. Woodcock III,  P. M. Zimmerman,  
 S. Faraji,  P. M. W. Gill,  M. Head-Gordon,  J. M. Herbert,  A. I. Krylov

 Additional authors for Version 5.4.1: 
 S. Kotaru,  Shaozhi Li,  Xiangyuan Li,  F. Matz,  A. Molle,  Haisheng Ren,  
 Yingli Su,  Hung-Yi Tsai,  C. Utku,  Fang Wang

 Contributors to earlier versions of Q-Chem not listed above: 
 R. D. Adamson,  B. Austin,  R. Baer,  J. Baker,  G. J. O. Beran,  
 K. Brandhorst,  S. T. Brown,  E. F. C. Byrd,  A. K. Chakraborty,  
 G. K. L. Chan,  Chun-Min Chang,  Yunqing Chen,  C.-L. Cheng,  
 Siu Hung Chien,  D. M. Chipman,  D. L. Crittenden,  H. Dachsel,  
 R. J. Doerksen,  A. D. Dutoi,  R. G. Edgar,  J. Fosso-Tande,  
 L. Fusti-Molnar,  D. Ghosh,  A. Ghysels,  A. Golubeva-Zadorozhnaya,  
 J. Gonthier,  M. S. Gordon,  S. R. Gwaltney,  G. Hawkins,  J. E. Herr,  
 A. Heyden,  S. Hirata,  E. G. Hohenstein,  G. Kedziora,  F. J. Keil,  
 C. Kelley,  Jihan Kim,  R. A. King,  R. Z. Khaliullin,  P. P. Korambath,  
 W. Kurlancheek,  A. Laurent,  A. M. Lee,  M. S. Lee,  S. V. Levchenko,  
 Ching Yeh Lin,  D. Liotard,  E. Livshits,  R. C. Lochan,  I. Lotan,  
 L. A. Martinez-Martinez,  P. E. Maslen,  N. Nair,  D. P. O'Neill,  
 D. Neuhauser,  E. Neuscamman,  C. M. Oana,  R. Olivares-Amaya,  R. Olson,  
 T. M. Perrine,  B. Peters,  P. A. Pieniazek,  A. Prociuk,  Y. M. Rhee,  
 J. Ritchie,  M. A. Rohrdanz,  E. Rosta,  N. J. Russ,  H. F. Schaefer III,  
 M. W. Schmidt,  N. E. Schultz,  S. Sharma,  N. Shenvi,  C. D. Sherrill,  
 A. C. Simmonett,  A. Sodt,  T. Stein,  D. Stuck,  K. S. Thanthiriwatte,  
 V. Vanovschi,  L. Vogt,  Tao Wang,  A. Warshel,  M. A. Watson,  
 C. F. Williams,  Q. Wu,  X. Xu,  Jun Yang,  W. Zhang,  Yan Zhao

 Please cite Q-Chem as follows:
 Y. Shao et al., Mol. Phys. 113, 184-215 (2015)
 DOI: 10.1080/00268976.2014.952696

 Q-Chem 5.4.1 for Intel X86 EM64T Linux

 Parts of Q-Chem use Armadillo 9.900.5 (Nocturnal Misbehaviour).
 http://arma.sourceforge.net/

 Q-Chem begins on Wed Jun 22 16:38:10 2022  

 Host: p09r14n10.grace.hpc.yale.internal
0

     Scratch files written to /home/tl686/scratch60/qchem_dev/scratch/qchem114321//
 Processing $rem in /home/tl686/qchem_dev/qchem/config/preferences:
 Processing $rem in /home/tl686/.qchemrc:

 Checking the input file for inconsistencies... 	...done.

--------------------------------------------------------------
User input:
--------------------------------------------------------------
$molecule
0   1
 Fe 46.88978351 -1.31174999 0.35641782
C 49.46157203 1.01439266 0.48706392
C 44.30480812 -3.48723297 0.40889387
C 45.11056105 0.60714573 2.58868966
C 46.65833857 -0.97211613 -3.04643341
C 48.81958099 -3.96459069 1.62505387
O 51.09718837 2.65460262 0.58372288
O 42.51083864 -4.78681393 0.54571134
O 43.84769780 1.82615866 3.90436067
O 46.37851344 -0.80992875 -5.19749877
O 49.97826699 -5.57235410 2.61269157

$end

$rem
     JOBTYPE  force
     METHOD   bp86
     BASIS    def2-msvp
     MAX_SCF_CYCLES   800
     INPUT_BOHR TRUE
     SYM_IGNORE TRUE
$end

--------------------------------------------------------------
 ----------------------------------------------------------------
             Standard Nuclear Orientation (Bohr)
    I     Atom           X                Y                Z
 ----------------------------------------------------------------
    1      Fe     46.8897835100    -1.3117499900     0.3564178200
    2      C      49.4615720300     1.0143926600     0.4870639200
    3      C      44.3048081200    -3.4872329700     0.4088938700
    4      C      45.1105610500     0.6071457300     2.5886896600
    5      C      46.6583385700    -0.9721161300    -3.0464334100
    6      C      48.8195809900    -3.9645906900     1.6250538700
    7      O      51.0971883700     2.6546026200     0.5837228800
    8      O      42.5108386400    -4.7868139300     0.5457113400
    9      O      43.8476978000     1.8261586600     3.9043606700
   10      O      46.3785134400    -0.8099287500    -5.1974987700
   11      O      49.9782669900    -5.5723541000     2.6126915700
 ----------------------------------------------------------------
 Nuclear Repulsion Energy =         792.43313724 hartrees
 There are       48 alpha and       48 beta electrons
 Requested basis set is def2-mSVP
 There are 80 shells and 174 basis functions

 Total QAlloc Memory Limit   2000 MB
 Mega-Array Size       188 MB
 MEM_STATIC part       192 MB

                       Distance Matrix (Bohrs)
             Fe(  1)   C (  2)   C (  3)   C (  4)   C (  5)   C (  6)
   C (  2)  3.470174
   C (  3)  3.378991  6.845652
   C (  4)  3.439597  4.849121  4.707938
   C (  5)  3.427581  4.928482  4.878955  6.053453
   C (  6)  3.517260  5.147567  4.700010  5.965417  5.953878
   O (  7)  5.786698  2.318377  9.159101  6.637144  6.784874  7.077117
   O (  8)  5.593484  9.053736  2.219450  6.326699  6.682603  6.453004
   O (  9)  5.629268  6.622119  6.376470  2.193583  8.002723  7.965403
   O ( 10)  5.599930  6.719200  6.549798  8.015019  2.175245  7.903033
   O ( 11)  5.725578  6.940497  6.433707  7.866470  8.013102  2.214246
             O (  7)   O (  8)   O (  9)   O ( 10)
   O (  8) 11.362285
   O (  9)  8.016737  7.536519
   O ( 10)  8.227478  7.984922  9.808049
   O ( 11)  8.547018  7.787937  9.694858  9.830463

 A cutoff of  1.0D-11 yielded   2475 shell pairs
 There are     12729 function pairs (     14557 Cartesian)
 Smallest overlap matrix eigenvalue = 2.70E-03

 Scale SEOQF with 1.000000e-03/1.000000e-01/1.000000e-01

 Standard Electronic Orientation quadrupole field applied
 Nucleus-field energy     =     0.0000000206 hartrees
 Guess from superposition of atomic densities
 Warning:  Energy on first SCF cycle will be non-variational
 SAD guess density has 96.000000 electrons

 -----------------------------------------------------------------------
  General SCF calculation program by
  Eric Jon Sundstrom, Paul Horn, Yuezhi Mao, Dmitri Zuev, Alec White,
  David Stuck, Shaama M.S., Shane Yost, Joonho Lee, David Small,
  Daniel Levine, Susi Lehtola, Hugh Burton, Evgeny Epifanovsky,
  Bang C. Huynh
 -----------------------------------------------------------------------
 Exchange:  B88      Correlation:  P86
 Using SG-1 standard quadrature grid
 using 2 threads for integral computing
 -------------------------------------------------------
 OpenMP Integral computing Module                
 Release: version 1.0, May 2013, Q-Chem Inc. Pittsburgh 
 -------------------------------------------------------
 A restricted SCF calculation will be
 performed using DIIS
 SCF converges when DIIS error is below 1.0e-08
 ---------------------------------------
  Cycle       Energy         DIIS error
 ---------------------------------------
    1   -1832.0607372117      6.64e-02  
    2   -1830.4506344285      4.51e-03  
    3   -1830.3368438667      8.22e-03  
    4   -1830.2676267399      1.11e-02  
    5   -1830.3137718579      9.71e-03  
    6   -1830.5169222274      9.88e-04  
    7   -1830.5180302536      6.17e-04  
    8   -1830.5190810081      1.71e-04  
    9   -1830.5191638929      5.04e-05  
   10   -1830.5191678706      2.75e-05  
   11   -1830.5191695969      9.94e-06  
   12   -1830.5191698864      3.57e-06  
   13   -1830.5191699336      6.63e-07  
   14   -1830.5191698303      2.74e-07  
   15   -1830.5191698305      2.68e-08  
   16   -1830.5191698306      2.43e-08  
   17   -1830.5191698303      4.00e-09  Convergence criterion met
 ---------------------------------------
 SCF time:   CPU 25.12s  wall 13.00s 
 SCF   energy in the final basis set =    -1830.5191698303
 Total energy in the final basis set =    -1830.5191698303

 --------------------------------------------------------------

                    Orbital Energies (a.u.)
 --------------------------------------------------------------

 Alpha MOs
 -- Occupied --
******** -29.6380 -25.5986 -25.5838 -25.5820 -18.8869 -18.8836 -18.8825
-18.8789 -18.8784 -10.0617 -10.0587 -10.0509 -10.0455 -10.0419  -3.3212
 -2.1582  -2.1299  -2.1249  -1.0578  -1.0546  -1.0528  -1.0504  -1.0206
 -0.5747  -0.5278  -0.5213  -0.5187  -0.5142  -0.4553  -0.4411  -0.4391
 -0.4322  -0.4243  -0.4232  -0.4222  -0.4207  -0.4192  -0.4137  -0.4054
 -0.4031  -0.3927  -0.3890  -0.3806  -0.2780  -0.2739  -0.2311  -0.2253
 -- Virtual --
 -0.1021  -0.0948  -0.0927  -0.0871  -0.0836  -0.0745  -0.0688  -0.0608
 -0.0558  -0.0383  -0.0326   0.0091   0.1843   0.2148   0.2201   0.2446
  0.2982   0.3226   0.3319   0.4018   0.4048   0.4188   0.4242   0.4322
  0.4387   0.4745   0.5002   0.5044   0.5165   0.5444   0.5701   0.5824
  0.5954   0.6168   0.6275   0.6364   0.7424   0.7520   0.7537   0.7696
  0.7781   0.8260   0.8286   0.8557   0.8761   0.8932   0.9469   0.9512
  0.9684   0.9830   0.9841   0.9954   1.0119   1.0153   1.0250   1.0462
  1.2111   1.2682   1.2874   1.3099   1.4048   1.4049   1.4094   1.4144
  1.4155   1.4182   1.4221   1.4265   1.4586   1.4629   1.4764   1.4896
  1.4985   1.5184   1.5264   1.5483   1.5858   1.6256   1.6411   1.6549
  1.6750   1.8155   1.8185   1.8317   1.8347   1.8408   1.8445   1.8471
  1.8517   1.8598   1.8715   1.8770   1.8842   1.8873   1.8950   1.9454
  2.3229   2.4014   2.4038   2.4439   2.4524   2.4608   2.4663   2.4775
  2.4789   2.5072   2.6245   2.6289   2.6509   2.6564   2.6634   2.7922
  2.8131   2.8973   2.9072   2.9600  13.2590  13.2825  13.2856  13.3348
 13.4500  24.9215  24.9240  24.9428  24.9618  25.0151
 --------------------------------------------------------------

          Ground-State Mulliken Net Atomic Charges

     Atom                 Charge (a.u.)
  ----------------------------------------
      1 Fe                   -0.475567
      2 C                     0.225266
      3 C                     0.189609
      4 C                     0.219217
      5 C                     0.215825
      6 C                     0.230657
      7 O                    -0.160782
      8 O                    -0.119293
      9 O                    -0.109446
     10 O                    -0.102595
     11 O                    -0.112891
  ----------------------------------------
  Sum of atomic charges =     0.000000

 -----------------------------------------------------------------
                    Cartesian Multipole Moments
 -----------------------------------------------------------------
    Charge (ESU x 10^10)
                -0.0000
    Dipole Moment (Debye)
         X      -0.0576943162      Y      -0.3695034019      Z      -0.0462870645
       Tot       0.3768340357
    Quadrupole Moments (Debye-Ang)
        XX     -73.0558     XY      -9.5976     YY     -69.4366
        XZ      -1.2068     YZ       0.1218     ZZ     -69.6372
    Octopole Moments (Debye-Ang^2)
       XXX   -5326.3361    XXY    -199.7292    XYY   -1723.7612
       YYY     147.7736    XXZ     -51.3742    XYZ       6.4661
       YYZ     -21.2337    XZZ   -1723.7203    YZZ      47.3014
       ZZZ     -39.7083
    Hexadecapole Moments (Debye-Ang^3)
      XXXX -263039.6804   XXXY   -2858.9588   XXYY  -43100.0310
      XYYY    3612.3411   YYYY    -954.5023   XXXZ   -2293.7869
      XXYZ     260.2488   XYYZ    -530.9863   YYYZ      52.0584
      XXZZ  -42899.5546   XYZZ    1165.5311   YYZZ    -268.9355
      XZZZ    -976.9975   YZZZ      31.0963   ZZZZ    -689.8501
 -----------------------------------------------------------------
 Calculating analytic gradient of the SCF energy
 Gradient of SCF Energy
            1           2           3           4           5           6
    1  -0.0213736  -0.0633968   0.0281033  -0.0051481   0.0014163  -0.0061962
    2   0.0102340  -0.0667648   0.0063431   0.0053365   0.0008183  -0.0056437
    3  -0.0111768  -0.0037302   0.0001647   0.0153104  -0.0316481  -0.0068890
            7           8           9          10          11
    1   0.0729326  -0.0194135   0.0024792   0.0011199   0.0094768
    2   0.0753779  -0.0084553  -0.0038523  -0.0022607  -0.0111331
    3   0.0043912   0.0022550  -0.0072821   0.0278783   0.0107266
 Max gradient component =       7.538E-02
 RMS gradient           =       2.701E-02
 Gradient time:  CPU 2.84 s  wall 1.53 s
 Total job time:  14.83s(wall), 28.14s(cpu) 
 Wed Jun 22 16:38:25 2022

        *************************************************************
        *                                                           *
        *  Thank you very much for using Q-Chem.  Have a nice day.  *
        *                                                           *
        *************************************************************


 
User input: 2 of 2 
 
                  Welcome to Q-Chem
     A Quantum Leap Into The Future Of Chemistry


 Q-Chem 5.4 (devel), Q-Chem, Inc., Pleasanton, CA (2021)

 E. Epifanovsky,  A. T. B. Gilbert,  Xintian Feng,  Joonho Lee,  Yuezhi Mao,  
 N. Mardirossian,  P. Pokhilko,  A. White,  M. Wormit,  M. P. Coons,  
 A. L. Dempwolff,  Zhengting Gan,  D. Hait,  P. R. Horn,  L. D. Jacobson,  
 I. Kaliman,  J. Kussmann,  A. W. Lange,  Ka Un Lao,  D. S. Levine,  Jie Liu,  
 S. C. McKenzie,  A. F. Morrison,  K. Nanda,  F. Plasser,  D. R. Rehn,  
 M. L. Vidal,  Zhi-Qiang You,  Ying Zhu,  B. Alam,  B. Albrecht,  
 A. Aldossary,  E. Alguire,  J. H. Andersen,  D. Barton,  K. Begam,  A. Behn,  
 Y. A. Bernard,  E. J. Berquist,  H. Burton,  A. Carreras,  K. Carter-Fenk,  
 R. Chakraborty,  A. D. Chien,  K. D. Closser,  V. Cofer-Shabica,  
 S. Dasgupta,  Jia Deng,  M. de Wergifosse,  M. Diedenhofen,  Hainam Do,  
 S. Ehlert,  Po-Tung Fang,  S. Fatehi,  Qingguo Feng,  T. Friedhoff,  
 J. Gayvert,  Qinghui Ge,  G. Gidofalvi,  M. Goldey,  J. Gomes,  
 C. Gonzalez-Espinoza,  S. Gulania,  A. Gunina,  M. W. D. Hanson-Heine,  
 P. H. P. Harbach,  A. W. Hauser,  M. F. Herbst,  M. Hernandez Vera,  
 M. Hodecker,  Z. C. Holden,  S. Houck,  Xunkun Huang,  Kerwin Hui,  
 B. C. Huynh,  M. Ivanov,  Hyunjun Ji,  Hanjie Jiang,  B. Kaduk,  S. Kaehler,  
 K. Khistyaev,  Jaehoon Kim,  P. Klunzinger,  Z. Koczor-Benda,  
 Joong Hoon Koh,  D. Kosenkov,  L. Koulias,  T. Kowalczyk,  C. M. Krauter,  
 K. Kue,  A. Kunitsa,  T. Kus,  A. Landau,  K. V. Lawler,  D. Lefrancois,  
 S. Lehtola,  Rain Li,  Yi-Pei Li,  Jiashu Liang,  M. Liebenthal,  
 Hung-Hsuan Lin,  You-Sheng Lin,  Fenglai Liu,  Kuan-Yu Liu,  
 M. Loipersberger,  A. Luenser,  A. Manjanath,  P. Manohar,  E. Mansoor,  
 S. F. Manzer,  Shan-Ping Mao,  A. V. Marenich,  T. Markovich,  S. Mason,  
 S. A. Maurer,  P. F. McLaughlin,  M. F. S. J. Menger,  J.-M. Mewes,  
 S. A. Mewes,  P. Morgante,  J. W. Mullinax,  K. J. Oosterbaan,  G. Paran,  
 Alexander C. Paul,  Suranjan K. Paul,  F. Pavosevic,  Zheng Pei,  S. Prager,  
 E. I. Proynov,  E. Ramos,  B. Rana,  A. E. Rask,  A. Rettig,  R. M. Richard,  
 F. Rob,  E. Rossomme,  T. Scheele,  M. Scheurer,  M. Schneider,  
 N. Sergueev,  S. M. Sharada,  W. Skomorowski,  D. W. Small,  C. J. Stein,  
 Yu-Chuan Su,  E. J. Sundstrom,  Zhen Tao,  J. Thirman,  T. Tsuchimochi,  
 N. M. Tubman,  S. P. Veccham,  O. Vydrov,  J. Wenzel,  J. Witte,  A. Yamada,  
 Kun Yao,  S. Yeganeh,  S. R. Yost,  A. Zech,  Igor Ying Zhang,  Xing Zhang,  
 Yu Zhang,  D. Zuev,  A. Aspuru-Guzik,  A. T. Bell,  N. A. Besley,  
 K. B. Bravaya,  B. R. Brooks,  D. Casanova,  Jeng-Da Chai,  S. Coriani,  
 C. J. Cramer,  A. E. DePrince, III,  R. A. DiStasio Jr.,  A. Dreuw,  
 B. D. Dunietz,  T. R. Furlani,  W. A. Goddard III,  S. Grimme,  
 S. Hammes-Schiffer,  T. Head-Gordon,  W. J. Hehre,  Chao-Ping Hsu,  
 T.-C. Jagau,  Yousung Jung,  A. Klamt,  Jing Kong,  D. S. Lambrecht,  
 WanZhen Liang,  N. J. Mayhall,  C. W. McCurdy,  J. B. Neaton,  
 C. Ochsenfeld,  J. A. Parkhill,  R. Peverati,  V. A. Rassolov,  Yihan Shao,  
 L. V. Slipchenko,  T. Stauch,  R. P. Steele,  J. E. Subotnik,  
 A. J. W. Thom,  A. Tkatchenko,  D. G. Truhlar,  T. Van Voorhis,  
 T. A. Wesolowski,  K. B. Whaley,  H. L. Woodcock III,  P. M. Zimmerman,  
 S. Faraji,  P. M. W. Gill,  M. Head-Gordon,  J. M. Herbert,  A. I. Krylov

 Additional authors for Version 5.4.1: 
 S. Kotaru,  Shaozhi Li,  Xiangyuan Li,  F. Matz,  A. Molle,  Haisheng Ren,  
 Yingli Su,  Hung-Yi Tsai,  C. Utku,  Fang Wang

 Contributors to earlier versions of Q-Chem not listed above: 
 R. D. Adamson,  B. Austin,  R. Baer,  J. Baker,  G. J. O. Beran,  
 K. Brandhorst,  S. T. Brown,  E. F. C. Byrd,  A. K. Chakraborty,  
 G. K. L. Chan,  Chun-Min Chang,  Yunqing Chen,  C.-L. Cheng,  
 Siu Hung Chien,  D. M. Chipman,  D. L. Crittenden,  H. Dachsel,  
 R. J. Doerksen,  A. D. Dutoi,  R. G. Edgar,  J. Fosso-Tande,  
 L. Fusti-Molnar,  D. Ghosh,  A. Ghysels,  A. Golubeva-Zadorozhnaya,  
 J. Gonthier,  M. S. Gordon,  S. R. Gwaltney,  G. Hawkins,  J. E. Herr,  
 A. Heyden,  S. Hirata,  E. G. Hohenstein,  G. Kedziora,  F. J. Keil,  
 C. Kelley,  Jihan Kim,  R. A. King,  R. Z. Khaliullin,  P. P. Korambath,  
 W. Kurlancheek,  A. Laurent,  A. M. Lee,  M. S. Lee,  S. V. Levchenko,  
 Ching Yeh Lin,  D. Liotard,  E. Livshits,  R. C. Lochan,  I. Lotan,  
 L. A. Martinez-Martinez,  P. E. Maslen,  N. Nair,  D. P. O'Neill,  
 D. Neuhauser,  E. Neuscamman,  C. M. Oana,  R. Olivares-Amaya,  R. Olson,  
 T. M. Perrine,  B. Peters,  P. A. Pieniazek,  A. Prociuk,  Y. M. Rhee,  
 J. Ritchie,  M. A. Rohrdanz,  E. Rosta,  N. J. Russ,  H. F. Schaefer III,  
 M. W. Schmidt,  N. E. Schultz,  S. Sharma,  N. Shenvi,  C. D. Sherrill,  
 A. C. Simmonett,  A. Sodt,  T. Stein,  D. Stuck,  K. S. Thanthiriwatte,  
 V. Vanovschi,  L. Vogt,  Tao Wang,  A. Warshel,  M. A. Watson,  
 C. F. Williams,  Q. Wu,  X. Xu,  Jun Yang,  W. Zhang,  Yan Zhao

 Please cite Q-Chem as follows:
 Y. Shao et al., Mol. Phys. 113, 184-215 (2015)
 DOI: 10.1080/00268976.2014.952696

 Q-Chem 5.4.1 for Intel X86 EM64T Linux

 Parts of Q-Chem use Armadillo 9.900.5 (Nocturnal Misbehaviour).
 http://arma.sourceforge.net/

 Q-Chem begins on Wed Jun 22 16:38:25 2022  

 Host: p09r14n10.grace.hpc.yale.internal
0

     Scratch files written to /home/tl686/scratch60/qchem_dev/scratch/qchem114321//
 Processing $rem in /home/tl686/qchem_dev/qchem/config/preferences:
 Processing $rem in /home/tl686/.qchemrc:
The previous job contains 0 fragments, simply inherited here

 Checking the input file for inconsistencies... 	...done.

--------------------------------------------------------------
User input:
--------------------------------------------------------------

$molecule
READ
$end

$rem
     JOBTYPE  freq
     METHOD   bp86
     BASIS    def2-msvp
     MAX_SCF_CYCLES   800
     INPUT_BOHR TRUE
     SYM_IGNORE TRUE
     SCF_GUESS     read 
$end
--------------------------------------------------------------
 ----------------------------------------------------------------
             Standard Nuclear Orientation (Bohr)
    I     Atom           X                Y                Z
 ----------------------------------------------------------------
    1      Fe     46.8897835100    -1.3117499900     0.3564178200
    2      C      49.4615720300     1.0143926600     0.4870639200
    3      C      44.3048081200    -3.4872329700     0.4088938700
    4      C      45.1105610500     0.6071457300     2.5886896600
    5      C      46.6583385700    -0.9721161300    -3.0464334100
    6      C      48.8195809900    -3.9645906900     1.6250538700
    7      O      51.0971883700     2.6546026200     0.5837228800
    8      O      42.5108386400    -4.7868139300     0.5457113400
    9      O      43.8476978000     1.8261586600     3.9043606700
   10      O      46.3785134400    -0.8099287500    -5.1974987700
   11      O      49.9782669900    -5.5723541000     2.6126915700
 ----------------------------------------------------------------
 Nuclear Repulsion Energy =         792.43313724 hartrees
 There are       48 alpha and       48 beta electrons
 Requested basis set is def2-mSVP
 There are 80 shells and 174 basis functions

 Total QAlloc Memory Limit   2000 MB
 Mega-Array Size       204 MB
 MEM_STATIC part       192 MB

                       Distance Matrix (Bohrs)
             Fe(  1)   C (  2)   C (  3)   C (  4)   C (  5)   C (  6)
   C (  2)  3.470174
   C (  3)  3.378991  6.845652
   C (  4)  3.439597  4.849121  4.707938
   C (  5)  3.427581  4.928482  4.878955  6.053453
   C (  6)  3.517260  5.147567  4.700010  5.965417  5.953878
   O (  7)  5.786698  2.318377  9.159101  6.637144  6.784874  7.077117
   O (  8)  5.593484  9.053736  2.219450  6.326699  6.682603  6.453004
   O (  9)  5.629268  6.622119  6.376470  2.193583  8.002723  7.965403
   O ( 10)  5.599930  6.719200  6.549798  8.015019  2.175245  7.903033
   O ( 11)  5.725578  6.940497  6.433707  7.866470  8.013102  2.214246
             O (  7)   O (  8)   O (  9)   O ( 10)
   O (  8) 11.362285
   O (  9)  8.016737  7.536519
   O ( 10)  8.227478  7.984922  9.808049
   O ( 11)  8.547018  7.787937  9.694858  9.830463

 A cutoff of  1.0D-11 yielded   2475 shell pairs
 There are     12729 function pairs (     14557 Cartesian)
 Smallest overlap matrix eigenvalue = 2.70E-03
 Guess MOs from SCF MO coefficient file

 -----------------------------------------------------------------------
  General SCF calculation program by
  Eric Jon Sundstrom, Paul Horn, Yuezhi Mao, Dmitri Zuev, Alec White,
  David Stuck, Shaama M.S., Shane Yost, Joonho Lee, David Small,
  Daniel Levine, Susi Lehtola, Hugh Burton, Evgeny Epifanovsky,
  Bang C. Huynh
 -----------------------------------------------------------------------
 Exchange:  B88      Correlation:  P86
 Using SG-1 standard quadrature grid
 using 2 threads for integral computing
 -------------------------------------------------------
 OpenMP Integral computing Module                
 Release: version 1.0, May 2013, Q-Chem Inc. Pittsburgh 
 -------------------------------------------------------
 A restricted SCF calculation will be
 performed using DIIS
 SCF converges when DIIS error is below 1.0e-08
 ---------------------------------------
  Cycle       Energy         DIIS error
 ---------------------------------------
    1   -1830.5191698300      1.88e-09  
    2   -1830.5191698296      2.00e-08  
    3   -1830.5191698292      2.74e-09  Convergence criterion met
 ---------------------------------------
 SCF time:   CPU 3.98s  wall 3.00s 
 SCF   energy in the final basis set =    -1830.5191698292
 Total energy in the final basis set =    -1830.5191698292

 --------------------------------------------------------------

                    Orbital Energies (a.u.)
 --------------------------------------------------------------

 Alpha MOs
 -- Occupied --
******** -29.6380 -25.5986 -25.5838 -25.5820 -18.8869 -18.8836 -18.8825
-18.8789 -18.8784 -10.0617 -10.0587 -10.0509 -10.0455 -10.0419  -3.3212
 -2.1582  -2.1299  -2.1249  -1.0578  -1.0546  -1.0528  -1.0504  -1.0206
 -0.5747  -0.5278  -0.5213  -0.5187  -0.5142  -0.4553  -0.4411  -0.4391
 -0.4322  -0.4243  -0.4232  -0.4222  -0.4207  -0.4192  -0.4137  -0.4054
 -0.4031  -0.3927  -0.3890  -0.3806  -0.2780  -0.2739  -0.2311  -0.2253
 -- Virtual --
 -0.1021  -0.0948  -0.0927  -0.0871  -0.0836  -0.0745  -0.0688  -0.0608
 -0.0558  -0.0383  -0.0326   0.0091   0.1843   0.2148   0.2201   0.2446
  0.2982   0.3226   0.3319   0.4018   0.4048   0.4188   0.4242   0.4322
  0.4387   0.4745   0.5002   0.5044   0.5165   0.5444   0.5701   0.5824
  0.5954   0.6168   0.6275   0.6364   0.7424   0.7520   0.7537   0.7696
  0.7781   0.8260   0.8286   0.8557   0.8761   0.8932   0.9469   0.9512
  0.9684   0.9830   0.9841   0.9954   1.0119   1.0153   1.0250   1.0462
  1.2111   1.2682   1.2874   1.3099   1.4048   1.4049   1.4094   1.4144
  1.4155   1.4182   1.4221   1.4265   1.4586   1.4629   1.4764   1.4896
  1.4985   1.5184   1.5264   1.5483   1.5858   1.6256   1.6411   1.6549
  1.6750   1.8155   1.8185   1.8317   1.8347   1.8408   1.8445   1.8471
  1.8517   1.8598   1.8715   1.8770   1.8842   1.8873   1.8950   1.9454
  2.3229   2.4014   2.4038   2.4439   2.4524   2.4608   2.4663   2.4775
  2.4789   2.5072   2.6245   2.6289   2.6509   2.6564   2.6634   2.7922
  2.8131   2.8973   2.9072   2.9600  13.2590  13.2825  13.2856  13.3348
 13.4500  24.9215  24.9240  24.9428  24.9618  25.0151
 --------------------------------------------------------------

          Ground-State Mulliken Net Atomic Charges

     Atom                 Charge (a.u.)
  ----------------------------------------
      1 Fe                   -0.475567
      2 C                     0.225266
      3 C                     0.189609
      4 C                     0.219217
      5 C                     0.215825
      6 C                     0.230657
      7 O                    -0.160782
      8 O                    -0.119293
      9 O                    -0.109446
     10 O                    -0.102596
     11 O                    -0.112891
  ----------------------------------------
  Sum of atomic charges =     0.000000

 -----------------------------------------------------------------
                    Cartesian Multipole Moments
 -----------------------------------------------------------------
    Charge (ESU x 10^10)
                -0.0000
    Dipole Moment (Debye)
         X      -0.0576943914      Y      -0.3695031290      Z      -0.0462856886
       Tot       0.3768336106
    Quadrupole Moments (Debye-Ang)
        XX     -73.0558     XY      -9.5976     YY     -69.4366
        XZ      -1.2068     YZ       0.1218     ZZ     -69.6372
    Octopole Moments (Debye-Ang^2)
       XXX   -5326.3361    XXY    -199.7291    XYY   -1723.7611
       YYY     147.7736    XXZ     -51.3733    XYZ       6.4660
       YYZ     -21.2337    XZZ   -1723.7203    YZZ      47.3014
       ZZZ     -39.7083
    Hexadecapole Moments (Debye-Ang^3)
      XXXX -263039.6786   XXXY   -2858.9567   XXYY  -43100.0296
      XYYY    3612.3409   YYYY    -954.5023   XXXZ   -2293.7662
      XXYZ     260.2483   XYYZ    -530.9862   YYYZ      52.0583
      XXZZ  -42899.5540   XYZZ    1165.5311   YYZZ    -268.9355
      XZZZ    -976.9974   YZZZ      31.0963   ZZZZ    -689.8501
 -----------------------------------------------------------------
 Calculating MO derivatives via CPSCF
 Full subspace dimension requested for CIS/TDDFT
 MAX_CIS_SUBSPACE fits in available memory
    1     0    36    0.0401491  
    2     0    36    0.0064165  
    3     0    36    0.0007126  
    4     0    36    0.0000506  
