                  Welcome to Q-Chem
     A Quantum Leap Into The Future Of Chemistry


 Q-Chem 5.4 (devel), Q-Chem, Inc., Pleasanton, CA (2021)

 E. Epifanovsky,  A. T. B. Gilbert,  Xintian Feng,  Joonho Lee,  Yuezhi Mao,  
 N. Mardirossian,  P. Pokhilko,  A. White,  M. Wormit,  M. P. Coons,  
 A. L. Dempwolff,  Zhengting Gan,  D. Hait,  P. R. Horn,  L. D. Jacobson,  
 I. Kaliman,  J. Kussmann,  A. W. Lange,  Ka Un Lao,  D. S. Levine,  Jie Liu,  
 S. C. McKenzie,  A. F. Morrison,  K. Nanda,  F. Plasser,  D. R. Rehn,  
 M. L. Vidal,  Zhi-Qiang You,  Ying Zhu,  B. Alam,  B. Albrecht,  
 A. Aldossary,  E. Alguire,  J. H. Andersen,  D. Barton,  K. Begam,  A. Behn,  
 Y. A. Bernard,  E. J. Berquist,  H. Burton,  A. Carreras,  K. Carter-Fenk,  
 R. Chakraborty,  A. D. Chien,  K. D. Closser,  V. Cofer-Shabica,  
 S. Dasgupta,  Jia Deng,  M. de Wergifosse,  M. Diedenhofen,  Hainam Do,  
 S. Ehlert,  Po-Tung Fang,  S. Fatehi,  Qingguo Feng,  T. Friedhoff,  
 J. Gayvert,  Qinghui Ge,  G. Gidofalvi,  M. Goldey,  J. Gomes,  
 C. Gonzalez-Espinoza,  S. Gulania,  A. Gunina,  M. W. D. Hanson-Heine,  
 P. H. P. Harbach,  A. W. Hauser,  M. F. Herbst,  M. Hernandez Vera,  
 M. Hodecker,  Z. C. Holden,  S. Houck,  Xunkun Huang,  Kerwin Hui,  
 B. C. Huynh,  M. Ivanov,  Hyunjun Ji,  Hanjie Jiang,  B. Kaduk,  S. Kaehler,  
 K. Khistyaev,  Jaehoon Kim,  P. Klunzinger,  Z. Koczor-Benda,  
 Joong Hoon Koh,  D. Kosenkov,  L. Koulias,  T. Kowalczyk,  C. M. Krauter,  
 K. Kue,  A. Kunitsa,  T. Kus,  A. Landau,  K. V. Lawler,  D. Lefrancois,  
 S. Lehtola,  Rain Li,  Yi-Pei Li,  Jiashu Liang,  M. Liebenthal,  
 Hung-Hsuan Lin,  You-Sheng Lin,  Fenglai Liu,  Kuan-Yu Liu,  
 M. Loipersberger,  A. Luenser,  A. Manjanath,  P. Manohar,  E. Mansoor,  
 S. F. Manzer,  Shan-Ping Mao,  A. V. Marenich,  T. Markovich,  S. Mason,  
 S. A. Maurer,  P. F. McLaughlin,  M. F. S. J. Menger,  J.-M. Mewes,  
 S. A. Mewes,  P. Morgante,  J. W. Mullinax,  K. J. Oosterbaan,  G. Paran,  
 Alexander C. Paul,  Suranjan K. Paul,  F. Pavosevic,  Zheng Pei,  S. Prager,  
 E. I. Proynov,  E. Ramos,  B. Rana,  A. E. Rask,  A. Rettig,  R. M. Richard,  
 F. Rob,  E. Rossomme,  T. Scheele,  M. Scheurer,  M. Schneider,  
 N. Sergueev,  S. M. Sharada,  W. Skomorowski,  D. W. Small,  C. J. Stein,  
 Yu-Chuan Su,  E. J. Sundstrom,  Zhen Tao,  J. Thirman,  T. Tsuchimochi,  
 N. M. Tubman,  S. P. Veccham,  O. Vydrov,  J. Wenzel,  J. Witte,  A. Yamada,  
 Kun Yao,  S. Yeganeh,  S. R. Yost,  A. Zech,  Igor Ying Zhang,  Xing Zhang,  
 Yu Zhang,  D. Zuev,  A. Aspuru-Guzik,  A. T. Bell,  N. A. Besley,  
 K. B. Bravaya,  B. R. Brooks,  D. Casanova,  Jeng-Da Chai,  S. Coriani,  
 C. J. Cramer,  A. E. DePrince, III,  R. A. DiStasio Jr.,  A. Dreuw,  
 B. D. Dunietz,  T. R. Furlani,  W. A. Goddard III,  S. Grimme,  
 S. Hammes-Schiffer,  T. Head-Gordon,  W. J. Hehre,  Chao-Ping Hsu,  
 T.-C. Jagau,  Yousung Jung,  A. Klamt,  Jing Kong,  D. S. Lambrecht,  
 WanZhen Liang,  N. J. Mayhall,  C. W. McCurdy,  J. B. Neaton,  
 C. Ochsenfeld,  J. A. Parkhill,  R. Peverati,  V. A. Rassolov,  Yihan Shao,  
 L. V. Slipchenko,  T. Stauch,  R. P. Steele,  J. E. Subotnik,  
 A. J. W. Thom,  A. Tkatchenko,  D. G. Truhlar,  T. Van Voorhis,  
 T. A. Wesolowski,  K. B. Whaley,  H. L. Woodcock III,  P. M. Zimmerman,  
 S. Faraji,  P. M. W. Gill,  M. Head-Gordon,  J. M. Herbert,  A. I. Krylov

 Additional authors for Version 5.4.1: 
 S. Kotaru,  Shaozhi Li,  Xiangyuan Li,  F. Matz,  A. Molle,  Haisheng Ren,  
 Yingli Su,  Hung-Yi Tsai,  C. Utku,  Fang Wang

 Contributors to earlier versions of Q-Chem not listed above: 
 R. D. Adamson,  B. Austin,  R. Baer,  J. Baker,  G. J. O. Beran,  
 K. Brandhorst,  S. T. Brown,  E. F. C. Byrd,  A. K. Chakraborty,  
 G. K. L. Chan,  Chun-Min Chang,  Yunqing Chen,  C.-L. Cheng,  
 Siu Hung Chien,  D. M. Chipman,  D. L. Crittenden,  H. Dachsel,  
 R. J. Doerksen,  A. D. Dutoi,  R. G. Edgar,  J. Fosso-Tande,  
 L. Fusti-Molnar,  D. Ghosh,  A. Ghysels,  A. Golubeva-Zadorozhnaya,  
 J. Gonthier,  M. S. Gordon,  S. R. Gwaltney,  G. Hawkins,  J. E. Herr,  
 A. Heyden,  S. Hirata,  E. G. Hohenstein,  G. Kedziora,  F. J. Keil,  
 C. Kelley,  Jihan Kim,  R. A. King,  R. Z. Khaliullin,  P. P. Korambath,  
 W. Kurlancheek,  A. Laurent,  A. M. Lee,  M. S. Lee,  S. V. Levchenko,  
 Ching Yeh Lin,  D. Liotard,  E. Livshits,  R. C. Lochan,  I. Lotan,  
 L. A. Martinez-Martinez,  P. E. Maslen,  N. Nair,  D. P. O'Neill,  
 D. Neuhauser,  E. Neuscamman,  C. M. Oana,  R. Olivares-Amaya,  R. Olson,  
 T. M. Perrine,  B. Peters,  P. A. Pieniazek,  A. Prociuk,  Y. M. Rhee,  
 J. Ritchie,  M. A. Rohrdanz,  E. Rosta,  N. J. Russ,  H. F. Schaefer III,  
 M. W. Schmidt,  N. E. Schultz,  S. Sharma,  N. Shenvi,  C. D. Sherrill,  
 A. C. Simmonett,  A. Sodt,  T. Stein,  D. Stuck,  K. S. Thanthiriwatte,  
 V. Vanovschi,  L. Vogt,  Tao Wang,  A. Warshel,  M. A. Watson,  
 C. F. Williams,  Q. Wu,  X. Xu,  Jun Yang,  W. Zhang,  Yan Zhao

 Please cite Q-Chem as follows:
 Y. Shao et al., Mol. Phys. 113, 184-215 (2015)
 DOI: 10.1080/00268976.2014.952696

 Q-Chem 5.4.1 for Intel X86 EM64T Linux

 Parts of Q-Chem use Armadillo 9.900.5 (Nocturnal Misbehaviour).
 http://arma.sourceforge.net/

 Q-Chem begins on Wed Jun 22 16:39:24 2022  

 Host: p09r15n31.grace.hpc.yale.internal
0

     Scratch files written to /home/tl686/scratch60/qchem_dev/scratch/qchem171101//
 Processing $rem in /home/tl686/qchem_dev/qchem/config/preferences:
 Processing $rem in /home/tl686/.qchemrc:

 Checking the input file for inconsistencies... 	...done.

--------------------------------------------------------------
User input:
--------------------------------------------------------------
$molecule
0   1
 Fe 59.67234923 0.22145786 -5.70194712
C 60.61415332 2.50079443 -3.45403487
C 57.79294790 -1.37125639 -8.16925666
C 62.28483644 -1.93360486 -5.54922905
C 57.30761226 -0.39921347 -3.27973982
C 60.45945332 2.68703752 -8.00234408
O 61.17531393 3.78675720 -1.76941350
O 56.87205422 -2.42921526 -9.91938243
O 64.20330013 -3.10891534 -5.30313384
O 55.63208389 -0.82882624 -1.93052421
O 61.38343501 4.33252569 -9.27356492

$end

$rem
     JOBTYPE  force
     METHOD   bp86
     BASIS    def2-msvp
     MAX_SCF_CYCLES   800
     INPUT_BOHR TRUE
     SYM_IGNORE TRUE
$end

--------------------------------------------------------------
 ----------------------------------------------------------------
             Standard Nuclear Orientation (Bohr)
    I     Atom           X                Y                Z
 ----------------------------------------------------------------
    1      Fe     59.6723492300     0.2214578600    -5.7019471200
    2      C      60.6141533200     2.5007944300    -3.4540348700
    3      C      57.7929479000    -1.3712563900    -8.1692566600
    4      C      62.2848364400    -1.9336048600    -5.5492290500
    5      C      57.3076122600    -0.3992134700    -3.2797398200
    6      C      60.4594533200     2.6870375200    -8.0023440800
    7      O      61.1753139300     3.7867572000    -1.7694135000
    8      O      56.8720542200    -2.4292152600    -9.9193824300
    9      O      64.2033001300    -3.1089153400    -5.3031338400
   10      O      55.6320838900    -0.8288262400    -1.9305242100
   11      O      61.3834350100     4.3325256900    -9.2735649200
 ----------------------------------------------------------------
 Nuclear Repulsion Energy =         796.41090380 hartrees
 There are       48 alpha and       48 beta electrons
 Requested basis set is def2-mSVP
 There are 80 shells and 174 basis functions

 Total QAlloc Memory Limit   2000 MB
 Mega-Array Size       188 MB
 MEM_STATIC part       192 MB

                       Distance Matrix (Bohrs)
             Fe(  1)   C (  2)   C (  3)   C (  4)   C (  5)   C (  6)
   C (  2)  3.336987
   C (  3)  3.486618  6.722001
   C (  4)  3.390090  5.181208  5.230473
   C (  5)  3.441555  4.401550  5.008772  5.681347
   C (  6)  3.462722  4.554749  4.858792  5.540770  6.462355
   O (  7)  5.516800  2.192385  8.888391  6.945544  5.895978  6.369558
   O (  8)  5.714410  8.950364  2.242825  6.974388  6.956685  6.536093
   O (  9)  5.637371  6.911583  7.233722  2.263276  7.680307  7.409129
   O ( 10)  5.625875  6.182918  6.624602  7.653410  2.193706  8.516560
   O ( 11)  5.708340  6.149306  6.829658  7.344903  8.656075  2.275385
             O (  7)   O (  8)   O (  9)   O ( 10)
   O (  8) 11.116580
   O (  9)  8.319025  8.690162
   O ( 10)  7.215051  8.241397  9.488891
   O ( 11)  7.526850  8.154188  8.893312 10.660105

 A cutoff of  1.0D-11 yielded   2486 shell pairs
 There are     12784 function pairs (     14629 Cartesian)
 Smallest overlap matrix eigenvalue = 2.47E-03

 Scale SEOQF with 1.000000e-03/1.000000e-01/1.000000e-02

 Standard Electronic Orientation quadrupole field applied
 Nucleus-field energy     =     0.0000000334 hartrees
 Guess from superposition of atomic densities
 Warning:  Energy on first SCF cycle will be non-variational
 SAD guess density has 96.000000 electrons

 -----------------------------------------------------------------------
  General SCF calculation program by
  Eric Jon Sundstrom, Paul Horn, Yuezhi Mao, Dmitri Zuev, Alec White,
  David Stuck, Shaama M.S., Shane Yost, Joonho Lee, David Small,
  Daniel Levine, Susi Lehtola, Hugh Burton, Evgeny Epifanovsky,
  Bang C. Huynh
 -----------------------------------------------------------------------
 Exchange:  B88      Correlation:  P86
 Using SG-1 standard quadrature grid
 using 2 threads for integral computing
 -------------------------------------------------------
 OpenMP Integral computing Module                
 Release: version 1.0, May 2013, Q-Chem Inc. Pittsburgh 
 -------------------------------------------------------
 A restricted SCF calculation will be
 performed using DIIS
 SCF converges when DIIS error is below 1.0e-08
 ---------------------------------------
  Cycle       Energy         DIIS error
 ---------------------------------------
    1   -1832.0706824103      6.68e-02  
    2   -1830.4457064298      4.55e-03  
    3   -1830.3256010635      8.54e-03  
    4   -1830.1948965398      1.20e-02  
    5   -1830.4555872210      4.98e-03  
    6   -1830.5128433282      4.88e-04  
    7   -1830.5132703570      2.96e-04  
    8   -1830.5136262187      9.90e-05  
    9   -1830.5136538450      3.22e-05  
   10   -1830.5136570526      6.95e-06  
   11   -1830.5136572136      3.26e-06  
   12   -1830.5136572376      1.56e-06  
   13   -1830.5136572461      2.80e-07  
   14   -1830.5136572461      1.17e-07  
   15   -1830.5136572461      2.44e-08  
   16   -1830.5136572462      1.66e-08  
   17   -1830.5136572460      1.81e-09  Convergence criterion met
 ---------------------------------------
 SCF time:   CPU 22.21s  wall 11.00s 
 SCF   energy in the final basis set =    -1830.5136572460
 Total energy in the final basis set =    -1830.5136572460

 --------------------------------------------------------------

                    Orbital Energies (a.u.)
 --------------------------------------------------------------

 Alpha MOs
 -- Occupied --
******** -29.6408 -25.5986 -25.5926 -25.5815 -18.8891 -18.8873 -18.8859
-18.8814 -18.8674 -10.0599 -10.0576 -10.0573 -10.0546 -10.0385  -3.3254
 -2.1575  -2.1451  -2.1235  -1.0628  -1.0607  -1.0477  -1.0320  -1.0216
 -0.5812  -0.5315  -0.5271  -0.5175  -0.5129  -0.4602  -0.4516  -0.4383
 -0.4352  -0.4309  -0.4279  -0.4237  -0.4181  -0.4064  -0.4059  -0.4012
 -0.3958  -0.3948  -0.3929  -0.3824  -0.2848  -0.2639  -0.2444  -0.2264
 -- Virtual --
 -0.1170  -0.0967  -0.0904  -0.0877  -0.0802  -0.0742  -0.0666  -0.0638
 -0.0580  -0.0514  -0.0251   0.0135   0.1911   0.1993   0.2173   0.2469
  0.2917   0.3179   0.3627   0.3860   0.4068   0.4189   0.4257   0.4308
  0.4355   0.4793   0.4862   0.5072   0.5241   0.5346   0.5489   0.5764
  0.6015   0.6122   0.6274   0.6421   0.7461   0.7545   0.7651   0.7665
  0.7897   0.8236   0.8345   0.8628   0.8902   0.9095   0.9415   0.9477
  0.9630   0.9749   0.9788   1.0004   1.0278   1.0387   1.0447   1.0806
  1.1660   1.1815   1.2060   1.3169   1.3826   1.3994   1.4041   1.4128
  1.4158   1.4237   1.4296   1.4355   1.4435   1.4553   1.4755   1.4867
  1.5122   1.5201   1.5475   1.5759   1.6088   1.6153   1.6439   1.6733
  1.6914   1.8169   1.8175   1.8256   1.8298   1.8366   1.8417   1.8440
  1.8522   1.8619   1.8735   1.8875   1.8927   1.9139   1.9278   1.9431
  2.3559   2.3693   2.3937   2.4027   2.4400   2.4471   2.4573   2.4790
  2.4926   2.5024   2.6090   2.6194   2.6363   2.6442   2.6576   2.7994
  2.8303   2.8614   2.8650   2.9337  13.2567  13.2717  13.3106  13.3496
 13.3927  24.9102  24.9249  24.9313  24.9444  25.0118
 --------------------------------------------------------------

          Ground-State Mulliken Net Atomic Charges

     Atom                 Charge (a.u.)
  ----------------------------------------
      1 Fe                   -0.493183
      2 C                     0.185115
      3 C                     0.231825
      4 C                     0.266277
      5 C                     0.204831
      6 C                     0.232886
      7 O                    -0.108470
      8 O                    -0.123352
      9 O                    -0.149352
     10 O                    -0.103606
     11 O                    -0.142970
  ----------------------------------------
  Sum of atomic charges =     0.000000

 -----------------------------------------------------------------
                    Cartesian Multipole Moments
 -----------------------------------------------------------------
    Charge (ESU x 10^10)
                -0.0000
    Dipole Moment (Debye)
         X      -0.7367745279      Y       0.2104022710      Z       0.1407823046
       Tot       0.7790542201
    Quadrupole Moments (Debye-Ang)
        XX    -117.1501     XY       6.8672     YY     -69.7263
        XZ       6.9103     YZ      -0.4592     ZZ     -70.5951
    Octopole Moments (Debye-Ang^2)
       XXX   -8905.9715    XXY     219.3208    XYY   -2210.5092
       YYY     -36.2085    XXZ     506.0463    XYZ     -12.9849
       YYZ     212.1847    XZZ   -2237.3175    YZZ     -13.1713
       ZZZ     633.9661
    Hexadecapole Moments (Debye-Ang^3)
      XXXX -517486.8166   XXXY    6820.8857   XXYY  -70306.9299
      XYYY   -1196.4783   YYYY    -671.6674   XXXZ   31751.9723
      XXYZ    -355.7836   XYYZ    6727.7988   YYYZ      85.0317
      XXZZ  -71780.3015   XYZZ    -461.2519   YYZZ    -906.2514
      XZZZ   20053.5437   YZZZ      90.2860   ZZZZ   -4603.2592
 -----------------------------------------------------------------
 Calculating analytic gradient of the SCF energy
 Gradient of SCF Energy
            1           2           3           4           5           6
    1   0.0218084  -0.0099449   0.0061009  -0.0546132   0.0011015  -0.0357664
    2  -0.0137815   0.0096735   0.0247721   0.0243984   0.0086570  -0.0372996
    3   0.0171296  -0.0098218   0.0327254  -0.0105650   0.0189992   0.0303624
            7           8           9          10          11
    1  -0.0020188  -0.0141269   0.0519636   0.0014027   0.0340931
    2  -0.0130307  -0.0243265  -0.0266365  -0.0009004   0.0484742
    3  -0.0039777  -0.0390245   0.0082265  -0.0085329  -0.0355211
 Max gradient component =       5.461E-02
 RMS gradient           =       2.554E-02
 Gradient time:  CPU 2.61 s  wall 1.42 s
 Total job time:  13.25s(wall), 24.99s(cpu) 
 Wed Jun 22 16:39:37 2022

        *************************************************************
        *                                                           *
        *  Thank you very much for using Q-Chem.  Have a nice day.  *
        *                                                           *
        *************************************************************


 
User input: 2 of 2 
 
                  Welcome to Q-Chem
     A Quantum Leap Into The Future Of Chemistry


 Q-Chem 5.4 (devel), Q-Chem, Inc., Pleasanton, CA (2021)

 E. Epifanovsky,  A. T. B. Gilbert,  Xintian Feng,  Joonho Lee,  Yuezhi Mao,  
 N. Mardirossian,  P. Pokhilko,  A. White,  M. Wormit,  M. P. Coons,  
 A. L. Dempwolff,  Zhengting Gan,  D. Hait,  P. R. Horn,  L. D. Jacobson,  
 I. Kaliman,  J. Kussmann,  A. W. Lange,  Ka Un Lao,  D. S. Levine,  Jie Liu,  
 S. C. McKenzie,  A. F. Morrison,  K. Nanda,  F. Plasser,  D. R. Rehn,  
 M. L. Vidal,  Zhi-Qiang You,  Ying Zhu,  B. Alam,  B. Albrecht,  
 A. Aldossary,  E. Alguire,  J. H. Andersen,  D. Barton,  K. Begam,  A. Behn,  
 Y. A. Bernard,  E. J. Berquist,  H. Burton,  A. Carreras,  K. Carter-Fenk,  
 R. Chakraborty,  A. D. Chien,  K. D. Closser,  V. Cofer-Shabica,  
 S. Dasgupta,  Jia Deng,  M. de Wergifosse,  M. Diedenhofen,  Hainam Do,  
 S. Ehlert,  Po-Tung Fang,  S. Fatehi,  Qingguo Feng,  T. Friedhoff,  
 J. Gayvert,  Qinghui Ge,  G. Gidofalvi,  M. Goldey,  J. Gomes,  
 C. Gonzalez-Espinoza,  S. Gulania,  A. Gunina,  M. W. D. Hanson-Heine,  
 P. H. P. Harbach,  A. W. Hauser,  M. F. Herbst,  M. Hernandez Vera,  
 M. Hodecker,  Z. C. Holden,  S. Houck,  Xunkun Huang,  Kerwin Hui,  
 B. C. Huynh,  M. Ivanov,  Hyunjun Ji,  Hanjie Jiang,  B. Kaduk,  S. Kaehler,  
 K. Khistyaev,  Jaehoon Kim,  P. Klunzinger,  Z. Koczor-Benda,  
 Joong Hoon Koh,  D. Kosenkov,  L. Koulias,  T. Kowalczyk,  C. M. Krauter,  
 K. Kue,  A. Kunitsa,  T. Kus,  A. Landau,  K. V. Lawler,  D. Lefrancois,  
 S. Lehtola,  Rain Li,  Yi-Pei Li,  Jiashu Liang,  M. Liebenthal,  
 Hung-Hsuan Lin,  You-Sheng Lin,  Fenglai Liu,  Kuan-Yu Liu,  
 M. Loipersberger,  A. Luenser,  A. Manjanath,  P. Manohar,  E. Mansoor,  
 S. F. Manzer,  Shan-Ping Mao,  A. V. Marenich,  T. Markovich,  S. Mason,  
 S. A. Maurer,  P. F. McLaughlin,  M. F. S. J. Menger,  J.-M. Mewes,  
 S. A. Mewes,  P. Morgante,  J. W. Mullinax,  K. J. Oosterbaan,  G. Paran,  
 Alexander C. Paul,  Suranjan K. Paul,  F. Pavosevic,  Zheng Pei,  S. Prager,  
 E. I. Proynov,  E. Ramos,  B. Rana,  A. E. Rask,  A. Rettig,  R. M. Richard,  
 F. Rob,  E. Rossomme,  T. Scheele,  M. Scheurer,  M. Schneider,  
 N. Sergueev,  S. M. Sharada,  W. Skomorowski,  D. W. Small,  C. J. Stein,  
 Yu-Chuan Su,  E. J. Sundstrom,  Zhen Tao,  J. Thirman,  T. Tsuchimochi,  
 N. M. Tubman,  S. P. Veccham,  O. Vydrov,  J. Wenzel,  J. Witte,  A. Yamada,  
 Kun Yao,  S. Yeganeh,  S. R. Yost,  A. Zech,  Igor Ying Zhang,  Xing Zhang,  
 Yu Zhang,  D. Zuev,  A. Aspuru-Guzik,  A. T. Bell,  N. A. Besley,  
 K. B. Bravaya,  B. R. Brooks,  D. Casanova,  Jeng-Da Chai,  S. Coriani,  
 C. J. Cramer,  A. E. DePrince, III,  R. A. DiStasio Jr.,  A. Dreuw,  
 B. D. Dunietz,  T. R. Furlani,  W. A. Goddard III,  S. Grimme,  
 S. Hammes-Schiffer,  T. Head-Gordon,  W. J. Hehre,  Chao-Ping Hsu,  
 T.-C. Jagau,  Yousung Jung,  A. Klamt,  Jing Kong,  D. S. Lambrecht,  
 WanZhen Liang,  N. J. Mayhall,  C. W. McCurdy,  J. B. Neaton,  
 C. Ochsenfeld,  J. A. Parkhill,  R. Peverati,  V. A. Rassolov,  Yihan Shao,  
 L. V. Slipchenko,  T. Stauch,  R. P. Steele,  J. E. Subotnik,  
 A. J. W. Thom,  A. Tkatchenko,  D. G. Truhlar,  T. Van Voorhis,  
 T. A. Wesolowski,  K. B. Whaley,  H. L. Woodcock III,  P. M. Zimmerman,  
 S. Faraji,  P. M. W. Gill,  M. Head-Gordon,  J. M. Herbert,  A. I. Krylov

 Additional authors for Version 5.4.1: 
 S. Kotaru,  Shaozhi Li,  Xiangyuan Li,  F. Matz,  A. Molle,  Haisheng Ren,  
 Yingli Su,  Hung-Yi Tsai,  C. Utku,  Fang Wang

 Contributors to earlier versions of Q-Chem not listed above: 
 R. D. Adamson,  B. Austin,  R. Baer,  J. Baker,  G. J. O. Beran,  
 K. Brandhorst,  S. T. Brown,  E. F. C. Byrd,  A. K. Chakraborty,  
 G. K. L. Chan,  Chun-Min Chang,  Yunqing Chen,  C.-L. Cheng,  
 Siu Hung Chien,  D. M. Chipman,  D. L. Crittenden,  H. Dachsel,  
 R. J. Doerksen,  A. D. Dutoi,  R. G. Edgar,  J. Fosso-Tande,  
 L. Fusti-Molnar,  D. Ghosh,  A. Ghysels,  A. Golubeva-Zadorozhnaya,  
 J. Gonthier,  M. S. Gordon,  S. R. Gwaltney,  G. Hawkins,  J. E. Herr,  
 A. Heyden,  S. Hirata,  E. G. Hohenstein,  G. Kedziora,  F. J. Keil,  
 C. Kelley,  Jihan Kim,  R. A. King,  R. Z. Khaliullin,  P. P. Korambath,  
 W. Kurlancheek,  A. Laurent,  A. M. Lee,  M. S. Lee,  S. V. Levchenko,  
 Ching Yeh Lin,  D. Liotard,  E. Livshits,  R. C. Lochan,  I. Lotan,  
 L. A. Martinez-Martinez,  P. E. Maslen,  N. Nair,  D. P. O'Neill,  
 D. Neuhauser,  E. Neuscamman,  C. M. Oana,  R. Olivares-Amaya,  R. Olson,  
 T. M. Perrine,  B. Peters,  P. A. Pieniazek,  A. Prociuk,  Y. M. Rhee,  
 J. Ritchie,  M. A. Rohrdanz,  E. Rosta,  N. J. Russ,  H. F. Schaefer III,  
 M. W. Schmidt,  N. E. Schultz,  S. Sharma,  N. Shenvi,  C. D. Sherrill,  
 A. C. Simmonett,  A. Sodt,  T. Stein,  D. Stuck,  K. S. Thanthiriwatte,  
 V. Vanovschi,  L. Vogt,  Tao Wang,  A. Warshel,  M. A. Watson,  
 C. F. Williams,  Q. Wu,  X. Xu,  Jun Yang,  W. Zhang,  Yan Zhao

 Please cite Q-Chem as follows:
 Y. Shao et al., Mol. Phys. 113, 184-215 (2015)
 DOI: 10.1080/00268976.2014.952696

 Q-Chem 5.4.1 for Intel X86 EM64T Linux

 Parts of Q-Chem use Armadillo 9.900.5 (Nocturnal Misbehaviour).
 http://arma.sourceforge.net/

 Q-Chem begins on Wed Jun 22 16:39:37 2022  

 Host: p09r15n31.grace.hpc.yale.internal
0

     Scratch files written to /home/tl686/scratch60/qchem_dev/scratch/qchem171101//
 Processing $rem in /home/tl686/qchem_dev/qchem/config/preferences:
 Processing $rem in /home/tl686/.qchemrc:
The previous job contains 0 fragments, simply inherited here

 Checking the input file for inconsistencies... 	...done.

--------------------------------------------------------------
User input:
--------------------------------------------------------------

$molecule
READ
$end

$rem
     JOBTYPE  freq
     METHOD   bp86
     BASIS    def2-msvp
     MAX_SCF_CYCLES   800
     INPUT_BOHR TRUE
     SYM_IGNORE TRUE
     SCF_GUESS     read 
$end
--------------------------------------------------------------
 ----------------------------------------------------------------
             Standard Nuclear Orientation (Bohr)
    I     Atom           X                Y                Z
 ----------------------------------------------------------------
    1      Fe     59.6723492300     0.2214578600    -5.7019471200
    2      C      60.6141533200     2.5007944300    -3.4540348700
    3      C      57.7929479000    -1.3712563900    -8.1692566600
    4      C      62.2848364400    -1.9336048600    -5.5492290500
    5      C      57.3076122600    -0.3992134700    -3.2797398200
    6      C      60.4594533200     2.6870375200    -8.0023440800
    7      O      61.1753139300     3.7867572000    -1.7694135000
    8      O      56.8720542200    -2.4292152600    -9.9193824300
    9      O      64.2033001300    -3.1089153400    -5.3031338400
   10      O      55.6320838900    -0.8288262400    -1.9305242100
   11      O      61.3834350100     4.3325256900    -9.2735649200
 ----------------------------------------------------------------
 Nuclear Repulsion Energy =         796.41090380 hartrees
 There are       48 alpha and       48 beta electrons
 Requested basis set is def2-mSVP
 There are 80 shells and 174 basis functions

 Total QAlloc Memory Limit   2000 MB
 Mega-Array Size       204 MB
 MEM_STATIC part       192 MB

                       Distance Matrix (Bohrs)
             Fe(  1)   C (  2)   C (  3)   C (  4)   C (  5)   C (  6)
   C (  2)  3.336987
   C (  3)  3.486618  6.722001
   C (  4)  3.390090  5.181208  5.230473
   C (  5)  3.441555  4.401550  5.008772  5.681347
   C (  6)  3.462722  4.554749  4.858792  5.540770  6.462355
   O (  7)  5.516800  2.192385  8.888391  6.945544  5.895978  6.369558
   O (  8)  5.714410  8.950364  2.242825  6.974388  6.956685  6.536093
   O (  9)  5.637371  6.911583  7.233722  2.263276  7.680307  7.409129
   O ( 10)  5.625875  6.182918  6.624602  7.653410  2.193706  8.516560
   O ( 11)  5.708340  6.149306  6.829658  7.344903  8.656075  2.275385
             O (  7)   O (  8)   O (  9)   O ( 10)
   O (  8) 11.116580
   O (  9)  8.319025  8.690162
   O ( 10)  7.215051  8.241397  9.488891
   O ( 11)  7.526850  8.154188  8.893312 10.660105

 A cutoff of  1.0D-11 yielded   2486 shell pairs
 There are     12784 function pairs (     14629 Cartesian)
 Smallest overlap matrix eigenvalue = 2.47E-03
 Guess MOs from SCF MO coefficient file

 -----------------------------------------------------------------------
  General SCF calculation program by
  Eric Jon Sundstrom, Paul Horn, Yuezhi Mao, Dmitri Zuev, Alec White,
  David Stuck, Shaama M.S., Shane Yost, Joonho Lee, David Small,
  Daniel Levine, Susi Lehtola, Hugh Burton, Evgeny Epifanovsky,
  Bang C. Huynh
 -----------------------------------------------------------------------
 Exchange:  B88      Correlation:  P86
 Using SG-1 standard quadrature grid
 using 2 threads for integral computing
 -------------------------------------------------------
 OpenMP Integral computing Module                
 Release: version 1.0, May 2013, Q-Chem Inc. Pittsburgh 
 -------------------------------------------------------
 A restricted SCF calculation will be
 performed using DIIS
 SCF converges when DIIS error is below 1.0e-08
 ---------------------------------------
  Cycle       Energy         DIIS error
 ---------------------------------------
    1   -1830.5136572454      1.33e-09  
    2   -1830.5136572450      3.44e-09  Convergence criterion met
 ---------------------------------------
 SCF time:   CPU 2.56s  wall 1.00s 
 SCF   energy in the final basis set =    -1830.5136572450
 Total energy in the final basis set =    -1830.5136572450

 --------------------------------------------------------------

                    Orbital Energies (a.u.)
 --------------------------------------------------------------

 Alpha MOs
 -- Occupied --
******** -29.6408 -25.5986 -25.5926 -25.5815 -18.8891 -18.8873 -18.8859
-18.8814 -18.8674 -10.0599 -10.0576 -10.0573 -10.0546 -10.0385  -3.3254
 -2.1575  -2.1451  -2.1235  -1.0628  -1.0607  -1.0477  -1.0320  -1.0216
 -0.5812  -0.5315  -0.5271  -0.5175  -0.5129  -0.4602  -0.4516  -0.4383
 -0.4352  -0.4309  -0.4279  -0.4237  -0.4181  -0.4064  -0.4059  -0.4012
 -0.3958  -0.3948  -0.3929  -0.3824  -0.2848  -0.2639  -0.2444  -0.2264
 -- Virtual --
 -0.1170  -0.0967  -0.0904  -0.0877  -0.0802  -0.0742  -0.0666  -0.0638
 -0.0580  -0.0514  -0.0251   0.0135   0.1911   0.1993   0.2173   0.2469
  0.2917   0.3179   0.3627   0.3860   0.4068   0.4189   0.4257   0.4308
  0.4355   0.4793   0.4862   0.5072   0.5241   0.5346   0.5489   0.5764
  0.6015   0.6122   0.6274   0.6421   0.7461   0.7545   0.7651   0.7665
  0.7897   0.8236   0.8345   0.8628   0.8902   0.9095   0.9415   0.9477
  0.9630   0.9749   0.9788   1.0004   1.0278   1.0387   1.0447   1.0806
  1.1660   1.1815   1.2060   1.3169   1.3826   1.3994   1.4041   1.4128
  1.4158   1.4237   1.4296   1.4355   1.4435   1.4553   1.4755   1.4867
  1.5122   1.5201   1.5475   1.5759   1.6088   1.6153   1.6439   1.6733
  1.6914   1.8169   1.8175   1.8256   1.8298   1.8366   1.8417   1.8440
  1.8522   1.8619   1.8735   1.8875   1.8927   1.9139   1.9278   1.9431
  2.3559   2.3693   2.3937   2.4027   2.4400   2.4471   2.4573   2.4790
  2.4926   2.5024   2.6090   2.6194   2.6363   2.6442   2.6576   2.7994
  2.8303   2.8614   2.8650   2.9337  13.2567  13.2717  13.3106  13.3496
 13.3927  24.9102  24.9249  24.9313  24.9444  25.0118
 --------------------------------------------------------------

          Ground-State Mulliken Net Atomic Charges

     Atom                 Charge (a.u.)
  ----------------------------------------
      1 Fe                   -0.493183
      2 C                     0.185115
      3 C                     0.231825
      4 C                     0.266278
      5 C                     0.204832
      6 C                     0.232886
      7 O                    -0.108471
      8 O                    -0.123352
      9 O                    -0.149352
     10 O                    -0.103606
     11 O                    -0.142970
  ----------------------------------------
  Sum of atomic charges =     0.000000

 -----------------------------------------------------------------
                    Cartesian Multipole Moments
 -----------------------------------------------------------------
    Charge (ESU x 10^10)
                -0.0000
    Dipole Moment (Debye)
         X      -0.7367828164      Y       0.2103931774      Z       0.1407838651
       Tot       0.7790598850
    Quadrupole Moments (Debye-Ang)
        XX    -117.1506     XY       6.8669     YY     -69.7263
        XZ       6.9104     YZ      -0.4592     ZZ     -70.5951
    Octopole Moments (Debye-Ang^2)
       XXX   -8905.9963    XXY     219.3116    XYY   -2210.5096
       YYY     -36.2085    XXZ     506.0493    XYZ     -12.9839
       YYZ     212.1847    XZZ   -2237.3180    YZZ     -13.1714
       ZZZ     633.9662
    Hexadecapole Moments (Debye-Ang^3)
      XXXX -517487.8604   XXXY    6820.5973   XXYY  -70306.9442
      XYYY   -1196.4792   YYYY    -671.6675   XXXZ   31752.0897
      XXYZ    -355.7532   XYYZ    6727.8003   YYYZ      85.0318
      XXZZ  -71780.3200   XYZZ    -461.2558   YYZZ    -906.2516
      XZZZ   20053.5467   YZZZ      90.2865   ZZZZ   -4603.2597
 -----------------------------------------------------------------
 Calculating MO derivatives via CPSCF
 Full subspace dimension requested for CIS/TDDFT
 MAX_CIS_SUBSPACE fits in available memory
    1     0    36    0.0407843  
    2     0    36    0.0062765  
    3     0    36    0.0006868  
    4     0    36    0.0000552  
